<?xml version="1.0" encoding="UTF-8"?>
<testsuite xmlns:xsi="http://www.w3.org/2001/XMLSchema-instance" xsi:noNamespaceSchemaLocation="https://maven.apache.org/surefire/maven-surefire-plugin/xsd/surefire-test-report-3.0.xsd" version="3.0" name="TestSuite" time="45.31" tests="45" errors="0" skipped="0" failures="12">
  <properties>
    <property name="java.specification.version" value="17"/>
    <property name="sun.cpu.isalist" value="amd64"/>
    <property name="sun.jnu.encoding" value="Cp1252"/>
    <property name="java.class.path" value="C:\Users\rashm\eclipse-workspace\Team5-Rest-Athon\Team5-Rest-Athon-main\Team5-Rest-Athon\target\test-classes;C:\Users\rashm\eclipse-workspace\Team5-Rest-Athon\Team5-Rest-Athon-main\Team5-Rest-Athon\target\classes;C:\Users\rashm\.m2\repository\org\apache\maven\plugins\maven-surefire-plugin\3.1.0\maven-surefire-plugin-3.1.0.jar;C:\Users\rashm\.m2\repository\org\apache\maven\surefire\maven-surefire-common\3.1.0\maven-surefire-common-3.1.0.jar;C:\Users\rashm\.m2\repository\org\apache\maven\surefire\surefire-api\3.1.0\surefire-api-3.1.0.jar;C:\Users\rashm\.m2\repository\org\apache\maven\surefire\surefire-logger-api\3.1.0\surefire-logger-api-3.1.0.jar;C:\Users\rashm\.m2\repository\org\apache\maven\surefire\surefire-extensions-api\3.1.0\surefire-extensions-api-3.1.0.jar;C:\Users\rashm\.m2\repository\org\apache\maven\surefire\surefire-booter\3.1.0\surefire-booter-3.1.0.jar;C:\Users\rashm\.m2\repository\org\apache\maven\surefire\surefire-extensions-spi\3.1.0\surefire-extensions-spi-3.1.0.jar;C:\Users\rashm\.m2\repository\org\eclipse\aether\aether-util\1.0.0.v20140518\aether-util-1.0.0.v20140518.jar;C:\Users\rashm\.m2\repository\org\eclipse\aether\aether-api\1.0.0.v20140518\aether-api-1.0.0.v20140518.jar;C:\Users\rashm\.m2\repository\org\apache\maven\shared\maven-common-artifact-filters\3.1.1\maven-common-artifact-filters-3.1.1.jar;C:\Users\rashm\.m2\repository\org\apache\maven\maven-artifact\3.1.0\maven-artifact-3.1.0.jar;C:\Users\rashm\.m2\repository\org\codehaus\plexus\plexus-utils\3.0.10\plexus-utils-3.0.10.jar;C:\Users\rashm\.m2\repository\org\apache\maven\maven-core\3.1.0\maven-core-3.1.0.jar;C:\Users\rashm\.m2\repository\org\apache\maven\maven-settings\3.1.0\maven-settings-3.1.0.jar;C:\Users\rashm\.m2\repository\org\apache\maven\maven-settings-builder\3.1.0\maven-settings-builder-3.1.0.jar;C:\Users\rashm\.m2\repository\org\apache\maven\maven-repository-metadata\3.1.0\maven-repository-metadata-3.1.0.jar;C:\Users\rashm\.m2\repository\org\apache\maven\maven-model-builder\3.1.0\maven-model-builder-3.1.0.jar;C:\Users\rashm\.m2\repository\org\apache\maven\maven-aether-provider\3.1.0\maven-aether-provider-3.1.0.jar;C:\Users\rashm\.m2\repository\org\eclipse\aether\aether-spi\0.9.0.M2\aether-spi-0.9.0.M2.jar;C:\Users\rashm\.m2\repository\org\eclipse\aether\aether-impl\0.9.0.M2\aether-impl-0.9.0.M2.jar;C:\Users\rashm\.m2\repository\org\eclipse\sisu\org.eclipse.sisu.plexus\0.0.0.M2a\org.eclipse.sisu.plexus-0.0.0.M2a.jar;C:\Users\rashm\.m2\repository\javax\enterprise\cdi-api\1.0\cdi-api-1.0.jar;C:\Users\rashm\.m2\repository\javax\annotation\jsr250-api\1.0\jsr250-api-1.0.jar;C:\Users\rashm\.m2\repository\javax\inject\javax.inject\1\javax.inject-1.jar;C:\Users\rashm\.m2\repository\org\sonatype\sisu\sisu-guice\3.1.0\sisu-guice-3.1.0-no_aop.jar;C:\Users\rashm\.m2\repository\aopalliance\aopalliance\1.0\aopalliance-1.0.jar;C:\Users\rashm\.m2\repository\org\eclipse\sisu\org.eclipse.sisu.inject\0.0.0.M2a\org.eclipse.sisu.inject-0.0.0.M2a.jar;C:\Users\rashm\.m2\repository\asm\asm\3.3.1\asm-3.3.1.jar;C:\Users\rashm\.m2\repository\org\codehaus\plexus\plexus-interpolation\1.16\plexus-interpolation-1.16.jar;C:\Users\rashm\.m2\repository\org\codehaus\plexus\plexus-classworlds\2.4.2\plexus-classworlds-2.4.2.jar;C:\Users\rashm\.m2\repository\org\codehaus\plexus\plexus-component-annotations\1.5.5\plexus-component-annotations-1.5.5.jar;C:\Users\rashm\.m2\repository\org\sonatype\plexus\plexus-sec-dispatcher\1.3\plexus-sec-dispatcher-1.3.jar;C:\Users\rashm\.m2\repository\org\sonatype\plexus\plexus-cipher\1.4\plexus-cipher-1.4.jar;C:\Users\rashm\.m2\repository\org\apache\maven\maven-plugin-api\3.1.0\maven-plugin-api-3.1.0.jar;C:\Users\rashm\.m2\repository\org\codehaus\plexus\plexus-java\1.1.2\plexus-java-1.1.2.jar;C:\Users\rashm\.m2\repository\org\ow2\asm\asm\9.4\asm-9.4.jar;C:\Users\rashm\.m2\repository\com\thoughtworks\qdox\qdox\2.0.3\qdox-2.0.3.jar;C:\Users\rashm\.m2\repository\org\apache\maven\surefire\surefire-shared-utils\3.1.0\surefire-shared-utils-3.1.0.jar;C:\Users\rashm\.m2\repository\org\apache\maven\plugins\maven-failsafe-plugin\3.1.0\maven-failsafe-plugin-3.1.0.jar;C:\Users\rashm\.m2\repository\org\seleniumhq\selenium\selenium-java\4.10.0\selenium-java-4.10.0.jar;C:\Users\rashm\.m2\repository\org\seleniumhq\selenium\selenium-api\4.10.0\selenium-api-4.10.0.jar;C:\Users\rashm\.m2\repository\org\seleniumhq\selenium\selenium-chrome-driver\4.10.0\selenium-chrome-driver-4.10.0.jar;C:\Users\rashm\.m2\repository\com\google\auto\service\auto-service-annotations\1.0.1\auto-service-annotations-1.0.1.jar;C:\Users\rashm\.m2\repository\com\google\auto\service\auto-service\1.0.1\auto-service-1.0.1.jar;C:\Users\rashm\.m2\repository\com\google\auto\auto-common\1.2\auto-common-1.2.jar;C:\Users\rashm\.m2\repository\org\seleniumhq\selenium\selenium-chromium-driver\4.10.0\selenium-chromium-driver-4.10.0.jar;C:\Users\rashm\.m2\repository\org\seleniumhq\selenium\selenium-json\4.10.0\selenium-json-4.10.0.jar;C:\Users\rashm\.m2\repository\org\seleniumhq\selenium\selenium-manager\4.10.0\selenium-manager-4.10.0.jar;C:\Users\rashm\.m2\repository\org\seleniumhq\selenium\selenium-devtools-v112\4.10.0\selenium-devtools-v112-4.10.0.jar;C:\Users\rashm\.m2\repository\org\seleniumhq\selenium\selenium-devtools-v113\4.10.0\selenium-devtools-v113-4.10.0.jar;C:\Users\rashm\.m2\repository\org\seleniumhq\selenium\selenium-devtools-v114\4.10.0\selenium-devtools-v114-4.10.0.jar;C:\Users\rashm\.m2\repository\org\seleniumhq\selenium\selenium-devtools-v85\4.10.0\selenium-devtools-v85-4.10.0.jar;C:\Users\rashm\.m2\repository\org\seleniumhq\selenium\selenium-edge-driver\4.10.0\selenium-edge-driver-4.10.0.jar;C:\Users\rashm\.m2\repository\org\seleniumhq\selenium\selenium-firefox-driver\4.10.0\selenium-firefox-driver-4.10.0.jar;C:\Users\rashm\.m2\repository\org\seleniumhq\selenium\selenium-http\4.10.0\selenium-http-4.10.0.jar;C:\Users\rashm\.m2\repository\dev\failsafe\failsafe\3.3.1\failsafe-3.3.1.jar;C:\Users\rashm\.m2\repository\org\seleniumhq\selenium\selenium-ie-driver\4.10.0\selenium-ie-driver-4.10.0.jar;C:\Users\rashm\.m2\repository\org\seleniumhq\selenium\selenium-remote-driver\4.10.0\selenium-remote-driver-4.10.0.jar;C:\Users\rashm\.m2\repository\io\netty\netty-buffer\4.1.92.Final\netty-buffer-4.1.92.Final.jar;C:\Users\rashm\.m2\repository\io\netty\netty-codec-http\4.1.92.Final\netty-codec-http-4.1.92.Final.jar;C:\Users\rashm\.m2\repository\io\netty\netty-codec\4.1.92.Final\netty-codec-4.1.92.Final.jar;C:\Users\rashm\.m2\repository\io\netty\netty-handler\4.1.92.Final\netty-handler-4.1.92.Final.jar;C:\Users\rashm\.m2\repository\io\netty\netty-common\4.1.92.Final\netty-common-4.1.92.Final.jar;C:\Users\rashm\.m2\repository\io\netty\netty-transport-classes-epoll\4.1.92.Final\netty-transport-classes-epoll-4.1.92.Final.jar;C:\Users\rashm\.m2\repository\io\netty\netty-transport-classes-kqueue\4.1.92.Final\netty-transport-classes-kqueue-4.1.92.Final.jar;C:\Users\rashm\.m2\repository\io\netty\netty-transport-native-epoll\4.1.92.Final\netty-transport-native-epoll-4.1.92.Final.jar;C:\Users\rashm\.m2\repository\io\netty\netty-transport-native-kqueue\4.1.92.Final\netty-transport-native-kqueue-4.1.92.Final.jar;C:\Users\rashm\.m2\repository\io\netty\netty-transport-native-unix-common\4.1.92.Final\netty-transport-native-unix-common-4.1.92.Final.jar;C:\Users\rashm\.m2\repository\io\netty\netty-transport\4.1.92.Final\netty-transport-4.1.92.Final.jar;C:\Users\rashm\.m2\repository\io\netty\netty-resolver\4.1.92.Final\netty-resolver-4.1.92.Final.jar;C:\Users\rashm\.m2\repository\io\opentelemetry\opentelemetry-api\1.26.0\opentelemetry-api-1.26.0.jar;C:\Users\rashm\.m2\repository\io\opentelemetry\opentelemetry-context\1.26.0\opentelemetry-context-1.26.0.jar;C:\Users\rashm\.m2\repository\io\opentelemetry\opentelemetry-exporter-logging\1.26.0\opentelemetry-exporter-logging-1.26.0.jar;C:\Users\rashm\.m2\repository\io\opentelemetry\opentelemetry-sdk-metrics\1.26.0\opentelemetry-sdk-metrics-1.26.0.jar;C:\Users\rashm\.m2\repository\io\opentelemetry\opentelemetry-extension-incubator\1.26.0-alpha\opentelemetry-extension-incubator-1.26.0-alpha.jar;C:\Users\rashm\.m2\repository\io\opentelemetry\opentelemetry-sdk-logs\1.26.0-alpha\opentelemetry-sdk-logs-1.26.0-alpha.jar;C:\Users\rashm\.m2\repository\io\opentelemetry\opentelemetry-api-logs\1.26.0-alpha\opentelemetry-api-logs-1.26.0-alpha.jar;C:\Users\rashm\.m2\repository\io\opentelemetry\opentelemetry-api-events\1.26.0-alpha\opentelemetry-api-events-1.26.0-alpha.jar;C:\Users\rashm\.m2\repository\io\opentelemetry\opentelemetry-sdk-common\1.26.0\opentelemetry-sdk-common-1.26.0.jar;C:\Users\rashm\.m2\repository\io\opentelemetry\opentelemetry-sdk-extension-autoconfigure-spi\1.26.0\opentelemetry-sdk-extension-autoconfigure-spi-1.26.0.jar;C:\Users\rashm\.m2\repository\io\opentelemetry\opentelemetry-sdk-extension-autoconfigure\1.26.0-alpha\opentelemetry-sdk-extension-autoconfigure-1.26.0-alpha.jar;C:\Users\rashm\.m2\repository\io\opentelemetry\opentelemetry-sdk-trace\1.26.0\opentelemetry-sdk-trace-1.26.0.jar;C:\Users\rashm\.m2\repository\io\opentelemetry\opentelemetry-sdk\1.26.0\opentelemetry-sdk-1.26.0.jar;C:\Users\rashm\.m2\repository\io\opentelemetry\opentelemetry-semconv\1.26.0-alpha\opentelemetry-semconv-1.26.0-alpha.jar;C:\Users\rashm\.m2\repository\net\bytebuddy\byte-buddy\1.14.4\byte-buddy-1.14.4.jar;C:\Users\rashm\.m2\repository\org\apache\commons\commons-exec\1.3\commons-exec-1.3.jar;C:\Users\rashm\.m2\repository\org\asynchttpclient\async-http-client\2.12.3\async-http-client-2.12.3.jar;C:\Users\rashm\.m2\repository\org\asynchttpclient\async-http-client-netty-utils\2.12.3\async-http-client-netty-utils-2.12.3.jar;C:\Users\rashm\.m2\repository\io\netty\netty-codec-socks\4.1.60.Final\netty-codec-socks-4.1.60.Final.jar;C:\Users\rashm\.m2\repository\io\netty\netty-handler-proxy\4.1.60.Final\netty-handler-proxy-4.1.60.Final.jar;C:\Users\rashm\.m2\repository\io\netty\netty-transport-native-epoll\4.1.60.Final\netty-transport-native-epoll-4.1.60.Final-linux-x86_64.jar;C:\Users\rashm\.m2\repository\io\netty\netty-transport-native-kqueue\4.1.60.Final\netty-transport-native-kqueue-4.1.60.Final-osx-x86_64.jar;C:\Users\rashm\.m2\repository\com\typesafe\netty\netty-reactive-streams\2.0.4\netty-reactive-streams-2.0.4.jar;C:\Users\rashm\.m2\repository\com\sun\activation\jakarta.activation\1.2.2\jakarta.activation-1.2.2.jar;C:\Users\rashm\.m2\repository\org\seleniumhq\selenium\selenium-safari-driver\4.10.0\selenium-safari-driver-4.10.0.jar;C:\Users\rashm\.m2\repository\org\seleniumhq\selenium\selenium-support\4.10.0\selenium-support-4.10.0.jar;C:\Users\rashm\.m2\repository\io\github\bonigarcia\webdrivermanager\5.4.1\webdrivermanager-5.4.1.jar;C:\Users\rashm\.m2\repository\org\slf4j\slf4j-api\2.0.7\slf4j-api-2.0.7.jar;C:\Users\rashm\.m2\repository\com\google\code\gson\gson\2.10.1\gson-2.10.1.jar;C:\Users\rashm\.m2\repository\com\github\docker-java\docker-java\3.3.2\docker-java-3.3.2.jar;C:\Users\rashm\.m2\repository\com\github\docker-java\docker-java-core\3.3.2\docker-java-core-3.3.2.jar;C:\Users\rashm\.m2\repository\com\github\docker-java\docker-java-api\3.3.2\docker-java-api-3.3.2.jar;C:\Users\rashm\.m2\repository\org\bouncycastle\bcpkix-jdk15on\1.64\bcpkix-jdk15on-1.64.jar;C:\Users\rashm\.m2\repository\org\bouncycastle\bcprov-jdk15on\1.64\bcprov-jdk15on-1.64.jar;C:\Users\rashm\.m2\repository\org\slf4j\jcl-over-slf4j\1.7.30\jcl-over-slf4j-1.7.30.jar;C:\Users\rashm\.m2\repository\com\github\docker-java\docker-java-transport-httpclient5\3.3.2\docker-java-transport-httpclient5-3.3.2.jar;C:\Users\rashm\.m2\repository\com\github\docker-java\docker-java-transport\3.3.2\docker-java-transport-3.3.2.jar;C:\Users\rashm\.m2\repository\net\java\dev\jna\jna\5.12.1\jna-5.12.1.jar;C:\Users\rashm\.m2\repository\org\brotli\dec\0.1.2\dec-0.1.2.jar;C:\Users\rashm\.m2\repository\org\apache\commons\commons-lang3\3.12.0\commons-lang3-3.12.0.jar;C:\Users\rashm\.m2\repository\org\apache\httpcomponents\client5\httpclient5\5.2.1\httpclient5-5.2.1.jar;C:\Users\rashm\.m2\repository\org\apache\httpcomponents\core5\httpcore5\5.2\httpcore5-5.2.jar;C:\Users\rashm\.m2\repository\org\apache\httpcomponents\core5\httpcore5-h2\5.2\httpcore5-h2-5.2.jar;C:\Users\rashm\.m2\repository\org\testng\testng\7.7.1\testng-7.7.1.jar;C:\Users\rashm\.m2\repository\com\beust\jcommander\1.82\jcommander-1.82.jar;C:\Users\rashm\.m2\repository\org\webjars\jquery\3.6.1\jquery-3.6.1.jar;C:\Users\rashm\.m2\repository\org\apache\logging\log4j\log4j-slf4j2-impl\2.20.0\log4j-slf4j2-impl-2.20.0.jar;C:\Users\rashm\.m2\repository\org\apache\logging\log4j\log4j-core\2.20.0\log4j-core-2.20.0.jar;C:\Users\rashm\.m2\repository\org\apache\logging\log4j\log4j-api\2.20.0\log4j-api-2.20.0.jar;C:\Users\rashm\.m2\repository\io\rest-assured\json-path\5.3.2\json-path-5.3.2.jar;C:\Users\rashm\.m2\repository\org\apache\groovy\groovy-json\4.0.11\groovy-json-4.0.11.jar;C:\Users\rashm\.m2\repository\org\apache\groovy\groovy\4.0.11\groovy-4.0.11.jar;C:\Users\rashm\.m2\repository\io\rest-assured\rest-assured-common\5.3.2\rest-assured-common-5.3.2.jar;C:\Users\rashm\.m2\repository\io\rest-assured\rest-assured\5.3.2\rest-assured-5.3.2.jar;C:\Users\rashm\.m2\repository\org\apache\groovy\groovy-xml\4.0.11\groovy-xml-4.0.11.jar;C:\Users\rashm\.m2\repository\org\apache\httpcomponents\httpclient\4.5.13\httpclient-4.5.13.jar;C:\Users\rashm\.m2\repository\org\apache\httpcomponents\httpcore\4.4.13\httpcore-4.4.13.jar;C:\Users\rashm\.m2\repository\commons-logging\commons-logging\1.2\commons-logging-1.2.jar;C:\Users\rashm\.m2\repository\org\apache\httpcomponents\httpmime\4.5.13\httpmime-4.5.13.jar;C:\Users\rashm\.m2\repository\org\hamcrest\hamcrest\2.2\hamcrest-2.2.jar;C:\Users\rashm\.m2\repository\org\ccil\cowan\tagsoup\tagsoup\1.2.1\tagsoup-1.2.1.jar;C:\Users\rashm\.m2\repository\io\rest-assured\json-schema-validator\5.3.2\json-schema-validator-5.3.2.jar;C:\Users\rashm\.m2\repository\com\github\java-json-tools\json-schema-validator\2.2.14\json-schema-validator-2.2.14.jar;C:\Users\rashm\.m2\repository\com\github\java-json-tools\jackson-coreutils-equivalence\1.0\jackson-coreutils-equivalence-1.0.jar;C:\Users\rashm\.m2\repository\com\github\java-json-tools\jackson-coreutils\2.0\jackson-coreutils-2.0.jar;C:\Users\rashm\.m2\repository\com\github\java-json-tools\msg-simple\1.2\msg-simple-1.2.jar;C:\Users\rashm\.m2\repository\com\github\java-json-tools\btf\1.3\btf-1.3.jar;C:\Users\rashm\.m2\repository\com\github\java-json-tools\json-schema-core\1.2.14\json-schema-core-1.2.14.jar;C:\Users\rashm\.m2\repository\com\github\java-json-tools\uri-template\0.10\uri-template-0.10.jar;C:\Users\rashm\.m2\repository\org\mozilla\rhino\1.7.7.2\rhino-1.7.7.2.jar;C:\Users\rashm\.m2\repository\com\sun\mail\mailapi\1.6.2\mailapi-1.6.2.jar;C:\Users\rashm\.m2\repository\joda-time\joda-time\2.10.5\joda-time-2.10.5.jar;C:\Users\rashm\.m2\repository\com\googlecode\libphonenumber\libphonenumber\8.11.1\libphonenumber-8.11.1.jar;C:\Users\rashm\.m2\repository\com\google\code\findbugs\jsr305\3.0.2\jsr305-3.0.2.jar;C:\Users\rashm\.m2\repository\net\sf\jopt-simple\jopt-simple\5.0.4\jopt-simple-5.0.4.jar;C:\Users\rashm\.m2\repository\com\google\guava\guava\32.0.1-jre\guava-32.0.1-jre.jar;C:\Users\rashm\.m2\repository\com\google\guava\failureaccess\1.0.1\failureaccess-1.0.1.jar;C:\Users\rashm\.m2\repository\com\google\guava\listenablefuture\9999.0-empty-to-avoid-conflict-with-guava\listenablefuture-9999.0-empty-to-avoid-conflict-with-guava.jar;C:\Users\rashm\.m2\repository\org\checkerframework\checker-qual\3.33.0\checker-qual-3.33.0.jar;C:\Users\rashm\.m2\repository\com\google\errorprone\error_prone_annotations\2.18.0\error_prone_annotations-2.18.0.jar;C:\Users\rashm\.m2\repository\com\google\j2objc\j2objc-annotations\2.8\j2objc-annotations-2.8.jar;C:\Users\rashm\.m2\repository\io\cucumber\cucumber-java\7.2.3\cucumber-java-7.2.3.jar;C:\Users\rashm\.m2\repository\io\cucumber\cucumber-core\7.2.3\cucumber-core-7.2.3.jar;C:\Users\rashm\.m2\repository\io\cucumber\cucumber-gherkin\7.2.3\cucumber-gherkin-7.2.3.jar;C:\Users\rashm\.m2\repository\io\cucumber\cucumber-gherkin-messages\7.2.3\cucumber-gherkin-messages-7.2.3.jar;C:\Users\rashm\.m2\repository\io\cucumber\messages\17.1.1\messages-17.1.1.jar;C:\Users\rashm\.m2\repository\io\cucumber\tag-expressions\4.1.0\tag-expressions-4.1.0.jar;C:\Users\rashm\.m2\repository\io\cucumber\cucumber-expressions\15.0.1\cucumber-expressions-15.0.1.jar;C:\Users\rashm\.m2\repository\io\cucumber\datatable\7.2.3\datatable-7.2.3.jar;C:\Users\rashm\.m2\repository\io\cucumber\cucumber-plugin\7.2.3\cucumber-plugin-7.2.3.jar;C:\Users\rashm\.m2\repository\io\cucumber\docstring\7.2.3\docstring-7.2.3.jar;C:\Users\rashm\.m2\repository\io\cucumber\html-formatter\17.0.0\html-formatter-17.0.0.jar;C:\Users\rashm\.m2\repository\io\cucumber\ci-environment\8.1.0\ci-environment-8.1.0.jar;C:\Users\rashm\.m2\repository\org\apiguardian\apiguardian-api\1.1.2\apiguardian-api-1.1.2.jar;C:\Users\rashm\.m2\repository\io\rest-assured\xml-path\5.3.2\xml-path-5.3.2.jar;C:\Users\rashm\.m2\repository\io\rest-assured\spring-mock-mvc\5.3.2\spring-mock-mvc-5.3.2.jar;C:\Users\rashm\.m2\repository\io\rest-assured\spring-commons\5.3.2\spring-commons-5.3.2.jar;C:\Users\rashm\.m2\repository\org\springframework\spring-test\5.1.13.RELEASE\spring-test-5.1.13.RELEASE.jar;C:\Users\rashm\.m2\repository\org\springframework\spring-core\5.1.13.RELEASE\spring-core-5.1.13.RELEASE.jar;C:\Users\rashm\.m2\repository\org\springframework\spring-jcl\5.1.13.RELEASE\spring-jcl-5.1.13.RELEASE.jar;C:\Users\rashm\.m2\repository\org\springframework\spring-webmvc\5.1.13.RELEASE\spring-webmvc-5.1.13.RELEASE.jar;C:\Users\rashm\.m2\repository\org\springframework\spring-aop\5.1.13.RELEASE\spring-aop-5.1.13.RELEASE.jar;C:\Users\rashm\.m2\repository\org\springframework\spring-beans\5.1.13.RELEASE\spring-beans-5.1.13.RELEASE.jar;C:\Users\rashm\.m2\repository\org\springframework\spring-context\5.1.13.RELEASE\spring-context-5.1.13.RELEASE.jar;C:\Users\rashm\.m2\repository\org\springframework\spring-expression\5.1.13.RELEASE\spring-expression-5.1.13.RELEASE.jar;C:\Users\rashm\.m2\repository\org\springframework\spring-web\5.1.13.RELEASE\spring-web-5.1.13.RELEASE.jar;C:\Users\rashm\.m2\repository\io\cucumber\cucumber-junit\7.2.3\cucumber-junit-7.2.3.jar;C:\Users\rashm\.m2\repository\junit\junit\4.13.2\junit-4.13.2.jar;C:\Users\rashm\.m2\repository\org\hamcrest\hamcrest-core\1.3\hamcrest-core-1.3.jar;C:\Users\rashm\.m2\repository\io\cucumber\cucumber-testng\7.2.3\cucumber-testng-7.2.3.jar;C:\Users\rashm\.m2\repository\org\apache\poi\poi\5.2.3\poi-5.2.3.jar;C:\Users\rashm\.m2\repository\commons-codec\commons-codec\1.15\commons-codec-1.15.jar;C:\Users\rashm\.m2\repository\org\apache\commons\commons-collections4\4.4\commons-collections4-4.4.jar;C:\Users\rashm\.m2\repository\org\apache\commons\commons-math3\3.6.1\commons-math3-3.6.1.jar;C:\Users\rashm\.m2\repository\commons-io\commons-io\2.11.0\commons-io-2.11.0.jar;C:\Users\rashm\.m2\repository\com\zaxxer\SparseBitSet\1.2\SparseBitSet-1.2.jar;C:\Users\rashm\.m2\repository\org\apache\poi\poi-ooxml\5.2.3\poi-ooxml-5.2.3.jar;C:\Users\rashm\.m2\repository\org\apache\poi\poi-ooxml-lite\5.2.3\poi-ooxml-lite-5.2.3.jar;C:\Users\rashm\.m2\repository\org\apache\xmlbeans\xmlbeans\5.1.1\xmlbeans-5.1.1.jar;C:\Users\rashm\.m2\repository\org\apache\commons\commons-compress\1.21\commons-compress-1.21.jar;C:\Users\rashm\.m2\repository\com\github\virtuald\curvesapi\1.07\curvesapi-1.07.jar;C:\Users\rashm\.m2\repository\com\aventstack\extentreports\5.0.9\extentreports-5.0.9.jar;C:\Users\rashm\.m2\repository\io\reactivex\rxjava3\rxjava\3.0.4\rxjava-3.0.4.jar;C:\Users\rashm\.m2\repository\org\reactivestreams\reactive-streams\1.0.3\reactive-streams-1.0.3.jar;C:\Users\rashm\.m2\repository\org\freemarker\freemarker\2.3.30\freemarker-2.3.30.jar;C:\Users\rashm\.m2\repository\tech\grasshopper\extentreports-cucumber7-adapter\1.13.0\extentreports-cucumber7-adapter-1.13.0.jar;C:\Users\rashm\.m2\repository\tech\grasshopper\extent-pdf-report\2.11.0\extent-pdf-report-2.11.0.jar;C:\Users\rashm\.m2\repository\tech\grasshopper\cucumber-pdf-report\2.13.0\cucumber-pdf-report-2.13.0.jar;C:\Users\rashm\.m2\repository\org\apache\pdfbox\pdfbox\2.0.26\pdfbox-2.0.26.jar;C:\Users\rashm\.m2\repository\org\apache\pdfbox\fontbox\2.0.26\fontbox-2.0.26.jar;C:\Users\rashm\.m2\repository\org\knowm\xchart\xchart\3.8.0\xchart-3.8.0.jar;C:\Users\rashm\.m2\repository\de\erichseifert\vectorgraphics2d\VectorGraphics2D\0.13\VectorGraphics2D-0.13.jar;C:\Users\rashm\.m2\repository\de\rototor\pdfbox\graphics2d\0.30\graphics2d-0.30.jar;C:\Users\rashm\.m2\repository\com\madgag\animated-gif-lib\1.4\animated-gif-lib-1.4.jar;C:\Users\rashm\.m2\repository\org\yaml\snakeyaml\2.0\snakeyaml-2.0.jar;C:\Users\rashm\.m2\repository\tech\grasshopper\table-layout\1.5.1\table-layout-1.5.1.jar;C:\Users\rashm\.m2\repository\tech\grasshopper\rest-assured-cucumber-pdf-report\1.4.1\rest-assured-cucumber-pdf-report-1.4.1.jar;C:\Users\rashm\.m2\repository\org\jsoup\jsoup\1.15.3\jsoup-1.15.3.jar;C:\Users\rashm\.m2\repository\com\aventstack\klov-reporter\5.0.9\klov-reporter-5.0.9.jar;C:\Users\rashm\.m2\repository\org\mongodb\mongodb-driver\3.6.4\mongodb-driver-3.6.4.jar;C:\Users\rashm\.m2\repository\org\mongodb\mongodb-driver-core\3.6.4\mongodb-driver-core-3.6.4.jar;C:\Users\rashm\.m2\repository\org\mongodb\bson\3.6.4\bson-3.6.4.jar;C:\Users\rashm\.m2\repository\tech\grasshopper\htmlextentreporter\1.0.1\htmlextentreporter-1.0.1.jar;C:\Users\rashm\.m2\repository\tech\grasshopper\extent-excel-report\1.3.0\extent-excel-report-1.3.0.jar;C:\Users\rashm\.m2\repository\io\qameta\allure\allure-cucumber7-jvm\2.17.3\allure-cucumber7-jvm-2.17.3.jar;C:\Users\rashm\.m2\repository\io\qameta\allure\allure-java-commons\2.17.3\allure-java-commons-2.17.3.jar;C:\Users\rashm\.m2\repository\io\qameta\allure\allure-model\2.17.3\allure-model-2.17.3.jar;C:\Users\rashm\.m2\repository\io\cucumber\gherkin\22.0.0\gherkin-22.0.0.jar;C:\Users\rashm\.m2\repository\org\projectlombok\lombok\1.18.24\lombok-1.18.24.jar;C:\Users\rashm\.m2\repository\org\apache\clerezza\ext\org.json.simple\0.4\org.json.simple-0.4.jar;C:\Users\rashm\.m2\repository\com\googlecode\json-simple\json-simple\1.1\json-simple-1.1.jar;C:\Users\rashm\.m2\repository\com\fasterxml\jackson\core\jackson-core\2.15.2\jackson-core-2.15.2.jar;C:\Users\rashm\.m2\repository\com\fasterxml\jackson\core\jackson-databind\2.15.2\jackson-databind-2.15.2.jar;C:\Users\rashm\.m2\repository\com\fasterxml\jackson\core\jackson-annotations\2.15.2\jackson-annotations-2.15.2.jar;"/>
    <property name="java.vm.vendor" value="Oracle Corporation"/>
    <property name="sun.arch.data.model" value="64"/>
    <property name="user.variant" value=""/>
    <property name="java.vendor.url" value="https://java.oracle.com/"/>
    <property name="user.timezone" value="America/New_York"/>
    <property name="os.name" value="Windows 11"/>
    <property name="java.vm.specification.version" value="17"/>
    <property name="sun.java.launcher" value="SUN_STANDARD"/>
    <property name="user.country" value="US"/>
    <property name="sun.boot.library.path" value="C:\Program Files\Java\jdk-17\bin"/>
    <property name="sun.java.command" value="C:\Users\rashm\AppData\Local\Temp\surefire16884906918090704827\surefirebooter-20231121124840026_3.jar C:\Users\rashm\AppData\Local\Temp\surefire16884906918090704827 2023-11-21T12-48-39_743-jvmRun1 surefire-20231121124840026_1tmp surefire_0-20231121124840026_2tmp"/>
    <property name="jdk.debug" value="release"/>
    <property name="surefire.test.class.path" value="C:\Users\rashm\eclipse-workspace\Team5-Rest-Athon\Team5-Rest-Athon-main\Team5-Rest-Athon\target\test-classes;C:\Users\rashm\eclipse-workspace\Team5-Rest-Athon\Team5-Rest-Athon-main\Team5-Rest-Athon\target\classes;C:\Users\rashm\.m2\repository\org\apache\maven\plugins\maven-surefire-plugin\3.1.0\maven-surefire-plugin-3.1.0.jar;C:\Users\rashm\.m2\repository\org\apache\maven\surefire\maven-surefire-common\3.1.0\maven-surefire-common-3.1.0.jar;C:\Users\rashm\.m2\repository\org\apache\maven\surefire\surefire-api\3.1.0\surefire-api-3.1.0.jar;C:\Users\rashm\.m2\repository\org\apache\maven\surefire\surefire-logger-api\3.1.0\surefire-logger-api-3.1.0.jar;C:\Users\rashm\.m2\repository\org\apache\maven\surefire\surefire-extensions-api\3.1.0\surefire-extensions-api-3.1.0.jar;C:\Users\rashm\.m2\repository\org\apache\maven\surefire\surefire-booter\3.1.0\surefire-booter-3.1.0.jar;C:\Users\rashm\.m2\repository\org\apache\maven\surefire\surefire-extensions-spi\3.1.0\surefire-extensions-spi-3.1.0.jar;C:\Users\rashm\.m2\repository\org\eclipse\aether\aether-util\1.0.0.v20140518\aether-util-1.0.0.v20140518.jar;C:\Users\rashm\.m2\repository\org\eclipse\aether\aether-api\1.0.0.v20140518\aether-api-1.0.0.v20140518.jar;C:\Users\rashm\.m2\repository\org\apache\maven\shared\maven-common-artifact-filters\3.1.1\maven-common-artifact-filters-3.1.1.jar;C:\Users\rashm\.m2\repository\org\apache\maven\maven-artifact\3.1.0\maven-artifact-3.1.0.jar;C:\Users\rashm\.m2\repository\org\codehaus\plexus\plexus-utils\3.0.10\plexus-utils-3.0.10.jar;C:\Users\rashm\.m2\repository\org\apache\maven\maven-core\3.1.0\maven-core-3.1.0.jar;C:\Users\rashm\.m2\repository\org\apache\maven\maven-settings\3.1.0\maven-settings-3.1.0.jar;C:\Users\rashm\.m2\repository\org\apache\maven\maven-settings-builder\3.1.0\maven-settings-builder-3.1.0.jar;C:\Users\rashm\.m2\repository\org\apache\maven\maven-repository-metadata\3.1.0\maven-repository-metadata-3.1.0.jar;C:\Users\rashm\.m2\repository\org\apache\maven\maven-model-builder\3.1.0\maven-model-builder-3.1.0.jar;C:\Users\rashm\.m2\repository\org\apache\maven\maven-aether-provider\3.1.0\maven-aether-provider-3.1.0.jar;C:\Users\rashm\.m2\repository\org\eclipse\aether\aether-spi\0.9.0.M2\aether-spi-0.9.0.M2.jar;C:\Users\rashm\.m2\repository\org\eclipse\aether\aether-impl\0.9.0.M2\aether-impl-0.9.0.M2.jar;C:\Users\rashm\.m2\repository\org\eclipse\sisu\org.eclipse.sisu.plexus\0.0.0.M2a\org.eclipse.sisu.plexus-0.0.0.M2a.jar;C:\Users\rashm\.m2\repository\javax\enterprise\cdi-api\1.0\cdi-api-1.0.jar;C:\Users\rashm\.m2\repository\javax\annotation\jsr250-api\1.0\jsr250-api-1.0.jar;C:\Users\rashm\.m2\repository\javax\inject\javax.inject\1\javax.inject-1.jar;C:\Users\rashm\.m2\repository\org\sonatype\sisu\sisu-guice\3.1.0\sisu-guice-3.1.0-no_aop.jar;C:\Users\rashm\.m2\repository\aopalliance\aopalliance\1.0\aopalliance-1.0.jar;C:\Users\rashm\.m2\repository\org\eclipse\sisu\org.eclipse.sisu.inject\0.0.0.M2a\org.eclipse.sisu.inject-0.0.0.M2a.jar;C:\Users\rashm\.m2\repository\asm\asm\3.3.1\asm-3.3.1.jar;C:\Users\rashm\.m2\repository\org\codehaus\plexus\plexus-interpolation\1.16\plexus-interpolation-1.16.jar;C:\Users\rashm\.m2\repository\org\codehaus\plexus\plexus-classworlds\2.4.2\plexus-classworlds-2.4.2.jar;C:\Users\rashm\.m2\repository\org\codehaus\plexus\plexus-component-annotations\1.5.5\plexus-component-annotations-1.5.5.jar;C:\Users\rashm\.m2\repository\org\sonatype\plexus\plexus-sec-dispatcher\1.3\plexus-sec-dispatcher-1.3.jar;C:\Users\rashm\.m2\repository\org\sonatype\plexus\plexus-cipher\1.4\plexus-cipher-1.4.jar;C:\Users\rashm\.m2\repository\org\apache\maven\maven-plugin-api\3.1.0\maven-plugin-api-3.1.0.jar;C:\Users\rashm\.m2\repository\org\codehaus\plexus\plexus-java\1.1.2\plexus-java-1.1.2.jar;C:\Users\rashm\.m2\repository\org\ow2\asm\asm\9.4\asm-9.4.jar;C:\Users\rashm\.m2\repository\com\thoughtworks\qdox\qdox\2.0.3\qdox-2.0.3.jar;C:\Users\rashm\.m2\repository\org\apache\maven\surefire\surefire-shared-utils\3.1.0\surefire-shared-utils-3.1.0.jar;C:\Users\rashm\.m2\repository\org\apache\maven\plugins\maven-failsafe-plugin\3.1.0\maven-failsafe-plugin-3.1.0.jar;C:\Users\rashm\.m2\repository\org\seleniumhq\selenium\selenium-java\4.10.0\selenium-java-4.10.0.jar;C:\Users\rashm\.m2\repository\org\seleniumhq\selenium\selenium-api\4.10.0\selenium-api-4.10.0.jar;C:\Users\rashm\.m2\repository\org\seleniumhq\selenium\selenium-chrome-driver\4.10.0\selenium-chrome-driver-4.10.0.jar;C:\Users\rashm\.m2\repository\com\google\auto\service\auto-service-annotations\1.0.1\auto-service-annotations-1.0.1.jar;C:\Users\rashm\.m2\repository\com\google\auto\service\auto-service\1.0.1\auto-service-1.0.1.jar;C:\Users\rashm\.m2\repository\com\google\auto\auto-common\1.2\auto-common-1.2.jar;C:\Users\rashm\.m2\repository\org\seleniumhq\selenium\selenium-chromium-driver\4.10.0\selenium-chromium-driver-4.10.0.jar;C:\Users\rashm\.m2\repository\org\seleniumhq\selenium\selenium-json\4.10.0\selenium-json-4.10.0.jar;C:\Users\rashm\.m2\repository\org\seleniumhq\selenium\selenium-manager\4.10.0\selenium-manager-4.10.0.jar;C:\Users\rashm\.m2\repository\org\seleniumhq\selenium\selenium-devtools-v112\4.10.0\selenium-devtools-v112-4.10.0.jar;C:\Users\rashm\.m2\repository\org\seleniumhq\selenium\selenium-devtools-v113\4.10.0\selenium-devtools-v113-4.10.0.jar;C:\Users\rashm\.m2\repository\org\seleniumhq\selenium\selenium-devtools-v114\4.10.0\selenium-devtools-v114-4.10.0.jar;C:\Users\rashm\.m2\repository\org\seleniumhq\selenium\selenium-devtools-v85\4.10.0\selenium-devtools-v85-4.10.0.jar;C:\Users\rashm\.m2\repository\org\seleniumhq\selenium\selenium-edge-driver\4.10.0\selenium-edge-driver-4.10.0.jar;C:\Users\rashm\.m2\repository\org\seleniumhq\selenium\selenium-firefox-driver\4.10.0\selenium-firefox-driver-4.10.0.jar;C:\Users\rashm\.m2\repository\org\seleniumhq\selenium\selenium-http\4.10.0\selenium-http-4.10.0.jar;C:\Users\rashm\.m2\repository\dev\failsafe\failsafe\3.3.1\failsafe-3.3.1.jar;C:\Users\rashm\.m2\repository\org\seleniumhq\selenium\selenium-ie-driver\4.10.0\selenium-ie-driver-4.10.0.jar;C:\Users\rashm\.m2\repository\org\seleniumhq\selenium\selenium-remote-driver\4.10.0\selenium-remote-driver-4.10.0.jar;C:\Users\rashm\.m2\repository\io\netty\netty-buffer\4.1.92.Final\netty-buffer-4.1.92.Final.jar;C:\Users\rashm\.m2\repository\io\netty\netty-codec-http\4.1.92.Final\netty-codec-http-4.1.92.Final.jar;C:\Users\rashm\.m2\repository\io\netty\netty-codec\4.1.92.Final\netty-codec-4.1.92.Final.jar;C:\Users\rashm\.m2\repository\io\netty\netty-handler\4.1.92.Final\netty-handler-4.1.92.Final.jar;C:\Users\rashm\.m2\repository\io\netty\netty-common\4.1.92.Final\netty-common-4.1.92.Final.jar;C:\Users\rashm\.m2\repository\io\netty\netty-transport-classes-epoll\4.1.92.Final\netty-transport-classes-epoll-4.1.92.Final.jar;C:\Users\rashm\.m2\repository\io\netty\netty-transport-classes-kqueue\4.1.92.Final\netty-transport-classes-kqueue-4.1.92.Final.jar;C:\Users\rashm\.m2\repository\io\netty\netty-transport-native-epoll\4.1.92.Final\netty-transport-native-epoll-4.1.92.Final.jar;C:\Users\rashm\.m2\repository\io\netty\netty-transport-native-kqueue\4.1.92.Final\netty-transport-native-kqueue-4.1.92.Final.jar;C:\Users\rashm\.m2\repository\io\netty\netty-transport-native-unix-common\4.1.92.Final\netty-transport-native-unix-common-4.1.92.Final.jar;C:\Users\rashm\.m2\repository\io\netty\netty-transport\4.1.92.Final\netty-transport-4.1.92.Final.jar;C:\Users\rashm\.m2\repository\io\netty\netty-resolver\4.1.92.Final\netty-resolver-4.1.92.Final.jar;C:\Users\rashm\.m2\repository\io\opentelemetry\opentelemetry-api\1.26.0\opentelemetry-api-1.26.0.jar;C:\Users\rashm\.m2\repository\io\opentelemetry\opentelemetry-context\1.26.0\opentelemetry-context-1.26.0.jar;C:\Users\rashm\.m2\repository\io\opentelemetry\opentelemetry-exporter-logging\1.26.0\opentelemetry-exporter-logging-1.26.0.jar;C:\Users\rashm\.m2\repository\io\opentelemetry\opentelemetry-sdk-metrics\1.26.0\opentelemetry-sdk-metrics-1.26.0.jar;C:\Users\rashm\.m2\repository\io\opentelemetry\opentelemetry-extension-incubator\1.26.0-alpha\opentelemetry-extension-incubator-1.26.0-alpha.jar;C:\Users\rashm\.m2\repository\io\opentelemetry\opentelemetry-sdk-logs\1.26.0-alpha\opentelemetry-sdk-logs-1.26.0-alpha.jar;C:\Users\rashm\.m2\repository\io\opentelemetry\opentelemetry-api-logs\1.26.0-alpha\opentelemetry-api-logs-1.26.0-alpha.jar;C:\Users\rashm\.m2\repository\io\opentelemetry\opentelemetry-api-events\1.26.0-alpha\opentelemetry-api-events-1.26.0-alpha.jar;C:\Users\rashm\.m2\repository\io\opentelemetry\opentelemetry-sdk-common\1.26.0\opentelemetry-sdk-common-1.26.0.jar;C:\Users\rashm\.m2\repository\io\opentelemetry\opentelemetry-sdk-extension-autoconfigure-spi\1.26.0\opentelemetry-sdk-extension-autoconfigure-spi-1.26.0.jar;C:\Users\rashm\.m2\repository\io\opentelemetry\opentelemetry-sdk-extension-autoconfigure\1.26.0-alpha\opentelemetry-sdk-extension-autoconfigure-1.26.0-alpha.jar;C:\Users\rashm\.m2\repository\io\opentelemetry\opentelemetry-sdk-trace\1.26.0\opentelemetry-sdk-trace-1.26.0.jar;C:\Users\rashm\.m2\repository\io\opentelemetry\opentelemetry-sdk\1.26.0\opentelemetry-sdk-1.26.0.jar;C:\Users\rashm\.m2\repository\io\opentelemetry\opentelemetry-semconv\1.26.0-alpha\opentelemetry-semconv-1.26.0-alpha.jar;C:\Users\rashm\.m2\repository\net\bytebuddy\byte-buddy\1.14.4\byte-buddy-1.14.4.jar;C:\Users\rashm\.m2\repository\org\apache\commons\commons-exec\1.3\commons-exec-1.3.jar;C:\Users\rashm\.m2\repository\org\asynchttpclient\async-http-client\2.12.3\async-http-client-2.12.3.jar;C:\Users\rashm\.m2\repository\org\asynchttpclient\async-http-client-netty-utils\2.12.3\async-http-client-netty-utils-2.12.3.jar;C:\Users\rashm\.m2\repository\io\netty\netty-codec-socks\4.1.60.Final\netty-codec-socks-4.1.60.Final.jar;C:\Users\rashm\.m2\repository\io\netty\netty-handler-proxy\4.1.60.Final\netty-handler-proxy-4.1.60.Final.jar;C:\Users\rashm\.m2\repository\io\netty\netty-transport-native-epoll\4.1.60.Final\netty-transport-native-epoll-4.1.60.Final-linux-x86_64.jar;C:\Users\rashm\.m2\repository\io\netty\netty-transport-native-kqueue\4.1.60.Final\netty-transport-native-kqueue-4.1.60.Final-osx-x86_64.jar;C:\Users\rashm\.m2\repository\com\typesafe\netty\netty-reactive-streams\2.0.4\netty-reactive-streams-2.0.4.jar;C:\Users\rashm\.m2\repository\com\sun\activation\jakarta.activation\1.2.2\jakarta.activation-1.2.2.jar;C:\Users\rashm\.m2\repository\org\seleniumhq\selenium\selenium-safari-driver\4.10.0\selenium-safari-driver-4.10.0.jar;C:\Users\rashm\.m2\repository\org\seleniumhq\selenium\selenium-support\4.10.0\selenium-support-4.10.0.jar;C:\Users\rashm\.m2\repository\io\github\bonigarcia\webdrivermanager\5.4.1\webdrivermanager-5.4.1.jar;C:\Users\rashm\.m2\repository\org\slf4j\slf4j-api\2.0.7\slf4j-api-2.0.7.jar;C:\Users\rashm\.m2\repository\com\google\code\gson\gson\2.10.1\gson-2.10.1.jar;C:\Users\rashm\.m2\repository\com\github\docker-java\docker-java\3.3.2\docker-java-3.3.2.jar;C:\Users\rashm\.m2\repository\com\github\docker-java\docker-java-core\3.3.2\docker-java-core-3.3.2.jar;C:\Users\rashm\.m2\repository\com\github\docker-java\docker-java-api\3.3.2\docker-java-api-3.3.2.jar;C:\Users\rashm\.m2\repository\org\bouncycastle\bcpkix-jdk15on\1.64\bcpkix-jdk15on-1.64.jar;C:\Users\rashm\.m2\repository\org\bouncycastle\bcprov-jdk15on\1.64\bcprov-jdk15on-1.64.jar;C:\Users\rashm\.m2\repository\org\slf4j\jcl-over-slf4j\1.7.30\jcl-over-slf4j-1.7.30.jar;C:\Users\rashm\.m2\repository\com\github\docker-java\docker-java-transport-httpclient5\3.3.2\docker-java-transport-httpclient5-3.3.2.jar;C:\Users\rashm\.m2\repository\com\github\docker-java\docker-java-transport\3.3.2\docker-java-transport-3.3.2.jar;C:\Users\rashm\.m2\repository\net\java\dev\jna\jna\5.12.1\jna-5.12.1.jar;C:\Users\rashm\.m2\repository\org\brotli\dec\0.1.2\dec-0.1.2.jar;C:\Users\rashm\.m2\repository\org\apache\commons\commons-lang3\3.12.0\commons-lang3-3.12.0.jar;C:\Users\rashm\.m2\repository\org\apache\httpcomponents\client5\httpclient5\5.2.1\httpclient5-5.2.1.jar;C:\Users\rashm\.m2\repository\org\apache\httpcomponents\core5\httpcore5\5.2\httpcore5-5.2.jar;C:\Users\rashm\.m2\repository\org\apache\httpcomponents\core5\httpcore5-h2\5.2\httpcore5-h2-5.2.jar;C:\Users\rashm\.m2\repository\org\testng\testng\7.7.1\testng-7.7.1.jar;C:\Users\rashm\.m2\repository\com\beust\jcommander\1.82\jcommander-1.82.jar;C:\Users\rashm\.m2\repository\org\webjars\jquery\3.6.1\jquery-3.6.1.jar;C:\Users\rashm\.m2\repository\org\apache\logging\log4j\log4j-slf4j2-impl\2.20.0\log4j-slf4j2-impl-2.20.0.jar;C:\Users\rashm\.m2\repository\org\apache\logging\log4j\log4j-core\2.20.0\log4j-core-2.20.0.jar;C:\Users\rashm\.m2\repository\org\apache\logging\log4j\log4j-api\2.20.0\log4j-api-2.20.0.jar;C:\Users\rashm\.m2\repository\io\rest-assured\json-path\5.3.2\json-path-5.3.2.jar;C:\Users\rashm\.m2\repository\org\apache\groovy\groovy-json\4.0.11\groovy-json-4.0.11.jar;C:\Users\rashm\.m2\repository\org\apache\groovy\groovy\4.0.11\groovy-4.0.11.jar;C:\Users\rashm\.m2\repository\io\rest-assured\rest-assured-common\5.3.2\rest-assured-common-5.3.2.jar;C:\Users\rashm\.m2\repository\io\rest-assured\rest-assured\5.3.2\rest-assured-5.3.2.jar;C:\Users\rashm\.m2\repository\org\apache\groovy\groovy-xml\4.0.11\groovy-xml-4.0.11.jar;C:\Users\rashm\.m2\repository\org\apache\httpcomponents\httpclient\4.5.13\httpclient-4.5.13.jar;C:\Users\rashm\.m2\repository\org\apache\httpcomponents\httpcore\4.4.13\httpcore-4.4.13.jar;C:\Users\rashm\.m2\repository\commons-logging\commons-logging\1.2\commons-logging-1.2.jar;C:\Users\rashm\.m2\repository\org\apache\httpcomponents\httpmime\4.5.13\httpmime-4.5.13.jar;C:\Users\rashm\.m2\repository\org\hamcrest\hamcrest\2.2\hamcrest-2.2.jar;C:\Users\rashm\.m2\repository\org\ccil\cowan\tagsoup\tagsoup\1.2.1\tagsoup-1.2.1.jar;C:\Users\rashm\.m2\repository\io\rest-assured\json-schema-validator\5.3.2\json-schema-validator-5.3.2.jar;C:\Users\rashm\.m2\repository\com\github\java-json-tools\json-schema-validator\2.2.14\json-schema-validator-2.2.14.jar;C:\Users\rashm\.m2\repository\com\github\java-json-tools\jackson-coreutils-equivalence\1.0\jackson-coreutils-equivalence-1.0.jar;C:\Users\rashm\.m2\repository\com\github\java-json-tools\jackson-coreutils\2.0\jackson-coreutils-2.0.jar;C:\Users\rashm\.m2\repository\com\github\java-json-tools\msg-simple\1.2\msg-simple-1.2.jar;C:\Users\rashm\.m2\repository\com\github\java-json-tools\btf\1.3\btf-1.3.jar;C:\Users\rashm\.m2\repository\com\github\java-json-tools\json-schema-core\1.2.14\json-schema-core-1.2.14.jar;C:\Users\rashm\.m2\repository\com\github\java-json-tools\uri-template\0.10\uri-template-0.10.jar;C:\Users\rashm\.m2\repository\org\mozilla\rhino\1.7.7.2\rhino-1.7.7.2.jar;C:\Users\rashm\.m2\repository\com\sun\mail\mailapi\1.6.2\mailapi-1.6.2.jar;C:\Users\rashm\.m2\repository\joda-time\joda-time\2.10.5\joda-time-2.10.5.jar;C:\Users\rashm\.m2\repository\com\googlecode\libphonenumber\libphonenumber\8.11.1\libphonenumber-8.11.1.jar;C:\Users\rashm\.m2\repository\com\google\code\findbugs\jsr305\3.0.2\jsr305-3.0.2.jar;C:\Users\rashm\.m2\repository\net\sf\jopt-simple\jopt-simple\5.0.4\jopt-simple-5.0.4.jar;C:\Users\rashm\.m2\repository\com\google\guava\guava\32.0.1-jre\guava-32.0.1-jre.jar;C:\Users\rashm\.m2\repository\com\google\guava\failureaccess\1.0.1\failureaccess-1.0.1.jar;C:\Users\rashm\.m2\repository\com\google\guava\listenablefuture\9999.0-empty-to-avoid-conflict-with-guava\listenablefuture-9999.0-empty-to-avoid-conflict-with-guava.jar;C:\Users\rashm\.m2\repository\org\checkerframework\checker-qual\3.33.0\checker-qual-3.33.0.jar;C:\Users\rashm\.m2\repository\com\google\errorprone\error_prone_annotations\2.18.0\error_prone_annotations-2.18.0.jar;C:\Users\rashm\.m2\repository\com\google\j2objc\j2objc-annotations\2.8\j2objc-annotations-2.8.jar;C:\Users\rashm\.m2\repository\io\cucumber\cucumber-java\7.2.3\cucumber-java-7.2.3.jar;C:\Users\rashm\.m2\repository\io\cucumber\cucumber-core\7.2.3\cucumber-core-7.2.3.jar;C:\Users\rashm\.m2\repository\io\cucumber\cucumber-gherkin\7.2.3\cucumber-gherkin-7.2.3.jar;C:\Users\rashm\.m2\repository\io\cucumber\cucumber-gherkin-messages\7.2.3\cucumber-gherkin-messages-7.2.3.jar;C:\Users\rashm\.m2\repository\io\cucumber\messages\17.1.1\messages-17.1.1.jar;C:\Users\rashm\.m2\repository\io\cucumber\tag-expressions\4.1.0\tag-expressions-4.1.0.jar;C:\Users\rashm\.m2\repository\io\cucumber\cucumber-expressions\15.0.1\cucumber-expressions-15.0.1.jar;C:\Users\rashm\.m2\repository\io\cucumber\datatable\7.2.3\datatable-7.2.3.jar;C:\Users\rashm\.m2\repository\io\cucumber\cucumber-plugin\7.2.3\cucumber-plugin-7.2.3.jar;C:\Users\rashm\.m2\repository\io\cucumber\docstring\7.2.3\docstring-7.2.3.jar;C:\Users\rashm\.m2\repository\io\cucumber\html-formatter\17.0.0\html-formatter-17.0.0.jar;C:\Users\rashm\.m2\repository\io\cucumber\ci-environment\8.1.0\ci-environment-8.1.0.jar;C:\Users\rashm\.m2\repository\org\apiguardian\apiguardian-api\1.1.2\apiguardian-api-1.1.2.jar;C:\Users\rashm\.m2\repository\io\rest-assured\xml-path\5.3.2\xml-path-5.3.2.jar;C:\Users\rashm\.m2\repository\io\rest-assured\spring-mock-mvc\5.3.2\spring-mock-mvc-5.3.2.jar;C:\Users\rashm\.m2\repository\io\rest-assured\spring-commons\5.3.2\spring-commons-5.3.2.jar;C:\Users\rashm\.m2\repository\org\springframework\spring-test\5.1.13.RELEASE\spring-test-5.1.13.RELEASE.jar;C:\Users\rashm\.m2\repository\org\springframework\spring-core\5.1.13.RELEASE\spring-core-5.1.13.RELEASE.jar;C:\Users\rashm\.m2\repository\org\springframework\spring-jcl\5.1.13.RELEASE\spring-jcl-5.1.13.RELEASE.jar;C:\Users\rashm\.m2\repository\org\springframework\spring-webmvc\5.1.13.RELEASE\spring-webmvc-5.1.13.RELEASE.jar;C:\Users\rashm\.m2\repository\org\springframework\spring-aop\5.1.13.RELEASE\spring-aop-5.1.13.RELEASE.jar;C:\Users\rashm\.m2\repository\org\springframework\spring-beans\5.1.13.RELEASE\spring-beans-5.1.13.RELEASE.jar;C:\Users\rashm\.m2\repository\org\springframework\spring-context\5.1.13.RELEASE\spring-context-5.1.13.RELEASE.jar;C:\Users\rashm\.m2\repository\org\springframework\spring-expression\5.1.13.RELEASE\spring-expression-5.1.13.RELEASE.jar;C:\Users\rashm\.m2\repository\org\springframework\spring-web\5.1.13.RELEASE\spring-web-5.1.13.RELEASE.jar;C:\Users\rashm\.m2\repository\io\cucumber\cucumber-junit\7.2.3\cucumber-junit-7.2.3.jar;C:\Users\rashm\.m2\repository\junit\junit\4.13.2\junit-4.13.2.jar;C:\Users\rashm\.m2\repository\org\hamcrest\hamcrest-core\1.3\hamcrest-core-1.3.jar;C:\Users\rashm\.m2\repository\io\cucumber\cucumber-testng\7.2.3\cucumber-testng-7.2.3.jar;C:\Users\rashm\.m2\repository\org\apache\poi\poi\5.2.3\poi-5.2.3.jar;C:\Users\rashm\.m2\repository\commons-codec\commons-codec\1.15\commons-codec-1.15.jar;C:\Users\rashm\.m2\repository\org\apache\commons\commons-collections4\4.4\commons-collections4-4.4.jar;C:\Users\rashm\.m2\repository\org\apache\commons\commons-math3\3.6.1\commons-math3-3.6.1.jar;C:\Users\rashm\.m2\repository\commons-io\commons-io\2.11.0\commons-io-2.11.0.jar;C:\Users\rashm\.m2\repository\com\zaxxer\SparseBitSet\1.2\SparseBitSet-1.2.jar;C:\Users\rashm\.m2\repository\org\apache\poi\poi-ooxml\5.2.3\poi-ooxml-5.2.3.jar;C:\Users\rashm\.m2\repository\org\apache\poi\poi-ooxml-lite\5.2.3\poi-ooxml-lite-5.2.3.jar;C:\Users\rashm\.m2\repository\org\apache\xmlbeans\xmlbeans\5.1.1\xmlbeans-5.1.1.jar;C:\Users\rashm\.m2\repository\org\apache\commons\commons-compress\1.21\commons-compress-1.21.jar;C:\Users\rashm\.m2\repository\com\github\virtuald\curvesapi\1.07\curvesapi-1.07.jar;C:\Users\rashm\.m2\repository\com\aventstack\extentreports\5.0.9\extentreports-5.0.9.jar;C:\Users\rashm\.m2\repository\io\reactivex\rxjava3\rxjava\3.0.4\rxjava-3.0.4.jar;C:\Users\rashm\.m2\repository\org\reactivestreams\reactive-streams\1.0.3\reactive-streams-1.0.3.jar;C:\Users\rashm\.m2\repository\org\freemarker\freemarker\2.3.30\freemarker-2.3.30.jar;C:\Users\rashm\.m2\repository\tech\grasshopper\extentreports-cucumber7-adapter\1.13.0\extentreports-cucumber7-adapter-1.13.0.jar;C:\Users\rashm\.m2\repository\tech\grasshopper\extent-pdf-report\2.11.0\extent-pdf-report-2.11.0.jar;C:\Users\rashm\.m2\repository\tech\grasshopper\cucumber-pdf-report\2.13.0\cucumber-pdf-report-2.13.0.jar;C:\Users\rashm\.m2\repository\org\apache\pdfbox\pdfbox\2.0.26\pdfbox-2.0.26.jar;C:\Users\rashm\.m2\repository\org\apache\pdfbox\fontbox\2.0.26\fontbox-2.0.26.jar;C:\Users\rashm\.m2\repository\org\knowm\xchart\xchart\3.8.0\xchart-3.8.0.jar;C:\Users\rashm\.m2\repository\de\erichseifert\vectorgraphics2d\VectorGraphics2D\0.13\VectorGraphics2D-0.13.jar;C:\Users\rashm\.m2\repository\de\rototor\pdfbox\graphics2d\0.30\graphics2d-0.30.jar;C:\Users\rashm\.m2\repository\com\madgag\animated-gif-lib\1.4\animated-gif-lib-1.4.jar;C:\Users\rashm\.m2\repository\org\yaml\snakeyaml\2.0\snakeyaml-2.0.jar;C:\Users\rashm\.m2\repository\tech\grasshopper\table-layout\1.5.1\table-layout-1.5.1.jar;C:\Users\rashm\.m2\repository\tech\grasshopper\rest-assured-cucumber-pdf-report\1.4.1\rest-assured-cucumber-pdf-report-1.4.1.jar;C:\Users\rashm\.m2\repository\org\jsoup\jsoup\1.15.3\jsoup-1.15.3.jar;C:\Users\rashm\.m2\repository\com\aventstack\klov-reporter\5.0.9\klov-reporter-5.0.9.jar;C:\Users\rashm\.m2\repository\org\mongodb\mongodb-driver\3.6.4\mongodb-driver-3.6.4.jar;C:\Users\rashm\.m2\repository\org\mongodb\mongodb-driver-core\3.6.4\mongodb-driver-core-3.6.4.jar;C:\Users\rashm\.m2\repository\org\mongodb\bson\3.6.4\bson-3.6.4.jar;C:\Users\rashm\.m2\repository\tech\grasshopper\htmlextentreporter\1.0.1\htmlextentreporter-1.0.1.jar;C:\Users\rashm\.m2\repository\tech\grasshopper\extent-excel-report\1.3.0\extent-excel-report-1.3.0.jar;C:\Users\rashm\.m2\repository\io\qameta\allure\allure-cucumber7-jvm\2.17.3\allure-cucumber7-jvm-2.17.3.jar;C:\Users\rashm\.m2\repository\io\qameta\allure\allure-java-commons\2.17.3\allure-java-commons-2.17.3.jar;C:\Users\rashm\.m2\repository\io\qameta\allure\allure-model\2.17.3\allure-model-2.17.3.jar;C:\Users\rashm\.m2\repository\io\cucumber\gherkin\22.0.0\gherkin-22.0.0.jar;C:\Users\rashm\.m2\repository\org\projectlombok\lombok\1.18.24\lombok-1.18.24.jar;C:\Users\rashm\.m2\repository\org\apache\clerezza\ext\org.json.simple\0.4\org.json.simple-0.4.jar;C:\Users\rashm\.m2\repository\com\googlecode\json-simple\json-simple\1.1\json-simple-1.1.jar;C:\Users\rashm\.m2\repository\com\fasterxml\jackson\core\jackson-core\2.15.2\jackson-core-2.15.2.jar;C:\Users\rashm\.m2\repository\com\fasterxml\jackson\core\jackson-databind\2.15.2\jackson-databind-2.15.2.jar;C:\Users\rashm\.m2\repository\com\fasterxml\jackson\core\jackson-annotations\2.15.2\jackson-annotations-2.15.2.jar;"/>
    <property name="sun.cpu.endian" value="little"/>
    <property name="user.home" value="C:\Users\rashm"/>
    <property name="user.language" value="en"/>
    <property name="java.specification.vendor" value="Oracle Corporation"/>
    <property name="java.version.date" value="2023-01-17"/>
    <property name="java.home" value="C:\Program Files\Java\jdk-17"/>
    <property name="file.separator" value="\"/>
    <property name="basedir" value="C:\Users\rashm\eclipse-workspace\Team5-Rest-Athon\Team5-Rest-Athon-main\Team5-Rest-Athon"/>
    <property name="java.vm.compressedOopsMode" value="32-bit"/>
    <property name="line.separator" value="&#10;"/>
    <property name="java.vm.specification.vendor" value="Oracle Corporation"/>
    <property name="java.specification.name" value="Java Platform API Specification"/>
    <property name="surefire.real.class.path" value="C:\Users\rashm\AppData\Local\Temp\surefire16884906918090704827\surefirebooter-20231121124840026_3.jar"/>
    <property name="user.script" value=""/>
    <property name="sun.management.compiler" value="HotSpot 64-Bit Tiered Compilers"/>
    <property name="java.runtime.version" value="17.0.6+9-LTS-190"/>
    <property name="user.name" value="rashm"/>
    <property name="path.separator" value=";"/>
    <property name="os.version" value="10.0"/>
    <property name="java.runtime.name" value="Java(TM) SE Runtime Environment"/>
    <property name="file.encoding" value="Cp1252"/>
    <property name="java.vm.name" value="Java HotSpot(TM) 64-Bit Server VM"/>
    <property name="localRepository" value="C:\Users\rashm\.m2\repository"/>
    <property name="java.vendor.url.bug" value="https://bugreport.java.com/bugreport/"/>
    <property name="java.io.tmpdir" value="C:\Users\rashm\AppData\Local\Temp\"/>
    <property name="java.version" value="17.0.6"/>
    <property name="user.dir" value="C:\Users\rashm\eclipse-workspace\Team5-Rest-Athon\Team5-Rest-Athon-main\Team5-Rest-Athon"/>
    <property name="os.arch" value="amd64"/>
    <property name="java.vm.specification.name" value="Java Virtual Machine Specification"/>
    <property name="sun.os.patch.level" value=""/>
    <property name="native.encoding" value="Cp1252"/>
    <property name="java.library.path" value="C:\Program Files\Java\jdk-17\bin;C:\WINDOWS\Sun\Java\bin;C:\WINDOWS\system32;C:\WINDOWS;C:\Users\rashm\.jenkins\tools\hudson.tasks.Maven_MavenInstallation\TestMaven/bin;C:\Program Files\Java\jdk-17\bin;C:\WINDOWS\system32;C:\WINDOWS;C:\WINDOWS\System32\Wbem;C:\WINDOWS\System32\WindowsPowerShell\v1.0\;C:\WINDOWS\System32\OpenSSH\;C:\Program Files\Java\jdk-17\bin;C:\Program Files\Git\cmd;C:\Program Files\nodejs\;C:\Users\rashm\AppData\Local\Microsoft\WindowsApps;C:\Users\rashm\Downloads\allure-2.21.0\allure-2.21.0\bin;C:\Users\rashm\AppData\Roaming\npm;."/>
    <property name="java.vm.info" value="mixed mode, sharing"/>
    <property name="java.vendor" value="Oracle Corporation"/>
    <property name="java.vm.version" value="17.0.6+9-LTS-190"/>
    <property name="sun.io.unicode.encoding" value="UnicodeLittle"/>
    <property name="java.class.version" value="61.0"/>
  </properties>
  <testcase name="runScenario[&quot;Check if user as Dietician able to retrieve all morbidity details with &quot;get_all_morbidity_valid&quot; endpoint and request body.&quot;, &quot;Optional[GetAllMorbidities.feature]&quot;](1)" classname="runners.TestRunner" time="6.63">
    <system-out><![CDATA[
@GetAllMorbidityModule
Scenario: Check if user as Dietician able to retrieve all morbidity details with "get_all_morbidity_valid" endpoint and request body. &amp#27;[90m# src/test/resources/features/GetAllMorbidity.feature:33&amp#27;[0m
sheetPathsrc/test/resources/data/testData.xlsx
sheetNamelogin
keydataKeyvaluelogin_valid_dietician
keyuserIdvalueangu.geetha@gmail.com
keypasswordvalueSong88
[INFO ] 2023-11-21 12:48:48.021 [main] LoggerLoad - Login Request: userId: angu.geetha@gmail.compassword: Song88
  &amp#27;[32mGiven &amp#27;[0m&amp#27;[32mUser creates POST Request for the login API.&amp#27;[0m                                                                                  &amp#27;[90m# stepdefinitions.LoginSteps.user_creates_post_request_for_the_login_api()&amp#27;[0m
Request method:	POST
Request URI:	https://dietician-dev-41d9a344a720.herokuapp.com/dietician/login
Proxy:			<none>
Request params:	<none>
Query params:	<none>
Form params:	<none>
Path params:	<none>
Headers:		Accept=*/*
				Content-Type=application/json
Cookies:		<none>
Multiparts:		<none>
Body:
{
    "userLoginEmail": "angu.geetha@gmail.com",
    "password": "Song88"
}
  &amp#27;[32mWhen &amp#27;[0m&amp#27;[32mUser sends HTTPS Request with valid credentials on the request Body.&amp#27;[0m                                                           &amp#27;[90m# stepdefinitions.LoginSteps.user_sends_https_request_with_valid_credentials_on_the_request_body()&amp#27;[0m
HTTP/1.1 200 
Server: Cowboy
Report-To: {"group":"heroku-nel","max_age":3600,"endpoints":[{"url":"https://nel.heroku.com/reports?ts=1700588930&sid=c46efe9b-d3d2-4a0c-8c76-bfafa16c5add&s=BrK%2FJM%2BDxxl7FTOxhTDf6ECHJXuU%2Fa7YoDxCRYBJ9zA%3D"}]}
Reporting-Endpoints: heroku-nel=https://nel.heroku.com/reports?ts=1700588930&sid=c46efe9b-d3d2-4a0c-8c76-bfafa16c5add&s=BrK%2FJM%2BDxxl7FTOxhTDf6ECHJXuU%2Fa7YoDxCRYBJ9zA%3D
Nel: {"report_to":"heroku-nel","max_age":3600,"success_fraction":0.005,"failure_fraction":0.05,"response_headers":["Via"]}
Connection: keep-alive
Vary: Origin
Vary: Access-Control-Request-Method
Vary: Access-Control-Request-Headers
X-Content-Type-Options: nosniff
X-Xss-Protection: 1; mode=block
Cache-Control: no-cache, no-store, max-age=0, must-revalidate
Pragma: no-cache
Expires: 0
Strict-Transport-Security: max-age=31536000 ; includeSubDomains
X-Frame-Options: DENY
Content-Type: application/json
Transfer-Encoding: chunked
Date: Tue, 21 Nov 2023 17:48:51 GMT
Via: 1.1 vegur

{
    "token": "eyJhbGciOiJIUzUxMiJ9.eyJzdWIiOiJhbmd1LmdlZXRoYUBnbWFpbC5jb20iLCJpYXQiOjE3MDA1ODg5MzEsImV4cCI6MTcwMDYxNzczMX0.rSYdQZv4kUMZKXG2tZ3A5Ig9weo0VAogVRSlyA74qTJvPc5CkaaGOjDhiGxDZFzFBzafI9wadQCPLkrMz8eGtg",
    "type": "Bearer ",
    "userId": 93,
    "loginUserEmail": "angu.geetha@gmail.com",
    "roles": [
        "ROLE_DIETICIAN"
    ]
}
HTTP/1.1 200 
Server: Cowboy
Report-To: {"group":"heroku-nel","max_age":3600,"endpoints":[{"url":"https://nel.heroku.com/reports?ts=1700588930&sid=c46efe9b-d3d2-4a0c-8c76-bfafa16c5add&s=BrK%2FJM%2BDxxl7FTOxhTDf6ECHJXuU%2Fa7YoDxCRYBJ9zA%3D"}]}
Reporting-Endpoints: heroku-nel=https://nel.heroku.com/reports?ts=1700588930&sid=c46efe9b-d3d2-4a0c-8c76-bfafa16c5add&s=BrK%2FJM%2BDxxl7FTOxhTDf6ECHJXuU%2Fa7YoDxCRYBJ9zA%3D
Nel: {"report_to":"heroku-nel","max_age":3600,"success_fraction":0.005,"failure_fraction":0.05,"response_headers":["Via"]}
Connection: keep-alive
Vary: Origin
Vary: Access-Control-Request-Method
Vary: Access-Control-Request-Headers
X-Content-Type-Options: nosniff
X-Xss-Protection: 1; mode=block
Cache-Control: no-cache, no-store, max-age=0, must-revalidate
Pragma: no-cache
Expires: 0
Strict-Transport-Security: max-age=31536000 ; includeSubDomains
X-Frame-Options: DENY
Content-Type: application/json
Transfer-Encoding: chunked
Date: Tue, 21 Nov 2023 17:48:51 GMT
Via: 1.1 vegur

{
    "token": "eyJhbGciOiJIUzUxMiJ9.eyJzdWIiOiJhbmd1LmdlZXRoYUBnbWFpbC5jb20iLCJpYXQiOjE3MDA1ODg5MzEsImV4cCI6MTcwMDYxNzczMX0.rSYdQZv4kUMZKXG2tZ3A5Ig9weo0VAogVRSlyA74qTJvPc5CkaaGOjDhiGxDZFzFBzafI9wadQCPLkrMz8eGtg",
    "type": "Bearer ",
    "userId": 93,
    "loginUserEmail": "angu.geetha@gmail.com",
    "roles": [
        "ROLE_DIETICIAN"
    ]
}
[INFO ] 2023-11-21 12:48:52.104 [main] LoggerLoad - Login POST successful
  &amp#27;[32mThen &amp#27;[0m&amp#27;[32mUser receives Status with response body containing token information.&amp#27;[0m                                                          &amp#27;[90m# stepdefinitions.LoginSteps.user_receives_status_with_response_body_containing_token_information()&amp#27;[0m
sheetPathsrc/test/resources/data/testData.xlsx
sheetNamegetmorbidity
keydataKeyvalueget_all_morbidity_valid
[INFO ] 2023-11-21 12:48:52.346 [main] LoggerLoad - Paitient POST request created
  &amp#27;[32mGiven &amp#27;[0m&amp#27;[32mDietician creates GET Request for all Morbidity API endpoint with fields from &amp#27;[0m&amp#27;[32m&amp#27;[1m"getmorbidity"&amp#27;[0m&amp#27;[32m with &amp#27;[0m&amp#27;[32m&amp#27;[1m"get_all_morbidity_valid"&amp#27;[0m&amp#27;[32m.&amp#27;[0m  &amp#27;[90m# stepdefinitions.GetAllMorbiditySteps.dietician_creates_get_request_for_all_morbidity_api_endpoint_with_fields_from_with(java.lang.String,java.lang.String)&amp#27;[0m
[INFO ] 2023-11-21 12:48:52.348 [main] LoggerLoad - baseUrlhttps://dietician-dev-41d9a344a720.herokuapp.com/dietician
Request method:	GET
Request URI:	https://dietician-dev-41d9a344a720.herokuapp.com/dietician/patient
Proxy:			<none>
Request params:	<none>
Query params:	<none>
Form params:	<none>
Path params:	<none>
Headers:		Authorization=Bearer eyJhbGciOiJIUzUxMiJ9.eyJzdWIiOiJhbmd1LmdlZXRoYUBnbWFpbC5jb20iLCJpYXQiOjE3MDA1ODg5MzEsImV4cCI6MTcwMDYxNzczMX0.rSYdQZv4kUMZKXG2tZ3A5Ig9weo0VAogVRSlyA74qTJvPc5CkaaGOjDhiGxDZFzFBzafI9wadQCPLkrMz8eGtg
				Accept=*/*
				Content-Type=application/json
Cookies:		<none>
Multiparts:		<none>
Body:			<none>
[INFO ] 2023-11-21 12:48:52.598 [main] LoggerLoad - Patient POST request sent
  &amp#27;[32mWhen &amp#27;[0m&amp#27;[32mDietician sends HTTPS Request for all Morbidity API &amp#27;[0m&amp#27;[32m&amp#27;[1m"get_all_morbidity_valid"&amp#27;[0m&amp#27;[32m.&amp#27;[0m                                                 &amp#27;[90m# stepdefinitions.GetAllMorbiditySteps.dietician_sends_https_request_for_all_morbidity_api(java.lang.String)&amp#27;[0m
HTTP/1.1 200 
Server: Cowboy
Report-To: {"group":"heroku-nel","max_age":3600,"endpoints":[{"url":"https://nel.heroku.com/reports?ts=1700588932&sid=c46efe9b-d3d2-4a0c-8c76-bfafa16c5add&s=YDJjFRTaVYHkF0IhZvSgiPt52QDPCRaMQY5SVWFN4tg%3D"}]}
Reporting-Endpoints: heroku-nel=https://nel.heroku.com/reports?ts=1700588932&sid=c46efe9b-d3d2-4a0c-8c76-bfafa16c5add&s=YDJjFRTaVYHkF0IhZvSgiPt52QDPCRaMQY5SVWFN4tg%3D
Nel: {"report_to":"heroku-nel","max_age":3600,"success_fraction":0.005,"failure_fraction":0.05,"response_headers":["Via"]}
Connection: keep-alive
Vary: Origin
Vary: Access-Control-Request-Method
Vary: Access-Control-Request-Headers
X-Content-Type-Options: nosniff
X-Xss-Protection: 1; mode=block
Cache-Control: no-cache, no-store, max-age=0, must-revalidate
Pragma: no-cache
Expires: 0
Strict-Transport-Security: max-age=31536000 ; includeSubDomains
X-Frame-Options: DENY
Content-Type: application/json
Transfer-Encoding: chunked
Date: Tue, 21 Nov 2023 17:48:52 GMT
Via: 1.1 vegur

[
    {
        "patientId": 5343,
        "FirstName": "jade",
        "LastName": "udans",
        "ContactNumber": "7979797979",
        "Email": "udans@gmail.com",
        "Allergy": "egg",
        "FoodCategory": "Vegan",
        "FileMorbidity": {
            "655ccc47fa57dd184cbeaa20": {
                "T4": "1.22 µg/dl",
                "TSH": "100.0 mIU/L"
            },
            "655c37c7fa57dd184cbea40a": {
                "Average Glucose": "131.0 mg/dl",
                "HbA1c": "6.5 %"
            },
            "655ccc60fa57dd184cbeaa22": {
                "T4": "1.22 µg/dl",
                "TSH": "100.0 mIU/L"
            },
            "655ce90a9cc3984158e1931f": {
                "T4": "1.22 µg/dl",
                "TSH": "100.0 mIU/L"
            },
            "655ce9d79cc3984158e1932f": {
                "T4": "1.22 µg/dl",
                "TSH": "100.0 mIU/L"
            },
            "655ce8b39cc3984158e19311": {
                "T4": "1.22 µg/dl",
                "TSH": "100.0 mIU/L"
            },
            "655ce9109cc3984158e19325": {
                "T4": "1.22 µg/dl",
                "TSH": "100.0 mIU/L"
            },
            "655ce90e9cc3984158e19323": {
                "T4": "1.22 µg/dl",
                "TSH": "100.0 mIU/L"
            },
            "655ce9db9cc3984158e19333": {
                "T4": "1.22 µg/dl",
                "TSH": "100.0 mIU/L"
            },
            "655c4a45fa57dd184cbea60a": {
                "T4": "1.22 µg/dl",
                "TSH": "100.0 mIU/L"
            },
            "655c37dbfa57dd184cbea412": {
                "T4": "1.22 µg/dl",
                "TSH": "100.0 mIU/L"
            },
            "655caf4cfa57dd184cbea8c0": {
                "T4": "1.22 µg/dl",
                "TSH": "100.0 mIU/L"
            },
            "655cea739cc3984158e19337": {
                "T4": "1.22 µg/dl",
                "TSH": "100.0 mIU/L"
            },
            "655cea779cc3984158e1933b": {
                "T4": "1.22 µg/dl",
                "TSH": "100.0 mIU/L"
            },
            "655c37d9fa57dd184cbea410": {
                "T4": "1.22 µg/dl",
                "TSH": "100.0 mIU/L"
            },
            "655caf50fa57dd184cbea8c4": {
                "T4": "1.22 µg/dl",
                "TSH": "100.0 mIU/L"
            },
            "655ce9da9cc3984158e19331": {
                "T4": "1.22 µg/dl",
                "TSH": "100.0 mIU/L"
            },
            "655ce9d69cc3984158e1932d": {
                "T4": "1.22 µg/dl",
                "TSH": "100.0 mIU/L"
            },
            "655ccc16fa57dd184cbeaa18": {
                "T4": "1.22 µg/dl",
                "TSH": "100.0 mIU/L"
            },
            "655ccc0afa57dd184cbeaa16": {
                "T4": "1.22 µg/dl",
                "TSH": "100.0 mIU/L"
            },
            "655ce8b89cc3984158e19317": {
                "T4": "1.22 µg/dl",
                "TSH": "100.0 mIU/L"
            },
            "655ce8b69cc3984158e19315": {
                "T4": "1.22 µg/dl",
                "TSH": "100.0 mIU/L"
            },
            "655ce90b9cc3984158e19321": {
                "T4": "1.22 µg/dl",
                "TSH": "100.0 mIU/L"
            },
            "655ce8b49cc3984158e19313": {
                "T4": "1.22 µg/dl",
                "TSH": "100.0 mIU/L"
            },
            "655c4a42fa57dd184cbea606": {
                "T4": "1.22 µg/dl",
                "TSH": "100.0 mIU/L"
            },
            "655c4a46fa57dd184cbea60c": {
                "T4": "1.22 µg/dl",
                "TSH": "100.0 mIU/L"
            },
            "655c4a42fa57dd184cbea608": {
                "T4": "1.22 µg/dl",
                "TSH": "100.0 mIU/L"
            },
            "655c37dcfa57dd184cbea414": {
                "T4": "1.22 µg/dl",
                "TSH": "100.0 mIU/L"
            },
            "655caf4bfa57dd184cbea8be": {
                "T4": "1.22 µg/dl",
                "TSH": "100.0 mIU/L"
            },
            "655cea769cc3984158e19339": {
                "T4": "1.22 µg/dl",
                "TSH": "100.0 mIU/L"
            },
            "655c37d8fa57dd184cbea40c": {
                "T4": "1.22 µg/dl",
                "TSH": "100.0 mIU/L"
            },
            "655caf4ffa57dd184cbea8c2": {
                "T4": "1.22 µg/dl",
                "TSH": "100.0 mIU/L"
            },
            "655cea729cc3984158e19335": {
                "T4": "1.22 µg/dl",
                "TSH": "100.0 mIU/L"
            }
        },
        "FileMorbidityCondition": {
            "655ccc47fa57dd184cbeaa20": "Thyroid: Hypothyroidism \n",
            "655c37c7fa57dd184cbea40a": "Prediabetic \n",
            "655ccc60fa57dd184cbeaa22": "Thyroid: Hypothyroidism \n",
            "655ce90a9cc3984158e1931f": "Thyroid: Hypothyroidism \n",
            "655ce9d79cc3984158e1932f": "Thyroid: Hypothyroidism \n",
            "655ce8b39cc3984158e19311": "Thyroid: Hypothyroidism \n",
            "655ce9109cc3984158e19325": "Thyroid: Hypothyroidism \n",
            "655ce90e9cc3984158e19323": "Thyroid: Hypothyroidism \n",
            "655ce9db9cc3984158e19333": "Thyroid: Hypothyroidism \n",
            "655c4a45fa57dd184cbea60a": "Thyroid: Hypothyroidism \n",
            "655c37dbfa57dd184cbea412": "Thyroid: Hypothyroidism \n",
            "655caf4cfa57dd184cbea8c0": "Thyroid: Hypothyroidism \n",
            "655cea739cc3984158e19337": "Thyroid: Hypothyroidism \n",
            "655cea779cc3984158e1933b": "Thyroid: Hypothyroidism \n",
            "655c37d9fa57dd184cbea410": "Thyroid: Hypothyroidism \n",
            "655caf50fa57dd184cbea8c4": "Thyroid: Hypothyroidism \n",
            "655ce9da9cc3984158e19331": "Thyroid: Hypothyroidism \n",
            "655ce9d69cc3984158e1932d": "Thyroid: Hypothyroidism \n",
            "655ccc16fa57dd184cbeaa18": "Thyroid: Hypothyroidism \n",
            "655ccc0afa57dd184cbeaa16": "Thyroid: Hypothyroidism \n",
            "655ce8b89cc3984158e19317": "Thyroid: Hypothyroidism \n",
            "655ce8b69cc3984158e19315": "Thyroid: Hypothyroidism \n",
            "655ce90b9cc3984158e19321": "Thyroid: Hypothyroidism \n",
            "655ce8b49cc3984158e19313": "Thyroid: Hypothyroidism \n",
            "655c4a42fa57dd184cbea606": "Thyroid: Hypothyroidism \n",
            "655c4a46fa57dd184cbea60c": "Thyroid: Hypothyroidism \n",
            "655c4a42fa57dd184cbea608": "Thyroid: Hypothyroidism \n",
            "655c37dcfa57dd184cbea414": "Thyroid: Hypothyroidism \n",
            "655caf4bfa57dd184cbea8be": "Thyroid: Hypothyroidism \n",
            "655cea769cc3984158e19339": "Thyroid: Hypothyroidism \n",
            "655c37d8fa57dd184cbea40c": "Thyroid: Hypothyroidism \n",
            "655caf4ffa57dd184cbea8c2": "Thyroid: Hypothyroidism \n",
            "655cea729cc3984158e19335": "Thyroid: Hypothyroidism \n"
        },
        "DateOfBirth": "1988-10-10T00:00:00.000+00:00",
        "DieticianId": 93
    }
]
  &amp#27;[32mThen &amp#27;[0m&amp#27;[32mDietician receives response for all Morbidity API &amp#27;[0m&amp#27;[32m&amp#27;[1m"getmorbidity"&amp#27;[0m&amp#27;[32m with &amp#27;[0m&amp#27;[32m&amp#27;[1m"get_all_morbidity_valid"&amp#27;[0m&amp#27;[32m.&amp#27;[0m                               &amp#27;[90m# stepdefinitions.GetAllMorbiditySteps.dietician_receives_response_for_all_morbidity_api_with(java.lang.String,java.lang.String)&amp#27;[0m
]]></system-out>
  </testcase>
  <testcase name="runScenario[&quot;Check if user as Dietician able to retrieve all morbidity details with &quot;get_all_morbidity_invalid_endpoint&quot; endpoint and request body.&quot;, &quot;Optional[GetAllMorbidities.feature]&quot;](2)" classname="runners.TestRunner" time="0.817">
    <system-out><![CDATA[
@GetAllMorbidityModule
Scenario: Check if user as Dietician able to retrieve all morbidity details with "get_all_morbidity_invalid_endpoint" endpoint and request body. &amp#27;[90m# src/test/resources/features/GetAllMorbidity.feature:34&amp#27;[0m
sheetPathsrc/test/resources/data/testData.xlsx
sheetNamelogin
keydataKeyvaluelogin_valid_dietician
keyuserIdvalueangu.geetha@gmail.com
keypasswordvalueSong88
[INFO ] 2023-11-21 12:48:52.969 [main] LoggerLoad - Login Request: userId: angu.geetha@gmail.compassword: Song88
  &amp#27;[32mGiven &amp#27;[0m&amp#27;[32mUser creates POST Request for the login API.&amp#27;[0m                                                                                             &amp#27;[90m# stepdefinitions.LoginSteps.user_creates_post_request_for_the_login_api()&amp#27;[0m
Request method:	POST
Request URI:	https://dietician-dev-41d9a344a720.herokuapp.com/dietician/login
Proxy:			<none>
Request params:	<none>
Query params:	<none>
Form params:	<none>
Path params:	<none>
Headers:		Accept=*/*
				Content-Type=application/json
Cookies:		<none>
Multiparts:		<none>
Body:
{
    "userLoginEmail": "angu.geetha@gmail.com",
    "password": "Song88"
}
  &amp#27;[32mWhen &amp#27;[0m&amp#27;[32mUser sends HTTPS Request with valid credentials on the request Body.&amp#27;[0m                                                                      &amp#27;[90m# stepdefinitions.LoginSteps.user_sends_https_request_with_valid_credentials_on_the_request_body()&amp#27;[0m
HTTP/1.1 200 
Server: Cowboy
Report-To: {"group":"heroku-nel","max_age":3600,"endpoints":[{"url":"https://nel.heroku.com/reports?ts=1700588932&sid=c46efe9b-d3d2-4a0c-8c76-bfafa16c5add&s=YDJjFRTaVYHkF0IhZvSgiPt52QDPCRaMQY5SVWFN4tg%3D"}]}
Reporting-Endpoints: heroku-nel=https://nel.heroku.com/reports?ts=1700588932&sid=c46efe9b-d3d2-4a0c-8c76-bfafa16c5add&s=YDJjFRTaVYHkF0IhZvSgiPt52QDPCRaMQY5SVWFN4tg%3D
Nel: {"report_to":"heroku-nel","max_age":3600,"success_fraction":0.005,"failure_fraction":0.05,"response_headers":["Via"]}
Connection: keep-alive
Vary: Origin
Vary: Access-Control-Request-Method
Vary: Access-Control-Request-Headers
X-Content-Type-Options: nosniff
X-Xss-Protection: 1; mode=block
Cache-Control: no-cache, no-store, max-age=0, must-revalidate
Pragma: no-cache
Expires: 0
Strict-Transport-Security: max-age=31536000 ; includeSubDomains
X-Frame-Options: DENY
Content-Type: application/json
Transfer-Encoding: chunked
Date: Tue, 21 Nov 2023 17:48:52 GMT
Via: 1.1 vegur

{
    "token": "eyJhbGciOiJIUzUxMiJ9.eyJzdWIiOiJhbmd1LmdlZXRoYUBnbWFpbC5jb20iLCJpYXQiOjE3MDA1ODg5MzIsImV4cCI6MTcwMDYxNzczMn0.TUVl5njvIBm_ttJqQuNYNYOAX46065lrKfdmc7Jp73gBNjKIxDy7VosYZJL92aC-YLFzFnOY7BR8Tk65WplJMg",
    "type": "Bearer ",
    "userId": 93,
    "loginUserEmail": "angu.geetha@gmail.com",
    "roles": [
        "ROLE_DIETICIAN"
    ]
}
HTTP/1.1 200 
Server: Cowboy
Report-To: {"group":"heroku-nel","max_age":3600,"endpoints":[{"url":"https://nel.heroku.com/reports?ts=1700588932&sid=c46efe9b-d3d2-4a0c-8c76-bfafa16c5add&s=YDJjFRTaVYHkF0IhZvSgiPt52QDPCRaMQY5SVWFN4tg%3D"}]}
Reporting-Endpoints: heroku-nel=https://nel.heroku.com/reports?ts=1700588932&sid=c46efe9b-d3d2-4a0c-8c76-bfafa16c5add&s=YDJjFRTaVYHkF0IhZvSgiPt52QDPCRaMQY5SVWFN4tg%3D
Nel: {"report_to":"heroku-nel","max_age":3600,"success_fraction":0.005,"failure_fraction":0.05,"response_headers":["Via"]}
Connection: keep-alive
Vary: Origin
Vary: Access-Control-Request-Method
Vary: Access-Control-Request-Headers
X-Content-Type-Options: nosniff
X-Xss-Protection: 1; mode=block
Cache-Control: no-cache, no-store, max-age=0, must-revalidate
Pragma: no-cache
Expires: 0
Strict-Transport-Security: max-age=31536000 ; includeSubDomains
X-Frame-Options: DENY
Content-Type: application/json
Transfer-Encoding: chunked
Date: Tue, 21 Nov 2023 17:48:52 GMT
Via: 1.1 vegur

{
    "token": "eyJhbGciOiJIUzUxMiJ9.eyJzdWIiOiJhbmd1LmdlZXRoYUBnbWFpbC5jb20iLCJpYXQiOjE3MDA1ODg5MzIsImV4cCI6MTcwMDYxNzczMn0.TUVl5njvIBm_ttJqQuNYNYOAX46065lrKfdmc7Jp73gBNjKIxDy7VosYZJL92aC-YLFzFnOY7BR8Tk65WplJMg",
    "type": "Bearer ",
    "userId": 93,
    "loginUserEmail": "angu.geetha@gmail.com",
    "roles": [
        "ROLE_DIETICIAN"
    ]
}
[INFO ] 2023-11-21 12:48:53.261 [main] LoggerLoad - Login POST successful
  &amp#27;[32mThen &amp#27;[0m&amp#27;[32mUser receives Status with response body containing token information.&amp#27;[0m                                                                     &amp#27;[90m# stepdefinitions.LoginSteps.user_receives_status_with_response_body_containing_token_information()&amp#27;[0m
sheetPathsrc/test/resources/data/testData.xlsx
sheetNamegetmorbidity
keydataKeyvalueget_all_morbidity_invalid_endpoint
[INFO ] 2023-11-21 12:48:53.368 [main] LoggerLoad - Paitient POST request created
  &amp#27;[32mGiven &amp#27;[0m&amp#27;[32mDietician creates GET Request for all Morbidity API endpoint with fields from &amp#27;[0m&amp#27;[32m&amp#27;[1m"getmorbidity"&amp#27;[0m&amp#27;[32m with &amp#27;[0m&amp#27;[32m&amp#27;[1m"get_all_morbidity_invalid_endpoint"&amp#27;[0m&amp#27;[32m.&amp#27;[0m  &amp#27;[90m# stepdefinitions.GetAllMorbiditySteps.dietician_creates_get_request_for_all_morbidity_api_endpoint_with_fields_from_with(java.lang.String,java.lang.String)&amp#27;[0m
[INFO ] 2023-11-21 12:48:53.374 [main] LoggerLoad - baseUrlhttps://dietician-dev-41d9a344a720.herokuapp.com/dietician
Request method:	GET
Request URI:	https://dietician-dev-41d9a344a720.herokuapp.com/dietician/morbidity0000
Proxy:			<none>
Request params:	<none>
Query params:	<none>
Form params:	<none>
Path params:	<none>
Headers:		Authorization=Bearer eyJhbGciOiJIUzUxMiJ9.eyJzdWIiOiJhbmd1LmdlZXRoYUBnbWFpbC5jb20iLCJpYXQiOjE3MDA1ODg5MzIsImV4cCI6MTcwMDYxNzczMn0.TUVl5njvIBm_ttJqQuNYNYOAX46065lrKfdmc7Jp73gBNjKIxDy7VosYZJL92aC-YLFzFnOY7BR8Tk65WplJMg
				Accept=*/*
				Content-Type=application/json
Cookies:		<none>
Multiparts:		<none>
Body:			<none>
[INFO ] 2023-11-21 12:48:53.602 [main] LoggerLoad - Patient POST request sent
  &amp#27;[32mWhen &amp#27;[0m&amp#27;[32mDietician sends HTTPS Request for all Morbidity API &amp#27;[0m&amp#27;[32m&amp#27;[1m"get_all_morbidity_invalid_endpoint"&amp#27;[0m&amp#27;[32m.&amp#27;[0m                                                 &amp#27;[90m# stepdefinitions.GetAllMorbiditySteps.dietician_sends_https_request_for_all_morbidity_api(java.lang.String)&amp#27;[0m
HTTP/1.1 404 
Server: Cowboy
Report-To: {"group":"heroku-nel","max_age":3600,"endpoints":[{"url":"https://nel.heroku.com/reports?ts=1700588933&sid=c46efe9b-d3d2-4a0c-8c76-bfafa16c5add&s=%2BOVP6fuCILn3pV6FP4AVDZHOJNwAr5%2F4STfg9Gbft7s%3D"}]}
Reporting-Endpoints: heroku-nel=https://nel.heroku.com/reports?ts=1700588933&sid=c46efe9b-d3d2-4a0c-8c76-bfafa16c5add&s=%2BOVP6fuCILn3pV6FP4AVDZHOJNwAr5%2F4STfg9Gbft7s%3D
Nel: {"report_to":"heroku-nel","max_age":3600,"success_fraction":0.005,"failure_fraction":0.05,"response_headers":["Via"]}
Connection: keep-alive
Vary: Origin
Vary: Access-Control-Request-Method
Vary: Access-Control-Request-Headers
X-Content-Type-Options: nosniff
X-Xss-Protection: 1; mode=block
Cache-Control: no-cache, no-store, max-age=0, must-revalidate
Pragma: no-cache
Expires: 0
Strict-Transport-Security: max-age=31536000 ; includeSubDomains
X-Frame-Options: DENY
Content-Type: application/json
Transfer-Encoding: chunked
Date: Tue, 21 Nov 2023 17:48:53 GMT
Via: 1.1 vegur

{
    "timestamp": "2023-11-21T17:48:53.256+00:00",
    "status": 404,
    "error": "Not Found",
    "path": "/dietician/morbidity0000"
}
  &amp#27;[32mThen &amp#27;[0m&amp#27;[32mDietician receives response for all Morbidity API &amp#27;[0m&amp#27;[32m&amp#27;[1m"getmorbidity"&amp#27;[0m&amp#27;[32m with &amp#27;[0m&amp#27;[32m&amp#27;[1m"get_all_morbidity_invalid_endpoint"&amp#27;[0m&amp#27;[32m.&amp#27;[0m                               &amp#27;[90m# stepdefinitions.GetAllMorbiditySteps.dietician_receives_response_for_all_morbidity_api_with(java.lang.String,java.lang.String)&amp#27;[0m
]]></system-out>
  </testcase>
  <testcase name="runScenario[&quot;Check if user as Dietician able to retrieve all morbidity details with &quot;get_all_morbidity_invalid_token&quot; endpoint and request body.&quot;, &quot;Optional[GetAllMorbidities.feature]&quot;](3)" classname="runners.TestRunner" time="0.702">
    <system-out><![CDATA[
@GetAllMorbidityModule
Scenario: Check if user as Dietician able to retrieve all morbidity details with "get_all_morbidity_invalid_token" endpoint and request body. &amp#27;[90m# src/test/resources/features/GetAllMorbidity.feature:35&amp#27;[0m
sheetPathsrc/test/resources/data/testData.xlsx
sheetNamelogin
keydataKeyvaluelogin_valid_dietician
keyuserIdvalueangu.geetha@gmail.com
keypasswordvalueSong88
[INFO ] 2023-11-21 12:48:53.719 [main] LoggerLoad - Login Request: userId: angu.geetha@gmail.compassword: Song88
  &amp#27;[32mGiven &amp#27;[0m&amp#27;[32mUser creates POST Request for the login API.&amp#27;[0m                                                                                          &amp#27;[90m# stepdefinitions.LoginSteps.user_creates_post_request_for_the_login_api()&amp#27;[0m
Request method:	POST
Request URI:	https://dietician-dev-41d9a344a720.herokuapp.com/dietician/login
Proxy:			<none>
Request params:	<none>
Query params:	<none>
Form params:	<none>
Path params:	<none>
Headers:		Accept=*/*
				Content-Type=application/json
Cookies:		<none>
Multiparts:		<none>
Body:
{
    "userLoginEmail": "angu.geetha@gmail.com",
    "password": "Song88"
}
  &amp#27;[32mWhen &amp#27;[0m&amp#27;[32mUser sends HTTPS Request with valid credentials on the request Body.&amp#27;[0m                                                                   &amp#27;[90m# stepdefinitions.LoginSteps.user_sends_https_request_with_valid_credentials_on_the_request_body()&amp#27;[0m
HTTP/1.1 200 
Server: Cowboy
Report-To: {"group":"heroku-nel","max_age":3600,"endpoints":[{"url":"https://nel.heroku.com/reports?ts=1700588933&sid=c46efe9b-d3d2-4a0c-8c76-bfafa16c5add&s=%2BOVP6fuCILn3pV6FP4AVDZHOJNwAr5%2F4STfg9Gbft7s%3D"}]}
Reporting-Endpoints: heroku-nel=https://nel.heroku.com/reports?ts=1700588933&sid=c46efe9b-d3d2-4a0c-8c76-bfafa16c5add&s=%2BOVP6fuCILn3pV6FP4AVDZHOJNwAr5%2F4STfg9Gbft7s%3D
Nel: {"report_to":"heroku-nel","max_age":3600,"success_fraction":0.005,"failure_fraction":0.05,"response_headers":["Via"]}
Connection: keep-alive
Vary: Origin
Vary: Access-Control-Request-Method
Vary: Access-Control-Request-Headers
X-Content-Type-Options: nosniff
X-Xss-Protection: 1; mode=block
Cache-Control: no-cache, no-store, max-age=0, must-revalidate
Pragma: no-cache
Expires: 0
Strict-Transport-Security: max-age=31536000 ; includeSubDomains
X-Frame-Options: DENY
Content-Type: application/json
Transfer-Encoding: chunked
Date: Tue, 21 Nov 2023 17:48:53 GMT
Via: 1.1 vegur

{
    "token": "eyJhbGciOiJIUzUxMiJ9.eyJzdWIiOiJhbmd1LmdlZXRoYUBnbWFpbC5jb20iLCJpYXQiOjE3MDA1ODg5MzMsImV4cCI6MTcwMDYxNzczM30.dikM5cMtUwRFZjD-iWVX6Bs9mjhSSzB7ZiXyZ40WV_n60tUQ32QIw1z0C55fsWWAfDPbPfetDdWBA8yyCBVmsQ",
    "type": "Bearer ",
    "userId": 93,
    "loginUserEmail": "angu.geetha@gmail.com",
    "roles": [
        "ROLE_DIETICIAN"
    ]
}
HTTP/1.1 200 
Server: Cowboy
Report-To: {"group":"heroku-nel","max_age":3600,"endpoints":[{"url":"https://nel.heroku.com/reports?ts=1700588933&sid=c46efe9b-d3d2-4a0c-8c76-bfafa16c5add&s=%2BOVP6fuCILn3pV6FP4AVDZHOJNwAr5%2F4STfg9Gbft7s%3D"}]}
Reporting-Endpoints: heroku-nel=https://nel.heroku.com/reports?ts=1700588933&sid=c46efe9b-d3d2-4a0c-8c76-bfafa16c5add&s=%2BOVP6fuCILn3pV6FP4AVDZHOJNwAr5%2F4STfg9Gbft7s%3D
Nel: {"report_to":"heroku-nel","max_age":3600,"success_fraction":0.005,"failure_fraction":0.05,"response_headers":["Via"]}
Connection: keep-alive
Vary: Origin
Vary: Access-Control-Request-Method
Vary: Access-Control-Request-Headers
X-Content-Type-Options: nosniff
X-Xss-Protection: 1; mode=block
Cache-Control: no-cache, no-store, max-age=0, must-revalidate
Pragma: no-cache
Expires: 0
Strict-Transport-Security: max-age=31536000 ; includeSubDomains
X-Frame-Options: DENY
Content-Type: application/json
Transfer-Encoding: chunked
Date: Tue, 21 Nov 2023 17:48:53 GMT
Via: 1.1 vegur

{
    "token": "eyJhbGciOiJIUzUxMiJ9.eyJzdWIiOiJhbmd1LmdlZXRoYUBnbWFpbC5jb20iLCJpYXQiOjE3MDA1ODg5MzMsImV4cCI6MTcwMDYxNzczM30.dikM5cMtUwRFZjD-iWVX6Bs9mjhSSzB7ZiXyZ40WV_n60tUQ32QIw1z0C55fsWWAfDPbPfetDdWBA8yyCBVmsQ",
    "type": "Bearer ",
    "userId": 93,
    "loginUserEmail": "angu.geetha@gmail.com",
    "roles": [
        "ROLE_DIETICIAN"
    ]
}
[INFO ] 2023-11-21 12:48:53.975 [main] LoggerLoad - Login POST successful
  &amp#27;[32mThen &amp#27;[0m&amp#27;[32mUser receives Status with response body containing token information.&amp#27;[0m                                                                  &amp#27;[90m# stepdefinitions.LoginSteps.user_receives_status_with_response_body_containing_token_information()&amp#27;[0m
sheetPathsrc/test/resources/data/testData.xlsx
sheetNamegetmorbidity
keydataKeyvalueget_all_morbidity_invalid_token
[INFO ] 2023-11-21 12:48:54.120 [main] LoggerLoad - Paitient POST request created
  &amp#27;[32mGiven &amp#27;[0m&amp#27;[32mDietician creates GET Request for all Morbidity API endpoint with fields from &amp#27;[0m&amp#27;[32m&amp#27;[1m"getmorbidity"&amp#27;[0m&amp#27;[32m with &amp#27;[0m&amp#27;[32m&amp#27;[1m"get_all_morbidity_invalid_token"&amp#27;[0m&amp#27;[32m.&amp#27;[0m  &amp#27;[90m# stepdefinitions.GetAllMorbiditySteps.dietician_creates_get_request_for_all_morbidity_api_endpoint_with_fields_from_with(java.lang.String,java.lang.String)&amp#27;[0m
[INFO ] 2023-11-21 12:48:54.126 [main] LoggerLoad - baseUrlhttps://dietician-dev-41d9a344a720.herokuapp.com/dietician
Request method:	GET
Request URI:	https://dietician-dev-41d9a344a720.herokuapp.com/dietician/patient
Proxy:			<none>
Request params:	<none>
Query params:	<none>
Form params:	<none>
Path params:	<none>
Headers:		Authorization=Bearer invalidtoken!!!
				Accept=*/*
				Content-Type=application/json
Cookies:		<none>
Multiparts:		<none>
Body:			<none>
[INFO ] 2023-11-21 12:48:54.305 [main] LoggerLoad - Patient POST request sent
  &amp#27;[32mWhen &amp#27;[0m&amp#27;[32mDietician sends HTTPS Request for all Morbidity API &amp#27;[0m&amp#27;[32m&amp#27;[1m"get_all_morbidity_invalid_token"&amp#27;[0m&amp#27;[32m.&amp#27;[0m                                                 &amp#27;[90m# stepdefinitions.GetAllMorbiditySteps.dietician_sends_https_request_for_all_morbidity_api(java.lang.String)&amp#27;[0m
HTTP/1.1 401 
Server: Cowboy
Report-To: {"group":"heroku-nel","max_age":3600,"endpoints":[{"url":"https://nel.heroku.com/reports?ts=1700588933&sid=c46efe9b-d3d2-4a0c-8c76-bfafa16c5add&s=%2BOVP6fuCILn3pV6FP4AVDZHOJNwAr5%2F4STfg9Gbft7s%3D"}]}
Reporting-Endpoints: heroku-nel=https://nel.heroku.com/reports?ts=1700588933&sid=c46efe9b-d3d2-4a0c-8c76-bfafa16c5add&s=%2BOVP6fuCILn3pV6FP4AVDZHOJNwAr5%2F4STfg9Gbft7s%3D
Nel: {"report_to":"heroku-nel","max_age":3600,"success_fraction":0.005,"failure_fraction":0.05,"response_headers":["Via"]}
Connection: keep-alive
Vary: Origin
Vary: Access-Control-Request-Method
Vary: Access-Control-Request-Headers
X-Content-Type-Options: nosniff
X-Xss-Protection: 1; mode=block
Cache-Control: no-cache, no-store, max-age=0, must-revalidate
Pragma: no-cache
Expires: 0
Strict-Transport-Security: max-age=31536000 ; includeSubDomains
X-Frame-Options: DENY
Content-Type: application/json
Transfer-Encoding: chunked
Date: Tue, 21 Nov 2023 17:48:53 GMT
Via: 1.1 vegur

{
    "timestamp": "2023-11-21T17:48:53.957+00:00",
    "status": 401,
    "error": "Unauthorized",
    "path": "/dietician/patient"
}
  &amp#27;[32mThen &amp#27;[0m&amp#27;[32mDietician receives response for all Morbidity API &amp#27;[0m&amp#27;[32m&amp#27;[1m"getmorbidity"&amp#27;[0m&amp#27;[32m with &amp#27;[0m&amp#27;[32m&amp#27;[1m"get_all_morbidity_invalid_token"&amp#27;[0m&amp#27;[32m.&amp#27;[0m                               &amp#27;[90m# stepdefinitions.GetAllMorbiditySteps.dietician_receives_response_for_all_morbidity_api_with(java.lang.String,java.lang.String)&amp#27;[0m
]]></system-out>
  </testcase>
  <testcase name="runScenario[&quot;Check if user as Dietician able to retrieve all morbidity details with &quot;get_all_morbidity_patient_token&quot; endpoint and request body.&quot;, &quot;Optional[GetAllMorbidities.feature]&quot;](4)" classname="runners.TestRunner" time="0.743">
    <failure message="1 expectation failed.&#10;Expected status code &lt;403&gt; but was &lt;200&gt;.&#10;" type="java.lang.AssertionError"><![CDATA[java.lang.AssertionError: 
1 expectation failed.
Expected status code <403> but was <200>.

	at java.base/jdk.internal.reflect.NativeConstructorAccessorImpl.newInstance0(Native Method)
	at java.base/jdk.internal.reflect.NativeConstructorAccessorImpl.newInstance(NativeConstructorAccessorImpl.java:77)
	at java.base/jdk.internal.reflect.DelegatingConstructorAccessorImpl.newInstance(DelegatingConstructorAccessorImpl.java:45)
	at java.base/java.lang.reflect.Constructor.newInstanceWithCaller(Constructor.java:499)
	at java.base/java.lang.reflect.Constructor.newInstance(Constructor.java:480)
	at org.codehaus.groovy.reflection.CachedConstructor.invoke(CachedConstructor.java:73)
	at org.codehaus.groovy.runtime.callsite.ConstructorSite$ConstructorSiteNoUnwrapNoCoerce.callConstructor(ConstructorSite.java:108)
	at org.codehaus.groovy.runtime.callsite.CallSiteArray.defaultCallConstructor(CallSiteArray.java:57)
	at org.codehaus.groovy.runtime.callsite.AbstractCallSite.callConstructor(AbstractCallSite.java:263)
	at org.codehaus.groovy.runtime.callsite.AbstractCallSite.callConstructor(AbstractCallSite.java:277)
	at io.restassured.internal.ResponseSpecificationImpl$HamcrestAssertionClosure.validate(ResponseSpecificationImpl.groovy:512)
	at io.restassured.internal.ResponseSpecificationImpl$HamcrestAssertionClosure$validate$1.call(Unknown Source)
	at io.restassured.internal.ResponseSpecificationImpl.validateResponseIfRequired(ResponseSpecificationImpl.groovy:696)
	at io.restassured.internal.ResponseSpecificationImpl.this$2$validateResponseIfRequired(ResponseSpecificationImpl.groovy)
	at java.base/jdk.internal.reflect.NativeMethodAccessorImpl.invoke0(Native Method)
	at java.base/jdk.internal.reflect.NativeMethodAccessorImpl.invoke(NativeMethodAccessorImpl.java:77)
	at java.base/jdk.internal.reflect.DelegatingMethodAccessorImpl.invoke(DelegatingMethodAccessorImpl.java:43)
	at java.base/java.lang.reflect.Method.invoke(Method.java:568)
	at org.codehaus.groovy.runtime.callsite.PlainObjectMetaMethodSite.doInvoke(PlainObjectMetaMethodSite.java:43)
	at org.codehaus.groovy.runtime.callsite.PogoMetaMethodSite$PogoCachedMethodSiteNoUnwrapNoCoerce.invoke(PogoMetaMethodSite.java:198)
	at org.codehaus.groovy.runtime.callsite.PogoMetaMethodSite.callCurrent(PogoMetaMethodSite.java:62)
	at org.codehaus.groovy.runtime.callsite.AbstractCallSite.callCurrent(AbstractCallSite.java:185)
	at io.restassured.internal.ResponseSpecificationImpl.statusCode(ResponseSpecificationImpl.groovy:135)
	at io.restassured.specification.ResponseSpecification$statusCode$0.callCurrent(Unknown Source)
	at io.restassured.internal.ResponseSpecificationImpl.statusCode(ResponseSpecificationImpl.groovy:143)
	at io.restassured.internal.ValidatableResponseOptionsImpl.statusCode(ValidatableResponseOptionsImpl.java:89)
	at stepdefinitions.GetAllMorbiditySteps.dietician_receives_response_for_all_morbidity_api_with(GetAllMorbiditySteps.java:137)
	at ✽.Dietician receives response for all Morbidity API "getmorbidity" with "get_all_morbidity_patient_token".(file:///C:/Users/rashm/eclipse-workspace/Team5-Rest-Athon/Team5-Rest-Athon-main/Team5-Rest-Athon/src/test/resources/features/GetAllMorbidity.feature:30)
]]></failure>
    <system-out><![CDATA[
@GetAllMorbidityModule
Scenario: Check if user as Dietician able to retrieve all morbidity details with "get_all_morbidity_patient_token" endpoint and request body. &amp#27;[90m# src/test/resources/features/GetAllMorbidity.feature:36&amp#27;[0m
sheetPathsrc/test/resources/data/testData.xlsx
sheetNamelogin
keydataKeyvaluelogin_valid_dietician
keyuserIdvalueangu.geetha@gmail.com
keypasswordvalueSong88
[INFO ] 2023-11-21 12:48:54.438 [main] LoggerLoad - Login Request: userId: angu.geetha@gmail.compassword: Song88
  &amp#27;[32mGiven &amp#27;[0m&amp#27;[32mUser creates POST Request for the login API.&amp#27;[0m                                                                                          &amp#27;[90m# stepdefinitions.LoginSteps.user_creates_post_request_for_the_login_api()&amp#27;[0m
Request method:	POST
Request URI:	https://dietician-dev-41d9a344a720.herokuapp.com/dietician/login
Proxy:			<none>
Request params:	<none>
Query params:	<none>
Form params:	<none>
Path params:	<none>
Headers:		Accept=*/*
				Content-Type=application/json
Cookies:		<none>
Multiparts:		<none>
Body:
{
    "userLoginEmail": "angu.geetha@gmail.com",
    "password": "Song88"
}
  &amp#27;[32mWhen &amp#27;[0m&amp#27;[32mUser sends HTTPS Request with valid credentials on the request Body.&amp#27;[0m                                                                   &amp#27;[90m# stepdefinitions.LoginSteps.user_sends_https_request_with_valid_credentials_on_the_request_body()&amp#27;[0m
HTTP/1.1 200 
Server: Cowboy
Report-To: {"group":"heroku-nel","max_age":3600,"endpoints":[{"url":"https://nel.heroku.com/reports?ts=1700588934&sid=c46efe9b-d3d2-4a0c-8c76-bfafa16c5add&s=LpjJuk0uO77KqNew2olfTGCVQgscK5Dy0I%2BAodosPco%3D"}]}
Reporting-Endpoints: heroku-nel=https://nel.heroku.com/reports?ts=1700588934&sid=c46efe9b-d3d2-4a0c-8c76-bfafa16c5add&s=LpjJuk0uO77KqNew2olfTGCVQgscK5Dy0I%2BAodosPco%3D
Nel: {"report_to":"heroku-nel","max_age":3600,"success_fraction":0.005,"failure_fraction":0.05,"response_headers":["Via"]}
Connection: keep-alive
Vary: Origin
Vary: Access-Control-Request-Method
Vary: Access-Control-Request-Headers
X-Content-Type-Options: nosniff
X-Xss-Protection: 1; mode=block
Cache-Control: no-cache, no-store, max-age=0, must-revalidate
Pragma: no-cache
Expires: 0
Strict-Transport-Security: max-age=31536000 ; includeSubDomains
X-Frame-Options: DENY
Content-Type: application/json
Transfer-Encoding: chunked
Date: Tue, 21 Nov 2023 17:48:54 GMT
Via: 1.1 vegur

{
    "token": "eyJhbGciOiJIUzUxMiJ9.eyJzdWIiOiJhbmd1LmdlZXRoYUBnbWFpbC5jb20iLCJpYXQiOjE3MDA1ODg5MzQsImV4cCI6MTcwMDYxNzczNH0.Jub6UYVtFDELRtwBr0xerO8E06c1piW78wVh4SufILqke2epa40BOWpTNKyp8G6WZK0rRvVW9brbRZLw_d8e4g",
    "type": "Bearer ",
    "userId": 93,
    "loginUserEmail": "angu.geetha@gmail.com",
    "roles": [
        "ROLE_DIETICIAN"
    ]
}
HTTP/1.1 200 
Server: Cowboy
Report-To: {"group":"heroku-nel","max_age":3600,"endpoints":[{"url":"https://nel.heroku.com/reports?ts=1700588934&sid=c46efe9b-d3d2-4a0c-8c76-bfafa16c5add&s=LpjJuk0uO77KqNew2olfTGCVQgscK5Dy0I%2BAodosPco%3D"}]}
Reporting-Endpoints: heroku-nel=https://nel.heroku.com/reports?ts=1700588934&sid=c46efe9b-d3d2-4a0c-8c76-bfafa16c5add&s=LpjJuk0uO77KqNew2olfTGCVQgscK5Dy0I%2BAodosPco%3D
Nel: {"report_to":"heroku-nel","max_age":3600,"success_fraction":0.005,"failure_fraction":0.05,"response_headers":["Via"]}
Connection: keep-alive
Vary: Origin
Vary: Access-Control-Request-Method
Vary: Access-Control-Request-Headers
X-Content-Type-Options: nosniff
X-Xss-Protection: 1; mode=block
Cache-Control: no-cache, no-store, max-age=0, must-revalidate
Pragma: no-cache
Expires: 0
Strict-Transport-Security: max-age=31536000 ; includeSubDomains
X-Frame-Options: DENY
Content-Type: application/json
Transfer-Encoding: chunked
Date: Tue, 21 Nov 2023 17:48:54 GMT
Via: 1.1 vegur

{
    "token": "eyJhbGciOiJIUzUxMiJ9.eyJzdWIiOiJhbmd1LmdlZXRoYUBnbWFpbC5jb20iLCJpYXQiOjE3MDA1ODg5MzQsImV4cCI6MTcwMDYxNzczNH0.Jub6UYVtFDELRtwBr0xerO8E06c1piW78wVh4SufILqke2epa40BOWpTNKyp8G6WZK0rRvVW9brbRZLw_d8e4g",
    "type": "Bearer ",
    "userId": 93,
    "loginUserEmail": "angu.geetha@gmail.com",
    "roles": [
        "ROLE_DIETICIAN"
    ]
}
[INFO ] 2023-11-21 12:48:54.703 [main] LoggerLoad - Login POST successful
  &amp#27;[32mThen &amp#27;[0m&amp#27;[32mUser receives Status with response body containing token information.&amp#27;[0m                                                                  &amp#27;[90m# stepdefinitions.LoginSteps.user_receives_status_with_response_body_containing_token_information()&amp#27;[0m
sheetPathsrc/test/resources/data/testData.xlsx
sheetNamegetmorbidity
keydataKeyvalueget_all_morbidity_patient_token
[INFO ] 2023-11-21 12:48:54.784 [main] LoggerLoad - Paitient POST request created
  &amp#27;[32mGiven &amp#27;[0m&amp#27;[32mDietician creates GET Request for all Morbidity API endpoint with fields from &amp#27;[0m&amp#27;[32m&amp#27;[1m"getmorbidity"&amp#27;[0m&amp#27;[32m with &amp#27;[0m&amp#27;[32m&amp#27;[1m"get_all_morbidity_patient_token"&amp#27;[0m&amp#27;[32m.&amp#27;[0m  &amp#27;[90m# stepdefinitions.GetAllMorbiditySteps.dietician_creates_get_request_for_all_morbidity_api_endpoint_with_fields_from_with(java.lang.String,java.lang.String)&amp#27;[0m
[INFO ] 2023-11-21 12:48:54.787 [main] LoggerLoad - baseUrlhttps://dietician-dev-41d9a344a720.herokuapp.com/dietician
Request method:	GET
Request URI:	https://dietician-dev-41d9a344a720.herokuapp.com/dietician/patient
Proxy:			<none>
Request params:	<none>
Query params:	<none>
Form params:	<none>
Path params:	<none>
Headers:		Authorization=Bearer eyJhbGciOiJIUzUxMiJ9.eyJzdWIiOiJhbmd1LmdlZXRoYUBnbWFpbC5jb20iLCJpYXQiOjE3MDA1ODg5MzQsImV4cCI6MTcwMDYxNzczNH0.Jub6UYVtFDELRtwBr0xerO8E06c1piW78wVh4SufILqke2epa40BOWpTNKyp8G6WZK0rRvVW9brbRZLw_d8e4g
				Accept=*/*
				Content-Type=application/json
Cookies:		<none>
Multiparts:		<none>
Body:			<none>
[INFO ] 2023-11-21 12:48:54.993 [main] LoggerLoad - Patient POST request sent
  &amp#27;[32mWhen &amp#27;[0m&amp#27;[32mDietician sends HTTPS Request for all Morbidity API &amp#27;[0m&amp#27;[32m&amp#27;[1m"get_all_morbidity_patient_token"&amp#27;[0m&amp#27;[32m.&amp#27;[0m                                                 &amp#27;[90m# stepdefinitions.GetAllMorbiditySteps.dietician_sends_https_request_for_all_morbidity_api(java.lang.String)&amp#27;[0m
HTTP/1.1 200 
Server: Cowboy
Report-To: {"group":"heroku-nel","max_age":3600,"endpoints":[{"url":"https://nel.heroku.com/reports?ts=1700588934&sid=c46efe9b-d3d2-4a0c-8c76-bfafa16c5add&s=LpjJuk0uO77KqNew2olfTGCVQgscK5Dy0I%2BAodosPco%3D"}]}
Reporting-Endpoints: heroku-nel=https://nel.heroku.com/reports?ts=1700588934&sid=c46efe9b-d3d2-4a0c-8c76-bfafa16c5add&s=LpjJuk0uO77KqNew2olfTGCVQgscK5Dy0I%2BAodosPco%3D
Nel: {"report_to":"heroku-nel","max_age":3600,"success_fraction":0.005,"failure_fraction":0.05,"response_headers":["Via"]}
Connection: keep-alive
Vary: Origin
Vary: Access-Control-Request-Method
Vary: Access-Control-Request-Headers
X-Content-Type-Options: nosniff
X-Xss-Protection: 1; mode=block
Cache-Control: no-cache, no-store, max-age=0, must-revalidate
Pragma: no-cache
Expires: 0
Strict-Transport-Security: max-age=31536000 ; includeSubDomains
X-Frame-Options: DENY
Content-Type: application/json
Transfer-Encoding: chunked
Date: Tue, 21 Nov 2023 17:48:54 GMT
Via: 1.1 vegur

[
    {
        "patientId": 5343,
        "FirstName": "jade",
        "LastName": "udans",
        "ContactNumber": "7979797979",
        "Email": "udans@gmail.com",
        "Allergy": "egg",
        "FoodCategory": "Vegan",
        "FileMorbidity": {
            "655ccc47fa57dd184cbeaa20": {
                "T4": "1.22 µg/dl",
                "TSH": "100.0 mIU/L"
            },
            "655c37c7fa57dd184cbea40a": {
                "Average Glucose": "131.0 mg/dl",
                "HbA1c": "6.5 %"
            },
            "655ccc60fa57dd184cbeaa22": {
                "T4": "1.22 µg/dl",
                "TSH": "100.0 mIU/L"
            },
            "655ce90a9cc3984158e1931f": {
                "T4": "1.22 µg/dl",
                "TSH": "100.0 mIU/L"
            },
            "655ce9d79cc3984158e1932f": {
                "T4": "1.22 µg/dl",
                "TSH": "100.0 mIU/L"
            },
            "655ce8b39cc3984158e19311": {
                "T4": "1.22 µg/dl",
                "TSH": "100.0 mIU/L"
            },
            "655ce9109cc3984158e19325": {
                "T4": "1.22 µg/dl",
                "TSH": "100.0 mIU/L"
            },
            "655ce90e9cc3984158e19323": {
                "T4": "1.22 µg/dl",
                "TSH": "100.0 mIU/L"
            },
            "655ce9db9cc3984158e19333": {
                "T4": "1.22 µg/dl",
                "TSH": "100.0 mIU/L"
            },
            "655c4a45fa57dd184cbea60a": {
                "T4": "1.22 µg/dl",
                "TSH": "100.0 mIU/L"
            },
            "655c37dbfa57dd184cbea412": {
                "T4": "1.22 µg/dl",
                "TSH": "100.0 mIU/L"
            },
            "655caf4cfa57dd184cbea8c0": {
                "T4": "1.22 µg/dl",
                "TSH": "100.0 mIU/L"
            },
            "655cea739cc3984158e19337": {
                "T4": "1.22 µg/dl",
                "TSH": "100.0 mIU/L"
            },
            "655cea779cc3984158e1933b": {
                "T4": "1.22 µg/dl",
                "TSH": "100.0 mIU/L"
            },
            "655c37d9fa57dd184cbea410": {
                "T4": "1.22 µg/dl",
                "TSH": "100.0 mIU/L"
            },
            "655caf50fa57dd184cbea8c4": {
                "T4": "1.22 µg/dl",
                "TSH": "100.0 mIU/L"
            },
            "655ce9da9cc3984158e19331": {
                "T4": "1.22 µg/dl",
                "TSH": "100.0 mIU/L"
            },
            "655ce9d69cc3984158e1932d": {
                "T4": "1.22 µg/dl",
                "TSH": "100.0 mIU/L"
            },
            "655ccc16fa57dd184cbeaa18": {
                "T4": "1.22 µg/dl",
                "TSH": "100.0 mIU/L"
            },
            "655ccc0afa57dd184cbeaa16": {
                "T4": "1.22 µg/dl",
                "TSH": "100.0 mIU/L"
            },
            "655ce8b89cc3984158e19317": {
                "T4": "1.22 µg/dl",
                "TSH": "100.0 mIU/L"
            },
            "655ce8b69cc3984158e19315": {
                "T4": "1.22 µg/dl",
                "TSH": "100.0 mIU/L"
            },
            "655ce90b9cc3984158e19321": {
                "T4": "1.22 µg/dl",
                "TSH": "100.0 mIU/L"
            },
            "655ce8b49cc3984158e19313": {
                "T4": "1.22 µg/dl",
                "TSH": "100.0 mIU/L"
            },
            "655c4a42fa57dd184cbea606": {
                "T4": "1.22 µg/dl",
                "TSH": "100.0 mIU/L"
            },
            "655c4a46fa57dd184cbea60c": {
                "T4": "1.22 µg/dl",
                "TSH": "100.0 mIU/L"
            },
            "655c4a42fa57dd184cbea608": {
                "T4": "1.22 µg/dl",
                "TSH": "100.0 mIU/L"
            },
            "655c37dcfa57dd184cbea414": {
                "T4": "1.22 µg/dl",
                "TSH": "100.0 mIU/L"
            },
            "655caf4bfa57dd184cbea8be": {
                "T4": "1.22 µg/dl",
                "TSH": "100.0 mIU/L"
            },
            "655cea769cc3984158e19339": {
                "T4": "1.22 µg/dl",
                "TSH": "100.0 mIU/L"
            },
            "655c37d8fa57dd184cbea40c": {
                "T4": "1.22 µg/dl",
                "TSH": "100.0 mIU/L"
            },
            "655caf4ffa57dd184cbea8c2": {
                "T4": "1.22 µg/dl",
                "TSH": "100.0 mIU/L"
            },
            "655cea729cc3984158e19335": {
                "T4": "1.22 µg/dl",
                "TSH": "100.0 mIU/L"
            }
        },
        "FileMorbidityCondition": {
            "655ccc47fa57dd184cbeaa20": "Thyroid: Hypothyroidism \n",
            "655c37c7fa57dd184cbea40a": "Prediabetic \n",
            "655ccc60fa57dd184cbeaa22": "Thyroid: Hypothyroidism \n",
            "655ce90a9cc3984158e1931f": "Thyroid: Hypothyroidism \n",
            "655ce9d79cc3984158e1932f": "Thyroid: Hypothyroidism \n",
            "655ce8b39cc3984158e19311": "Thyroid: Hypothyroidism \n",
            "655ce9109cc3984158e19325": "Thyroid: Hypothyroidism \n",
            "655ce90e9cc3984158e19323": "Thyroid: Hypothyroidism \n",
            "655ce9db9cc3984158e19333": "Thyroid: Hypothyroidism \n",
            "655c4a45fa57dd184cbea60a": "Thyroid: Hypothyroidism \n",
            "655c37dbfa57dd184cbea412": "Thyroid: Hypothyroidism \n",
            "655caf4cfa57dd184cbea8c0": "Thyroid: Hypothyroidism \n",
            "655cea739cc3984158e19337": "Thyroid: Hypothyroidism \n",
            "655cea779cc3984158e1933b": "Thyroid: Hypothyroidism \n",
            "655c37d9fa57dd184cbea410": "Thyroid: Hypothyroidism \n",
            "655caf50fa57dd184cbea8c4": "Thyroid: Hypothyroidism \n",
            "655ce9da9cc3984158e19331": "Thyroid: Hypothyroidism \n",
            "655ce9d69cc3984158e1932d": "Thyroid: Hypothyroidism \n",
            "655ccc16fa57dd184cbeaa18": "Thyroid: Hypothyroidism \n",
            "655ccc0afa57dd184cbeaa16": "Thyroid: Hypothyroidism \n",
            "655ce8b89cc3984158e19317": "Thyroid: Hypothyroidism \n",
            "655ce8b69cc3984158e19315": "Thyroid: Hypothyroidism \n",
            "655ce90b9cc3984158e19321": "Thyroid: Hypothyroidism \n",
            "655ce8b49cc3984158e19313": "Thyroid: Hypothyroidism \n",
            "655c4a42fa57dd184cbea606": "Thyroid: Hypothyroidism \n",
            "655c4a46fa57dd184cbea60c": "Thyroid: Hypothyroidism \n",
            "655c4a42fa57dd184cbea608": "Thyroid: Hypothyroidism \n",
            "655c37dcfa57dd184cbea414": "Thyroid: Hypothyroidism \n",
            "655caf4bfa57dd184cbea8be": "Thyroid: Hypothyroidism \n",
            "655cea769cc3984158e19339": "Thyroid: Hypothyroidism \n",
            "655c37d8fa57dd184cbea40c": "Thyroid: Hypothyroidism \n",
            "655caf4ffa57dd184cbea8c2": "Thyroid: Hypothyroidism \n",
            "655cea729cc3984158e19335": "Thyroid: Hypothyroidism \n"
        },
        "DateOfBirth": "1988-10-10T00:00:00.000+00:00",
        "DieticianId": 93
    }
]
  &amp#27;[31mThen &amp#27;[0m&amp#27;[31mDietician receives response for all Morbidity API &amp#27;[0m&amp#27;[31m&amp#27;[1m"getmorbidity"&amp#27;[0m&amp#27;[31m with &amp#27;[0m&amp#27;[31m&amp#27;[1m"get_all_morbidity_patient_token"&amp#27;[0m&amp#27;[31m.&amp#27;[0m                               &amp#27;[90m# stepdefinitions.GetAllMorbiditySteps.dietician_receives_response_for_all_morbidity_api_with(java.lang.String,java.lang.String)&amp#27;[0m
      &amp#27;[31mjava.lang.AssertionError: 1 expectation failed.
Expected status code <403> but was <200>.

	at java.base/jdk.internal.reflect.NativeConstructorAccessorImpl.newInstance0(Native Method)
	at java.base/jdk.internal.reflect.NativeConstructorAccessorImpl.newInstance(NativeConstructorAccessorImpl.java:77)
	at java.base/jdk.internal.reflect.DelegatingConstructorAccessorImpl.newInstance(DelegatingConstructorAccessorImpl.java:45)
	at java.base/java.lang.reflect.Constructor.newInstanceWithCaller(Constructor.java:499)
	at java.base/java.lang.reflect.Constructor.newInstance(Constructor.java:480)
	at org.codehaus.groovy.reflection.CachedConstructor.invoke(CachedConstructor.java:73)
	at org.codehaus.groovy.runtime.callsite.ConstructorSite$ConstructorSiteNoUnwrapNoCoerce.callConstructor(ConstructorSite.java:108)
	at org.codehaus.groovy.runtime.callsite.CallSiteArray.defaultCallConstructor(CallSiteArray.java:57)
	at org.codehaus.groovy.runtime.callsite.AbstractCallSite.callConstructor(AbstractCallSite.java:263)
	at org.codehaus.groovy.runtime.callsite.AbstractCallSite.callConstructor(AbstractCallSite.java:277)
	at io.restassured.internal.ResponseSpecificationImpl$HamcrestAssertionClosure.validate(ResponseSpecificationImpl.groovy:512)
	at io.restassured.internal.ResponseSpecificationImpl$HamcrestAssertionClosure$validate$1.call(Unknown Source)
	at io.restassured.internal.ResponseSpecificationImpl.validateResponseIfRequired(ResponseSpecificationImpl.groovy:696)
	at io.restassured.internal.ResponseSpecificationImpl.this$2$validateResponseIfRequired(ResponseSpecificationImpl.groovy)
	at java.base/jdk.internal.reflect.NativeMethodAccessorImpl.invoke0(Native Method)
	at java.base/jdk.internal.reflect.NativeMethodAccessorImpl.invoke(NativeMethodAccessorImpl.java:77)
	at java.base/jdk.internal.reflect.DelegatingMethodAccessorImpl.invoke(DelegatingMethodAccessorImpl.java:43)
	at java.base/java.lang.reflect.Method.invoke(Method.java:568)
	at org.codehaus.groovy.runtime.callsite.PlainObjectMetaMethodSite.doInvoke(PlainObjectMetaMethodSite.java:43)
	at org.codehaus.groovy.runtime.callsite.PogoMetaMethodSite$PogoCachedMethodSiteNoUnwrapNoCoerce.invoke(PogoMetaMethodSite.java:198)
	at org.codehaus.groovy.runtime.callsite.PogoMetaMethodSite.callCurrent(PogoMetaMethodSite.java:62)
	at org.codehaus.groovy.runtime.callsite.AbstractCallSite.callCurrent(AbstractCallSite.java:185)
	at io.restassured.internal.ResponseSpecificationImpl.statusCode(ResponseSpecificationImpl.groovy:135)
	at io.restassured.specification.ResponseSpecification$statusCode$0.callCurrent(Unknown Source)
	at io.restassured.internal.ResponseSpecificationImpl.statusCode(ResponseSpecificationImpl.groovy:143)
	at io.restassured.internal.ValidatableResponseOptionsImpl.statusCode(ValidatableResponseOptionsImpl.java:89)
	at stepdefinitions.GetAllMorbiditySteps.dietician_receives_response_for_all_morbidity_api_with(GetAllMorbiditySteps.java:137)
	at âœ½.Dietician receives response for all Morbidity API "getmorbidity" with "get_all_morbidity_patient_token".(file:///C:/Users/rashm/eclipse-workspace/Team5-Rest-Athon/Team5-Rest-Athon-main/Team5-Rest-Athon/src/test/resources/features/GetAllMorbidity.feature:30)
&amp#27;[0m
]]></system-out>
  </testcase>
  <testcase name="runScenario[&quot;Check if user able to retrieve all patients with &quot;get_patient_valid&quot; endpoint and request body.&quot;, &quot;Optional[Getpatient.feature]&quot;](5)" classname="runners.TestRunner" time="2.643">
    <system-out><![CDATA[
@GetpatientModule
Scenario Outline: Check if user able to retrieve all patients with "get_patient_valid" endpoint and request body.              &amp#27;[90m# src/test/resources/features/Getallpatients.feature:35&amp#27;[0m
sheetPathsrc/test/resources/data/testData.xlsx
sheetNamelogin
keydataKeyvaluelogin_valid_dietician
keyuserIdvalueangu.geetha@gmail.com
keypasswordvalueSong88
[INFO ] 2023-11-21 12:48:55.142 [main] LoggerLoad - Login Request: userId: angu.geetha@gmail.compassword: Song88
  &amp#27;[32mGiven &amp#27;[0m&amp#27;[32mUser creates POST Request for the login API.&amp#27;[0m                                                                           &amp#27;[90m# stepdefinitions.LoginSteps.user_creates_post_request_for_the_login_api()&amp#27;[0m
Request method:	POST
Request URI:	https://dietician-dev-41d9a344a720.herokuapp.com/dietician/login
Proxy:			<none>
Request params:	<none>
Query params:	<none>
Form params:	<none>
Path params:	<none>
Headers:		Accept=*/*
				Content-Type=application/json
Cookies:		<none>
Multiparts:		<none>
Body:
{
    "userLoginEmail": "angu.geetha@gmail.com",
    "password": "Song88"
}
  &amp#27;[32mWhen &amp#27;[0m&amp#27;[32mUser sends HTTPS Request with valid credentials on the request Body.&amp#27;[0m                                                    &amp#27;[90m# stepdefinitions.LoginSteps.user_sends_https_request_with_valid_credentials_on_the_request_body()&amp#27;[0m
HTTP/1.1 200 
Server: Cowboy
Report-To: {"group":"heroku-nel","max_age":3600,"endpoints":[{"url":"https://nel.heroku.com/reports?ts=1700588934&sid=c46efe9b-d3d2-4a0c-8c76-bfafa16c5add&s=LpjJuk0uO77KqNew2olfTGCVQgscK5Dy0I%2BAodosPco%3D"}]}
Reporting-Endpoints: heroku-nel=https://nel.heroku.com/reports?ts=1700588934&sid=c46efe9b-d3d2-4a0c-8c76-bfafa16c5add&s=LpjJuk0uO77KqNew2olfTGCVQgscK5Dy0I%2BAodosPco%3D
Nel: {"report_to":"heroku-nel","max_age":3600,"success_fraction":0.005,"failure_fraction":0.05,"response_headers":["Via"]}
Connection: keep-alive
Vary: Origin
Vary: Access-Control-Request-Method
Vary: Access-Control-Request-Headers
X-Content-Type-Options: nosniff
X-Xss-Protection: 1; mode=block
Cache-Control: no-cache, no-store, max-age=0, must-revalidate
Pragma: no-cache
Expires: 0
Strict-Transport-Security: max-age=31536000 ; includeSubDomains
X-Frame-Options: DENY
Content-Type: application/json
Transfer-Encoding: chunked
Date: Tue, 21 Nov 2023 17:48:54 GMT
Via: 1.1 vegur

{
    "token": "eyJhbGciOiJIUzUxMiJ9.eyJzdWIiOiJhbmd1LmdlZXRoYUBnbWFpbC5jb20iLCJpYXQiOjE3MDA1ODg5MzUsImV4cCI6MTcwMDYxNzczNX0.VNGw439ObNPGD0PFTg63cZrAb71u-pMzD6lR0ycStXhDLXTlhVuphoJYLvBugQmOGz4YMtCpCrgegPB8K6NpZw",
    "type": "Bearer ",
    "userId": 93,
    "loginUserEmail": "angu.geetha@gmail.com",
    "roles": [
        "ROLE_DIETICIAN"
    ]
}
HTTP/1.1 200 
Server: Cowboy
Report-To: {"group":"heroku-nel","max_age":3600,"endpoints":[{"url":"https://nel.heroku.com/reports?ts=1700588934&sid=c46efe9b-d3d2-4a0c-8c76-bfafa16c5add&s=LpjJuk0uO77KqNew2olfTGCVQgscK5Dy0I%2BAodosPco%3D"}]}
Reporting-Endpoints: heroku-nel=https://nel.heroku.com/reports?ts=1700588934&sid=c46efe9b-d3d2-4a0c-8c76-bfafa16c5add&s=LpjJuk0uO77KqNew2olfTGCVQgscK5Dy0I%2BAodosPco%3D
Nel: {"report_to":"heroku-nel","max_age":3600,"success_fraction":0.005,"failure_fraction":0.05,"response_headers":["Via"]}
Connection: keep-alive
Vary: Origin
Vary: Access-Control-Request-Method
Vary: Access-Control-Request-Headers
X-Content-Type-Options: nosniff
X-Xss-Protection: 1; mode=block
Cache-Control: no-cache, no-store, max-age=0, must-revalidate
Pragma: no-cache
Expires: 0
Strict-Transport-Security: max-age=31536000 ; includeSubDomains
X-Frame-Options: DENY
Content-Type: application/json
Transfer-Encoding: chunked
Date: Tue, 21 Nov 2023 17:48:54 GMT
Via: 1.1 vegur

{
    "token": "eyJhbGciOiJIUzUxMiJ9.eyJzdWIiOiJhbmd1LmdlZXRoYUBnbWFpbC5jb20iLCJpYXQiOjE3MDA1ODg5MzUsImV4cCI6MTcwMDYxNzczNX0.VNGw439ObNPGD0PFTg63cZrAb71u-pMzD6lR0ycStXhDLXTlhVuphoJYLvBugQmOGz4YMtCpCrgegPB8K6NpZw",
    "type": "Bearer ",
    "userId": 93,
    "loginUserEmail": "angu.geetha@gmail.com",
    "roles": [
        "ROLE_DIETICIAN"
    ]
}
[INFO ] 2023-11-21 12:48:55.394 [main] LoggerLoad - Login POST successful
  &amp#27;[32mThen &amp#27;[0m&amp#27;[32mUser receives Status with response body containing token information.&amp#27;[0m                                                   &amp#27;[90m# stepdefinitions.LoginSteps.user_receives_status_with_response_body_containing_token_information()&amp#27;[0m
sheetPathsrc/test/resources/data/testData.xlsx
sheetNamepatient
keydataKeyvaluepost_patient_valid
keyfirstnamevaluejade
keylastnamevalueudans
keycontactnumbervalue7979797979
keyemailvalueudans@gmail.com
keyallergyvalueegg
keyfoodcatvalueVegan
keydobvalue1988-10-10
[INFO ] 2023-11-21 12:48:55.502 [main] LoggerLoad - baseUrlhttps://dietician-dev-41d9a344a720.herokuapp.com/dietician
ResultingJSONstring = {"FirstName":"jade","LastName":"udans","ContactNumber":7979797979,"Email":"udans@gmail.com","Allergy":"egg","FoodCategory":"Vegan","DateOfBirth":"1988-10-10"}
Request method:	POST
Request URI:	https://dietician-dev-41d9a344a720.herokuapp.com/dietician/patient?patientInfo=%7B%22FirstName%22%3A%22jade%22%2C%22LastName%22%3A%22udans%22%2C%22ContactNumber%22%3A7979797979%2C%22Email%22%3A%22udans%40gmail.com%22%2C%22Allergy%22%3A%22egg%22%2C%22FoodCategory%22%3A%22Vegan%22%2C%22DateOfBirth%22%3A%221988-10-10%22%7D
Proxy:			<none>
Request params:	<none>
Query params:	patientInfo={"FirstName":"jade","LastName":"udans","ContactNumber":7979797979,"Email":"udans@gmail.com","Allergy":"egg","FoodCategory":"Vegan","DateOfBirth":"1988-10-10"}
Form params:	<none>
Path params:	<none>
Headers:		Authorization=Bearer eyJhbGciOiJIUzUxMiJ9.eyJzdWIiOiJhbmd1LmdlZXRoYUBnbWFpbC5jb20iLCJpYXQiOjE3MDA1ODg5MzUsImV4cCI6MTcwMDYxNzczNX0.VNGw439ObNPGD0PFTg63cZrAb71u-pMzD6lR0ycStXhDLXTlhVuphoJYLvBugQmOGz4YMtCpCrgegPB8K6NpZw
				Accept=*/*
				Content-Type=multipart/form-data
Cookies:		<none>
Multiparts:		------------
				Content-Disposition: form-data; name = file; filename = Diabetic.pdf
				Content-Type: application/octet-stream

				.\src\test\resources\Diabetic.pdf
Body:			<none>
post paitinet idnull
[INFO ] 2023-11-21 12:48:57.446 [main] LoggerLoad - Get request created
  &amp#27;[32mGiven &amp#27;[0m&amp#27;[32mUser creates GET Request for the dietician/patient API endpoint with fields from &amp#27;[0m&amp#27;[32m&amp#27;[1m"getpatient"&amp#27;[0m&amp#27;[32m with &amp#27;[0m&amp#27;[32m&amp#27;[1m"get_patient_valid"&amp#27;[0m &amp#27;[90m# stepdefinitions.PatientSteps.user_creates_get_request_for_the_dietician_patient_api_endpoint_with_fields_from_with(java.lang.String,java.lang.String)&amp#27;[0m
[INFO ] 2023-11-21 12:48:57.449 [main] LoggerLoad - baseUrlhttps://dietician-dev-41d9a344a720.herokuapp.com/dietician
Request method:	GET
Request URI:	https://dietician-dev-41d9a344a720.herokuapp.com/dietician/patient
Proxy:			<none>
Request params:	<none>
Query params:	<none>
Form params:	<none>
Path params:	<none>
Headers:		Authorization=Bearer eyJhbGciOiJIUzUxMiJ9.eyJzdWIiOiJhbmd1LmdlZXRoYUBnbWFpbC5jb20iLCJpYXQiOjE3MDA1ODg5MzUsImV4cCI6MTcwMDYxNzczNX0.VNGw439ObNPGD0PFTg63cZrAb71u-pMzD6lR0ycStXhDLXTlhVuphoJYLvBugQmOGz4YMtCpCrgegPB8K6NpZw
				Accept=*/*
				Content-Type=application/json
Cookies:		<none>
Multiparts:		<none>
Body:			<none>
[INFO ] 2023-11-21 12:48:57.672 [main] LoggerLoad - Patient POST request sent
  &amp#27;[32mWhen &amp#27;[0m&amp#27;[32mUser sends HTTP Get patient Request &amp#27;[0m&amp#27;[32m&amp#27;[1m"get_patient_valid"&amp#27;[0m                                                                 &amp#27;[90m# stepdefinitions.PatientSteps.user_sends_http_get_patient_request(java.lang.String)&amp#27;[0m
HTTP/1.1 200 
Server: Cowboy
Report-To: {"group":"heroku-nel","max_age":3600,"endpoints":[{"url":"https://nel.heroku.com/reports?ts=1700588937&sid=c46efe9b-d3d2-4a0c-8c76-bfafa16c5add&s=3xjTrlsGmX2OZ3O%2BjoFYO%2BVYf5isT4f%2BHUbQT8buGKs%3D"}]}
Reporting-Endpoints: heroku-nel=https://nel.heroku.com/reports?ts=1700588937&sid=c46efe9b-d3d2-4a0c-8c76-bfafa16c5add&s=3xjTrlsGmX2OZ3O%2BjoFYO%2BVYf5isT4f%2BHUbQT8buGKs%3D
Nel: {"report_to":"heroku-nel","max_age":3600,"success_fraction":0.005,"failure_fraction":0.05,"response_headers":["Via"]}
Connection: keep-alive
Vary: Origin
Vary: Access-Control-Request-Method
Vary: Access-Control-Request-Headers
X-Content-Type-Options: nosniff
X-Xss-Protection: 1; mode=block
Cache-Control: no-cache, no-store, max-age=0, must-revalidate
Pragma: no-cache
Expires: 0
Strict-Transport-Security: max-age=31536000 ; includeSubDomains
X-Frame-Options: DENY
Content-Type: application/json
Transfer-Encoding: chunked
Date: Tue, 21 Nov 2023 17:48:57 GMT
Via: 1.1 vegur

[
    {
        "patientId": 5343,
        "FirstName": "jade",
        "LastName": "udans",
        "ContactNumber": "7979797979",
        "Email": "udans@gmail.com",
        "Allergy": "egg",
        "FoodCategory": "Vegan",
        "FileMorbidity": {
            "655ccc47fa57dd184cbeaa20": {
                "T4": "1.22 µg/dl",
                "TSH": "100.0 mIU/L"
            },
            "655c37c7fa57dd184cbea40a": {
                "Average Glucose": "131.0 mg/dl",
                "HbA1c": "6.5 %"
            },
            "655ccc60fa57dd184cbeaa22": {
                "T4": "1.22 µg/dl",
                "TSH": "100.0 mIU/L"
            },
            "655ce90a9cc3984158e1931f": {
                "T4": "1.22 µg/dl",
                "TSH": "100.0 mIU/L"
            },
            "655ce9d79cc3984158e1932f": {
                "T4": "1.22 µg/dl",
                "TSH": "100.0 mIU/L"
            },
            "655ce8b39cc3984158e19311": {
                "T4": "1.22 µg/dl",
                "TSH": "100.0 mIU/L"
            },
            "655ce9109cc3984158e19325": {
                "T4": "1.22 µg/dl",
                "TSH": "100.0 mIU/L"
            },
            "655ce90e9cc3984158e19323": {
                "T4": "1.22 µg/dl",
                "TSH": "100.0 mIU/L"
            },
            "655ce9db9cc3984158e19333": {
                "T4": "1.22 µg/dl",
                "TSH": "100.0 mIU/L"
            },
            "655c4a45fa57dd184cbea60a": {
                "T4": "1.22 µg/dl",
                "TSH": "100.0 mIU/L"
            },
            "655c37dbfa57dd184cbea412": {
                "T4": "1.22 µg/dl",
                "TSH": "100.0 mIU/L"
            },
            "655caf4cfa57dd184cbea8c0": {
                "T4": "1.22 µg/dl",
                "TSH": "100.0 mIU/L"
            },
            "655cea739cc3984158e19337": {
                "T4": "1.22 µg/dl",
                "TSH": "100.0 mIU/L"
            },
            "655cea779cc3984158e1933b": {
                "T4": "1.22 µg/dl",
                "TSH": "100.0 mIU/L"
            },
            "655c37d9fa57dd184cbea410": {
                "T4": "1.22 µg/dl",
                "TSH": "100.0 mIU/L"
            },
            "655caf50fa57dd184cbea8c4": {
                "T4": "1.22 µg/dl",
                "TSH": "100.0 mIU/L"
            },
            "655ce9da9cc3984158e19331": {
                "T4": "1.22 µg/dl",
                "TSH": "100.0 mIU/L"
            },
            "655ce9d69cc3984158e1932d": {
                "T4": "1.22 µg/dl",
                "TSH": "100.0 mIU/L"
            },
            "655ccc16fa57dd184cbeaa18": {
                "T4": "1.22 µg/dl",
                "TSH": "100.0 mIU/L"
            },
            "655ccc0afa57dd184cbeaa16": {
                "T4": "1.22 µg/dl",
                "TSH": "100.0 mIU/L"
            },
            "655ce8b89cc3984158e19317": {
                "T4": "1.22 µg/dl",
                "TSH": "100.0 mIU/L"
            },
            "655ce8b69cc3984158e19315": {
                "T4": "1.22 µg/dl",
                "TSH": "100.0 mIU/L"
            },
            "655ce90b9cc3984158e19321": {
                "T4": "1.22 µg/dl",
                "TSH": "100.0 mIU/L"
            },
            "655ce8b49cc3984158e19313": {
                "T4": "1.22 µg/dl",
                "TSH": "100.0 mIU/L"
            },
            "655c4a42fa57dd184cbea606": {
                "T4": "1.22 µg/dl",
                "TSH": "100.0 mIU/L"
            },
            "655c4a46fa57dd184cbea60c": {
                "T4": "1.22 µg/dl",
                "TSH": "100.0 mIU/L"
            },
            "655c4a42fa57dd184cbea608": {
                "T4": "1.22 µg/dl",
                "TSH": "100.0 mIU/L"
            },
            "655c37dcfa57dd184cbea414": {
                "T4": "1.22 µg/dl",
                "TSH": "100.0 mIU/L"
            },
            "655caf4bfa57dd184cbea8be": {
                "T4": "1.22 µg/dl",
                "TSH": "100.0 mIU/L"
            },
            "655cea769cc3984158e19339": {
                "T4": "1.22 µg/dl",
                "TSH": "100.0 mIU/L"
            },
            "655c37d8fa57dd184cbea40c": {
                "T4": "1.22 µg/dl",
                "TSH": "100.0 mIU/L"
            },
            "655caf4ffa57dd184cbea8c2": {
                "T4": "1.22 µg/dl",
                "TSH": "100.0 mIU/L"
            },
            "655cea729cc3984158e19335": {
                "T4": "1.22 µg/dl",
                "TSH": "100.0 mIU/L"
            }
        },
        "FileMorbidityCondition": {
            "655ccc47fa57dd184cbeaa20": "Thyroid: Hypothyroidism \n",
            "655c37c7fa57dd184cbea40a": "Prediabetic \n",
            "655ccc60fa57dd184cbeaa22": "Thyroid: Hypothyroidism \n",
            "655ce90a9cc3984158e1931f": "Thyroid: Hypothyroidism \n",
            "655ce9d79cc3984158e1932f": "Thyroid: Hypothyroidism \n",
            "655ce8b39cc3984158e19311": "Thyroid: Hypothyroidism \n",
            "655ce9109cc3984158e19325": "Thyroid: Hypothyroidism \n",
            "655ce90e9cc3984158e19323": "Thyroid: Hypothyroidism \n",
            "655ce9db9cc3984158e19333": "Thyroid: Hypothyroidism \n",
            "655c4a45fa57dd184cbea60a": "Thyroid: Hypothyroidism \n",
            "655c37dbfa57dd184cbea412": "Thyroid: Hypothyroidism \n",
            "655caf4cfa57dd184cbea8c0": "Thyroid: Hypothyroidism \n",
            "655cea739cc3984158e19337": "Thyroid: Hypothyroidism \n",
            "655cea779cc3984158e1933b": "Thyroid: Hypothyroidism \n",
            "655c37d9fa57dd184cbea410": "Thyroid: Hypothyroidism \n",
            "655caf50fa57dd184cbea8c4": "Thyroid: Hypothyroidism \n",
            "655ce9da9cc3984158e19331": "Thyroid: Hypothyroidism \n",
            "655ce9d69cc3984158e1932d": "Thyroid: Hypothyroidism \n",
            "655ccc16fa57dd184cbeaa18": "Thyroid: Hypothyroidism \n",
            "655ccc0afa57dd184cbeaa16": "Thyroid: Hypothyroidism \n",
            "655ce8b89cc3984158e19317": "Thyroid: Hypothyroidism \n",
            "655ce8b69cc3984158e19315": "Thyroid: Hypothyroidism \n",
            "655ce90b9cc3984158e19321": "Thyroid: Hypothyroidism \n",
            "655ce8b49cc3984158e19313": "Thyroid: Hypothyroidism \n",
            "655c4a42fa57dd184cbea606": "Thyroid: Hypothyroidism \n",
            "655c4a46fa57dd184cbea60c": "Thyroid: Hypothyroidism \n",
            "655c4a42fa57dd184cbea608": "Thyroid: Hypothyroidism \n",
            "655c37dcfa57dd184cbea414": "Thyroid: Hypothyroidism \n",
            "655caf4bfa57dd184cbea8be": "Thyroid: Hypothyroidism \n",
            "655cea769cc3984158e19339": "Thyroid: Hypothyroidism \n",
            "655c37d8fa57dd184cbea40c": "Thyroid: Hypothyroidism \n",
            "655caf4ffa57dd184cbea8c2": "Thyroid: Hypothyroidism \n",
            "655cea729cc3984158e19335": "Thyroid: Hypothyroidism \n"
        },
        "DateOfBirth": "1988-10-10T00:00:00.000+00:00",
        "DieticianId": 93
    }
]
  &amp#27;[32mThen &amp#27;[0m&amp#27;[32mUser receives response for Get patient &amp#27;[0m&amp#27;[32m&amp#27;[1m"getpatient"&amp#27;[0m&amp#27;[32m with &amp#27;[0m&amp#27;[32m&amp#27;[1m"get_patient_valid"&amp#27;[0m                                            &amp#27;[90m# stepdefinitions.PatientSteps.user_receives_response_for_get_patient_with(java.lang.String,java.lang.String)&amp#27;[0m
]]></system-out>
  </testcase>
  <testcase name="runScenario[&quot;Check if user able to retrieve all patients with &quot;get_patient_invalid_endpoint&quot; endpoint and request body.&quot;, &quot;Optional[Getpatient.feature]&quot;](6)" classname="runners.TestRunner" time="0.618">
    <system-out><![CDATA[
@GetpatientModule
Scenario Outline: Check if user able to retrieve all patients with "get_patient_invalid_endpoint" endpoint and request body.              &amp#27;[90m# src/test/resources/features/Getallpatients.feature:36&amp#27;[0m
sheetPathsrc/test/resources/data/testData.xlsx
sheetNamelogin
keydataKeyvaluelogin_valid_dietician
keyuserIdvalueangu.geetha@gmail.com
keypasswordvalueSong88
[INFO ] 2023-11-21 12:48:57.817 [main] LoggerLoad - Login Request: userId: angu.geetha@gmail.compassword: Song88
  &amp#27;[32mGiven &amp#27;[0m&amp#27;[32mUser creates POST Request for the login API.&amp#27;[0m                                                                                      &amp#27;[90m# stepdefinitions.LoginSteps.user_creates_post_request_for_the_login_api()&amp#27;[0m
Request method:	POST
Request URI:	https://dietician-dev-41d9a344a720.herokuapp.com/dietician/login
Proxy:			<none>
Request params:	<none>
Query params:	<none>
Form params:	<none>
Path params:	<none>
Headers:		Accept=*/*
				Content-Type=application/json
Cookies:		<none>
Multiparts:		<none>
Body:
{
    "userLoginEmail": "angu.geetha@gmail.com",
    "password": "Song88"
}
  &amp#27;[32mWhen &amp#27;[0m&amp#27;[32mUser sends HTTPS Request with valid credentials on the request Body.&amp#27;[0m                                                               &amp#27;[90m# stepdefinitions.LoginSteps.user_sends_https_request_with_valid_credentials_on_the_request_body()&amp#27;[0m
HTTP/1.1 200 
Server: Cowboy
Report-To: {"group":"heroku-nel","max_age":3600,"endpoints":[{"url":"https://nel.heroku.com/reports?ts=1700588937&sid=c46efe9b-d3d2-4a0c-8c76-bfafa16c5add&s=3xjTrlsGmX2OZ3O%2BjoFYO%2BVYf5isT4f%2BHUbQT8buGKs%3D"}]}
Reporting-Endpoints: heroku-nel=https://nel.heroku.com/reports?ts=1700588937&sid=c46efe9b-d3d2-4a0c-8c76-bfafa16c5add&s=3xjTrlsGmX2OZ3O%2BjoFYO%2BVYf5isT4f%2BHUbQT8buGKs%3D
Nel: {"report_to":"heroku-nel","max_age":3600,"success_fraction":0.005,"failure_fraction":0.05,"response_headers":["Via"]}
Connection: keep-alive
Vary: Origin
Vary: Access-Control-Request-Method
Vary: Access-Control-Request-Headers
X-Content-Type-Options: nosniff
X-Xss-Protection: 1; mode=block
Cache-Control: no-cache, no-store, max-age=0, must-revalidate
Pragma: no-cache
Expires: 0
Strict-Transport-Security: max-age=31536000 ; includeSubDomains
X-Frame-Options: DENY
Content-Type: application/json
Transfer-Encoding: chunked
Date: Tue, 21 Nov 2023 17:48:57 GMT
Via: 1.1 vegur

{
    "token": "eyJhbGciOiJIUzUxMiJ9.eyJzdWIiOiJhbmd1LmdlZXRoYUBnbWFpbC5jb20iLCJpYXQiOjE3MDA1ODg5MzcsImV4cCI6MTcwMDYxNzczN30.0EhVVA3lOmQaFKP8Rf6kDp3oFwGEggiEiggiRcmECqXrEZlTgPUMZfc1OtCocGb8DGOSz4E51hGOq98xVcLzoQ",
    "type": "Bearer ",
    "userId": 93,
    "loginUserEmail": "angu.geetha@gmail.com",
    "roles": [
        "ROLE_DIETICIAN"
    ]
}
HTTP/1.1 200 
Server: Cowboy
Report-To: {"group":"heroku-nel","max_age":3600,"endpoints":[{"url":"https://nel.heroku.com/reports?ts=1700588937&sid=c46efe9b-d3d2-4a0c-8c76-bfafa16c5add&s=3xjTrlsGmX2OZ3O%2BjoFYO%2BVYf5isT4f%2BHUbQT8buGKs%3D"}]}
Reporting-Endpoints: heroku-nel=https://nel.heroku.com/reports?ts=1700588937&sid=c46efe9b-d3d2-4a0c-8c76-bfafa16c5add&s=3xjTrlsGmX2OZ3O%2BjoFYO%2BVYf5isT4f%2BHUbQT8buGKs%3D
Nel: {"report_to":"heroku-nel","max_age":3600,"success_fraction":0.005,"failure_fraction":0.05,"response_headers":["Via"]}
Connection: keep-alive
Vary: Origin
Vary: Access-Control-Request-Method
Vary: Access-Control-Request-Headers
X-Content-Type-Options: nosniff
X-Xss-Protection: 1; mode=block
Cache-Control: no-cache, no-store, max-age=0, must-revalidate
Pragma: no-cache
Expires: 0
Strict-Transport-Security: max-age=31536000 ; includeSubDomains
X-Frame-Options: DENY
Content-Type: application/json
Transfer-Encoding: chunked
Date: Tue, 21 Nov 2023 17:48:57 GMT
Via: 1.1 vegur

{
    "token": "eyJhbGciOiJIUzUxMiJ9.eyJzdWIiOiJhbmd1LmdlZXRoYUBnbWFpbC5jb20iLCJpYXQiOjE3MDA1ODg5MzcsImV4cCI6MTcwMDYxNzczN30.0EhVVA3lOmQaFKP8Rf6kDp3oFwGEggiEiggiRcmECqXrEZlTgPUMZfc1OtCocGb8DGOSz4E51hGOq98xVcLzoQ",
    "type": "Bearer ",
    "userId": 93,
    "loginUserEmail": "angu.geetha@gmail.com",
    "roles": [
        "ROLE_DIETICIAN"
    ]
}
[INFO ] 2023-11-21 12:48:58.065 [main] LoggerLoad - Login POST successful
  &amp#27;[32mThen &amp#27;[0m&amp#27;[32mUser receives Status with response body containing token information.&amp#27;[0m                                                              &amp#27;[90m# stepdefinitions.LoginSteps.user_receives_status_with_response_body_containing_token_information()&amp#27;[0m
[INFO ] 2023-11-21 12:48:58.076 [main] LoggerLoad - Get request created
  &amp#27;[32mGiven &amp#27;[0m&amp#27;[32mUser creates GET Request for the dietician/patient API endpoint with fields from &amp#27;[0m&amp#27;[32m&amp#27;[1m"getpatient"&amp#27;[0m&amp#27;[32m with &amp#27;[0m&amp#27;[32m&amp#27;[1m"get_patient_invalid_endpoint"&amp#27;[0m &amp#27;[90m# stepdefinitions.PatientSteps.user_creates_get_request_for_the_dietician_patient_api_endpoint_with_fields_from_with(java.lang.String,java.lang.String)&amp#27;[0m
[INFO ] 2023-11-21 12:48:58.077 [main] LoggerLoad - baseUrlhttps://dietician-dev-41d9a344a720.herokuapp.com/dietician
Request method:	GET
Request URI:	https://dietician-dev-41d9a344a720.herokuapp.com/dietician/patient0000
Proxy:			<none>
Request params:	<none>
Query params:	<none>
Form params:	<none>
Path params:	<none>
Headers:		Authorization=Bearer eyJhbGciOiJIUzUxMiJ9.eyJzdWIiOiJhbmd1LmdlZXRoYUBnbWFpbC5jb20iLCJpYXQiOjE3MDA1ODg5MzcsImV4cCI6MTcwMDYxNzczN30.0EhVVA3lOmQaFKP8Rf6kDp3oFwGEggiEiggiRcmECqXrEZlTgPUMZfc1OtCocGb8DGOSz4E51hGOq98xVcLzoQ
				Accept=*/*
				Content-Type=application/json
Cookies:		<none>
Multiparts:		<none>
Body:			<none>
[INFO ] 2023-11-21 12:48:58.288 [main] LoggerLoad - Patient POST request sent
  &amp#27;[32mWhen &amp#27;[0m&amp#27;[32mUser sends HTTP Get patient Request &amp#27;[0m&amp#27;[32m&amp#27;[1m"get_patient_invalid_endpoint"&amp#27;[0m                                                                 &amp#27;[90m# stepdefinitions.PatientSteps.user_sends_http_get_patient_request(java.lang.String)&amp#27;[0m
HTTP/1.1 404 
Server: Cowboy
Report-To: {"group":"heroku-nel","max_age":3600,"endpoints":[{"url":"https://nel.heroku.com/reports?ts=1700588937&sid=c46efe9b-d3d2-4a0c-8c76-bfafa16c5add&s=3xjTrlsGmX2OZ3O%2BjoFYO%2BVYf5isT4f%2BHUbQT8buGKs%3D"}]}
Reporting-Endpoints: heroku-nel=https://nel.heroku.com/reports?ts=1700588937&sid=c46efe9b-d3d2-4a0c-8c76-bfafa16c5add&s=3xjTrlsGmX2OZ3O%2BjoFYO%2BVYf5isT4f%2BHUbQT8buGKs%3D
Nel: {"report_to":"heroku-nel","max_age":3600,"success_fraction":0.005,"failure_fraction":0.05,"response_headers":["Via"]}
Connection: keep-alive
Vary: Origin
Vary: Access-Control-Request-Method
Vary: Access-Control-Request-Headers
X-Content-Type-Options: nosniff
X-Xss-Protection: 1; mode=block
Cache-Control: no-cache, no-store, max-age=0, must-revalidate
Pragma: no-cache
Expires: 0
Strict-Transport-Security: max-age=31536000 ; includeSubDomains
X-Frame-Options: DENY
Content-Type: application/json
Transfer-Encoding: chunked
Date: Tue, 21 Nov 2023 17:48:57 GMT
Via: 1.1 vegur

{
    "timestamp": "2023-11-21T17:48:57.939+00:00",
    "status": 404,
    "error": "Not Found",
    "path": "/dietician/patient0000"
}
  &amp#27;[32mThen &amp#27;[0m&amp#27;[32mUser receives response for Get patient &amp#27;[0m&amp#27;[32m&amp#27;[1m"getpatient"&amp#27;[0m&amp#27;[32m with &amp#27;[0m&amp#27;[32m&amp#27;[1m"get_patient_invalid_endpoint"&amp#27;[0m                                            &amp#27;[90m# stepdefinitions.PatientSteps.user_receives_response_for_get_patient_with(java.lang.String,java.lang.String)&amp#27;[0m
]]></system-out>
  </testcase>
  <testcase name="runScenario[&quot;Check if user able to retrieve all patients with &quot;get_patient_invalid_token&quot; endpoint and request body.&quot;, &quot;Optional[Getpatient.feature]&quot;](7)" classname="runners.TestRunner" time="0.517">
    <system-out><![CDATA[
@GetpatientModule
Scenario Outline: Check if user able to retrieve all patients with "get_patient_invalid_token" endpoint and request body.              &amp#27;[90m# src/test/resources/features/Getallpatients.feature:37&amp#27;[0m
sheetPathsrc/test/resources/data/testData.xlsx
sheetNamelogin
keydataKeyvaluelogin_valid_dietician
keyuserIdvalueangu.geetha@gmail.com
keypasswordvalueSong88
[INFO ] 2023-11-21 12:48:58.420 [main] LoggerLoad - Login Request: userId: angu.geetha@gmail.compassword: Song88
  &amp#27;[32mGiven &amp#27;[0m&amp#27;[32mUser creates POST Request for the login API.&amp#27;[0m                                                                                   &amp#27;[90m# stepdefinitions.LoginSteps.user_creates_post_request_for_the_login_api()&amp#27;[0m
Request method:	POST
Request URI:	https://dietician-dev-41d9a344a720.herokuapp.com/dietician/login
Proxy:			<none>
Request params:	<none>
Query params:	<none>
Form params:	<none>
Path params:	<none>
Headers:		Accept=*/*
				Content-Type=application/json
Cookies:		<none>
Multiparts:		<none>
Body:
{
    "userLoginEmail": "angu.geetha@gmail.com",
    "password": "Song88"
}
  &amp#27;[32mWhen &amp#27;[0m&amp#27;[32mUser sends HTTPS Request with valid credentials on the request Body.&amp#27;[0m                                                            &amp#27;[90m# stepdefinitions.LoginSteps.user_sends_https_request_with_valid_credentials_on_the_request_body()&amp#27;[0m
HTTP/1.1 200 
Server: Cowboy
Report-To: {"group":"heroku-nel","max_age":3600,"endpoints":[{"url":"https://nel.heroku.com/reports?ts=1700588938&sid=c46efe9b-d3d2-4a0c-8c76-bfafa16c5add&s=pYoW7QMjMgGvTfddjH41JqxXr0jYi9DQy8%2FIxKEbRI0%3D"}]}
Reporting-Endpoints: heroku-nel=https://nel.heroku.com/reports?ts=1700588938&sid=c46efe9b-d3d2-4a0c-8c76-bfafa16c5add&s=pYoW7QMjMgGvTfddjH41JqxXr0jYi9DQy8%2FIxKEbRI0%3D
Nel: {"report_to":"heroku-nel","max_age":3600,"success_fraction":0.005,"failure_fraction":0.05,"response_headers":["Via"]}
Connection: keep-alive
Vary: Origin
Vary: Access-Control-Request-Method
Vary: Access-Control-Request-Headers
X-Content-Type-Options: nosniff
X-Xss-Protection: 1; mode=block
Cache-Control: no-cache, no-store, max-age=0, must-revalidate
Pragma: no-cache
Expires: 0
Strict-Transport-Security: max-age=31536000 ; includeSubDomains
X-Frame-Options: DENY
Content-Type: application/json
Transfer-Encoding: chunked
Date: Tue, 21 Nov 2023 17:48:57 GMT
Via: 1.1 vegur

{
    "token": "eyJhbGciOiJIUzUxMiJ9.eyJzdWIiOiJhbmd1LmdlZXRoYUBnbWFpbC5jb20iLCJpYXQiOjE3MDA1ODg5MzgsImV4cCI6MTcwMDYxNzczOH0.aYy9GB7nPd_w9UGticny0egiOZiTgiDVNMMzaycrP5giYEpj5P_UfiMIAYVpc6malKInjJAt1uj-JXZyfMCGvw",
    "type": "Bearer ",
    "userId": 93,
    "loginUserEmail": "angu.geetha@gmail.com",
    "roles": [
        "ROLE_DIETICIAN"
    ]
}
HTTP/1.1 200 
Server: Cowboy
Report-To: {"group":"heroku-nel","max_age":3600,"endpoints":[{"url":"https://nel.heroku.com/reports?ts=1700588938&sid=c46efe9b-d3d2-4a0c-8c76-bfafa16c5add&s=pYoW7QMjMgGvTfddjH41JqxXr0jYi9DQy8%2FIxKEbRI0%3D"}]}
Reporting-Endpoints: heroku-nel=https://nel.heroku.com/reports?ts=1700588938&sid=c46efe9b-d3d2-4a0c-8c76-bfafa16c5add&s=pYoW7QMjMgGvTfddjH41JqxXr0jYi9DQy8%2FIxKEbRI0%3D
Nel: {"report_to":"heroku-nel","max_age":3600,"success_fraction":0.005,"failure_fraction":0.05,"response_headers":["Via"]}
Connection: keep-alive
Vary: Origin
Vary: Access-Control-Request-Method
Vary: Access-Control-Request-Headers
X-Content-Type-Options: nosniff
X-Xss-Protection: 1; mode=block
Cache-Control: no-cache, no-store, max-age=0, must-revalidate
Pragma: no-cache
Expires: 0
Strict-Transport-Security: max-age=31536000 ; includeSubDomains
X-Frame-Options: DENY
Content-Type: application/json
Transfer-Encoding: chunked
Date: Tue, 21 Nov 2023 17:48:57 GMT
Via: 1.1 vegur

{
    "token": "eyJhbGciOiJIUzUxMiJ9.eyJzdWIiOiJhbmd1LmdlZXRoYUBnbWFpbC5jb20iLCJpYXQiOjE3MDA1ODg5MzgsImV4cCI6MTcwMDYxNzczOH0.aYy9GB7nPd_w9UGticny0egiOZiTgiDVNMMzaycrP5giYEpj5P_UfiMIAYVpc6malKInjJAt1uj-JXZyfMCGvw",
    "type": "Bearer ",
    "userId": 93,
    "loginUserEmail": "angu.geetha@gmail.com",
    "roles": [
        "ROLE_DIETICIAN"
    ]
}
[INFO ] 2023-11-21 12:48:58.672 [main] LoggerLoad - Login POST successful
  &amp#27;[32mThen &amp#27;[0m&amp#27;[32mUser receives Status with response body containing token information.&amp#27;[0m                                                           &amp#27;[90m# stepdefinitions.LoginSteps.user_receives_status_with_response_body_containing_token_information()&amp#27;[0m
[INFO ] 2023-11-21 12:48:58.674 [main] LoggerLoad - Get request created
  &amp#27;[32mGiven &amp#27;[0m&amp#27;[32mUser creates GET Request for the dietician/patient API endpoint with fields from &amp#27;[0m&amp#27;[32m&amp#27;[1m"getpatient"&amp#27;[0m&amp#27;[32m with &amp#27;[0m&amp#27;[32m&amp#27;[1m"get_patient_invalid_token"&amp#27;[0m &amp#27;[90m# stepdefinitions.PatientSteps.user_creates_get_request_for_the_dietician_patient_api_endpoint_with_fields_from_with(java.lang.String,java.lang.String)&amp#27;[0m
[INFO ] 2023-11-21 12:48:58.675 [main] LoggerLoad - baseUrlhttps://dietician-dev-41d9a344a720.herokuapp.com/dietician
Request method:	GET
Request URI:	https://dietician-dev-41d9a344a720.herokuapp.com/dietician/patient
Proxy:			<none>
Request params:	<none>
Query params:	<none>
Form params:	<none>
Path params:	<none>
Headers:		Authorization=Bearer invalidtoken!!!
				Accept=*/*
				Content-Type=application/json
Cookies:		<none>
Multiparts:		<none>
Body:			<none>
[INFO ] 2023-11-21 12:48:58.826 [main] LoggerLoad - Patient POST request sent
  &amp#27;[32mWhen &amp#27;[0m&amp#27;[32mUser sends HTTP Get patient Request &amp#27;[0m&amp#27;[32m&amp#27;[1m"get_patient_invalid_token"&amp#27;[0m                                                                 &amp#27;[90m# stepdefinitions.PatientSteps.user_sends_http_get_patient_request(java.lang.String)&amp#27;[0m
HTTP/1.1 401 
Server: Cowboy
Report-To: {"group":"heroku-nel","max_age":3600,"endpoints":[{"url":"https://nel.heroku.com/reports?ts=1700588938&sid=c46efe9b-d3d2-4a0c-8c76-bfafa16c5add&s=pYoW7QMjMgGvTfddjH41JqxXr0jYi9DQy8%2FIxKEbRI0%3D"}]}
Reporting-Endpoints: heroku-nel=https://nel.heroku.com/reports?ts=1700588938&sid=c46efe9b-d3d2-4a0c-8c76-bfafa16c5add&s=pYoW7QMjMgGvTfddjH41JqxXr0jYi9DQy8%2FIxKEbRI0%3D
Nel: {"report_to":"heroku-nel","max_age":3600,"success_fraction":0.005,"failure_fraction":0.05,"response_headers":["Via"]}
Connection: keep-alive
Vary: Origin
Vary: Access-Control-Request-Method
Vary: Access-Control-Request-Headers
X-Content-Type-Options: nosniff
X-Xss-Protection: 1; mode=block
Cache-Control: no-cache, no-store, max-age=0, must-revalidate
Pragma: no-cache
Expires: 0
Strict-Transport-Security: max-age=31536000 ; includeSubDomains
X-Frame-Options: DENY
Content-Type: application/json
Transfer-Encoding: chunked
Date: Tue, 21 Nov 2023 17:48:58 GMT
Via: 1.1 vegur

{
    "timestamp": "2023-11-21T17:48:58.478+00:00",
    "status": 401,
    "error": "Unauthorized",
    "path": "/dietician/patient"
}
  &amp#27;[32mThen &amp#27;[0m&amp#27;[32mUser receives response for Get patient &amp#27;[0m&amp#27;[32m&amp#27;[1m"getpatient"&amp#27;[0m&amp#27;[32m with &amp#27;[0m&amp#27;[32m&amp#27;[1m"get_patient_invalid_token"&amp#27;[0m                                            &amp#27;[90m# stepdefinitions.PatientSteps.user_receives_response_for_get_patient_with(java.lang.String,java.lang.String)&amp#27;[0m
]]></system-out>
  </testcase>
  <testcase name="runScenario[&quot;Check if user able to retrieve all patients with &quot;get_patient_patient_token&quot; endpoint and request body.&quot;, &quot;Optional[Getpatient.feature]&quot;](8)" classname="runners.TestRunner" time="0.567">
    <failure message="1 expectation failed.&#10;Expected status code &lt;403&gt; but was &lt;200&gt;.&#10;" type="java.lang.AssertionError"><![CDATA[java.lang.AssertionError: 
1 expectation failed.
Expected status code <403> but was <200>.

	at java.base/jdk.internal.reflect.NativeConstructorAccessorImpl.newInstance0(Native Method)
	at java.base/jdk.internal.reflect.NativeConstructorAccessorImpl.newInstance(NativeConstructorAccessorImpl.java:77)
	at java.base/jdk.internal.reflect.DelegatingConstructorAccessorImpl.newInstance(DelegatingConstructorAccessorImpl.java:45)
	at java.base/java.lang.reflect.Constructor.newInstanceWithCaller(Constructor.java:499)
	at java.base/java.lang.reflect.Constructor.newInstance(Constructor.java:480)
	at org.codehaus.groovy.reflection.CachedConstructor.invoke(CachedConstructor.java:73)
	at org.codehaus.groovy.runtime.callsite.ConstructorSite$ConstructorSiteNoUnwrapNoCoerce.callConstructor(ConstructorSite.java:108)
	at org.codehaus.groovy.runtime.callsite.AbstractCallSite.callConstructor(AbstractCallSite.java:277)
	at io.restassured.internal.ResponseSpecificationImpl$HamcrestAssertionClosure.validate(ResponseSpecificationImpl.groovy:512)
	at io.restassured.internal.ResponseSpecificationImpl$HamcrestAssertionClosure$validate$1.call(Unknown Source)
	at io.restassured.internal.ResponseSpecificationImpl.validateResponseIfRequired(ResponseSpecificationImpl.groovy:696)
	at io.restassured.internal.ResponseSpecificationImpl.this$2$validateResponseIfRequired(ResponseSpecificationImpl.groovy)
	at jdk.internal.reflect.GeneratedMethodAccessor165.invoke(Unknown Source)
	at java.base/jdk.internal.reflect.DelegatingMethodAccessorImpl.invoke(DelegatingMethodAccessorImpl.java:43)
	at java.base/java.lang.reflect.Method.invoke(Method.java:568)
	at org.codehaus.groovy.runtime.callsite.PlainObjectMetaMethodSite.doInvoke(PlainObjectMetaMethodSite.java:43)
	at org.codehaus.groovy.runtime.callsite.PogoMetaMethodSite$PogoCachedMethodSiteNoUnwrapNoCoerce.invoke(PogoMetaMethodSite.java:198)
	at org.codehaus.groovy.runtime.callsite.PogoMetaMethodSite.callCurrent(PogoMetaMethodSite.java:62)
	at org.codehaus.groovy.runtime.callsite.AbstractCallSite.callCurrent(AbstractCallSite.java:185)
	at io.restassured.internal.ResponseSpecificationImpl.statusCode(ResponseSpecificationImpl.groovy:135)
	at io.restassured.specification.ResponseSpecification$statusCode$0.callCurrent(Unknown Source)
	at io.restassured.internal.ResponseSpecificationImpl.statusCode(ResponseSpecificationImpl.groovy:143)
	at io.restassured.internal.ValidatableResponseOptionsImpl.statusCode(ValidatableResponseOptionsImpl.java:89)
	at stepdefinitions.PatientSteps.user_receives_response_for_get_patient_with(PatientSteps.java:548)
	at ✽.User receives response for Get patient "getpatient" with "get_patient_patient_token"(file:///C:/Users/rashm/eclipse-workspace/Team5-Rest-Athon/Team5-Rest-Athon-main/Team5-Rest-Athon/src/test/resources/features/Getallpatients.feature:32)
]]></failure>
    <system-out><![CDATA[
@GetpatientModule
Scenario Outline: Check if user able to retrieve all patients with "get_patient_patient_token" endpoint and request body.              &amp#27;[90m# src/test/resources/features/Getallpatients.feature:38&amp#27;[0m
sheetPathsrc/test/resources/data/testData.xlsx
sheetNamelogin
keydataKeyvaluelogin_valid_dietician
keyuserIdvalueangu.geetha@gmail.com
keypasswordvalueSong88
[INFO ] 2023-11-21 12:48:58.925 [main] LoggerLoad - Login Request: userId: angu.geetha@gmail.compassword: Song88
  &amp#27;[32mGiven &amp#27;[0m&amp#27;[32mUser creates POST Request for the login API.&amp#27;[0m                                                                                   &amp#27;[90m# stepdefinitions.LoginSteps.user_creates_post_request_for_the_login_api()&amp#27;[0m
Request method:	POST
Request URI:	https://dietician-dev-41d9a344a720.herokuapp.com/dietician/login
Proxy:			<none>
Request params:	<none>
Query params:	<none>
Form params:	<none>
Path params:	<none>
Headers:		Accept=*/*
				Content-Type=application/json
Cookies:		<none>
Multiparts:		<none>
Body:
{
    "userLoginEmail": "angu.geetha@gmail.com",
    "password": "Song88"
}
  &amp#27;[32mWhen &amp#27;[0m&amp#27;[32mUser sends HTTPS Request with valid credentials on the request Body.&amp#27;[0m                                                            &amp#27;[90m# stepdefinitions.LoginSteps.user_sends_https_request_with_valid_credentials_on_the_request_body()&amp#27;[0m
HTTP/1.1 200 
Server: Cowboy
Report-To: {"group":"heroku-nel","max_age":3600,"endpoints":[{"url":"https://nel.heroku.com/reports?ts=1700588938&sid=c46efe9b-d3d2-4a0c-8c76-bfafa16c5add&s=pYoW7QMjMgGvTfddjH41JqxXr0jYi9DQy8%2FIxKEbRI0%3D"}]}
Reporting-Endpoints: heroku-nel=https://nel.heroku.com/reports?ts=1700588938&sid=c46efe9b-d3d2-4a0c-8c76-bfafa16c5add&s=pYoW7QMjMgGvTfddjH41JqxXr0jYi9DQy8%2FIxKEbRI0%3D
Nel: {"report_to":"heroku-nel","max_age":3600,"success_fraction":0.005,"failure_fraction":0.05,"response_headers":["Via"]}
Connection: keep-alive
Vary: Origin
Vary: Access-Control-Request-Method
Vary: Access-Control-Request-Headers
X-Content-Type-Options: nosniff
X-Xss-Protection: 1; mode=block
Cache-Control: no-cache, no-store, max-age=0, must-revalidate
Pragma: no-cache
Expires: 0
Strict-Transport-Security: max-age=31536000 ; includeSubDomains
X-Frame-Options: DENY
Content-Type: application/json
Transfer-Encoding: chunked
Date: Tue, 21 Nov 2023 17:48:58 GMT
Via: 1.1 vegur

{
    "token": "eyJhbGciOiJIUzUxMiJ9.eyJzdWIiOiJhbmd1LmdlZXRoYUBnbWFpbC5jb20iLCJpYXQiOjE3MDA1ODg5MzgsImV4cCI6MTcwMDYxNzczOH0.aYy9GB7nPd_w9UGticny0egiOZiTgiDVNMMzaycrP5giYEpj5P_UfiMIAYVpc6malKInjJAt1uj-JXZyfMCGvw",
    "type": "Bearer ",
    "userId": 93,
    "loginUserEmail": "angu.geetha@gmail.com",
    "roles": [
        "ROLE_DIETICIAN"
    ]
}
HTTP/1.1 200 
Server: Cowboy
Report-To: {"group":"heroku-nel","max_age":3600,"endpoints":[{"url":"https://nel.heroku.com/reports?ts=1700588938&sid=c46efe9b-d3d2-4a0c-8c76-bfafa16c5add&s=pYoW7QMjMgGvTfddjH41JqxXr0jYi9DQy8%2FIxKEbRI0%3D"}]}
Reporting-Endpoints: heroku-nel=https://nel.heroku.com/reports?ts=1700588938&sid=c46efe9b-d3d2-4a0c-8c76-bfafa16c5add&s=pYoW7QMjMgGvTfddjH41JqxXr0jYi9DQy8%2FIxKEbRI0%3D
Nel: {"report_to":"heroku-nel","max_age":3600,"success_fraction":0.005,"failure_fraction":0.05,"response_headers":["Via"]}
Connection: keep-alive
Vary: Origin
Vary: Access-Control-Request-Method
Vary: Access-Control-Request-Headers
X-Content-Type-Options: nosniff
X-Xss-Protection: 1; mode=block
Cache-Control: no-cache, no-store, max-age=0, must-revalidate
Pragma: no-cache
Expires: 0
Strict-Transport-Security: max-age=31536000 ; includeSubDomains
X-Frame-Options: DENY
Content-Type: application/json
Transfer-Encoding: chunked
Date: Tue, 21 Nov 2023 17:48:58 GMT
Via: 1.1 vegur

{
    "token": "eyJhbGciOiJIUzUxMiJ9.eyJzdWIiOiJhbmd1LmdlZXRoYUBnbWFpbC5jb20iLCJpYXQiOjE3MDA1ODg5MzgsImV4cCI6MTcwMDYxNzczOH0.aYy9GB7nPd_w9UGticny0egiOZiTgiDVNMMzaycrP5giYEpj5P_UfiMIAYVpc6malKInjJAt1uj-JXZyfMCGvw",
    "type": "Bearer ",
    "userId": 93,
    "loginUserEmail": "angu.geetha@gmail.com",
    "roles": [
        "ROLE_DIETICIAN"
    ]
}
[INFO ] 2023-11-21 12:48:59.192 [main] LoggerLoad - Login POST successful
  &amp#27;[32mThen &amp#27;[0m&amp#27;[32mUser receives Status with response body containing token information.&amp#27;[0m                                                           &amp#27;[90m# stepdefinitions.LoginSteps.user_receives_status_with_response_body_containing_token_information()&amp#27;[0m
[INFO ] 2023-11-21 12:48:59.202 [main] LoggerLoad - Get request created
  &amp#27;[32mGiven &amp#27;[0m&amp#27;[32mUser creates GET Request for the dietician/patient API endpoint with fields from &amp#27;[0m&amp#27;[32m&amp#27;[1m"getpatient"&amp#27;[0m&amp#27;[32m with &amp#27;[0m&amp#27;[32m&amp#27;[1m"get_patient_patient_token"&amp#27;[0m &amp#27;[90m# stepdefinitions.PatientSteps.user_creates_get_request_for_the_dietician_patient_api_endpoint_with_fields_from_with(java.lang.String,java.lang.String)&amp#27;[0m
[INFO ] 2023-11-21 12:48:59.205 [main] LoggerLoad - baseUrlhttps://dietician-dev-41d9a344a720.herokuapp.com/dietician
Request method:	GET
Request URI:	https://dietician-dev-41d9a344a720.herokuapp.com/dietician/patient
Proxy:			<none>
Request params:	<none>
Query params:	<none>
Form params:	<none>
Path params:	<none>
Headers:		Authorization=Bearer eyJhbGciOiJIUzUxMiJ9.eyJzdWIiOiJhbmd1LmdlZXRoYUBnbWFpbC5jb20iLCJpYXQiOjE3MDA1ODg5MzgsImV4cCI6MTcwMDYxNzczOH0.aYy9GB7nPd_w9UGticny0egiOZiTgiDVNMMzaycrP5giYEpj5P_UfiMIAYVpc6malKInjJAt1uj-JXZyfMCGvw
				Accept=*/*
				Content-Type=application/json
Cookies:		<none>
Multiparts:		<none>
Body:			<none>
[INFO ] 2023-11-21 12:48:59.372 [main] LoggerLoad - Patient POST request sent
  &amp#27;[32mWhen &amp#27;[0m&amp#27;[32mUser sends HTTP Get patient Request &amp#27;[0m&amp#27;[32m&amp#27;[1m"get_patient_patient_token"&amp#27;[0m                                                                 &amp#27;[90m# stepdefinitions.PatientSteps.user_sends_http_get_patient_request(java.lang.String)&amp#27;[0m
HTTP/1.1 200 
Server: Cowboy
Report-To: {"group":"heroku-nel","max_age":3600,"endpoints":[{"url":"https://nel.heroku.com/reports?ts=1700588939&sid=c46efe9b-d3d2-4a0c-8c76-bfafa16c5add&s=FWbEc73pQUiMFLyHic9FI%2FRRmjp94ACbML3QCJZ7zLc%3D"}]}
Reporting-Endpoints: heroku-nel=https://nel.heroku.com/reports?ts=1700588939&sid=c46efe9b-d3d2-4a0c-8c76-bfafa16c5add&s=FWbEc73pQUiMFLyHic9FI%2FRRmjp94ACbML3QCJZ7zLc%3D
Nel: {"report_to":"heroku-nel","max_age":3600,"success_fraction":0.005,"failure_fraction":0.05,"response_headers":["Via"]}
Connection: keep-alive
Vary: Origin
Vary: Access-Control-Request-Method
Vary: Access-Control-Request-Headers
X-Content-Type-Options: nosniff
X-Xss-Protection: 1; mode=block
Cache-Control: no-cache, no-store, max-age=0, must-revalidate
Pragma: no-cache
Expires: 0
Strict-Transport-Security: max-age=31536000 ; includeSubDomains
X-Frame-Options: DENY
Content-Type: application/json
Transfer-Encoding: chunked
Date: Tue, 21 Nov 2023 17:48:58 GMT
Via: 1.1 vegur

[
    {
        "patientId": 5343,
        "FirstName": "jade",
        "LastName": "udans",
        "ContactNumber": "7979797979",
        "Email": "udans@gmail.com",
        "Allergy": "egg",
        "FoodCategory": "Vegan",
        "FileMorbidity": {
            "655ccc47fa57dd184cbeaa20": {
                "T4": "1.22 µg/dl",
                "TSH": "100.0 mIU/L"
            },
            "655c37c7fa57dd184cbea40a": {
                "Average Glucose": "131.0 mg/dl",
                "HbA1c": "6.5 %"
            },
            "655ccc60fa57dd184cbeaa22": {
                "T4": "1.22 µg/dl",
                "TSH": "100.0 mIU/L"
            },
            "655ce90a9cc3984158e1931f": {
                "T4": "1.22 µg/dl",
                "TSH": "100.0 mIU/L"
            },
            "655ce9d79cc3984158e1932f": {
                "T4": "1.22 µg/dl",
                "TSH": "100.0 mIU/L"
            },
            "655ce8b39cc3984158e19311": {
                "T4": "1.22 µg/dl",
                "TSH": "100.0 mIU/L"
            },
            "655ce9109cc3984158e19325": {
                "T4": "1.22 µg/dl",
                "TSH": "100.0 mIU/L"
            },
            "655ce90e9cc3984158e19323": {
                "T4": "1.22 µg/dl",
                "TSH": "100.0 mIU/L"
            },
            "655ce9db9cc3984158e19333": {
                "T4": "1.22 µg/dl",
                "TSH": "100.0 mIU/L"
            },
            "655c4a45fa57dd184cbea60a": {
                "T4": "1.22 µg/dl",
                "TSH": "100.0 mIU/L"
            },
            "655c37dbfa57dd184cbea412": {
                "T4": "1.22 µg/dl",
                "TSH": "100.0 mIU/L"
            },
            "655caf4cfa57dd184cbea8c0": {
                "T4": "1.22 µg/dl",
                "TSH": "100.0 mIU/L"
            },
            "655cea739cc3984158e19337": {
                "T4": "1.22 µg/dl",
                "TSH": "100.0 mIU/L"
            },
            "655cea779cc3984158e1933b": {
                "T4": "1.22 µg/dl",
                "TSH": "100.0 mIU/L"
            },
            "655c37d9fa57dd184cbea410": {
                "T4": "1.22 µg/dl",
                "TSH": "100.0 mIU/L"
            },
            "655caf50fa57dd184cbea8c4": {
                "T4": "1.22 µg/dl",
                "TSH": "100.0 mIU/L"
            },
            "655ce9da9cc3984158e19331": {
                "T4": "1.22 µg/dl",
                "TSH": "100.0 mIU/L"
            },
            "655ce9d69cc3984158e1932d": {
                "T4": "1.22 µg/dl",
                "TSH": "100.0 mIU/L"
            },
            "655ccc16fa57dd184cbeaa18": {
                "T4": "1.22 µg/dl",
                "TSH": "100.0 mIU/L"
            },
            "655ccc0afa57dd184cbeaa16": {
                "T4": "1.22 µg/dl",
                "TSH": "100.0 mIU/L"
            },
            "655ce8b89cc3984158e19317": {
                "T4": "1.22 µg/dl",
                "TSH": "100.0 mIU/L"
            },
            "655ce8b69cc3984158e19315": {
                "T4": "1.22 µg/dl",
                "TSH": "100.0 mIU/L"
            },
            "655ce90b9cc3984158e19321": {
                "T4": "1.22 µg/dl",
                "TSH": "100.0 mIU/L"
            },
            "655ce8b49cc3984158e19313": {
                "T4": "1.22 µg/dl",
                "TSH": "100.0 mIU/L"
            },
            "655c4a42fa57dd184cbea606": {
                "T4": "1.22 µg/dl",
                "TSH": "100.0 mIU/L"
            },
            "655c4a46fa57dd184cbea60c": {
                "T4": "1.22 µg/dl",
                "TSH": "100.0 mIU/L"
            },
            "655c4a42fa57dd184cbea608": {
                "T4": "1.22 µg/dl",
                "TSH": "100.0 mIU/L"
            },
            "655c37dcfa57dd184cbea414": {
                "T4": "1.22 µg/dl",
                "TSH": "100.0 mIU/L"
            },
            "655caf4bfa57dd184cbea8be": {
                "T4": "1.22 µg/dl",
                "TSH": "100.0 mIU/L"
            },
            "655cea769cc3984158e19339": {
                "T4": "1.22 µg/dl",
                "TSH": "100.0 mIU/L"
            },
            "655c37d8fa57dd184cbea40c": {
                "T4": "1.22 µg/dl",
                "TSH": "100.0 mIU/L"
            },
            "655caf4ffa57dd184cbea8c2": {
                "T4": "1.22 µg/dl",
                "TSH": "100.0 mIU/L"
            },
            "655cea729cc3984158e19335": {
                "T4": "1.22 µg/dl",
                "TSH": "100.0 mIU/L"
            }
        },
        "FileMorbidityCondition": {
            "655ccc47fa57dd184cbeaa20": "Thyroid: Hypothyroidism \n",
            "655c37c7fa57dd184cbea40a": "Prediabetic \n",
            "655ccc60fa57dd184cbeaa22": "Thyroid: Hypothyroidism \n",
            "655ce90a9cc3984158e1931f": "Thyroid: Hypothyroidism \n",
            "655ce9d79cc3984158e1932f": "Thyroid: Hypothyroidism \n",
            "655ce8b39cc3984158e19311": "Thyroid: Hypothyroidism \n",
            "655ce9109cc3984158e19325": "Thyroid: Hypothyroidism \n",
            "655ce90e9cc3984158e19323": "Thyroid: Hypothyroidism \n",
            "655ce9db9cc3984158e19333": "Thyroid: Hypothyroidism \n",
            "655c4a45fa57dd184cbea60a": "Thyroid: Hypothyroidism \n",
            "655c37dbfa57dd184cbea412": "Thyroid: Hypothyroidism \n",
            "655caf4cfa57dd184cbea8c0": "Thyroid: Hypothyroidism \n",
            "655cea739cc3984158e19337": "Thyroid: Hypothyroidism \n",
            "655cea779cc3984158e1933b": "Thyroid: Hypothyroidism \n",
            "655c37d9fa57dd184cbea410": "Thyroid: Hypothyroidism \n",
            "655caf50fa57dd184cbea8c4": "Thyroid: Hypothyroidism \n",
            "655ce9da9cc3984158e19331": "Thyroid: Hypothyroidism \n",
            "655ce9d69cc3984158e1932d": "Thyroid: Hypothyroidism \n",
            "655ccc16fa57dd184cbeaa18": "Thyroid: Hypothyroidism \n",
            "655ccc0afa57dd184cbeaa16": "Thyroid: Hypothyroidism \n",
            "655ce8b89cc3984158e19317": "Thyroid: Hypothyroidism \n",
            "655ce8b69cc3984158e19315": "Thyroid: Hypothyroidism \n",
            "655ce90b9cc3984158e19321": "Thyroid: Hypothyroidism \n",
            "655ce8b49cc3984158e19313": "Thyroid: Hypothyroidism \n",
            "655c4a42fa57dd184cbea606": "Thyroid: Hypothyroidism \n",
            "655c4a46fa57dd184cbea60c": "Thyroid: Hypothyroidism \n",
            "655c4a42fa57dd184cbea608": "Thyroid: Hypothyroidism \n",
            "655c37dcfa57dd184cbea414": "Thyroid: Hypothyroidism \n",
            "655caf4bfa57dd184cbea8be": "Thyroid: Hypothyroidism \n",
            "655cea769cc3984158e19339": "Thyroid: Hypothyroidism \n",
            "655c37d8fa57dd184cbea40c": "Thyroid: Hypothyroidism \n",
            "655caf4ffa57dd184cbea8c2": "Thyroid: Hypothyroidism \n",
            "655cea729cc3984158e19335": "Thyroid: Hypothyroidism \n"
        },
        "DateOfBirth": "1988-10-10T00:00:00.000+00:00",
        "DieticianId": 93
    }
]
  &amp#27;[31mThen &amp#27;[0m&amp#27;[31mUser receives response for Get patient &amp#27;[0m&amp#27;[31m&amp#27;[1m"getpatient"&amp#27;[0m&amp#27;[31m with &amp#27;[0m&amp#27;[31m&amp#27;[1m"get_patient_patient_token"&amp#27;[0m                                            &amp#27;[90m# stepdefinitions.PatientSteps.user_receives_response_for_get_patient_with(java.lang.String,java.lang.String)&amp#27;[0m
      &amp#27;[31mjava.lang.AssertionError: 1 expectation failed.
Expected status code <403> but was <200>.

	at java.base/jdk.internal.reflect.NativeConstructorAccessorImpl.newInstance0(Native Method)
	at java.base/jdk.internal.reflect.NativeConstructorAccessorImpl.newInstance(NativeConstructorAccessorImpl.java:77)
	at java.base/jdk.internal.reflect.DelegatingConstructorAccessorImpl.newInstance(DelegatingConstructorAccessorImpl.java:45)
	at java.base/java.lang.reflect.Constructor.newInstanceWithCaller(Constructor.java:499)
	at java.base/java.lang.reflect.Constructor.newInstance(Constructor.java:480)
	at org.codehaus.groovy.reflection.CachedConstructor.invoke(CachedConstructor.java:73)
	at org.codehaus.groovy.runtime.callsite.ConstructorSite$ConstructorSiteNoUnwrapNoCoerce.callConstructor(ConstructorSite.java:108)
	at org.codehaus.groovy.runtime.callsite.AbstractCallSite.callConstructor(AbstractCallSite.java:277)
	at io.restassured.internal.ResponseSpecificationImpl$HamcrestAssertionClosure.validate(ResponseSpecificationImpl.groovy:512)
	at io.restassured.internal.ResponseSpecificationImpl$HamcrestAssertionClosure$validate$1.call(Unknown Source)
	at io.restassured.internal.ResponseSpecificationImpl.validateResponseIfRequired(ResponseSpecificationImpl.groovy:696)
	at io.restassured.internal.ResponseSpecificationImpl.this$2$validateResponseIfRequired(ResponseSpecificationImpl.groovy)
	at jdk.internal.reflect.GeneratedMethodAccessor165.invoke(Unknown Source)
	at java.base/jdk.internal.reflect.DelegatingMethodAccessorImpl.invoke(DelegatingMethodAccessorImpl.java:43)
	at java.base/java.lang.reflect.Method.invoke(Method.java:568)
	at org.codehaus.groovy.runtime.callsite.PlainObjectMetaMethodSite.doInvoke(PlainObjectMetaMethodSite.java:43)
	at org.codehaus.groovy.runtime.callsite.PogoMetaMethodSite$PogoCachedMethodSiteNoUnwrapNoCoerce.invoke(PogoMetaMethodSite.java:198)
	at org.codehaus.groovy.runtime.callsite.PogoMetaMethodSite.callCurrent(PogoMetaMethodSite.java:62)
	at org.codehaus.groovy.runtime.callsite.AbstractCallSite.callCurrent(AbstractCallSite.java:185)
	at io.restassured.internal.ResponseSpecificationImpl.statusCode(ResponseSpecificationImpl.groovy:135)
	at io.restassured.specification.ResponseSpecification$statusCode$0.callCurrent(Unknown Source)
	at io.restassured.internal.ResponseSpecificationImpl.statusCode(ResponseSpecificationImpl.groovy:143)
	at io.restassured.internal.ValidatableResponseOptionsImpl.statusCode(ValidatableResponseOptionsImpl.java:89)
	at stepdefinitions.PatientSteps.user_receives_response_for_get_patient_with(PatientSteps.java:548)
	at âœ½.User receives response for Get patient "getpatient" with "get_patient_patient_token"(file:///C:/Users/rashm/eclipse-workspace/Team5-Rest-Athon/Team5-Rest-Athon-main/Team5-Rest-Athon/src/test/resources/features/Getallpatients.feature:32)
&amp#27;[0m
]]></system-out>
  </testcase>
  <testcase name="runScenario[&quot;Check if the user is able to log in with valid credentials for dietician&quot;, &quot;Optional[LOGIN MODULE]&quot;](9)" classname="runners.TestRunner" time="0.349">
    <system-out><![CDATA[
@Loginmodule @01PostTag
Scenario Outline: Check if the user is able to log in with valid credentials for dietician                             &amp#27;[90m# src/test/resources/features/Login.feature:30&amp#27;[0m
sheetPathsrc/test/resources/data/testData.xlsx
sheetNamelogin
keydataKeyvaluelogin_valid_dietician
keyuserIdvalueangu.geetha@gmail.com
keypasswordvalueSong88
[INFO ] 2023-11-21 12:48:59.488 [main] LoggerLoad - Login Request: userId: angu.geetha@gmail.compassword: Song88
  &amp#27;[32mGiven &amp#27;[0m&amp#27;[32mUser creates POST Request for the dietician API endpoint using &amp#27;[0m&amp#27;[32m&amp#27;[1m"login_valid_dietician"&amp#27;[0m&amp#27;[32m and &amp#27;[0m&amp#27;[32m&amp#27;[1m"login"&amp#27;[0m&amp#27;[32m from excel.&amp#27;[0m &amp#27;[90m# stepdefinitions.LoginSteps.user_creates_post_request_for_the_dietician_api_endpoint_using_and_from_excel(java.lang.String,java.lang.String)&amp#27;[0m
Request method:	POST
Request URI:	https://dietician-dev-41d9a344a720.herokuapp.com/dietician/login
Proxy:			<none>
Request params:	<none>
Query params:	<none>
Form params:	<none>
Path params:	<none>
Headers:		Accept=*/*
				Content-Type=application/json
Cookies:		<none>
Multiparts:		<none>
Body:
{
    "userLoginEmail": "angu.geetha@gmail.com",
    "password": "Song88"
}
  &amp#27;[32mWhen &amp#27;[0m&amp#27;[32mUser sends HTTPS Request with valid credentials on the request Body.&amp#27;[0m                                            &amp#27;[90m# stepdefinitions.LoginSteps.user_sends_https_request_with_valid_credentials_on_the_request_body()&amp#27;[0m
HTTP/1.1 200 
Server: Cowboy
Report-To: {"group":"heroku-nel","max_age":3600,"endpoints":[{"url":"https://nel.heroku.com/reports?ts=1700588939&sid=c46efe9b-d3d2-4a0c-8c76-bfafa16c5add&s=FWbEc73pQUiMFLyHic9FI%2FRRmjp94ACbML3QCJZ7zLc%3D"}]}
Reporting-Endpoints: heroku-nel=https://nel.heroku.com/reports?ts=1700588939&sid=c46efe9b-d3d2-4a0c-8c76-bfafa16c5add&s=FWbEc73pQUiMFLyHic9FI%2FRRmjp94ACbML3QCJZ7zLc%3D
Nel: {"report_to":"heroku-nel","max_age":3600,"success_fraction":0.005,"failure_fraction":0.05,"response_headers":["Via"]}
Connection: keep-alive
Vary: Origin
Vary: Access-Control-Request-Method
Vary: Access-Control-Request-Headers
X-Content-Type-Options: nosniff
X-Xss-Protection: 1; mode=block
Cache-Control: no-cache, no-store, max-age=0, must-revalidate
Pragma: no-cache
Expires: 0
Strict-Transport-Security: max-age=31536000 ; includeSubDomains
X-Frame-Options: DENY
Content-Type: application/json
Transfer-Encoding: chunked
Date: Tue, 21 Nov 2023 17:48:58 GMT
Via: 1.1 vegur

{
    "token": "eyJhbGciOiJIUzUxMiJ9.eyJzdWIiOiJhbmd1LmdlZXRoYUBnbWFpbC5jb20iLCJpYXQiOjE3MDA1ODg5MzksImV4cCI6MTcwMDYxNzczOX0.MBfe942YX7MTVJ3RhzmumqgQP0d5UzN0M3OIEqic_74xWW5xQeoMXqibfdIMhiv9R0p0OGBfTB6C4IWNknFcPg",
    "type": "Bearer ",
    "userId": 93,
    "loginUserEmail": "angu.geetha@gmail.com",
    "roles": [
        "ROLE_DIETICIAN"
    ]
}
HTTP/1.1 200 
Server: Cowboy
Report-To: {"group":"heroku-nel","max_age":3600,"endpoints":[{"url":"https://nel.heroku.com/reports?ts=1700588939&sid=c46efe9b-d3d2-4a0c-8c76-bfafa16c5add&s=FWbEc73pQUiMFLyHic9FI%2FRRmjp94ACbML3QCJZ7zLc%3D"}]}
Reporting-Endpoints: heroku-nel=https://nel.heroku.com/reports?ts=1700588939&sid=c46efe9b-d3d2-4a0c-8c76-bfafa16c5add&s=FWbEc73pQUiMFLyHic9FI%2FRRmjp94ACbML3QCJZ7zLc%3D
Nel: {"report_to":"heroku-nel","max_age":3600,"success_fraction":0.005,"failure_fraction":0.05,"response_headers":["Via"]}
Connection: keep-alive
Vary: Origin
Vary: Access-Control-Request-Method
Vary: Access-Control-Request-Headers
X-Content-Type-Options: nosniff
X-Xss-Protection: 1; mode=block
Cache-Control: no-cache, no-store, max-age=0, must-revalidate
Pragma: no-cache
Expires: 0
Strict-Transport-Security: max-age=31536000 ; includeSubDomains
X-Frame-Options: DENY
Content-Type: application/json
Transfer-Encoding: chunked
Date: Tue, 21 Nov 2023 17:48:58 GMT
Via: 1.1 vegur

{
    "token": "eyJhbGciOiJIUzUxMiJ9.eyJzdWIiOiJhbmd1LmdlZXRoYUBnbWFpbC5jb20iLCJpYXQiOjE3MDA1ODg5MzksImV4cCI6MTcwMDYxNzczOX0.MBfe942YX7MTVJ3RhzmumqgQP0d5UzN0M3OIEqic_74xWW5xQeoMXqibfdIMhiv9R0p0OGBfTB6C4IWNknFcPg",
    "type": "Bearer ",
    "userId": 93,
    "loginUserEmail": "angu.geetha@gmail.com",
    "roles": [
        "ROLE_DIETICIAN"
    ]
}
[INFO ] 2023-11-21 12:48:59.738 [main] LoggerLoad - Login POST successful
io.restassured.internal.RestAssuredResponseImpl@20a7ce0
  &amp#27;[32mThen &amp#27;[0m&amp#27;[32mUser receives Status with response body &amp#27;[0m&amp#27;[32m&amp#27;[1m"login_valid_dietician"&amp#27;[0m&amp#27;[32m and &amp#27;[0m&amp#27;[32m&amp#27;[1m"login"&amp#27;[0m&amp#27;[32m from excel.&amp#27;[0m                         &amp#27;[90m# stepdefinitions.LoginSteps.user_receives_status_with_response_body_and_from_excel(java.lang.String,java.lang.String)&amp#27;[0m
]]></system-out>
  </testcase>
  <testcase name="runScenario[&quot;Check if the user is able to log in with valid credentials for dietician&quot;, &quot;Optional[LOGIN MODULE]&quot;](10)" classname="runners.TestRunner" time="0.245">
    <system-out><![CDATA[
@Loginmodule @01PostTag
Scenario Outline: Check if the user is able to log in with valid credentials for dietician                               &amp#27;[90m# src/test/resources/features/Login.feature:31&amp#27;[0m
sheetPathsrc/test/resources/data/testData.xlsx
sheetNamelogin
keydataKeyvaluelogin_invalid_dietician
keyuserIdvaluetest@gmail.com
keypasswordvaluegtyy456
[INFO ] 2023-11-21 12:48:59.827 [main] LoggerLoad - Login Request: userId: test@gmail.compassword: gtyy456
  &amp#27;[32mGiven &amp#27;[0m&amp#27;[32mUser creates POST Request for the dietician API endpoint using &amp#27;[0m&amp#27;[32m&amp#27;[1m"login_invalid_dietician"&amp#27;[0m&amp#27;[32m and &amp#27;[0m&amp#27;[32m&amp#27;[1m"login"&amp#27;[0m&amp#27;[32m from excel.&amp#27;[0m &amp#27;[90m# stepdefinitions.LoginSteps.user_creates_post_request_for_the_dietician_api_endpoint_using_and_from_excel(java.lang.String,java.lang.String)&amp#27;[0m
Request method:	POST
Request URI:	https://dietician-dev-41d9a344a720.herokuapp.com/dietician/login
Proxy:			<none>
Request params:	<none>
Query params:	<none>
Form params:	<none>
Path params:	<none>
Headers:		Accept=*/*
				Content-Type=application/json
Cookies:		<none>
Multiparts:		<none>
Body:
{
    "userLoginEmail": "test@gmail.com",
    "password": "gtyy456"
}
  &amp#27;[32mWhen &amp#27;[0m&amp#27;[32mUser sends HTTPS Request with valid credentials on the request Body.&amp#27;[0m                                              &amp#27;[90m# stepdefinitions.LoginSteps.user_sends_https_request_with_valid_credentials_on_the_request_body()&amp#27;[0m
HTTP/1.1 401 
Server: Cowboy
Report-To: {"group":"heroku-nel","max_age":3600,"endpoints":[{"url":"https://nel.heroku.com/reports?ts=1700588939&sid=c46efe9b-d3d2-4a0c-8c76-bfafa16c5add&s=FWbEc73pQUiMFLyHic9FI%2FRRmjp94ACbML3QCJZ7zLc%3D"}]}
Reporting-Endpoints: heroku-nel=https://nel.heroku.com/reports?ts=1700588939&sid=c46efe9b-d3d2-4a0c-8c76-bfafa16c5add&s=FWbEc73pQUiMFLyHic9FI%2FRRmjp94ACbML3QCJZ7zLc%3D
Nel: {"report_to":"heroku-nel","max_age":3600,"success_fraction":0.005,"failure_fraction":0.05,"response_headers":["Via"]}
Connection: keep-alive
Vary: Origin
Vary: Access-Control-Request-Method
Vary: Access-Control-Request-Headers
X-Content-Type-Options: nosniff
X-Xss-Protection: 1; mode=block
Cache-Control: no-cache, no-store, max-age=0, must-revalidate
Pragma: no-cache
Expires: 0
Strict-Transport-Security: max-age=31536000 ; includeSubDomains
X-Frame-Options: DENY
Content-Type: application/json
Transfer-Encoding: chunked
Date: Tue, 21 Nov 2023 17:48:59 GMT
Via: 1.1 vegur

{
    "timestamp": "2023-11-21T17:48:59.640+00:00",
    "status": 401,
    "error": "Unauthorized",
    "path": "/dietician/login"
}
HTTP/1.1 401 
Server: Cowboy
Report-To: {"group":"heroku-nel","max_age":3600,"endpoints":[{"url":"https://nel.heroku.com/reports?ts=1700588939&sid=c46efe9b-d3d2-4a0c-8c76-bfafa16c5add&s=FWbEc73pQUiMFLyHic9FI%2FRRmjp94ACbML3QCJZ7zLc%3D"}]}
Reporting-Endpoints: heroku-nel=https://nel.heroku.com/reports?ts=1700588939&sid=c46efe9b-d3d2-4a0c-8c76-bfafa16c5add&s=FWbEc73pQUiMFLyHic9FI%2FRRmjp94ACbML3QCJZ7zLc%3D
Nel: {"report_to":"heroku-nel","max_age":3600,"success_fraction":0.005,"failure_fraction":0.05,"response_headers":["Via"]}
Connection: keep-alive
Vary: Origin
Vary: Access-Control-Request-Method
Vary: Access-Control-Request-Headers
X-Content-Type-Options: nosniff
X-Xss-Protection: 1; mode=block
Cache-Control: no-cache, no-store, max-age=0, must-revalidate
Pragma: no-cache
Expires: 0
Strict-Transport-Security: max-age=31536000 ; includeSubDomains
X-Frame-Options: DENY
Content-Type: application/json
Transfer-Encoding: chunked
Date: Tue, 21 Nov 2023 17:48:59 GMT
Via: 1.1 vegur

{
    "timestamp": "2023-11-21T17:48:59.640+00:00",
    "status": 401,
    "error": "Unauthorized",
    "path": "/dietician/login"
}
[INFO ] 2023-11-21 12:48:59.992 [main] LoggerLoad - null
  &amp#27;[32mThen &amp#27;[0m&amp#27;[32mUser receives Status with response body &amp#27;[0m&amp#27;[32m&amp#27;[1m"login_invalid_dietician"&amp#27;[0m&amp#27;[32m and &amp#27;[0m&amp#27;[32m&amp#27;[1m"login"&amp#27;[0m&amp#27;[32m from excel.&amp#27;[0m                         &amp#27;[90m# stepdefinitions.LoginSteps.user_receives_status_with_response_body_and_from_excel(java.lang.String,java.lang.String)&amp#27;[0m
]]></system-out>
    <system-err><![CDATA[java.lang.NullPointerException
	at java.base/java.io.Reader.<init>(Reader.java:168)
	at java.base/java.io.InputStreamReader.<init>(InputStreamReader.java:76)
	at io.restassured.module.jsv.JsonSchemaValidator.matchesJsonSchema(JsonSchemaValidator.java:127)
	at stepdefinitions.LoginSteps.user_receives_status_with_response_body_and_from_excel(LoginSteps.java:117)
	at java.base/jdk.internal.reflect.NativeMethodAccessorImpl.invoke0(Native Method)
	at java.base/jdk.internal.reflect.NativeMethodAccessorImpl.invoke(NativeMethodAccessorImpl.java:77)
	at java.base/jdk.internal.reflect.DelegatingMethodAccessorImpl.invoke(DelegatingMethodAccessorImpl.java:43)
	at java.base/java.lang.reflect.Method.invoke(Method.java:568)
	at io.cucumber.java.Invoker.doInvoke(Invoker.java:66)
	at io.cucumber.java.Invoker.invoke(Invoker.java:24)
	at io.cucumber.java.AbstractGlueDefinition.invokeMethod(AbstractGlueDefinition.java:47)
	at io.cucumber.java.JavaStepDefinition.execute(JavaStepDefinition.java:29)
	at io.cucumber.core.runner.CoreStepDefinition.execute(CoreStepDefinition.java:66)
	at io.cucumber.core.runner.PickleStepDefinitionMatch.runStep(PickleStepDefinitionMatch.java:63)
	at io.cucumber.core.runner.ExecutionMode$1.execute(ExecutionMode.java:10)
	at io.cucumber.core.runner.TestStep.executeStep(TestStep.java:86)
	at io.cucumber.core.runner.TestStep.run(TestStep.java:57)
	at io.cucumber.core.runner.PickleStepTestStep.run(PickleStepTestStep.java:51)
	at io.cucumber.core.runner.TestCase.run(TestCase.java:95)
	at io.cucumber.core.runner.Runner.runPickle(Runner.java:75)
	at io.cucumber.testng.TestNGCucumberRunner.lambda$runScenario$1(TestNGCucumberRunner.java:132)
	at io.cucumber.core.runtime.CucumberExecutionContext.lambda$runTestCase$3(CucumberExecutionContext.java:151)
	at io.cucumber.core.runtime.RethrowingThrowableCollector.executeAndThrow(RethrowingThrowableCollector.java:23)
	at io.cucumber.core.runtime.CucumberExecutionContext.runTestCase(CucumberExecutionContext.java:151)
	at io.cucumber.testng.TestNGCucumberRunner.runScenario(TestNGCucumberRunner.java:129)
	at io.cucumber.testng.AbstractTestNGCucumberTests.runScenario(AbstractTestNGCucumberTests.java:35)
	at java.base/jdk.internal.reflect.NativeMethodAccessorImpl.invoke0(Native Method)
	at java.base/jdk.internal.reflect.NativeMethodAccessorImpl.invoke(NativeMethodAccessorImpl.java:77)
	at java.base/jdk.internal.reflect.DelegatingMethodAccessorImpl.invoke(DelegatingMethodAccessorImpl.java:43)
	at java.base/java.lang.reflect.Method.invoke(Method.java:568)
	at org.testng.internal.invokers.MethodInvocationHelper.invokeMethod(MethodInvocationHelper.java:139)
	at org.testng.internal.invokers.TestInvoker.invokeMethod(TestInvoker.java:677)
	at org.testng.internal.invokers.TestInvoker.invokeTestMethod(TestInvoker.java:221)
	at org.testng.internal.invokers.MethodRunner.runInSequence(MethodRunner.java:50)
	at org.testng.internal.invokers.TestInvoker$MethodInvocationAgent.invoke(TestInvoker.java:969)
	at org.testng.internal.invokers.TestInvoker.invokeTestMethods(TestInvoker.java:194)
	at org.testng.internal.invokers.TestMethodWorker.invokeTestMethods(TestMethodWorker.java:148)
	at org.testng.internal.invokers.TestMethodWorker.run(TestMethodWorker.java:128)
	at java.base/java.util.ArrayList.forEach(ArrayList.java:1511)
	at org.testng.TestRunner.privateRun(TestRunner.java:829)
	at org.testng.TestRunner.run(TestRunner.java:602)
	at org.testng.SuiteRunner.runTest(SuiteRunner.java:437)
	at org.testng.SuiteRunner.runSequentially(SuiteRunner.java:431)
	at org.testng.SuiteRunner.privateRun(SuiteRunner.java:391)
	at org.testng.SuiteRunner.run(SuiteRunner.java:330)
	at org.testng.SuiteRunnerWorker.runSuite(SuiteRunnerWorker.java:52)
	at org.testng.SuiteRunnerWorker.run(SuiteRunnerWorker.java:95)
	at org.testng.TestNG.runSuitesSequentially(TestNG.java:1256)
	at org.testng.TestNG.runSuitesLocally(TestNG.java:1176)
	at org.testng.TestNG.runSuites(TestNG.java:1099)
	at org.testng.TestNG.run(TestNG.java:1067)
	at org.apache.maven.surefire.testng.TestNGExecutor.run(TestNGExecutor.java:308)
	at org.apache.maven.surefire.testng.TestNGXmlTestSuite.execute(TestNGXmlTestSuite.java:71)
	at org.apache.maven.surefire.testng.TestNGProvider.invoke(TestNGProvider.java:113)
	at org.apache.maven.surefire.booter.ForkedBooter.runSuitesInProcess(ForkedBooter.java:385)
	at org.apache.maven.surefire.booter.ForkedBooter.execute(ForkedBooter.java:162)
	at org.apache.maven.surefire.booter.ForkedBooter.run(ForkedBooter.java:507)
	at org.apache.maven.surefire.booter.ForkedBooter.main(ForkedBooter.java:495)
]]></system-err>
  </testcase>
  <testcase name="runScenario[&quot;Check if the user is able to log in with valid credentials for dietician&quot;, &quot;Optional[LOGIN MODULE]&quot;](11)" classname="runners.TestRunner" time="0.344">
    <system-out><![CDATA[
@Loginmodule @01PostTag
Scenario Outline: Check if the user is able to log in with valid credentials for dietician                                   &amp#27;[90m# src/test/resources/features/Login.feature:32&amp#27;[0m
sheetPathsrc/test/resources/data/testData.xlsx
sheetNamelogin
keydataKeyvaluelogin_invalidPass_dietician
keyuserIdvalueangu.geetha@gmail.com
keypasswordvaluetyurryy
[INFO ] 2023-11-21 12:49:00.084 [main] LoggerLoad - Login Request: userId: angu.geetha@gmail.compassword: tyurryy
  &amp#27;[32mGiven &amp#27;[0m&amp#27;[32mUser creates POST Request for the dietician API endpoint using &amp#27;[0m&amp#27;[32m&amp#27;[1m"login_invalidPass_dietician"&amp#27;[0m&amp#27;[32m and &amp#27;[0m&amp#27;[32m&amp#27;[1m"login"&amp#27;[0m&amp#27;[32m from excel.&amp#27;[0m &amp#27;[90m# stepdefinitions.LoginSteps.user_creates_post_request_for_the_dietician_api_endpoint_using_and_from_excel(java.lang.String,java.lang.String)&amp#27;[0m
Request method:	POST
Request URI:	https://dietician-dev-41d9a344a720.herokuapp.com/dietician/login
Proxy:			<none>
Request params:	<none>
Query params:	<none>
Form params:	<none>
Path params:	<none>
Headers:		Accept=*/*
				Content-Type=application/json
Cookies:		<none>
Multiparts:		<none>
Body:
{
    "userLoginEmail": "angu.geetha@gmail.com",
    "password": "tyurryy"
}
  &amp#27;[32mWhen &amp#27;[0m&amp#27;[32mUser sends HTTPS Request with valid credentials on the request Body.&amp#27;[0m                                                  &amp#27;[90m# stepdefinitions.LoginSteps.user_sends_https_request_with_valid_credentials_on_the_request_body()&amp#27;[0m
HTTP/1.1 401 
Server: Cowboy
Report-To: {"group":"heroku-nel","max_age":3600,"endpoints":[{"url":"https://nel.heroku.com/reports?ts=1700588939&sid=c46efe9b-d3d2-4a0c-8c76-bfafa16c5add&s=FWbEc73pQUiMFLyHic9FI%2FRRmjp94ACbML3QCJZ7zLc%3D"}]}
Reporting-Endpoints: heroku-nel=https://nel.heroku.com/reports?ts=1700588939&sid=c46efe9b-d3d2-4a0c-8c76-bfafa16c5add&s=FWbEc73pQUiMFLyHic9FI%2FRRmjp94ACbML3QCJZ7zLc%3D
Nel: {"report_to":"heroku-nel","max_age":3600,"success_fraction":0.005,"failure_fraction":0.05,"response_headers":["Via"]}
Connection: keep-alive
Vary: Origin
Vary: Access-Control-Request-Method
Vary: Access-Control-Request-Headers
X-Content-Type-Options: nosniff
X-Xss-Protection: 1; mode=block
Cache-Control: no-cache, no-store, max-age=0, must-revalidate
Pragma: no-cache
Expires: 0
Strict-Transport-Security: max-age=31536000 ; includeSubDomains
X-Frame-Options: DENY
Content-Type: application/json
Transfer-Encoding: chunked
Date: Tue, 21 Nov 2023 17:48:59 GMT
Via: 1.1 vegur

{
    "timestamp": "2023-11-21T17:48:59.985+00:00",
    "status": 401,
    "error": "Unauthorized",
    "path": "/dietician/login"
}
HTTP/1.1 401 
Server: Cowboy
Report-To: {"group":"heroku-nel","max_age":3600,"endpoints":[{"url":"https://nel.heroku.com/reports?ts=1700588939&sid=c46efe9b-d3d2-4a0c-8c76-bfafa16c5add&s=FWbEc73pQUiMFLyHic9FI%2FRRmjp94ACbML3QCJZ7zLc%3D"}]}
Reporting-Endpoints: heroku-nel=https://nel.heroku.com/reports?ts=1700588939&sid=c46efe9b-d3d2-4a0c-8c76-bfafa16c5add&s=FWbEc73pQUiMFLyHic9FI%2FRRmjp94ACbML3QCJZ7zLc%3D
Nel: {"report_to":"heroku-nel","max_age":3600,"success_fraction":0.005,"failure_fraction":0.05,"response_headers":["Via"]}
Connection: keep-alive
Vary: Origin
Vary: Access-Control-Request-Method
Vary: Access-Control-Request-Headers
X-Content-Type-Options: nosniff
X-Xss-Protection: 1; mode=block
Cache-Control: no-cache, no-store, max-age=0, must-revalidate
Pragma: no-cache
Expires: 0
Strict-Transport-Security: max-age=31536000 ; includeSubDomains
X-Frame-Options: DENY
Content-Type: application/json
Transfer-Encoding: chunked
Date: Tue, 21 Nov 2023 17:48:59 GMT
Via: 1.1 vegur

{
    "timestamp": "2023-11-21T17:48:59.985+00:00",
    "status": 401,
    "error": "Unauthorized",
    "path": "/dietician/login"
}
[INFO ] 2023-11-21 12:49:00.338 [main] LoggerLoad - null
  &amp#27;[32mThen &amp#27;[0m&amp#27;[32mUser receives Status with response body &amp#27;[0m&amp#27;[32m&amp#27;[1m"login_invalidPass_dietician"&amp#27;[0m&amp#27;[32m and &amp#27;[0m&amp#27;[32m&amp#27;[1m"login"&amp#27;[0m&amp#27;[32m from excel.&amp#27;[0m                         &amp#27;[90m# stepdefinitions.LoginSteps.user_receives_status_with_response_body_and_from_excel(java.lang.String,java.lang.String)&amp#27;[0m
]]></system-out>
    <system-err><![CDATA[java.lang.NullPointerException
	at java.base/java.io.Reader.<init>(Reader.java:168)
	at java.base/java.io.InputStreamReader.<init>(InputStreamReader.java:76)
	at io.restassured.module.jsv.JsonSchemaValidator.matchesJsonSchema(JsonSchemaValidator.java:127)
	at stepdefinitions.LoginSteps.user_receives_status_with_response_body_and_from_excel(LoginSteps.java:117)
	at java.base/jdk.internal.reflect.NativeMethodAccessorImpl.invoke0(Native Method)
	at java.base/jdk.internal.reflect.NativeMethodAccessorImpl.invoke(NativeMethodAccessorImpl.java:77)
	at java.base/jdk.internal.reflect.DelegatingMethodAccessorImpl.invoke(DelegatingMethodAccessorImpl.java:43)
	at java.base/java.lang.reflect.Method.invoke(Method.java:568)
	at io.cucumber.java.Invoker.doInvoke(Invoker.java:66)
	at io.cucumber.java.Invoker.invoke(Invoker.java:24)
	at io.cucumber.java.AbstractGlueDefinition.invokeMethod(AbstractGlueDefinition.java:47)
	at io.cucumber.java.JavaStepDefinition.execute(JavaStepDefinition.java:29)
	at io.cucumber.core.runner.CoreStepDefinition.execute(CoreStepDefinition.java:66)
	at io.cucumber.core.runner.PickleStepDefinitionMatch.runStep(PickleStepDefinitionMatch.java:63)
	at io.cucumber.core.runner.ExecutionMode$1.execute(ExecutionMode.java:10)
	at io.cucumber.core.runner.TestStep.executeStep(TestStep.java:86)
	at io.cucumber.core.runner.TestStep.run(TestStep.java:57)
	at io.cucumber.core.runner.PickleStepTestStep.run(PickleStepTestStep.java:51)
	at io.cucumber.core.runner.TestCase.run(TestCase.java:95)
	at io.cucumber.core.runner.Runner.runPickle(Runner.java:75)
	at io.cucumber.testng.TestNGCucumberRunner.lambda$runScenario$1(TestNGCucumberRunner.java:132)
	at io.cucumber.core.runtime.CucumberExecutionContext.lambda$runTestCase$3(CucumberExecutionContext.java:151)
	at io.cucumber.core.runtime.RethrowingThrowableCollector.executeAndThrow(RethrowingThrowableCollector.java:23)
	at io.cucumber.core.runtime.CucumberExecutionContext.runTestCase(CucumberExecutionContext.java:151)
	at io.cucumber.testng.TestNGCucumberRunner.runScenario(TestNGCucumberRunner.java:129)
	at io.cucumber.testng.AbstractTestNGCucumberTests.runScenario(AbstractTestNGCucumberTests.java:35)
	at java.base/jdk.internal.reflect.NativeMethodAccessorImpl.invoke0(Native Method)
	at java.base/jdk.internal.reflect.NativeMethodAccessorImpl.invoke(NativeMethodAccessorImpl.java:77)
	at java.base/jdk.internal.reflect.DelegatingMethodAccessorImpl.invoke(DelegatingMethodAccessorImpl.java:43)
	at java.base/java.lang.reflect.Method.invoke(Method.java:568)
	at org.testng.internal.invokers.MethodInvocationHelper.invokeMethod(MethodInvocationHelper.java:139)
	at org.testng.internal.invokers.TestInvoker.invokeMethod(TestInvoker.java:677)
	at org.testng.internal.invokers.TestInvoker.invokeTestMethod(TestInvoker.java:221)
	at org.testng.internal.invokers.MethodRunner.runInSequence(MethodRunner.java:50)
	at org.testng.internal.invokers.TestInvoker$MethodInvocationAgent.invoke(TestInvoker.java:969)
	at org.testng.internal.invokers.TestInvoker.invokeTestMethods(TestInvoker.java:194)
	at org.testng.internal.invokers.TestMethodWorker.invokeTestMethods(TestMethodWorker.java:148)
	at org.testng.internal.invokers.TestMethodWorker.run(TestMethodWorker.java:128)
	at java.base/java.util.ArrayList.forEach(ArrayList.java:1511)
	at org.testng.TestRunner.privateRun(TestRunner.java:829)
	at org.testng.TestRunner.run(TestRunner.java:602)
	at org.testng.SuiteRunner.runTest(SuiteRunner.java:437)
	at org.testng.SuiteRunner.runSequentially(SuiteRunner.java:431)
	at org.testng.SuiteRunner.privateRun(SuiteRunner.java:391)
	at org.testng.SuiteRunner.run(SuiteRunner.java:330)
	at org.testng.SuiteRunnerWorker.runSuite(SuiteRunnerWorker.java:52)
	at org.testng.SuiteRunnerWorker.run(SuiteRunnerWorker.java:95)
	at org.testng.TestNG.runSuitesSequentially(TestNG.java:1256)
	at org.testng.TestNG.runSuitesLocally(TestNG.java:1176)
	at org.testng.TestNG.runSuites(TestNG.java:1099)
	at org.testng.TestNG.run(TestNG.java:1067)
	at org.apache.maven.surefire.testng.TestNGExecutor.run(TestNGExecutor.java:308)
	at org.apache.maven.surefire.testng.TestNGXmlTestSuite.execute(TestNGXmlTestSuite.java:71)
	at org.apache.maven.surefire.testng.TestNGProvider.invoke(TestNGProvider.java:113)
	at org.apache.maven.surefire.booter.ForkedBooter.runSuitesInProcess(ForkedBooter.java:385)
	at org.apache.maven.surefire.booter.ForkedBooter.execute(ForkedBooter.java:162)
	at org.apache.maven.surefire.booter.ForkedBooter.run(ForkedBooter.java:507)
	at org.apache.maven.surefire.booter.ForkedBooter.main(ForkedBooter.java:495)
]]></system-err>
  </testcase>
  <testcase name="runScenario[&quot;Check if the user is able to log in with valid credentials for dietician&quot;, &quot;Optional[LOGIN MODULE]&quot;](12)" classname="runners.TestRunner" time="0.327">
    <system-out><![CDATA[
@Loginmodule @01PostTag
Scenario Outline: Check if the user is able to log in with valid credentials for dietician                                    &amp#27;[90m# src/test/resources/features/Login.feature:33&amp#27;[0m
sheetPathsrc/test/resources/data/testData.xlsx
sheetNamelogin
keydataKeyvaluelogin_invalidEmail_dietician
keyuserIdvaluebnm@gmail.com
keypasswordvalueSong88
[INFO ] 2023-11-21 12:49:00.432 [main] LoggerLoad - Login Request: userId: bnm@gmail.compassword: Song88
  &amp#27;[32mGiven &amp#27;[0m&amp#27;[32mUser creates POST Request for the dietician API endpoint using &amp#27;[0m&amp#27;[32m&amp#27;[1m"login_invalidEmail_dietician"&amp#27;[0m&amp#27;[32m and &amp#27;[0m&amp#27;[32m&amp#27;[1m"login"&amp#27;[0m&amp#27;[32m from excel.&amp#27;[0m &amp#27;[90m# stepdefinitions.LoginSteps.user_creates_post_request_for_the_dietician_api_endpoint_using_and_from_excel(java.lang.String,java.lang.String)&amp#27;[0m
Request method:	POST
Request URI:	https://dietician-dev-41d9a344a720.herokuapp.com/dietician/login
Proxy:			<none>
Request params:	<none>
Query params:	<none>
Form params:	<none>
Path params:	<none>
Headers:		Accept=*/*
				Content-Type=application/json
Cookies:		<none>
Multiparts:		<none>
Body:
{
    "userLoginEmail": "bnm@gmail.com",
    "password": "Song88"
}
  &amp#27;[32mWhen &amp#27;[0m&amp#27;[32mUser sends HTTPS Request with valid credentials on the request Body.&amp#27;[0m                                                   &amp#27;[90m# stepdefinitions.LoginSteps.user_sends_https_request_with_valid_credentials_on_the_request_body()&amp#27;[0m
HTTP/1.1 401 
Server: Cowboy
Report-To: {"group":"heroku-nel","max_age":3600,"endpoints":[{"url":"https://nel.heroku.com/reports?ts=1700588940&sid=c46efe9b-d3d2-4a0c-8c76-bfafa16c5add&s=50Xa5gka47ptxp216v%2F4qHEplr%2BjH3WBmuDUVuIC1ak%3D"}]}
Reporting-Endpoints: heroku-nel=https://nel.heroku.com/reports?ts=1700588940&sid=c46efe9b-d3d2-4a0c-8c76-bfafa16c5add&s=50Xa5gka47ptxp216v%2F4qHEplr%2BjH3WBmuDUVuIC1ak%3D
Nel: {"report_to":"heroku-nel","max_age":3600,"success_fraction":0.005,"failure_fraction":0.05,"response_headers":["Via"]}
Connection: keep-alive
Vary: Origin
Vary: Access-Control-Request-Method
Vary: Access-Control-Request-Headers
X-Content-Type-Options: nosniff
X-Xss-Protection: 1; mode=block
Cache-Control: no-cache, no-store, max-age=0, must-revalidate
Pragma: no-cache
Expires: 0
Strict-Transport-Security: max-age=31536000 ; includeSubDomains
X-Frame-Options: DENY
Content-Type: application/json
Transfer-Encoding: chunked
Date: Tue, 21 Nov 2023 17:48:59 GMT
Via: 1.1 vegur

{
    "timestamp": "2023-11-21T17:49:00.314+00:00",
    "status": 401,
    "error": "Unauthorized",
    "path": "/dietician/login"
}
HTTP/1.1 401 
Server: Cowboy
Report-To: {"group":"heroku-nel","max_age":3600,"endpoints":[{"url":"https://nel.heroku.com/reports?ts=1700588940&sid=c46efe9b-d3d2-4a0c-8c76-bfafa16c5add&s=50Xa5gka47ptxp216v%2F4qHEplr%2BjH3WBmuDUVuIC1ak%3D"}]}
Reporting-Endpoints: heroku-nel=https://nel.heroku.com/reports?ts=1700588940&sid=c46efe9b-d3d2-4a0c-8c76-bfafa16c5add&s=50Xa5gka47ptxp216v%2F4qHEplr%2BjH3WBmuDUVuIC1ak%3D
Nel: {"report_to":"heroku-nel","max_age":3600,"success_fraction":0.005,"failure_fraction":0.05,"response_headers":["Via"]}
Connection: keep-alive
Vary: Origin
Vary: Access-Control-Request-Method
Vary: Access-Control-Request-Headers
X-Content-Type-Options: nosniff
X-Xss-Protection: 1; mode=block
Cache-Control: no-cache, no-store, max-age=0, must-revalidate
Pragma: no-cache
Expires: 0
Strict-Transport-Security: max-age=31536000 ; includeSubDomains
X-Frame-Options: DENY
Content-Type: application/json
Transfer-Encoding: chunked
Date: Tue, 21 Nov 2023 17:48:59 GMT
Via: 1.1 vegur

{
    "timestamp": "2023-11-21T17:49:00.314+00:00",
    "status": 401,
    "error": "Unauthorized",
    "path": "/dietician/login"
}
[INFO ] 2023-11-21 12:49:00.668 [main] LoggerLoad - null
  &amp#27;[32mThen &amp#27;[0m&amp#27;[32mUser receives Status with response body &amp#27;[0m&amp#27;[32m&amp#27;[1m"login_invalidEmail_dietician"&amp#27;[0m&amp#27;[32m and &amp#27;[0m&amp#27;[32m&amp#27;[1m"login"&amp#27;[0m&amp#27;[32m from excel.&amp#27;[0m                         &amp#27;[90m# stepdefinitions.LoginSteps.user_receives_status_with_response_body_and_from_excel(java.lang.String,java.lang.String)&amp#27;[0m
]]></system-out>
    <system-err><![CDATA[java.lang.NullPointerException
	at java.base/java.io.Reader.<init>(Reader.java:168)
	at java.base/java.io.InputStreamReader.<init>(InputStreamReader.java:76)
	at io.restassured.module.jsv.JsonSchemaValidator.matchesJsonSchema(JsonSchemaValidator.java:127)
	at stepdefinitions.LoginSteps.user_receives_status_with_response_body_and_from_excel(LoginSteps.java:117)
	at java.base/jdk.internal.reflect.NativeMethodAccessorImpl.invoke0(Native Method)
	at java.base/jdk.internal.reflect.NativeMethodAccessorImpl.invoke(NativeMethodAccessorImpl.java:77)
	at java.base/jdk.internal.reflect.DelegatingMethodAccessorImpl.invoke(DelegatingMethodAccessorImpl.java:43)
	at java.base/java.lang.reflect.Method.invoke(Method.java:568)
	at io.cucumber.java.Invoker.doInvoke(Invoker.java:66)
	at io.cucumber.java.Invoker.invoke(Invoker.java:24)
	at io.cucumber.java.AbstractGlueDefinition.invokeMethod(AbstractGlueDefinition.java:47)
	at io.cucumber.java.JavaStepDefinition.execute(JavaStepDefinition.java:29)
	at io.cucumber.core.runner.CoreStepDefinition.execute(CoreStepDefinition.java:66)
	at io.cucumber.core.runner.PickleStepDefinitionMatch.runStep(PickleStepDefinitionMatch.java:63)
	at io.cucumber.core.runner.ExecutionMode$1.execute(ExecutionMode.java:10)
	at io.cucumber.core.runner.TestStep.executeStep(TestStep.java:86)
	at io.cucumber.core.runner.TestStep.run(TestStep.java:57)
	at io.cucumber.core.runner.PickleStepTestStep.run(PickleStepTestStep.java:51)
	at io.cucumber.core.runner.TestCase.run(TestCase.java:95)
	at io.cucumber.core.runner.Runner.runPickle(Runner.java:75)
	at io.cucumber.testng.TestNGCucumberRunner.lambda$runScenario$1(TestNGCucumberRunner.java:132)
	at io.cucumber.core.runtime.CucumberExecutionContext.lambda$runTestCase$3(CucumberExecutionContext.java:151)
	at io.cucumber.core.runtime.RethrowingThrowableCollector.executeAndThrow(RethrowingThrowableCollector.java:23)
	at io.cucumber.core.runtime.CucumberExecutionContext.runTestCase(CucumberExecutionContext.java:151)
	at io.cucumber.testng.TestNGCucumberRunner.runScenario(TestNGCucumberRunner.java:129)
	at io.cucumber.testng.AbstractTestNGCucumberTests.runScenario(AbstractTestNGCucumberTests.java:35)
	at java.base/jdk.internal.reflect.NativeMethodAccessorImpl.invoke0(Native Method)
	at java.base/jdk.internal.reflect.NativeMethodAccessorImpl.invoke(NativeMethodAccessorImpl.java:77)
	at java.base/jdk.internal.reflect.DelegatingMethodAccessorImpl.invoke(DelegatingMethodAccessorImpl.java:43)
	at java.base/java.lang.reflect.Method.invoke(Method.java:568)
	at org.testng.internal.invokers.MethodInvocationHelper.invokeMethod(MethodInvocationHelper.java:139)
	at org.testng.internal.invokers.TestInvoker.invokeMethod(TestInvoker.java:677)
	at org.testng.internal.invokers.TestInvoker.invokeTestMethod(TestInvoker.java:221)
	at org.testng.internal.invokers.MethodRunner.runInSequence(MethodRunner.java:50)
	at org.testng.internal.invokers.TestInvoker$MethodInvocationAgent.invoke(TestInvoker.java:969)
	at org.testng.internal.invokers.TestInvoker.invokeTestMethods(TestInvoker.java:194)
	at org.testng.internal.invokers.TestMethodWorker.invokeTestMethods(TestMethodWorker.java:148)
	at org.testng.internal.invokers.TestMethodWorker.run(TestMethodWorker.java:128)
	at java.base/java.util.ArrayList.forEach(ArrayList.java:1511)
	at org.testng.TestRunner.privateRun(TestRunner.java:829)
	at org.testng.TestRunner.run(TestRunner.java:602)
	at org.testng.SuiteRunner.runTest(SuiteRunner.java:437)
	at org.testng.SuiteRunner.runSequentially(SuiteRunner.java:431)
	at org.testng.SuiteRunner.privateRun(SuiteRunner.java:391)
	at org.testng.SuiteRunner.run(SuiteRunner.java:330)
	at org.testng.SuiteRunnerWorker.runSuite(SuiteRunnerWorker.java:52)
	at org.testng.SuiteRunnerWorker.run(SuiteRunnerWorker.java:95)
	at org.testng.TestNG.runSuitesSequentially(TestNG.java:1256)
	at org.testng.TestNG.runSuitesLocally(TestNG.java:1176)
	at org.testng.TestNG.runSuites(TestNG.java:1099)
	at org.testng.TestNG.run(TestNG.java:1067)
	at org.apache.maven.surefire.testng.TestNGExecutor.run(TestNGExecutor.java:308)
	at org.apache.maven.surefire.testng.TestNGXmlTestSuite.execute(TestNGXmlTestSuite.java:71)
	at org.apache.maven.surefire.testng.TestNGProvider.invoke(TestNGProvider.java:113)
	at org.apache.maven.surefire.booter.ForkedBooter.runSuitesInProcess(ForkedBooter.java:385)
	at org.apache.maven.surefire.booter.ForkedBooter.execute(ForkedBooter.java:162)
	at org.apache.maven.surefire.booter.ForkedBooter.run(ForkedBooter.java:507)
	at org.apache.maven.surefire.booter.ForkedBooter.main(ForkedBooter.java:495)
]]></system-err>
  </testcase>
  <testcase name="runScenario[&quot;Check if the user is able to log in with valid credentials for dietician&quot;, &quot;Optional[LOGIN MODULE]&quot;](13)" classname="runners.TestRunner" time="0.089">
    <system-out><![CDATA[
@Loginmodule @01PostTag
Scenario Outline: Check if the user is able to log in with valid credentials for dietician                                   &amp#27;[90m# src/test/resources/features/Login.feature:34&amp#27;[0m
sheetPathsrc/test/resources/data/testData.xlsx
sheetNamelogin
keydataKeyvaluelogin_missingCred_dietician
keyuserIdvaluenull
keypasswordvalue
[INFO ] 2023-11-21 12:49:00.737 [main] LoggerLoad - Cannot invoke "String.isBlank()" because the return value of "java.util.Map.get(Object)" is null
  &amp#27;[32mGiven &amp#27;[0m&amp#27;[32mUser creates POST Request for the dietician API endpoint using &amp#27;[0m&amp#27;[32m&amp#27;[1m"login_missingCred_dietician"&amp#27;[0m&amp#27;[32m and &amp#27;[0m&amp#27;[32m&amp#27;[1m"login"&amp#27;[0m&amp#27;[32m from excel.&amp#27;[0m &amp#27;[90m# stepdefinitions.LoginSteps.user_creates_post_request_for_the_dietician_api_endpoint_using_and_from_excel(java.lang.String,java.lang.String)&amp#27;[0m
[INFO ] 2023-11-21 12:49:00.746 [main] LoggerLoad - Cannot invoke "io.restassured.specification.RequestSpecification.when()" because "this.requestSpec" is null
  &amp#27;[32mWhen &amp#27;[0m&amp#27;[32mUser sends HTTPS Request with valid credentials on the request Body.&amp#27;[0m                                                  &amp#27;[90m# stepdefinitions.LoginSteps.user_sends_https_request_with_valid_credentials_on_the_request_body()&amp#27;[0m
[INFO ] 2023-11-21 12:49:00.750 [main] LoggerLoad - Cannot invoke "io.restassured.response.Response.asString()" because "this.resp" is null
  &amp#27;[32mThen &amp#27;[0m&amp#27;[32mUser receives Status with response body &amp#27;[0m&amp#27;[32m&amp#27;[1m"login_missingCred_dietician"&amp#27;[0m&amp#27;[32m and &amp#27;[0m&amp#27;[32m&amp#27;[1m"login"&amp#27;[0m&amp#27;[32m from excel.&amp#27;[0m                         &amp#27;[90m# stepdefinitions.LoginSteps.user_receives_status_with_response_body_and_from_excel(java.lang.String,java.lang.String)&amp#27;[0m
]]></system-out>
    <system-err><![CDATA[java.lang.NullPointerException: Cannot invoke "String.isBlank()" because the return value of "java.util.Map.get(Object)" is null
	at stepdefinitions.LoginSteps.user_creates_post_request_for_the_dietician_api_endpoint_using_and_from_excel(LoginSteps.java:53)
	at java.base/jdk.internal.reflect.NativeMethodAccessorImpl.invoke0(Native Method)
	at java.base/jdk.internal.reflect.NativeMethodAccessorImpl.invoke(NativeMethodAccessorImpl.java:77)
	at java.base/jdk.internal.reflect.DelegatingMethodAccessorImpl.invoke(DelegatingMethodAccessorImpl.java:43)
	at java.base/java.lang.reflect.Method.invoke(Method.java:568)
	at io.cucumber.java.Invoker.doInvoke(Invoker.java:66)
	at io.cucumber.java.Invoker.invoke(Invoker.java:24)
	at io.cucumber.java.AbstractGlueDefinition.invokeMethod(AbstractGlueDefinition.java:47)
	at io.cucumber.java.JavaStepDefinition.execute(JavaStepDefinition.java:29)
	at io.cucumber.core.runner.CoreStepDefinition.execute(CoreStepDefinition.java:66)
	at io.cucumber.core.runner.PickleStepDefinitionMatch.runStep(PickleStepDefinitionMatch.java:63)
	at io.cucumber.core.runner.ExecutionMode$1.execute(ExecutionMode.java:10)
	at io.cucumber.core.runner.TestStep.executeStep(TestStep.java:86)
	at io.cucumber.core.runner.TestStep.run(TestStep.java:57)
	at io.cucumber.core.runner.PickleStepTestStep.run(PickleStepTestStep.java:51)
	at io.cucumber.core.runner.TestCase.run(TestCase.java:95)
	at io.cucumber.core.runner.Runner.runPickle(Runner.java:75)
	at io.cucumber.testng.TestNGCucumberRunner.lambda$runScenario$1(TestNGCucumberRunner.java:132)
	at io.cucumber.core.runtime.CucumberExecutionContext.lambda$runTestCase$3(CucumberExecutionContext.java:151)
	at io.cucumber.core.runtime.RethrowingThrowableCollector.executeAndThrow(RethrowingThrowableCollector.java:23)
	at io.cucumber.core.runtime.CucumberExecutionContext.runTestCase(CucumberExecutionContext.java:151)
	at io.cucumber.testng.TestNGCucumberRunner.runScenario(TestNGCucumberRunner.java:129)
	at io.cucumber.testng.AbstractTestNGCucumberTests.runScenario(AbstractTestNGCucumberTests.java:35)
	at java.base/jdk.internal.reflect.NativeMethodAccessorImpl.invoke0(Native Method)
	at java.base/jdk.internal.reflect.NativeMethodAccessorImpl.invoke(NativeMethodAccessorImpl.java:77)
	at java.base/jdk.internal.reflect.DelegatingMethodAccessorImpl.invoke(DelegatingMethodAccessorImpl.java:43)
	at java.base/java.lang.reflect.Method.invoke(Method.java:568)
	at org.testng.internal.invokers.MethodInvocationHelper.invokeMethod(MethodInvocationHelper.java:139)
	at org.testng.internal.invokers.TestInvoker.invokeMethod(TestInvoker.java:677)
	at org.testng.internal.invokers.TestInvoker.invokeTestMethod(TestInvoker.java:221)
	at org.testng.internal.invokers.MethodRunner.runInSequence(MethodRunner.java:50)
	at org.testng.internal.invokers.TestInvoker$MethodInvocationAgent.invoke(TestInvoker.java:969)
	at org.testng.internal.invokers.TestInvoker.invokeTestMethods(TestInvoker.java:194)
	at org.testng.internal.invokers.TestMethodWorker.invokeTestMethods(TestMethodWorker.java:148)
	at org.testng.internal.invokers.TestMethodWorker.run(TestMethodWorker.java:128)
	at java.base/java.util.ArrayList.forEach(ArrayList.java:1511)
	at org.testng.TestRunner.privateRun(TestRunner.java:829)
	at org.testng.TestRunner.run(TestRunner.java:602)
	at org.testng.SuiteRunner.runTest(SuiteRunner.java:437)
	at org.testng.SuiteRunner.runSequentially(SuiteRunner.java:431)
	at org.testng.SuiteRunner.privateRun(SuiteRunner.java:391)
	at org.testng.SuiteRunner.run(SuiteRunner.java:330)
	at org.testng.SuiteRunnerWorker.runSuite(SuiteRunnerWorker.java:52)
	at org.testng.SuiteRunnerWorker.run(SuiteRunnerWorker.java:95)
	at org.testng.TestNG.runSuitesSequentially(TestNG.java:1256)
	at org.testng.TestNG.runSuitesLocally(TestNG.java:1176)
	at org.testng.TestNG.runSuites(TestNG.java:1099)
	at org.testng.TestNG.run(TestNG.java:1067)
	at org.apache.maven.surefire.testng.TestNGExecutor.run(TestNGExecutor.java:308)
	at org.apache.maven.surefire.testng.TestNGXmlTestSuite.execute(TestNGXmlTestSuite.java:71)
	at org.apache.maven.surefire.testng.TestNGProvider.invoke(TestNGProvider.java:113)
	at org.apache.maven.surefire.booter.ForkedBooter.runSuitesInProcess(ForkedBooter.java:385)
	at org.apache.maven.surefire.booter.ForkedBooter.execute(ForkedBooter.java:162)
	at org.apache.maven.surefire.booter.ForkedBooter.run(ForkedBooter.java:507)
	at org.apache.maven.surefire.booter.ForkedBooter.main(ForkedBooter.java:495)
java.lang.NullPointerException: Cannot invoke "io.restassured.specification.RequestSpecification.when()" because "this.requestSpec" is null
	at stepdefinitions.LoginSteps.user_sends_https_request_with_valid_credentials_on_the_request_body(LoginSteps.java:81)
	at java.base/jdk.internal.reflect.NativeMethodAccessorImpl.invoke0(Native Method)
	at java.base/jdk.internal.reflect.NativeMethodAccessorImpl.invoke(NativeMethodAccessorImpl.java:77)
	at java.base/jdk.internal.reflect.DelegatingMethodAccessorImpl.invoke(DelegatingMethodAccessorImpl.java:43)
	at java.base/java.lang.reflect.Method.invoke(Method.java:568)
	at io.cucumber.java.Invoker.doInvoke(Invoker.java:66)
	at io.cucumber.java.Invoker.invoke(Invoker.java:24)
	at io.cucumber.java.AbstractGlueDefinition.invokeMethod(AbstractGlueDefinition.java:47)
	at io.cucumber.java.JavaStepDefinition.execute(JavaStepDefinition.java:29)
	at io.cucumber.core.runner.CoreStepDefinition.execute(CoreStepDefinition.java:66)
	at io.cucumber.core.runner.PickleStepDefinitionMatch.runStep(PickleStepDefinitionMatch.java:63)
	at io.cucumber.core.runner.ExecutionMode$1.execute(ExecutionMode.java:10)
	at io.cucumber.core.runner.TestStep.executeStep(TestStep.java:86)
	at io.cucumber.core.runner.TestStep.run(TestStep.java:57)
	at io.cucumber.core.runner.PickleStepTestStep.run(PickleStepTestStep.java:51)
	at io.cucumber.core.runner.TestCase.run(TestCase.java:95)
	at io.cucumber.core.runner.Runner.runPickle(Runner.java:75)
	at io.cucumber.testng.TestNGCucumberRunner.lambda$runScenario$1(TestNGCucumberRunner.java:132)
	at io.cucumber.core.runtime.CucumberExecutionContext.lambda$runTestCase$3(CucumberExecutionContext.java:151)
	at io.cucumber.core.runtime.RethrowingThrowableCollector.executeAndThrow(RethrowingThrowableCollector.java:23)
	at io.cucumber.core.runtime.CucumberExecutionContext.runTestCase(CucumberExecutionContext.java:151)
	at io.cucumber.testng.TestNGCucumberRunner.runScenario(TestNGCucumberRunner.java:129)
	at io.cucumber.testng.AbstractTestNGCucumberTests.runScenario(AbstractTestNGCucumberTests.java:35)
	at java.base/jdk.internal.reflect.NativeMethodAccessorImpl.invoke0(Native Method)
	at java.base/jdk.internal.reflect.NativeMethodAccessorImpl.invoke(NativeMethodAccessorImpl.java:77)
	at java.base/jdk.internal.reflect.DelegatingMethodAccessorImpl.invoke(DelegatingMethodAccessorImpl.java:43)
	at java.base/java.lang.reflect.Method.invoke(Method.java:568)
	at org.testng.internal.invokers.MethodInvocationHelper.invokeMethod(MethodInvocationHelper.java:139)
	at org.testng.internal.invokers.TestInvoker.invokeMethod(TestInvoker.java:677)
	at org.testng.internal.invokers.TestInvoker.invokeTestMethod(TestInvoker.java:221)
	at org.testng.internal.invokers.MethodRunner.runInSequence(MethodRunner.java:50)
	at org.testng.internal.invokers.TestInvoker$MethodInvocationAgent.invoke(TestInvoker.java:969)
	at org.testng.internal.invokers.TestInvoker.invokeTestMethods(TestInvoker.java:194)
	at org.testng.internal.invokers.TestMethodWorker.invokeTestMethods(TestMethodWorker.java:148)
	at org.testng.internal.invokers.TestMethodWorker.run(TestMethodWorker.java:128)
	at java.base/java.util.ArrayList.forEach(ArrayList.java:1511)
	at org.testng.TestRunner.privateRun(TestRunner.java:829)
	at org.testng.TestRunner.run(TestRunner.java:602)
	at org.testng.SuiteRunner.runTest(SuiteRunner.java:437)
	at org.testng.SuiteRunner.runSequentially(SuiteRunner.java:431)
	at org.testng.SuiteRunner.privateRun(SuiteRunner.java:391)
	at org.testng.SuiteRunner.run(SuiteRunner.java:330)
	at org.testng.SuiteRunnerWorker.runSuite(SuiteRunnerWorker.java:52)
	at org.testng.SuiteRunnerWorker.run(SuiteRunnerWorker.java:95)
	at org.testng.TestNG.runSuitesSequentially(TestNG.java:1256)
	at org.testng.TestNG.runSuitesLocally(TestNG.java:1176)
	at org.testng.TestNG.runSuites(TestNG.java:1099)
	at org.testng.TestNG.run(TestNG.java:1067)
	at org.apache.maven.surefire.testng.TestNGExecutor.run(TestNGExecutor.java:308)
	at org.apache.maven.surefire.testng.TestNGXmlTestSuite.execute(TestNGXmlTestSuite.java:71)
	at org.apache.maven.surefire.testng.TestNGProvider.invoke(TestNGProvider.java:113)
	at org.apache.maven.surefire.booter.ForkedBooter.runSuitesInProcess(ForkedBooter.java:385)
	at org.apache.maven.surefire.booter.ForkedBooter.execute(ForkedBooter.java:162)
	at org.apache.maven.surefire.booter.ForkedBooter.run(ForkedBooter.java:507)
	at org.apache.maven.surefire.booter.ForkedBooter.main(ForkedBooter.java:495)
java.lang.NullPointerException: Cannot invoke "io.restassured.response.Response.asString()" because "this.resp" is null
	at stepdefinitions.LoginSteps.user_receives_status_with_response_body_and_from_excel(LoginSteps.java:94)
	at java.base/jdk.internal.reflect.NativeMethodAccessorImpl.invoke0(Native Method)
	at java.base/jdk.internal.reflect.NativeMethodAccessorImpl.invoke(NativeMethodAccessorImpl.java:77)
	at java.base/jdk.internal.reflect.DelegatingMethodAccessorImpl.invoke(DelegatingMethodAccessorImpl.java:43)
	at java.base/java.lang.reflect.Method.invoke(Method.java:568)
	at io.cucumber.java.Invoker.doInvoke(Invoker.java:66)
	at io.cucumber.java.Invoker.invoke(Invoker.java:24)
	at io.cucumber.java.AbstractGlueDefinition.invokeMethod(AbstractGlueDefinition.java:47)
	at io.cucumber.java.JavaStepDefinition.execute(JavaStepDefinition.java:29)
	at io.cucumber.core.runner.CoreStepDefinition.execute(CoreStepDefinition.java:66)
	at io.cucumber.core.runner.PickleStepDefinitionMatch.runStep(PickleStepDefinitionMatch.java:63)
	at io.cucumber.core.runner.ExecutionMode$1.execute(ExecutionMode.java:10)
	at io.cucumber.core.runner.TestStep.executeStep(TestStep.java:86)
	at io.cucumber.core.runner.TestStep.run(TestStep.java:57)
	at io.cucumber.core.runner.PickleStepTestStep.run(PickleStepTestStep.java:51)
	at io.cucumber.core.runner.TestCase.run(TestCase.java:95)
	at io.cucumber.core.runner.Runner.runPickle(Runner.java:75)
	at io.cucumber.testng.TestNGCucumberRunner.lambda$runScenario$1(TestNGCucumberRunner.java:132)
	at io.cucumber.core.runtime.CucumberExecutionContext.lambda$runTestCase$3(CucumberExecutionContext.java:151)
	at io.cucumber.core.runtime.RethrowingThrowableCollector.executeAndThrow(RethrowingThrowableCollector.java:23)
	at io.cucumber.core.runtime.CucumberExecutionContext.runTestCase(CucumberExecutionContext.java:151)
	at io.cucumber.testng.TestNGCucumberRunner.runScenario(TestNGCucumberRunner.java:129)
	at io.cucumber.testng.AbstractTestNGCucumberTests.runScenario(AbstractTestNGCucumberTests.java:35)
	at java.base/jdk.internal.reflect.NativeMethodAccessorImpl.invoke0(Native Method)
	at java.base/jdk.internal.reflect.NativeMethodAccessorImpl.invoke(NativeMethodAccessorImpl.java:77)
	at java.base/jdk.internal.reflect.DelegatingMethodAccessorImpl.invoke(DelegatingMethodAccessorImpl.java:43)
	at java.base/java.lang.reflect.Method.invoke(Method.java:568)
	at org.testng.internal.invokers.MethodInvocationHelper.invokeMethod(MethodInvocationHelper.java:139)
	at org.testng.internal.invokers.TestInvoker.invokeMethod(TestInvoker.java:677)
	at org.testng.internal.invokers.TestInvoker.invokeTestMethod(TestInvoker.java:221)
	at org.testng.internal.invokers.MethodRunner.runInSequence(MethodRunner.java:50)
	at org.testng.internal.invokers.TestInvoker$MethodInvocationAgent.invoke(TestInvoker.java:969)
	at org.testng.internal.invokers.TestInvoker.invokeTestMethods(TestInvoker.java:194)
	at org.testng.internal.invokers.TestMethodWorker.invokeTestMethods(TestMethodWorker.java:148)
	at org.testng.internal.invokers.TestMethodWorker.run(TestMethodWorker.java:128)
	at java.base/java.util.ArrayList.forEach(ArrayList.java:1511)
	at org.testng.TestRunner.privateRun(TestRunner.java:829)
	at org.testng.TestRunner.run(TestRunner.java:602)
	at org.testng.SuiteRunner.runTest(SuiteRunner.java:437)
	at org.testng.SuiteRunner.runSequentially(SuiteRunner.java:431)
	at org.testng.SuiteRunner.privateRun(SuiteRunner.java:391)
	at org.testng.SuiteRunner.run(SuiteRunner.java:330)
	at org.testng.SuiteRunnerWorker.runSuite(SuiteRunnerWorker.java:52)
	at org.testng.SuiteRunnerWorker.run(SuiteRunnerWorker.java:95)
	at org.testng.TestNG.runSuitesSequentially(TestNG.java:1256)
	at org.testng.TestNG.runSuitesLocally(TestNG.java:1176)
	at org.testng.TestNG.runSuites(TestNG.java:1099)
	at org.testng.TestNG.run(TestNG.java:1067)
	at org.apache.maven.surefire.testng.TestNGExecutor.run(TestNGExecutor.java:308)
	at org.apache.maven.surefire.testng.TestNGXmlTestSuite.execute(TestNGXmlTestSuite.java:71)
	at org.apache.maven.surefire.testng.TestNGProvider.invoke(TestNGProvider.java:113)
	at org.apache.maven.surefire.booter.ForkedBooter.runSuitesInProcess(ForkedBooter.java:385)
	at org.apache.maven.surefire.booter.ForkedBooter.execute(ForkedBooter.java:162)
	at org.apache.maven.surefire.booter.ForkedBooter.run(ForkedBooter.java:507)
	at org.apache.maven.surefire.booter.ForkedBooter.main(ForkedBooter.java:495)
]]></system-err>
  </testcase>
  <testcase name="runScenario[&quot;Check if the user is able to log in with invalid API endpoint&quot;, &quot;Optional[LOGIN MODULE]&quot;](14)" classname="runners.TestRunner" time="0.159">
    <system-out><![CDATA[
@Loginmodule @02PostTag
Scenario Outline: Check if the user is able to log in with invalid API endpoint &amp#27;[90m# src/test/resources/features/Login.feature:37&amp#27;[0m
  &amp#27;[32mGiven &amp#27;[0m&amp#27;[32mUser creates POST Request for the dietician API endpoint&amp#27;[0m                &amp#27;[90m# stepdefinitions.LoginSteps.user_creates_post_request_for_the_dietician_api_endpoint()&amp#27;[0m
status 401
  &amp#27;[32mWhen &amp#27;[0m&amp#27;[32mUser sends HTTPS Request with invalid end points&amp#27;[0m                         &amp#27;[90m# stepdefinitions.LoginSteps.user_sends_https_request_with_invalid_end_points()&amp#27;[0m
status code  401
  &amp#27;[32mThen &amp#27;[0m&amp#27;[32mUser receives Status with response body&amp#27;[0m                                  &amp#27;[90m# stepdefinitions.LoginSteps.user_receives_status_with_response_body()&amp#27;[0m
]]></system-out>
  </testcase>
  <testcase name="runScenario[&quot;Check if the user is able to log out sucessfully from dietician role&quot;, &quot;Optional[Get Logout]&quot;](15)" classname="runners.TestRunner" time="0.632">
    <system-out><![CDATA[
@Logout @01GetTag
Scenario: Check if the user is able to log out sucessfully from dietician role               &amp#27;[90m# src/test/resources/features/Logout.feature:13&amp#27;[0m
sheetPathsrc/test/resources/data/testData.xlsx
sheetNamelogin
keydataKeyvaluelogin_valid_dietician
keyuserIdvalueangu.geetha@gmail.com
keypasswordvalueSong88
[INFO ] 2023-11-21 12:49:00.997 [main] LoggerLoad - Login Request: userId: angu.geetha@gmail.compassword: Song88
  &amp#27;[32mGiven &amp#27;[0m&amp#27;[32mUser creates POST Request for the login API.&amp#27;[0m                                         &amp#27;[90m# stepdefinitions.LoginSteps.user_creates_post_request_for_the_login_api()&amp#27;[0m
Request method:	POST
Request URI:	https://dietician-dev-41d9a344a720.herokuapp.com/dietician/login
Proxy:			<none>
Request params:	<none>
Query params:	<none>
Form params:	<none>
Path params:	<none>
Headers:		Accept=*/*
				Content-Type=application/json
Cookies:		<none>
Multiparts:		<none>
Body:
{
    "userLoginEmail": "angu.geetha@gmail.com",
    "password": "Song88"
}
  &amp#27;[32mWhen &amp#27;[0m&amp#27;[32mUser sends HTTPS Request with valid credentials on the request Body.&amp#27;[0m                  &amp#27;[90m# stepdefinitions.LoginSteps.user_sends_https_request_with_valid_credentials_on_the_request_body()&amp#27;[0m
HTTP/1.1 200 
Server: Cowboy
Report-To: {"group":"heroku-nel","max_age":3600,"endpoints":[{"url":"https://nel.heroku.com/reports?ts=1700588940&sid=c46efe9b-d3d2-4a0c-8c76-bfafa16c5add&s=50Xa5gka47ptxp216v%2F4qHEplr%2BjH3WBmuDUVuIC1ak%3D"}]}
Reporting-Endpoints: heroku-nel=https://nel.heroku.com/reports?ts=1700588940&sid=c46efe9b-d3d2-4a0c-8c76-bfafa16c5add&s=50Xa5gka47ptxp216v%2F4qHEplr%2BjH3WBmuDUVuIC1ak%3D
Nel: {"report_to":"heroku-nel","max_age":3600,"success_fraction":0.005,"failure_fraction":0.05,"response_headers":["Via"]}
Connection: keep-alive
Vary: Origin
Vary: Access-Control-Request-Method
Vary: Access-Control-Request-Headers
X-Content-Type-Options: nosniff
X-Xss-Protection: 1; mode=block
Cache-Control: no-cache, no-store, max-age=0, must-revalidate
Pragma: no-cache
Expires: 0
Strict-Transport-Security: max-age=31536000 ; includeSubDomains
X-Frame-Options: DENY
Content-Type: application/json
Transfer-Encoding: chunked
Date: Tue, 21 Nov 2023 17:49:00 GMT
Via: 1.1 vegur

{
    "token": "eyJhbGciOiJIUzUxMiJ9.eyJzdWIiOiJhbmd1LmdlZXRoYUBnbWFpbC5jb20iLCJpYXQiOjE3MDA1ODg5NDAsImV4cCI6MTcwMDYxNzc0MH0.vBLA0Bryqs4f4CvgfQ8iWIzTZk2A1raMi1QlbqjJA8AECOmgulAJF_dinv_84KUu1SgwiqneQK0n9_P1FLYqKg",
    "type": "Bearer ",
    "userId": 93,
    "loginUserEmail": "angu.geetha@gmail.com",
    "roles": [
        "ROLE_DIETICIAN"
    ]
}
HTTP/1.1 200 
Server: Cowboy
Report-To: {"group":"heroku-nel","max_age":3600,"endpoints":[{"url":"https://nel.heroku.com/reports?ts=1700588940&sid=c46efe9b-d3d2-4a0c-8c76-bfafa16c5add&s=50Xa5gka47ptxp216v%2F4qHEplr%2BjH3WBmuDUVuIC1ak%3D"}]}
Reporting-Endpoints: heroku-nel=https://nel.heroku.com/reports?ts=1700588940&sid=c46efe9b-d3d2-4a0c-8c76-bfafa16c5add&s=50Xa5gka47ptxp216v%2F4qHEplr%2BjH3WBmuDUVuIC1ak%3D
Nel: {"report_to":"heroku-nel","max_age":3600,"success_fraction":0.005,"failure_fraction":0.05,"response_headers":["Via"]}
Connection: keep-alive
Vary: Origin
Vary: Access-Control-Request-Method
Vary: Access-Control-Request-Headers
X-Content-Type-Options: nosniff
X-Xss-Protection: 1; mode=block
Cache-Control: no-cache, no-store, max-age=0, must-revalidate
Pragma: no-cache
Expires: 0
Strict-Transport-Security: max-age=31536000 ; includeSubDomains
X-Frame-Options: DENY
Content-Type: application/json
Transfer-Encoding: chunked
Date: Tue, 21 Nov 2023 17:49:00 GMT
Via: 1.1 vegur

{
    "token": "eyJhbGciOiJIUzUxMiJ9.eyJzdWIiOiJhbmd1LmdlZXRoYUBnbWFpbC5jb20iLCJpYXQiOjE3MDA1ODg5NDAsImV4cCI6MTcwMDYxNzc0MH0.vBLA0Bryqs4f4CvgfQ8iWIzTZk2A1raMi1QlbqjJA8AECOmgulAJF_dinv_84KUu1SgwiqneQK0n9_P1FLYqKg",
    "type": "Bearer ",
    "userId": 93,
    "loginUserEmail": "angu.geetha@gmail.com",
    "roles": [
        "ROLE_DIETICIAN"
    ]
}
[INFO ] 2023-11-21 12:49:01.233 [main] LoggerLoad - Login POST successful
  &amp#27;[32mThen &amp#27;[0m&amp#27;[32mUser receives Status with response body containing token information.&amp#27;[0m                 &amp#27;[90m# stepdefinitions.LoginSteps.user_receives_status_with_response_body_containing_token_information()&amp#27;[0m
https://dietician-dev-41d9a344a720.herokuapp.com/dietician/logoutdietician
  &amp#27;[32mGiven &amp#27;[0m&amp#27;[32mUser creates GET Request with API endpoint&amp#27;[0m                                           &amp#27;[90m# stepdefinitions.LogoutSteps.user_creates_get_request_for_the_dietician_or_patient_api_endpoint()&amp#27;[0m
  &amp#27;[32mWhen &amp#27;[0m&amp#27;[32mUser sends HTTPS Request&amp#27;[0m                                                              &amp#27;[90m# stepdefinitions.LogoutSteps.user_sends_https_request()&amp#27;[0m
  &amp#27;[32mThen &amp#27;[0m&amp#27;[32mServer should respond back with HTTP Status code &amp#27;[0m&amp#27;[32m&amp#27;[1m200&amp#27;[0m&amp#27;[32m with message &amp#27;[0m&amp#27;[32m&amp#27;[1m'Logout successful'&amp#27;[0m &amp#27;[90m# stepdefinitions.LogoutSteps.server_should_respond_back_with_http_status_code_with_message(java.lang.Integer,java.lang.String)&amp#27;[0m
]]></system-out>
  </testcase>
  <testcase name="runScenario[&quot;Check if the user is able to log out with invalid token&quot;, &quot;Optional[Get Logout]&quot;](16)" classname="runners.TestRunner" time="0.651">
    <system-out><![CDATA[
@Logout @02GetTag
Scenario: Check if the user is able to log out with invalid token            &amp#27;[90m# src/test/resources/features/Logout.feature:19&amp#27;[0m
sheetPathsrc/test/resources/data/testData.xlsx
sheetNamelogin
keydataKeyvaluelogin_valid_dietician
keyuserIdvalueangu.geetha@gmail.com
keypasswordvalueSong88
[INFO ] 2023-11-21 12:49:01.617 [main] LoggerLoad - Login Request: userId: angu.geetha@gmail.compassword: Song88
  &amp#27;[32mGiven &amp#27;[0m&amp#27;[32mUser creates POST Request for the login API.&amp#27;[0m                         &amp#27;[90m# stepdefinitions.LoginSteps.user_creates_post_request_for_the_login_api()&amp#27;[0m
Request method:	POST
Request URI:	https://dietician-dev-41d9a344a720.herokuapp.com/dietician/login
Proxy:			<none>
Request params:	<none>
Query params:	<none>
Form params:	<none>
Path params:	<none>
Headers:		Accept=*/*
				Content-Type=application/json
Cookies:		<none>
Multiparts:		<none>
Body:
{
    "userLoginEmail": "angu.geetha@gmail.com",
    "password": "Song88"
}
  &amp#27;[32mWhen &amp#27;[0m&amp#27;[32mUser sends HTTPS Request with valid credentials on the request Body.&amp#27;[0m  &amp#27;[90m# stepdefinitions.LoginSteps.user_sends_https_request_with_valid_credentials_on_the_request_body()&amp#27;[0m
HTTP/1.1 200 
Server: Cowboy
Report-To: {"group":"heroku-nel","max_age":3600,"endpoints":[{"url":"https://nel.heroku.com/reports?ts=1700588941&sid=c46efe9b-d3d2-4a0c-8c76-bfafa16c5add&s=OWed5w%2FpcI2jwUSzCb7%2F8C37wpLFiL%2BYKG%2FA0%2FueCkw%3D"}]}
Reporting-Endpoints: heroku-nel=https://nel.heroku.com/reports?ts=1700588941&sid=c46efe9b-d3d2-4a0c-8c76-bfafa16c5add&s=OWed5w%2FpcI2jwUSzCb7%2F8C37wpLFiL%2BYKG%2FA0%2FueCkw%3D
Nel: {"report_to":"heroku-nel","max_age":3600,"success_fraction":0.005,"failure_fraction":0.05,"response_headers":["Via"]}
Connection: keep-alive
Vary: Origin
Vary: Access-Control-Request-Method
Vary: Access-Control-Request-Headers
X-Content-Type-Options: nosniff
X-Xss-Protection: 1; mode=block
Cache-Control: no-cache, no-store, max-age=0, must-revalidate
Pragma: no-cache
Expires: 0
Strict-Transport-Security: max-age=31536000 ; includeSubDomains
X-Frame-Options: DENY
Content-Type: application/json
Transfer-Encoding: chunked
Date: Tue, 21 Nov 2023 17:49:00 GMT
Via: 1.1 vegur

{
    "token": "eyJhbGciOiJIUzUxMiJ9.eyJzdWIiOiJhbmd1LmdlZXRoYUBnbWFpbC5jb20iLCJpYXQiOjE3MDA1ODg5NDEsImV4cCI6MTcwMDYxNzc0MX0.a4DKmUYsGl5Mr0SqVyMmzG9LdCILNCe_Cx8gVs0sZ9xRDkiVlMTJeF8KCHMnQm79bWbSJoF4to33jF2k8TO6CQ",
    "type": "Bearer ",
    "userId": 93,
    "loginUserEmail": "angu.geetha@gmail.com",
    "roles": [
        "ROLE_DIETICIAN"
    ]
}
HTTP/1.1 200 
Server: Cowboy
Report-To: {"group":"heroku-nel","max_age":3600,"endpoints":[{"url":"https://nel.heroku.com/reports?ts=1700588941&sid=c46efe9b-d3d2-4a0c-8c76-bfafa16c5add&s=OWed5w%2FpcI2jwUSzCb7%2F8C37wpLFiL%2BYKG%2FA0%2FueCkw%3D"}]}
Reporting-Endpoints: heroku-nel=https://nel.heroku.com/reports?ts=1700588941&sid=c46efe9b-d3d2-4a0c-8c76-bfafa16c5add&s=OWed5w%2FpcI2jwUSzCb7%2F8C37wpLFiL%2BYKG%2FA0%2FueCkw%3D
Nel: {"report_to":"heroku-nel","max_age":3600,"success_fraction":0.005,"failure_fraction":0.05,"response_headers":["Via"]}
Connection: keep-alive
Vary: Origin
Vary: Access-Control-Request-Method
Vary: Access-Control-Request-Headers
X-Content-Type-Options: nosniff
X-Xss-Protection: 1; mode=block
Cache-Control: no-cache, no-store, max-age=0, must-revalidate
Pragma: no-cache
Expires: 0
Strict-Transport-Security: max-age=31536000 ; includeSubDomains
X-Frame-Options: DENY
Content-Type: application/json
Transfer-Encoding: chunked
Date: Tue, 21 Nov 2023 17:49:00 GMT
Via: 1.1 vegur

{
    "token": "eyJhbGciOiJIUzUxMiJ9.eyJzdWIiOiJhbmd1LmdlZXRoYUBnbWFpbC5jb20iLCJpYXQiOjE3MDA1ODg5NDEsImV4cCI6MTcwMDYxNzc0MX0.a4DKmUYsGl5Mr0SqVyMmzG9LdCILNCe_Cx8gVs0sZ9xRDkiVlMTJeF8KCHMnQm79bWbSJoF4to33jF2k8TO6CQ",
    "type": "Bearer ",
    "userId": 93,
    "loginUserEmail": "angu.geetha@gmail.com",
    "roles": [
        "ROLE_DIETICIAN"
    ]
}
[INFO ] 2023-11-21 12:49:01.875 [main] LoggerLoad - Login POST successful
  &amp#27;[32mThen &amp#27;[0m&amp#27;[32mUser receives Status with response body containing token information.&amp#27;[0m &amp#27;[90m# stepdefinitions.LoginSteps.user_receives_status_with_response_body_containing_token_information()&amp#27;[0m
https://dietician-dev-41d9a344a720.herokuapp.com/dietician/logoutdietician
  &amp#27;[32mGiven &amp#27;[0m&amp#27;[32mUser creates GET Request with API endpoint&amp#27;[0m                           &amp#27;[90m# stepdefinitions.LogoutSteps.user_creates_get_request_for_the_dietician_or_patient_api_endpoint()&amp#27;[0m
  &amp#27;[32mWhen &amp#27;[0m&amp#27;[32mUser sends HTTPS Request with invalid token&amp#27;[0m                           &amp#27;[90m# stepdefinitions.LogoutSteps.user_sends_https_request_with_invalid_token()&amp#27;[0m
401
[INFO ] 2023-11-21 12:49:02.189 [main] LoggerLoad - Login POST unsuccessful
  &amp#27;[32mThen &amp#27;[0m&amp#27;[32mServer should respond back with HTTP Status code &amp#27;[0m&amp#27;[32m&amp#27;[1m401&amp#27;[0m                  &amp#27;[90m# stepdefinitions.LogoutSteps.server_should_respond_back_with_http_status_code(java.lang.Integer)&amp#27;[0m
]]></system-out>
  </testcase>
  <testcase name="runScenario[&quot;Check if the user is able to log out with missing token&quot;, &quot;Optional[Get Logout]&quot;](17)" classname="runners.TestRunner" time="0.63">
    <system-out><![CDATA[
@Logout @03GetTag
Scenario: Check if the user is able to log out with missing token            &amp#27;[90m# src/test/resources/features/Logout.feature:25&amp#27;[0m
sheetPathsrc/test/resources/data/testData.xlsx
sheetNamelogin
keydataKeyvaluelogin_valid_dietician
keyuserIdvalueangu.geetha@gmail.com
keypasswordvalueSong88
[INFO ] 2023-11-21 12:49:02.288 [main] LoggerLoad - Login Request: userId: angu.geetha@gmail.compassword: Song88
  &amp#27;[32mGiven &amp#27;[0m&amp#27;[32mUser creates POST Request for the login API.&amp#27;[0m                         &amp#27;[90m# stepdefinitions.LoginSteps.user_creates_post_request_for_the_login_api()&amp#27;[0m
Request method:	POST
Request URI:	https://dietician-dev-41d9a344a720.herokuapp.com/dietician/login
Proxy:			<none>
Request params:	<none>
Query params:	<none>
Form params:	<none>
Path params:	<none>
Headers:		Accept=*/*
				Content-Type=application/json
Cookies:		<none>
Multiparts:		<none>
Body:
{
    "userLoginEmail": "angu.geetha@gmail.com",
    "password": "Song88"
}
  &amp#27;[32mWhen &amp#27;[0m&amp#27;[32mUser sends HTTPS Request with valid credentials on the request Body.&amp#27;[0m  &amp#27;[90m# stepdefinitions.LoginSteps.user_sends_https_request_with_valid_credentials_on_the_request_body()&amp#27;[0m
HTTP/1.1 200 
Server: Cowboy
Report-To: {"group":"heroku-nel","max_age":3600,"endpoints":[{"url":"https://nel.heroku.com/reports?ts=1700588942&sid=c46efe9b-d3d2-4a0c-8c76-bfafa16c5add&s=9SFPOfa3VFAuxOdyCGoXbiDzmgoLgX0zFyWfkDVTBKk%3D"}]}
Reporting-Endpoints: heroku-nel=https://nel.heroku.com/reports?ts=1700588942&sid=c46efe9b-d3d2-4a0c-8c76-bfafa16c5add&s=9SFPOfa3VFAuxOdyCGoXbiDzmgoLgX0zFyWfkDVTBKk%3D
Nel: {"report_to":"heroku-nel","max_age":3600,"success_fraction":0.005,"failure_fraction":0.05,"response_headers":["Via"]}
Connection: keep-alive
Vary: Origin
Vary: Access-Control-Request-Method
Vary: Access-Control-Request-Headers
X-Content-Type-Options: nosniff
X-Xss-Protection: 1; mode=block
Cache-Control: no-cache, no-store, max-age=0, must-revalidate
Pragma: no-cache
Expires: 0
Strict-Transport-Security: max-age=31536000 ; includeSubDomains
X-Frame-Options: DENY
Content-Type: application/json
Transfer-Encoding: chunked
Date: Tue, 21 Nov 2023 17:49:02 GMT
Via: 1.1 vegur

{
    "token": "eyJhbGciOiJIUzUxMiJ9.eyJzdWIiOiJhbmd1LmdlZXRoYUBnbWFpbC5jb20iLCJpYXQiOjE3MDA1ODg5NDIsImV4cCI6MTcwMDYxNzc0Mn0.VTEAF6tccP2ZUeO8Bey2Javc6BVKQut3LkRUzyv5jEYYJgX7nOD5JV8_SzgQgkrcwg9HqdHj7qyRfD0_sPxPVA",
    "type": "Bearer ",
    "userId": 93,
    "loginUserEmail": "angu.geetha@gmail.com",
    "roles": [
        "ROLE_DIETICIAN"
    ]
}
HTTP/1.1 200 
Server: Cowboy
Report-To: {"group":"heroku-nel","max_age":3600,"endpoints":[{"url":"https://nel.heroku.com/reports?ts=1700588942&sid=c46efe9b-d3d2-4a0c-8c76-bfafa16c5add&s=9SFPOfa3VFAuxOdyCGoXbiDzmgoLgX0zFyWfkDVTBKk%3D"}]}
Reporting-Endpoints: heroku-nel=https://nel.heroku.com/reports?ts=1700588942&sid=c46efe9b-d3d2-4a0c-8c76-bfafa16c5add&s=9SFPOfa3VFAuxOdyCGoXbiDzmgoLgX0zFyWfkDVTBKk%3D
Nel: {"report_to":"heroku-nel","max_age":3600,"success_fraction":0.005,"failure_fraction":0.05,"response_headers":["Via"]}
Connection: keep-alive
Vary: Origin
Vary: Access-Control-Request-Method
Vary: Access-Control-Request-Headers
X-Content-Type-Options: nosniff
X-Xss-Protection: 1; mode=block
Cache-Control: no-cache, no-store, max-age=0, must-revalidate
Pragma: no-cache
Expires: 0
Strict-Transport-Security: max-age=31536000 ; includeSubDomains
X-Frame-Options: DENY
Content-Type: application/json
Transfer-Encoding: chunked
Date: Tue, 21 Nov 2023 17:49:02 GMT
Via: 1.1 vegur

{
    "token": "eyJhbGciOiJIUzUxMiJ9.eyJzdWIiOiJhbmd1LmdlZXRoYUBnbWFpbC5jb20iLCJpYXQiOjE3MDA1ODg5NDIsImV4cCI6MTcwMDYxNzc0Mn0.VTEAF6tccP2ZUeO8Bey2Javc6BVKQut3LkRUzyv5jEYYJgX7nOD5JV8_SzgQgkrcwg9HqdHj7qyRfD0_sPxPVA",
    "type": "Bearer ",
    "userId": 93,
    "loginUserEmail": "angu.geetha@gmail.com",
    "roles": [
        "ROLE_DIETICIAN"
    ]
}
[INFO ] 2023-11-21 12:49:02.533 [main] LoggerLoad - Login POST successful
  &amp#27;[32mThen &amp#27;[0m&amp#27;[32mUser receives Status with response body containing token information.&amp#27;[0m &amp#27;[90m# stepdefinitions.LoginSteps.user_receives_status_with_response_body_containing_token_information()&amp#27;[0m
https://dietician-dev-41d9a344a720.herokuapp.com/dietician/logoutdietician
  &amp#27;[32mGiven &amp#27;[0m&amp#27;[32mUser creates GET Request with API endpoint&amp#27;[0m                           &amp#27;[90m# stepdefinitions.LogoutSteps.user_creates_get_request_for_the_dietician_or_patient_api_endpoint()&amp#27;[0m
  &amp#27;[32mWhen &amp#27;[0m&amp#27;[32mUser sends HTTPS Request with missing token&amp#27;[0m                           &amp#27;[90m# stepdefinitions.LogoutSteps.user_sends_https_request_with_missing_token()&amp#27;[0m
401
[INFO ] 2023-11-21 12:49:02.825 [main] LoggerLoad - Login POST unsuccessful
  &amp#27;[32mThen &amp#27;[0m&amp#27;[32mServer should respond back with HTTP Status code &amp#27;[0m&amp#27;[32m&amp#27;[1m401&amp#27;[0m                  &amp#27;[90m# stepdefinitions.LogoutSteps.server_should_respond_back_with_http_status_code(java.lang.Integer)&amp#27;[0m
]]></system-out>
  </testcase>
  <testcase name="runScenario[&quot;Check if the user is able to log out with missing endpoint&quot;, &quot;Optional[Get Logout]&quot;](18)" classname="runners.TestRunner" time="0.744">
    <system-out><![CDATA[
@Logout @04GetTag
Scenario: Check if the user is able to log out with missing endpoint         &amp#27;[90m# src/test/resources/features/Logout.feature:31&amp#27;[0m
sheetPathsrc/test/resources/data/testData.xlsx
sheetNamelogin
keydataKeyvaluelogin_valid_dietician
keyuserIdvalueangu.geetha@gmail.com
keypasswordvalueSong88
[INFO ] 2023-11-21 12:49:02.889 [main] LoggerLoad - Login Request: userId: angu.geetha@gmail.compassword: Song88
  &amp#27;[32mGiven &amp#27;[0m&amp#27;[32mUser creates POST Request for the login API.&amp#27;[0m                         &amp#27;[90m# stepdefinitions.LoginSteps.user_creates_post_request_for_the_login_api()&amp#27;[0m
Request method:	POST
Request URI:	https://dietician-dev-41d9a344a720.herokuapp.com/dietician/login
Proxy:			<none>
Request params:	<none>
Query params:	<none>
Form params:	<none>
Path params:	<none>
Headers:		Accept=*/*
				Content-Type=application/json
Cookies:		<none>
Multiparts:		<none>
Body:
{
    "userLoginEmail": "angu.geetha@gmail.com",
    "password": "Song88"
}
  &amp#27;[32mWhen &amp#27;[0m&amp#27;[32mUser sends HTTPS Request with valid credentials on the request Body.&amp#27;[0m  &amp#27;[90m# stepdefinitions.LoginSteps.user_sends_https_request_with_valid_credentials_on_the_request_body()&amp#27;[0m
HTTP/1.1 200 
Server: Cowboy
Report-To: {"group":"heroku-nel","max_age":3600,"endpoints":[{"url":"https://nel.heroku.com/reports?ts=1700588942&sid=c46efe9b-d3d2-4a0c-8c76-bfafa16c5add&s=9SFPOfa3VFAuxOdyCGoXbiDzmgoLgX0zFyWfkDVTBKk%3D"}]}
Reporting-Endpoints: heroku-nel=https://nel.heroku.com/reports?ts=1700588942&sid=c46efe9b-d3d2-4a0c-8c76-bfafa16c5add&s=9SFPOfa3VFAuxOdyCGoXbiDzmgoLgX0zFyWfkDVTBKk%3D
Nel: {"report_to":"heroku-nel","max_age":3600,"success_fraction":0.005,"failure_fraction":0.05,"response_headers":["Via"]}
Connection: keep-alive
Vary: Origin
Vary: Access-Control-Request-Method
Vary: Access-Control-Request-Headers
X-Content-Type-Options: nosniff
X-Xss-Protection: 1; mode=block
Cache-Control: no-cache, no-store, max-age=0, must-revalidate
Pragma: no-cache
Expires: 0
Strict-Transport-Security: max-age=31536000 ; includeSubDomains
X-Frame-Options: DENY
Content-Type: application/json
Transfer-Encoding: chunked
Date: Tue, 21 Nov 2023 17:49:02 GMT
Via: 1.1 vegur

{
    "token": "eyJhbGciOiJIUzUxMiJ9.eyJzdWIiOiJhbmd1LmdlZXRoYUBnbWFpbC5jb20iLCJpYXQiOjE3MDA1ODg5NDIsImV4cCI6MTcwMDYxNzc0Mn0.VTEAF6tccP2ZUeO8Bey2Javc6BVKQut3LkRUzyv5jEYYJgX7nOD5JV8_SzgQgkrcwg9HqdHj7qyRfD0_sPxPVA",
    "type": "Bearer ",
    "userId": 93,
    "loginUserEmail": "angu.geetha@gmail.com",
    "roles": [
        "ROLE_DIETICIAN"
    ]
}
HTTP/1.1 200 
Server: Cowboy
Report-To: {"group":"heroku-nel","max_age":3600,"endpoints":[{"url":"https://nel.heroku.com/reports?ts=1700588942&sid=c46efe9b-d3d2-4a0c-8c76-bfafa16c5add&s=9SFPOfa3VFAuxOdyCGoXbiDzmgoLgX0zFyWfkDVTBKk%3D"}]}
Reporting-Endpoints: heroku-nel=https://nel.heroku.com/reports?ts=1700588942&sid=c46efe9b-d3d2-4a0c-8c76-bfafa16c5add&s=9SFPOfa3VFAuxOdyCGoXbiDzmgoLgX0zFyWfkDVTBKk%3D
Nel: {"report_to":"heroku-nel","max_age":3600,"success_fraction":0.005,"failure_fraction":0.05,"response_headers":["Via"]}
Connection: keep-alive
Vary: Origin
Vary: Access-Control-Request-Method
Vary: Access-Control-Request-Headers
X-Content-Type-Options: nosniff
X-Xss-Protection: 1; mode=block
Cache-Control: no-cache, no-store, max-age=0, must-revalidate
Pragma: no-cache
Expires: 0
Strict-Transport-Security: max-age=31536000 ; includeSubDomains
X-Frame-Options: DENY
Content-Type: application/json
Transfer-Encoding: chunked
Date: Tue, 21 Nov 2023 17:49:02 GMT
Via: 1.1 vegur

{
    "token": "eyJhbGciOiJIUzUxMiJ9.eyJzdWIiOiJhbmd1LmdlZXRoYUBnbWFpbC5jb20iLCJpYXQiOjE3MDA1ODg5NDIsImV4cCI6MTcwMDYxNzc0Mn0.VTEAF6tccP2ZUeO8Bey2Javc6BVKQut3LkRUzyv5jEYYJgX7nOD5JV8_SzgQgkrcwg9HqdHj7qyRfD0_sPxPVA",
    "type": "Bearer ",
    "userId": 93,
    "loginUserEmail": "angu.geetha@gmail.com",
    "roles": [
        "ROLE_DIETICIAN"
    ]
}
[INFO ] 2023-11-21 12:49:03.158 [main] LoggerLoad - Login POST successful
  &amp#27;[32mThen &amp#27;[0m&amp#27;[32mUser receives Status with response body containing token information.&amp#27;[0m &amp#27;[90m# stepdefinitions.LoginSteps.user_receives_status_with_response_body_containing_token_information()&amp#27;[0m
https://dietician-dev-41d9a344a720.herokuapp.com/dietician/logoutdietician
  &amp#27;[32mGiven &amp#27;[0m&amp#27;[32mUser creates GET Request with API endpoint&amp#27;[0m                           &amp#27;[90m# stepdefinitions.LogoutSteps.user_creates_get_request_for_the_dietician_or_patient_api_endpoint()&amp#27;[0m
  &amp#27;[32mWhen &amp#27;[0m&amp#27;[32mUser sends HTTPS Request missing endpoint&amp#27;[0m                             &amp#27;[90m# stepdefinitions.LogoutSteps.user_sends_https_request_missing_endpoint()&amp#27;[0m
404
[INFO ] 2023-11-21 12:49:03.570 [main] LoggerLoad - Login POST unsuccessful
  &amp#27;[32mThen &amp#27;[0m&amp#27;[32mServer should respond back with HTTP Status code &amp#27;[0m&amp#27;[32m&amp#27;[1m404&amp#27;[0m                  &amp#27;[90m# stepdefinitions.LogoutSteps.server_should_respond_back_with_http_status_code(java.lang.Integer)&amp#27;[0m
]]></system-out>
  </testcase>
  <testcase name="runScenario[&quot;Check if the user is able to log out with invalid endpoint&quot;, &quot;Optional[Get Logout]&quot;](19)" classname="runners.TestRunner" time="0.632">
    <system-out><![CDATA[
@Logout @05GetTag
Scenario: Check if the user is able to log out with invalid endpoint         &amp#27;[90m# src/test/resources/features/Logout.feature:38&amp#27;[0m
sheetPathsrc/test/resources/data/testData.xlsx
sheetNamelogin
keydataKeyvaluelogin_valid_dietician
keyuserIdvalueangu.geetha@gmail.com
keypasswordvalueSong88
[INFO ] 2023-11-21 12:49:03.664 [main] LoggerLoad - Login Request: userId: angu.geetha@gmail.compassword: Song88
  &amp#27;[32mGiven &amp#27;[0m&amp#27;[32mUser creates POST Request for the login API.&amp#27;[0m                         &amp#27;[90m# stepdefinitions.LoginSteps.user_creates_post_request_for_the_login_api()&amp#27;[0m
Request method:	POST
Request URI:	https://dietician-dev-41d9a344a720.herokuapp.com/dietician/login
Proxy:			<none>
Request params:	<none>
Query params:	<none>
Form params:	<none>
Path params:	<none>
Headers:		Accept=*/*
				Content-Type=application/json
Cookies:		<none>
Multiparts:		<none>
Body:
{
    "userLoginEmail": "angu.geetha@gmail.com",
    "password": "Song88"
}
  &amp#27;[32mWhen &amp#27;[0m&amp#27;[32mUser sends HTTPS Request with valid credentials on the request Body.&amp#27;[0m  &amp#27;[90m# stepdefinitions.LoginSteps.user_sends_https_request_with_valid_credentials_on_the_request_body()&amp#27;[0m
HTTP/1.1 200 
Server: Cowboy
Report-To: {"group":"heroku-nel","max_age":3600,"endpoints":[{"url":"https://nel.heroku.com/reports?ts=1700588943&sid=c46efe9b-d3d2-4a0c-8c76-bfafa16c5add&s=AwaK%2B0mlXCL6NJViggeGgFkruVAnEF9UmVmBtl63%2Fpk%3D"}]}
Reporting-Endpoints: heroku-nel=https://nel.heroku.com/reports?ts=1700588943&sid=c46efe9b-d3d2-4a0c-8c76-bfafa16c5add&s=AwaK%2B0mlXCL6NJViggeGgFkruVAnEF9UmVmBtl63%2Fpk%3D
Nel: {"report_to":"heroku-nel","max_age":3600,"success_fraction":0.005,"failure_fraction":0.05,"response_headers":["Via"]}
Connection: keep-alive
Vary: Origin
Vary: Access-Control-Request-Method
Vary: Access-Control-Request-Headers
X-Content-Type-Options: nosniff
X-Xss-Protection: 1; mode=block
Cache-Control: no-cache, no-store, max-age=0, must-revalidate
Pragma: no-cache
Expires: 0
Strict-Transport-Security: max-age=31536000 ; includeSubDomains
X-Frame-Options: DENY
Content-Type: application/json
Transfer-Encoding: chunked
Date: Tue, 21 Nov 2023 17:49:03 GMT
Via: 1.1 vegur

{
    "token": "eyJhbGciOiJIUzUxMiJ9.eyJzdWIiOiJhbmd1LmdlZXRoYUBnbWFpbC5jb20iLCJpYXQiOjE3MDA1ODg5NDMsImV4cCI6MTcwMDYxNzc0M30.2TS3dusRk3RwNKXc5hNy9X36PUzbfVkVuDXqM7MSDe_x9n0tZN0KsGFcXBO7MLQ3VekvCqD5BJZ0JMkV7Vk4Tw",
    "type": "Bearer ",
    "userId": 93,
    "loginUserEmail": "angu.geetha@gmail.com",
    "roles": [
        "ROLE_DIETICIAN"
    ]
}
HTTP/1.1 200 
Server: Cowboy
Report-To: {"group":"heroku-nel","max_age":3600,"endpoints":[{"url":"https://nel.heroku.com/reports?ts=1700588943&sid=c46efe9b-d3d2-4a0c-8c76-bfafa16c5add&s=AwaK%2B0mlXCL6NJViggeGgFkruVAnEF9UmVmBtl63%2Fpk%3D"}]}
Reporting-Endpoints: heroku-nel=https://nel.heroku.com/reports?ts=1700588943&sid=c46efe9b-d3d2-4a0c-8c76-bfafa16c5add&s=AwaK%2B0mlXCL6NJViggeGgFkruVAnEF9UmVmBtl63%2Fpk%3D
Nel: {"report_to":"heroku-nel","max_age":3600,"success_fraction":0.005,"failure_fraction":0.05,"response_headers":["Via"]}
Connection: keep-alive
Vary: Origin
Vary: Access-Control-Request-Method
Vary: Access-Control-Request-Headers
X-Content-Type-Options: nosniff
X-Xss-Protection: 1; mode=block
Cache-Control: no-cache, no-store, max-age=0, must-revalidate
Pragma: no-cache
Expires: 0
Strict-Transport-Security: max-age=31536000 ; includeSubDomains
X-Frame-Options: DENY
Content-Type: application/json
Transfer-Encoding: chunked
Date: Tue, 21 Nov 2023 17:49:03 GMT
Via: 1.1 vegur

{
    "token": "eyJhbGciOiJIUzUxMiJ9.eyJzdWIiOiJhbmd1LmdlZXRoYUBnbWFpbC5jb20iLCJpYXQiOjE3MDA1ODg5NDMsImV4cCI6MTcwMDYxNzc0M30.2TS3dusRk3RwNKXc5hNy9X36PUzbfVkVuDXqM7MSDe_x9n0tZN0KsGFcXBO7MLQ3VekvCqD5BJZ0JMkV7Vk4Tw",
    "type": "Bearer ",
    "userId": 93,
    "loginUserEmail": "angu.geetha@gmail.com",
    "roles": [
        "ROLE_DIETICIAN"
    ]
}
[INFO ] 2023-11-21 12:49:03.893 [main] LoggerLoad - Login POST successful
  &amp#27;[32mThen &amp#27;[0m&amp#27;[32mUser receives Status with response body containing token information.&amp#27;[0m &amp#27;[90m# stepdefinitions.LoginSteps.user_receives_status_with_response_body_containing_token_information()&amp#27;[0m
https://dietician-dev-41d9a344a720.herokuapp.com/dietician/logoutdietician
  &amp#27;[32mGiven &amp#27;[0m&amp#27;[32mUser creates GET Request with API endpoint&amp#27;[0m                           &amp#27;[90m# stepdefinitions.LogoutSteps.user_creates_get_request_for_the_dietician_or_patient_api_endpoint()&amp#27;[0m
  &amp#27;[32mWhen &amp#27;[0m&amp#27;[32mUser sends HTTPS Request invalid endpoint&amp#27;[0m                             &amp#27;[90m# stepdefinitions.LogoutSteps.user_sends_https_request_invalid_endpoint()&amp#27;[0m
404
[INFO ] 2023-11-21 12:49:04.206 [main] LoggerLoad - Login POST unsuccessful
  &amp#27;[32mThen &amp#27;[0m&amp#27;[32mServer should respond back with HTTP Status code &amp#27;[0m&amp#27;[32m&amp#27;[1m404&amp#27;[0m                  &amp#27;[90m# stepdefinitions.LogoutSteps.server_should_respond_back_with_http_status_code(java.lang.Integer)&amp#27;[0m
]]></system-out>
  </testcase>
  <testcase name="runScenario[&quot;Check if user able to create a patient with &quot;post_patient_valid&quot; endpoint and request body.&quot;, &quot;Optional[Patient.feature]&quot;](20)" classname="runners.TestRunner" time="0.697">
    <failure message="1 expectation failed.&#10;Expected status code &lt;201&gt; but was &lt;400&gt;.&#10;" type="java.lang.AssertionError"><![CDATA[java.lang.AssertionError: 
1 expectation failed.
Expected status code <201> but was <400>.

	at java.base/jdk.internal.reflect.NativeConstructorAccessorImpl.newInstance0(Native Method)
	at java.base/jdk.internal.reflect.NativeConstructorAccessorImpl.newInstance(NativeConstructorAccessorImpl.java:77)
	at java.base/jdk.internal.reflect.DelegatingConstructorAccessorImpl.newInstance(DelegatingConstructorAccessorImpl.java:45)
	at java.base/java.lang.reflect.Constructor.newInstanceWithCaller(Constructor.java:499)
	at java.base/java.lang.reflect.Constructor.newInstance(Constructor.java:480)
	at org.codehaus.groovy.reflection.CachedConstructor.invoke(CachedConstructor.java:73)
	at org.codehaus.groovy.runtime.callsite.ConstructorSite$ConstructorSiteNoUnwrapNoCoerce.callConstructor(ConstructorSite.java:108)
	at org.codehaus.groovy.runtime.callsite.AbstractCallSite.callConstructor(AbstractCallSite.java:277)
	at io.restassured.internal.ResponseSpecificationImpl$HamcrestAssertionClosure.validate(ResponseSpecificationImpl.groovy:512)
	at io.restassured.internal.ResponseSpecificationImpl$HamcrestAssertionClosure$validate$1.call(Unknown Source)
	at io.restassured.internal.ResponseSpecificationImpl.validateResponseIfRequired(ResponseSpecificationImpl.groovy:696)
	at io.restassured.internal.ResponseSpecificationImpl.this$2$validateResponseIfRequired(ResponseSpecificationImpl.groovy)
	at jdk.internal.reflect.GeneratedMethodAccessor165.invoke(Unknown Source)
	at java.base/jdk.internal.reflect.DelegatingMethodAccessorImpl.invoke(DelegatingMethodAccessorImpl.java:43)
	at java.base/java.lang.reflect.Method.invoke(Method.java:568)
	at org.codehaus.groovy.runtime.callsite.PlainObjectMetaMethodSite.doInvoke(PlainObjectMetaMethodSite.java:43)
	at org.codehaus.groovy.runtime.callsite.PogoMetaMethodSite$PogoCachedMethodSiteNoUnwrapNoCoerce.invoke(PogoMetaMethodSite.java:198)
	at org.codehaus.groovy.runtime.callsite.PogoMetaMethodSite.callCurrent(PogoMetaMethodSite.java:62)
	at org.codehaus.groovy.runtime.callsite.AbstractCallSite.callCurrent(AbstractCallSite.java:185)
	at io.restassured.internal.ResponseSpecificationImpl.statusCode(ResponseSpecificationImpl.groovy:135)
	at io.restassured.specification.ResponseSpecification$statusCode$0.callCurrent(Unknown Source)
	at io.restassured.internal.ResponseSpecificationImpl.statusCode(ResponseSpecificationImpl.groovy:143)
	at io.restassured.internal.ValidatableResponseOptionsImpl.statusCode(ValidatableResponseOptionsImpl.java:89)
	at stepdefinitions.PatientSteps.user_receives_response_for_post_patient_with(PatientSteps.java:168)
	at ✽.User receives response for POST patient "patient" with "post_patient_valid"(file:///C:/Users/rashm/eclipse-workspace/Team5-Rest-Athon/Team5-Rest-Athon-main/Team5-Rest-Athon/src/test/resources/features/Patient.feature:30)
]]></failure>
    <system-out><![CDATA[
@PatientModule
Scenario Outline: Check if user able to create a patient with "post_patient_valid" endpoint and request body.                 &amp#27;[90m# src/test/resources/features/Patient.feature:33&amp#27;[0m
sheetPathsrc/test/resources/data/testData.xlsx
sheetNamelogin
keydataKeyvaluelogin_valid_dietician
keyuserIdvalueangu.geetha@gmail.com
keypasswordvalueSong88
[INFO ] 2023-11-21 12:49:04.285 [main] LoggerLoad - Login Request: userId: angu.geetha@gmail.compassword: Song88
  &amp#27;[32mGiven &amp#27;[0m&amp#27;[32mUser creates POST Request for the login API.&amp#27;[0m                                                                          &amp#27;[90m# stepdefinitions.LoginSteps.user_creates_post_request_for_the_login_api()&amp#27;[0m
Request method:	POST
Request URI:	https://dietician-dev-41d9a344a720.herokuapp.com/dietician/login
Proxy:			<none>
Request params:	<none>
Query params:	<none>
Form params:	<none>
Path params:	<none>
Headers:		Accept=*/*
				Content-Type=application/json
Cookies:		<none>
Multiparts:		<none>
Body:
{
    "userLoginEmail": "angu.geetha@gmail.com",
    "password": "Song88"
}
  &amp#27;[32mWhen &amp#27;[0m&amp#27;[32mUser sends HTTPS Request with valid credentials on the request Body.&amp#27;[0m                                                   &amp#27;[90m# stepdefinitions.LoginSteps.user_sends_https_request_with_valid_credentials_on_the_request_body()&amp#27;[0m
HTTP/1.1 200 
Server: Cowboy
Report-To: {"group":"heroku-nel","max_age":3600,"endpoints":[{"url":"https://nel.heroku.com/reports?ts=1700588944&sid=c46efe9b-d3d2-4a0c-8c76-bfafa16c5add&s=2tYbIbVm2M14zZELpnDqr0wKlhR6SlD7HDBQ%2Fp0aM7A%3D"}]}
Reporting-Endpoints: heroku-nel=https://nel.heroku.com/reports?ts=1700588944&sid=c46efe9b-d3d2-4a0c-8c76-bfafa16c5add&s=2tYbIbVm2M14zZELpnDqr0wKlhR6SlD7HDBQ%2Fp0aM7A%3D
Nel: {"report_to":"heroku-nel","max_age":3600,"success_fraction":0.005,"failure_fraction":0.05,"response_headers":["Via"]}
Connection: keep-alive
Vary: Origin
Vary: Access-Control-Request-Method
Vary: Access-Control-Request-Headers
X-Content-Type-Options: nosniff
X-Xss-Protection: 1; mode=block
Cache-Control: no-cache, no-store, max-age=0, must-revalidate
Pragma: no-cache
Expires: 0
Strict-Transport-Security: max-age=31536000 ; includeSubDomains
X-Frame-Options: DENY
Content-Type: application/json
Transfer-Encoding: chunked
Date: Tue, 21 Nov 2023 17:49:03 GMT
Via: 1.1 vegur

{
    "token": "eyJhbGciOiJIUzUxMiJ9.eyJzdWIiOiJhbmd1LmdlZXRoYUBnbWFpbC5jb20iLCJpYXQiOjE3MDA1ODg5NDQsImV4cCI6MTcwMDYxNzc0NH0.r2Hbc6LjuaTrqD8cN4_C-HblJa1V62qWXgrxQYpD4YeBPvcj5BX8UH3MoH02wuo_Jq5P8BMPukVzYrDU4VaBTQ",
    "type": "Bearer ",
    "userId": 93,
    "loginUserEmail": "angu.geetha@gmail.com",
    "roles": [
        "ROLE_DIETICIAN"
    ]
}
HTTP/1.1 200 
Server: Cowboy
Report-To: {"group":"heroku-nel","max_age":3600,"endpoints":[{"url":"https://nel.heroku.com/reports?ts=1700588944&sid=c46efe9b-d3d2-4a0c-8c76-bfafa16c5add&s=2tYbIbVm2M14zZELpnDqr0wKlhR6SlD7HDBQ%2Fp0aM7A%3D"}]}
Reporting-Endpoints: heroku-nel=https://nel.heroku.com/reports?ts=1700588944&sid=c46efe9b-d3d2-4a0c-8c76-bfafa16c5add&s=2tYbIbVm2M14zZELpnDqr0wKlhR6SlD7HDBQ%2Fp0aM7A%3D
Nel: {"report_to":"heroku-nel","max_age":3600,"success_fraction":0.005,"failure_fraction":0.05,"response_headers":["Via"]}
Connection: keep-alive
Vary: Origin
Vary: Access-Control-Request-Method
Vary: Access-Control-Request-Headers
X-Content-Type-Options: nosniff
X-Xss-Protection: 1; mode=block
Cache-Control: no-cache, no-store, max-age=0, must-revalidate
Pragma: no-cache
Expires: 0
Strict-Transport-Security: max-age=31536000 ; includeSubDomains
X-Frame-Options: DENY
Content-Type: application/json
Transfer-Encoding: chunked
Date: Tue, 21 Nov 2023 17:49:03 GMT
Via: 1.1 vegur

{
    "token": "eyJhbGciOiJIUzUxMiJ9.eyJzdWIiOiJhbmd1LmdlZXRoYUBnbWFpbC5jb20iLCJpYXQiOjE3MDA1ODg5NDQsImV4cCI6MTcwMDYxNzc0NH0.r2Hbc6LjuaTrqD8cN4_C-HblJa1V62qWXgrxQYpD4YeBPvcj5BX8UH3MoH02wuo_Jq5P8BMPukVzYrDU4VaBTQ",
    "type": "Bearer ",
    "userId": 93,
    "loginUserEmail": "angu.geetha@gmail.com",
    "roles": [
        "ROLE_DIETICIAN"
    ]
}
[INFO ] 2023-11-21 12:49:04.516 [main] LoggerLoad - Login POST successful
  &amp#27;[32mThen &amp#27;[0m&amp#27;[32mUser receives Status with response body containing token information.&amp#27;[0m                                                  &amp#27;[90m# stepdefinitions.LoginSteps.user_receives_status_with_response_body_containing_token_information()&amp#27;[0m
sheetPathsrc/test/resources/data/testData.xlsx
sheetNamepatient
keydataKeyvaluepost_patient_valid
keyfirstnamevaluejade
keylastnamevalueudans
keycontactnumbervalue7979797979
keyemailvalueudans@gmail.com
keyallergyvalueegg
keyfoodcatvalueVegan
keydobvalue1988-10-10
[INFO ] 2023-11-21 12:49:04.600 [main] LoggerLoad - Paitient POST request created
  &amp#27;[32mGiven &amp#27;[0m&amp#27;[32mUser creates POST Request for the dietician/patient API endpoint with fields from &amp#27;[0m&amp#27;[32m&amp#27;[1m"patient"&amp#27;[0m&amp#27;[32m with &amp#27;[0m&amp#27;[32m&amp#27;[1m"post_patient_valid"&amp#27;[0m &amp#27;[90m# stepdefinitions.PatientSteps.user_creates_post_request_for_the_dietician_patient_api_endpoint_with_fields_from_with(java.lang.String,java.lang.String)&amp#27;[0m
[INFO ] 2023-11-21 12:49:04.601 [main] LoggerLoad - baseUrlhttps://dietician-dev-41d9a344a720.herokuapp.com/dietician
ResultingJSONstring = {"FirstName":"jade","LastName":"udans","ContactNumber":7979797979,"Email":"udans@gmail.com","Allergy":"egg","FoodCategory":"Vegan","DateOfBirth":"1988-10-10"}
Request method:	POST
Request URI:	https://dietician-dev-41d9a344a720.herokuapp.com/dietician/patient?patientInfo=%7B%22FirstName%22%3A%22jade%22%2C%22LastName%22%3A%22udans%22%2C%22ContactNumber%22%3A7979797979%2C%22Email%22%3A%22udans%40gmail.com%22%2C%22Allergy%22%3A%22egg%22%2C%22FoodCategory%22%3A%22Vegan%22%2C%22DateOfBirth%22%3A%221988-10-10%22%7D
Proxy:			<none>
Request params:	<none>
Query params:	patientInfo={"FirstName":"jade","LastName":"udans","ContactNumber":7979797979,"Email":"udans@gmail.com","Allergy":"egg","FoodCategory":"Vegan","DateOfBirth":"1988-10-10"}
Form params:	<none>
Path params:	<none>
Headers:		Authorization=Bearer eyJhbGciOiJIUzUxMiJ9.eyJzdWIiOiJhbmd1LmdlZXRoYUBnbWFpbC5jb20iLCJpYXQiOjE3MDA1ODg5NDQsImV4cCI6MTcwMDYxNzc0NH0.r2Hbc6LjuaTrqD8cN4_C-HblJa1V62qWXgrxQYpD4YeBPvcj5BX8UH3MoH02wuo_Jq5P8BMPukVzYrDU4VaBTQ
				Accept=*/*
				Content-Type=multipart/form-data
Cookies:		<none>
Multiparts:		------------
				Content-Disposition: form-data; name = file; filename = Diabetic.pdf
				Content-Type: application/octet-stream

				.\src\test\resources\Diabetic.pdf
Body:			<none>
[INFO ] 2023-11-21 12:49:04.886 [main] LoggerLoad - Patient POST request sent
  &amp#27;[32mWhen &amp#27;[0m&amp#27;[32mUser sends HTTP POST patient Request&amp#27;[0m                                                                                   &amp#27;[90m# stepdefinitions.PatientSteps.user_sends_http_post_patient_request()&amp#27;[0m
HTTP/1.1 400 
Server: Cowboy
Report-To: {"group":"heroku-nel","max_age":3600,"endpoints":[{"url":"https://nel.heroku.com/reports?ts=1700588944&sid=c46efe9b-d3d2-4a0c-8c76-bfafa16c5add&s=2tYbIbVm2M14zZELpnDqr0wKlhR6SlD7HDBQ%2Fp0aM7A%3D"}]}
Reporting-Endpoints: heroku-nel=https://nel.heroku.com/reports?ts=1700588944&sid=c46efe9b-d3d2-4a0c-8c76-bfafa16c5add&s=2tYbIbVm2M14zZELpnDqr0wKlhR6SlD7HDBQ%2Fp0aM7A%3D
Nel: {"report_to":"heroku-nel","max_age":3600,"success_fraction":0.005,"failure_fraction":0.05,"response_headers":["Via"]}
Connection: keep-alive
Vary: Origin
Vary: Access-Control-Request-Method
Vary: Access-Control-Request-Headers
X-Content-Type-Options: nosniff
X-Xss-Protection: 1; mode=block
Cache-Control: no-cache, no-store, max-age=0, must-revalidate
Pragma: no-cache
Expires: 0
Strict-Transport-Security: max-age=31536000 ; includeSubDomains
X-Frame-Options: DENY
Content-Type: application/json
Transfer-Encoding: chunked
Date: Tue, 21 Nov 2023 17:49:04 GMT
Via: 1.1 vegur

{
    "errorCode": "DUPLICATE_ENTITY",
    "errorMessage": "Patient already exists with given DateOfBirth and ContactNumber"
}
  &amp#27;[31mThen &amp#27;[0m&amp#27;[31mUser receives response for POST patient &amp#27;[0m&amp#27;[31m&amp#27;[1m"patient"&amp#27;[0m&amp#27;[31m with &amp#27;[0m&amp#27;[31m&amp#27;[1m"post_patient_valid"&amp#27;[0m                                            &amp#27;[90m# stepdefinitions.PatientSteps.user_receives_response_for_post_patient_with(java.lang.String,java.lang.String)&amp#27;[0m
      &amp#27;[31mjava.lang.AssertionError: 1 expectation failed.
Expected status code <201> but was <400>.

	at java.base/jdk.internal.reflect.NativeConstructorAccessorImpl.newInstance0(Native Method)
	at java.base/jdk.internal.reflect.NativeConstructorAccessorImpl.newInstance(NativeConstructorAccessorImpl.java:77)
	at java.base/jdk.internal.reflect.DelegatingConstructorAccessorImpl.newInstance(DelegatingConstructorAccessorImpl.java:45)
	at java.base/java.lang.reflect.Constructor.newInstanceWithCaller(Constructor.java:499)
	at java.base/java.lang.reflect.Constructor.newInstance(Constructor.java:480)
	at org.codehaus.groovy.reflection.CachedConstructor.invoke(CachedConstructor.java:73)
	at org.codehaus.groovy.runtime.callsite.ConstructorSite$ConstructorSiteNoUnwrapNoCoerce.callConstructor(ConstructorSite.java:108)
	at org.codehaus.groovy.runtime.callsite.AbstractCallSite.callConstructor(AbstractCallSite.java:277)
	at io.restassured.internal.ResponseSpecificationImpl$HamcrestAssertionClosure.validate(ResponseSpecificationImpl.groovy:512)
	at io.restassured.internal.ResponseSpecificationImpl$HamcrestAssertionClosure$validate$1.call(Unknown Source)
	at io.restassured.internal.ResponseSpecificationImpl.validateResponseIfRequired(ResponseSpecificationImpl.groovy:696)
	at io.restassured.internal.ResponseSpecificationImpl.this$2$validateResponseIfRequired(ResponseSpecificationImpl.groovy)
	at jdk.internal.reflect.GeneratedMethodAccessor165.invoke(Unknown Source)
	at java.base/jdk.internal.reflect.DelegatingMethodAccessorImpl.invoke(DelegatingMethodAccessorImpl.java:43)
	at java.base/java.lang.reflect.Method.invoke(Method.java:568)
	at org.codehaus.groovy.runtime.callsite.PlainObjectMetaMethodSite.doInvoke(PlainObjectMetaMethodSite.java:43)
	at org.codehaus.groovy.runtime.callsite.PogoMetaMethodSite$PogoCachedMethodSiteNoUnwrapNoCoerce.invoke(PogoMetaMethodSite.java:198)
	at org.codehaus.groovy.runtime.callsite.PogoMetaMethodSite.callCurrent(PogoMetaMethodSite.java:62)
	at org.codehaus.groovy.runtime.callsite.AbstractCallSite.callCurrent(AbstractCallSite.java:185)
	at io.restassured.internal.ResponseSpecificationImpl.statusCode(ResponseSpecificationImpl.groovy:135)
	at io.restassured.specification.ResponseSpecification$statusCode$0.callCurrent(Unknown Source)
	at io.restassured.internal.ResponseSpecificationImpl.statusCode(ResponseSpecificationImpl.groovy:143)
	at io.restassured.internal.ValidatableResponseOptionsImpl.statusCode(ValidatableResponseOptionsImpl.java:89)
	at stepdefinitions.PatientSteps.user_receives_response_for_post_patient_with(PatientSteps.java:168)
	at âœ½.User receives response for POST patient "patient" with "post_patient_valid"(file:///C:/Users/rashm/eclipse-workspace/Team5-Rest-Athon/Team5-Rest-Athon-main/Team5-Rest-Athon/src/test/resources/features/Patient.feature:30)
&amp#27;[0m
]]></system-out>
  </testcase>
  <testcase name="runScenario[&quot;Check if user able to create a patient with &quot;post_patient_duplicate&quot; endpoint and request body.&quot;, &quot;Optional[Patient.feature]&quot;](21)" classname="runners.TestRunner" time="0.826">
    <system-out><![CDATA[
@PatientModule
Scenario Outline: Check if user able to create a patient with "post_patient_duplicate" endpoint and request body.                 &amp#27;[90m# src/test/resources/features/Patient.feature:34&amp#27;[0m
sheetPathsrc/test/resources/data/testData.xlsx
sheetNamelogin
keydataKeyvaluelogin_valid_dietician
keyuserIdvalueangu.geetha@gmail.com
keypasswordvalueSong88
[INFO ] 2023-11-21 12:49:04.974 [main] LoggerLoad - Login Request: userId: angu.geetha@gmail.compassword: Song88
  &amp#27;[32mGiven &amp#27;[0m&amp#27;[32mUser creates POST Request for the login API.&amp#27;[0m                                                                              &amp#27;[90m# stepdefinitions.LoginSteps.user_creates_post_request_for_the_login_api()&amp#27;[0m
Request method:	POST
Request URI:	https://dietician-dev-41d9a344a720.herokuapp.com/dietician/login
Proxy:			<none>
Request params:	<none>
Query params:	<none>
Form params:	<none>
Path params:	<none>
Headers:		Accept=*/*
				Content-Type=application/json
Cookies:		<none>
Multiparts:		<none>
Body:
{
    "userLoginEmail": "angu.geetha@gmail.com",
    "password": "Song88"
}
  &amp#27;[32mWhen &amp#27;[0m&amp#27;[32mUser sends HTTPS Request with valid credentials on the request Body.&amp#27;[0m                                                       &amp#27;[90m# stepdefinitions.LoginSteps.user_sends_https_request_with_valid_credentials_on_the_request_body()&amp#27;[0m
HTTP/1.1 200 
Server: Cowboy
Report-To: {"group":"heroku-nel","max_age":3600,"endpoints":[{"url":"https://nel.heroku.com/reports?ts=1700588944&sid=c46efe9b-d3d2-4a0c-8c76-bfafa16c5add&s=2tYbIbVm2M14zZELpnDqr0wKlhR6SlD7HDBQ%2Fp0aM7A%3D"}]}
Reporting-Endpoints: heroku-nel=https://nel.heroku.com/reports?ts=1700588944&sid=c46efe9b-d3d2-4a0c-8c76-bfafa16c5add&s=2tYbIbVm2M14zZELpnDqr0wKlhR6SlD7HDBQ%2Fp0aM7A%3D
Nel: {"report_to":"heroku-nel","max_age":3600,"success_fraction":0.005,"failure_fraction":0.05,"response_headers":["Via"]}
Connection: keep-alive
Vary: Origin
Vary: Access-Control-Request-Method
Vary: Access-Control-Request-Headers
X-Content-Type-Options: nosniff
X-Xss-Protection: 1; mode=block
Cache-Control: no-cache, no-store, max-age=0, must-revalidate
Pragma: no-cache
Expires: 0
Strict-Transport-Security: max-age=31536000 ; includeSubDomains
X-Frame-Options: DENY
Content-Type: application/json
Transfer-Encoding: chunked
Date: Tue, 21 Nov 2023 17:49:04 GMT
Via: 1.1 vegur

{
    "token": "eyJhbGciOiJIUzUxMiJ9.eyJzdWIiOiJhbmd1LmdlZXRoYUBnbWFpbC5jb20iLCJpYXQiOjE3MDA1ODg5NDUsImV4cCI6MTcwMDYxNzc0NX0.GlAMTmqF9Ye0nElfQ7sS0bbz0-a8RLbMgRUdhh0Et9QtZyVb5D0qn5lXrcwS8KVLd36im6AJWf78COr34HhzLg",
    "type": "Bearer ",
    "userId": 93,
    "loginUserEmail": "angu.geetha@gmail.com",
    "roles": [
        "ROLE_DIETICIAN"
    ]
}
HTTP/1.1 200 
Server: Cowboy
Report-To: {"group":"heroku-nel","max_age":3600,"endpoints":[{"url":"https://nel.heroku.com/reports?ts=1700588944&sid=c46efe9b-d3d2-4a0c-8c76-bfafa16c5add&s=2tYbIbVm2M14zZELpnDqr0wKlhR6SlD7HDBQ%2Fp0aM7A%3D"}]}
Reporting-Endpoints: heroku-nel=https://nel.heroku.com/reports?ts=1700588944&sid=c46efe9b-d3d2-4a0c-8c76-bfafa16c5add&s=2tYbIbVm2M14zZELpnDqr0wKlhR6SlD7HDBQ%2Fp0aM7A%3D
Nel: {"report_to":"heroku-nel","max_age":3600,"success_fraction":0.005,"failure_fraction":0.05,"response_headers":["Via"]}
Connection: keep-alive
Vary: Origin
Vary: Access-Control-Request-Method
Vary: Access-Control-Request-Headers
X-Content-Type-Options: nosniff
X-Xss-Protection: 1; mode=block
Cache-Control: no-cache, no-store, max-age=0, must-revalidate
Pragma: no-cache
Expires: 0
Strict-Transport-Security: max-age=31536000 ; includeSubDomains
X-Frame-Options: DENY
Content-Type: application/json
Transfer-Encoding: chunked
Date: Tue, 21 Nov 2023 17:49:04 GMT
Via: 1.1 vegur

{
    "token": "eyJhbGciOiJIUzUxMiJ9.eyJzdWIiOiJhbmd1LmdlZXRoYUBnbWFpbC5jb20iLCJpYXQiOjE3MDA1ODg5NDUsImV4cCI6MTcwMDYxNzc0NX0.GlAMTmqF9Ye0nElfQ7sS0bbz0-a8RLbMgRUdhh0Et9QtZyVb5D0qn5lXrcwS8KVLd36im6AJWf78COr34HhzLg",
    "type": "Bearer ",
    "userId": 93,
    "loginUserEmail": "angu.geetha@gmail.com",
    "roles": [
        "ROLE_DIETICIAN"
    ]
}
[INFO ] 2023-11-21 12:49:05.435 [main] LoggerLoad - Login POST successful
  &amp#27;[32mThen &amp#27;[0m&amp#27;[32mUser receives Status with response body containing token information.&amp#27;[0m                                                      &amp#27;[90m# stepdefinitions.LoginSteps.user_receives_status_with_response_body_containing_token_information()&amp#27;[0m
sheetPathsrc/test/resources/data/testData.xlsx
sheetNamepatient
keydataKeyvaluepost_patient_duplicate
keyfirstnamevaluejade
keylastnamevalueudans
keycontactnumbervalue7979797979
keyemailvalueudans@gmail.com
keyallergyvalueegg
keyfoodcatvalueVegan
keydobvalue1988-10-10
[INFO ] 2023-11-21 12:49:05.479 [main] LoggerLoad - Paitient POST request created
  &amp#27;[32mGiven &amp#27;[0m&amp#27;[32mUser creates POST Request for the dietician/patient API endpoint with fields from &amp#27;[0m&amp#27;[32m&amp#27;[1m"patient"&amp#27;[0m&amp#27;[32m with &amp#27;[0m&amp#27;[32m&amp#27;[1m"post_patient_duplicate"&amp#27;[0m &amp#27;[90m# stepdefinitions.PatientSteps.user_creates_post_request_for_the_dietician_patient_api_endpoint_with_fields_from_with(java.lang.String,java.lang.String)&amp#27;[0m
[INFO ] 2023-11-21 12:49:05.481 [main] LoggerLoad - baseUrlhttps://dietician-dev-41d9a344a720.herokuapp.com/dietician
ResultingJSONstring = {"FirstName":"jade","LastName":"udans","ContactNumber":7979797979,"Email":"udans@gmail.com","Allergy":"egg","FoodCategory":"Vegan","DateOfBirth":"1988-10-10"}
Request method:	POST
Request URI:	https://dietician-dev-41d9a344a720.herokuapp.com/dietician/patient?patientInfo=%7B%22FirstName%22%3A%22jade%22%2C%22LastName%22%3A%22udans%22%2C%22ContactNumber%22%3A7979797979%2C%22Email%22%3A%22udans%40gmail.com%22%2C%22Allergy%22%3A%22egg%22%2C%22FoodCategory%22%3A%22Vegan%22%2C%22DateOfBirth%22%3A%221988-10-10%22%7D
Proxy:			<none>
Request params:	<none>
Query params:	patientInfo={"FirstName":"jade","LastName":"udans","ContactNumber":7979797979,"Email":"udans@gmail.com","Allergy":"egg","FoodCategory":"Vegan","DateOfBirth":"1988-10-10"}
Form params:	<none>
Path params:	<none>
Headers:		Authorization=Bearer eyJhbGciOiJIUzUxMiJ9.eyJzdWIiOiJhbmd1LmdlZXRoYUBnbWFpbC5jb20iLCJpYXQiOjE3MDA1ODg5NDUsImV4cCI6MTcwMDYxNzc0NX0.GlAMTmqF9Ye0nElfQ7sS0bbz0-a8RLbMgRUdhh0Et9QtZyVb5D0qn5lXrcwS8KVLd36im6AJWf78COr34HhzLg
				Accept=*/*
				Content-Type=multipart/form-data
Cookies:		<none>
Multiparts:		------------
				Content-Disposition: form-data; name = file; filename = Diabetic.pdf
				Content-Type: application/octet-stream

				.\src\test\resources\Diabetic.pdf
Body:			<none>
[INFO ] 2023-11-21 12:49:05.713 [main] LoggerLoad - Patient POST request sent
  &amp#27;[32mWhen &amp#27;[0m&amp#27;[32mUser sends HTTP POST patient Request&amp#27;[0m                                                                                       &amp#27;[90m# stepdefinitions.PatientSteps.user_sends_http_post_patient_request()&amp#27;[0m
HTTP/1.1 400 
Server: Cowboy
Report-To: {"group":"heroku-nel","max_age":3600,"endpoints":[{"url":"https://nel.heroku.com/reports?ts=1700588945&sid=c46efe9b-d3d2-4a0c-8c76-bfafa16c5add&s=EQ6R7SFsqMKca3f8qNqI214CbYuZmmdRIkDY6mo6p94%3D"}]}
Reporting-Endpoints: heroku-nel=https://nel.heroku.com/reports?ts=1700588945&sid=c46efe9b-d3d2-4a0c-8c76-bfafa16c5add&s=EQ6R7SFsqMKca3f8qNqI214CbYuZmmdRIkDY6mo6p94%3D
Nel: {"report_to":"heroku-nel","max_age":3600,"success_fraction":0.005,"failure_fraction":0.05,"response_headers":["Via"]}
Connection: keep-alive
Vary: Origin
Vary: Access-Control-Request-Method
Vary: Access-Control-Request-Headers
X-Content-Type-Options: nosniff
X-Xss-Protection: 1; mode=block
Cache-Control: no-cache, no-store, max-age=0, must-revalidate
Pragma: no-cache
Expires: 0
Strict-Transport-Security: max-age=31536000 ; includeSubDomains
X-Frame-Options: DENY
Content-Type: application/json
Transfer-Encoding: chunked
Date: Tue, 21 Nov 2023 17:49:04 GMT
Via: 1.1 vegur

{
    "errorCode": "DUPLICATE_ENTITY",
    "errorMessage": "Patient already exists with given DateOfBirth and ContactNumber"
}
  &amp#27;[32mThen &amp#27;[0m&amp#27;[32mUser receives response for POST patient &amp#27;[0m&amp#27;[32m&amp#27;[1m"patient"&amp#27;[0m&amp#27;[32m with &amp#27;[0m&amp#27;[32m&amp#27;[1m"post_patient_duplicate"&amp#27;[0m                                            &amp#27;[90m# stepdefinitions.PatientSteps.user_receives_response_for_post_patient_with(java.lang.String,java.lang.String)&amp#27;[0m
]]></system-out>
  </testcase>
  <testcase name="runScenario[&quot;Check if user able to create a patient with &quot;post_patient_missing_mandatory_firstname&quot; endpoint and request body.&quot;, &quot;Optional[Patient.feature]&quot;](22)" classname="runners.TestRunner" time="0.582">
    <system-out><![CDATA[
@PatientModule
Scenario Outline: Check if user able to create a patient with "post_patient_missing_mandatory_firstname" endpoint and request body.                 &amp#27;[90m# src/test/resources/features/Patient.feature:35&amp#27;[0m
sheetPathsrc/test/resources/data/testData.xlsx
sheetNamelogin
keydataKeyvaluelogin_valid_dietician
keyuserIdvalueangu.geetha@gmail.com
keypasswordvalueSong88
[INFO ] 2023-11-21 12:49:05.790 [main] LoggerLoad - Login Request: userId: angu.geetha@gmail.compassword: Song88
  &amp#27;[32mGiven &amp#27;[0m&amp#27;[32mUser creates POST Request for the login API.&amp#27;[0m                                                                                                &amp#27;[90m# stepdefinitions.LoginSteps.user_creates_post_request_for_the_login_api()&amp#27;[0m
Request method:	POST
Request URI:	https://dietician-dev-41d9a344a720.herokuapp.com/dietician/login
Proxy:			<none>
Request params:	<none>
Query params:	<none>
Form params:	<none>
Path params:	<none>
Headers:		Accept=*/*
				Content-Type=application/json
Cookies:		<none>
Multiparts:		<none>
Body:
{
    "userLoginEmail": "angu.geetha@gmail.com",
    "password": "Song88"
}
  &amp#27;[32mWhen &amp#27;[0m&amp#27;[32mUser sends HTTPS Request with valid credentials on the request Body.&amp#27;[0m                                                                         &amp#27;[90m# stepdefinitions.LoginSteps.user_sends_https_request_with_valid_credentials_on_the_request_body()&amp#27;[0m
HTTP/1.1 200 
Server: Cowboy
Report-To: {"group":"heroku-nel","max_age":3600,"endpoints":[{"url":"https://nel.heroku.com/reports?ts=1700588945&sid=c46efe9b-d3d2-4a0c-8c76-bfafa16c5add&s=EQ6R7SFsqMKca3f8qNqI214CbYuZmmdRIkDY6mo6p94%3D"}]}
Reporting-Endpoints: heroku-nel=https://nel.heroku.com/reports?ts=1700588945&sid=c46efe9b-d3d2-4a0c-8c76-bfafa16c5add&s=EQ6R7SFsqMKca3f8qNqI214CbYuZmmdRIkDY6mo6p94%3D
Nel: {"report_to":"heroku-nel","max_age":3600,"success_fraction":0.005,"failure_fraction":0.05,"response_headers":["Via"]}
Connection: keep-alive
Vary: Origin
Vary: Access-Control-Request-Method
Vary: Access-Control-Request-Headers
X-Content-Type-Options: nosniff
X-Xss-Protection: 1; mode=block
Cache-Control: no-cache, no-store, max-age=0, must-revalidate
Pragma: no-cache
Expires: 0
Strict-Transport-Security: max-age=31536000 ; includeSubDomains
X-Frame-Options: DENY
Content-Type: application/json
Transfer-Encoding: chunked
Date: Tue, 21 Nov 2023 17:49:05 GMT
Via: 1.1 vegur

{
    "token": "eyJhbGciOiJIUzUxMiJ9.eyJzdWIiOiJhbmd1LmdlZXRoYUBnbWFpbC5jb20iLCJpYXQiOjE3MDA1ODg5NDUsImV4cCI6MTcwMDYxNzc0NX0.GlAMTmqF9Ye0nElfQ7sS0bbz0-a8RLbMgRUdhh0Et9QtZyVb5D0qn5lXrcwS8KVLd36im6AJWf78COr34HhzLg",
    "type": "Bearer ",
    "userId": 93,
    "loginUserEmail": "angu.geetha@gmail.com",
    "roles": [
        "ROLE_DIETICIAN"
    ]
}
HTTP/1.1 200 
Server: Cowboy
Report-To: {"group":"heroku-nel","max_age":3600,"endpoints":[{"url":"https://nel.heroku.com/reports?ts=1700588945&sid=c46efe9b-d3d2-4a0c-8c76-bfafa16c5add&s=EQ6R7SFsqMKca3f8qNqI214CbYuZmmdRIkDY6mo6p94%3D"}]}
Reporting-Endpoints: heroku-nel=https://nel.heroku.com/reports?ts=1700588945&sid=c46efe9b-d3d2-4a0c-8c76-bfafa16c5add&s=EQ6R7SFsqMKca3f8qNqI214CbYuZmmdRIkDY6mo6p94%3D
Nel: {"report_to":"heroku-nel","max_age":3600,"success_fraction":0.005,"failure_fraction":0.05,"response_headers":["Via"]}
Connection: keep-alive
Vary: Origin
Vary: Access-Control-Request-Method
Vary: Access-Control-Request-Headers
X-Content-Type-Options: nosniff
X-Xss-Protection: 1; mode=block
Cache-Control: no-cache, no-store, max-age=0, must-revalidate
Pragma: no-cache
Expires: 0
Strict-Transport-Security: max-age=31536000 ; includeSubDomains
X-Frame-Options: DENY
Content-Type: application/json
Transfer-Encoding: chunked
Date: Tue, 21 Nov 2023 17:49:05 GMT
Via: 1.1 vegur

{
    "token": "eyJhbGciOiJIUzUxMiJ9.eyJzdWIiOiJhbmd1LmdlZXRoYUBnbWFpbC5jb20iLCJpYXQiOjE3MDA1ODg5NDUsImV4cCI6MTcwMDYxNzc0NX0.GlAMTmqF9Ye0nElfQ7sS0bbz0-a8RLbMgRUdhh0Et9QtZyVb5D0qn5lXrcwS8KVLd36im6AJWf78COr34HhzLg",
    "type": "Bearer ",
    "userId": 93,
    "loginUserEmail": "angu.geetha@gmail.com",
    "roles": [
        "ROLE_DIETICIAN"
    ]
}
[INFO ] 2023-11-21 12:49:06.022 [main] LoggerLoad - Login POST successful
  &amp#27;[32mThen &amp#27;[0m&amp#27;[32mUser receives Status with response body containing token information.&amp#27;[0m                                                                        &amp#27;[90m# stepdefinitions.LoginSteps.user_receives_status_with_response_body_containing_token_information()&amp#27;[0m
sheetPathsrc/test/resources/data/testData.xlsx
sheetNamepatient
keydataKeyvaluepost_patient_missing_mandatory_firstname
keyfirstnamevalue
keylastnamevalueudans
keycontactnumbervalue7979797979
keyemailvalueudans@gmail.com
keyallergyvalueegg
keyfoodcatvalueVegan
keydobvalue1988-10-10
[INFO ] 2023-11-21 12:49:06.070 [main] LoggerLoad - Paitient POST request created
  &amp#27;[32mGiven &amp#27;[0m&amp#27;[32mUser creates POST Request for the dietician/patient API endpoint with fields from &amp#27;[0m&amp#27;[32m&amp#27;[1m"patient"&amp#27;[0m&amp#27;[32m with &amp#27;[0m&amp#27;[32m&amp#27;[1m"post_patient_missing_mandatory_firstname"&amp#27;[0m &amp#27;[90m# stepdefinitions.PatientSteps.user_creates_post_request_for_the_dietician_patient_api_endpoint_with_fields_from_with(java.lang.String,java.lang.String)&amp#27;[0m
[INFO ] 2023-11-21 12:49:06.073 [main] LoggerLoad - baseUrlhttps://dietician-dev-41d9a344a720.herokuapp.com/dietician
ResultingJSONstring = {"FirstName":null,"LastName":"udans","ContactNumber":7979797979,"Email":"udans@gmail.com","Allergy":"egg","FoodCategory":"Vegan","DateOfBirth":"1988-10-10"}
Request method:	POST
Request URI:	https://dietician-dev-41d9a344a720.herokuapp.com/dietician/patient?patientInfo=%7B%22FirstName%22%3Anull%2C%22LastName%22%3A%22udans%22%2C%22ContactNumber%22%3A7979797979%2C%22Email%22%3A%22udans%40gmail.com%22%2C%22Allergy%22%3A%22egg%22%2C%22FoodCategory%22%3A%22Vegan%22%2C%22DateOfBirth%22%3A%221988-10-10%22%7D
Proxy:			<none>
Request params:	<none>
Query params:	patientInfo={"FirstName":null,"LastName":"udans","ContactNumber":7979797979,"Email":"udans@gmail.com","Allergy":"egg","FoodCategory":"Vegan","DateOfBirth":"1988-10-10"}
Form params:	<none>
Path params:	<none>
Headers:		Authorization=Bearer eyJhbGciOiJIUzUxMiJ9.eyJzdWIiOiJhbmd1LmdlZXRoYUBnbWFpbC5jb20iLCJpYXQiOjE3MDA1ODg5NDUsImV4cCI6MTcwMDYxNzc0NX0.GlAMTmqF9Ye0nElfQ7sS0bbz0-a8RLbMgRUdhh0Et9QtZyVb5D0qn5lXrcwS8KVLd36im6AJWf78COr34HhzLg
				Accept=*/*
				Content-Type=multipart/form-data
Cookies:		<none>
Multiparts:		------------
				Content-Disposition: form-data; name = file; filename = Diabetic.pdf
				Content-Type: application/octet-stream

				.\src\test\resources\Diabetic.pdf
Body:			<none>
[INFO ] 2023-11-21 12:49:06.311 [main] LoggerLoad - Patient POST request sent
  &amp#27;[32mWhen &amp#27;[0m&amp#27;[32mUser sends HTTP POST patient Request&amp#27;[0m                                                                                                         &amp#27;[90m# stepdefinitions.PatientSteps.user_sends_http_post_patient_request()&amp#27;[0m
HTTP/1.1 400 
Server: Cowboy
Report-To: {"group":"heroku-nel","max_age":3600,"endpoints":[{"url":"https://nel.heroku.com/reports?ts=1700588945&sid=c46efe9b-d3d2-4a0c-8c76-bfafa16c5add&s=EQ6R7SFsqMKca3f8qNqI214CbYuZmmdRIkDY6mo6p94%3D"}]}
Reporting-Endpoints: heroku-nel=https://nel.heroku.com/reports?ts=1700588945&sid=c46efe9b-d3d2-4a0c-8c76-bfafa16c5add&s=EQ6R7SFsqMKca3f8qNqI214CbYuZmmdRIkDY6mo6p94%3D
Nel: {"report_to":"heroku-nel","max_age":3600,"success_fraction":0.005,"failure_fraction":0.05,"response_headers":["Via"]}
Connection: keep-alive
Vary: Origin
Vary: Access-Control-Request-Method
Vary: Access-Control-Request-Headers
X-Content-Type-Options: nosniff
X-Xss-Protection: 1; mode=block
Cache-Control: no-cache, no-store, max-age=0, must-revalidate
Pragma: no-cache
Expires: 0
Strict-Transport-Security: max-age=31536000 ; includeSubDomains
X-Frame-Options: DENY
Content-Type: application/json
Transfer-Encoding: chunked
Date: Tue, 21 Nov 2023 17:49:05 GMT
Via: 1.1 vegur

{
    "errorCode": "INVALID_REQ_DATA",
    "errorMessage": "User First Name is Mandatory!\n "
}
  &amp#27;[32mThen &amp#27;[0m&amp#27;[32mUser receives response for POST patient &amp#27;[0m&amp#27;[32m&amp#27;[1m"patient"&amp#27;[0m&amp#27;[32m with &amp#27;[0m&amp#27;[32m&amp#27;[1m"post_patient_missing_mandatory_firstname"&amp#27;[0m                                            &amp#27;[90m# stepdefinitions.PatientSteps.user_receives_response_for_post_patient_with(java.lang.String,java.lang.String)&amp#27;[0m
]]></system-out>
  </testcase>
  <testcase name="runScenario[&quot;Check if user able to create a patient with &quot;post_patient_missing_mandatory_lastname&quot; endpoint and request body.&quot;, &quot;Optional[Patient.feature]&quot;](23)" classname="runners.TestRunner" time="0.638">
    <system-out><![CDATA[
@PatientModule
Scenario Outline: Check if user able to create a patient with "post_patient_missing_mandatory_lastname" endpoint and request body.                 &amp#27;[90m# src/test/resources/features/Patient.feature:36&amp#27;[0m
sheetPathsrc/test/resources/data/testData.xlsx
sheetNamelogin
keydataKeyvaluelogin_valid_dietician
keyuserIdvalueangu.geetha@gmail.com
keypasswordvalueSong88
[INFO ] 2023-11-21 12:49:06.368 [main] LoggerLoad - Login Request: userId: angu.geetha@gmail.compassword: Song88
  &amp#27;[32mGiven &amp#27;[0m&amp#27;[32mUser creates POST Request for the login API.&amp#27;[0m                                                                                               &amp#27;[90m# stepdefinitions.LoginSteps.user_creates_post_request_for_the_login_api()&amp#27;[0m
Request method:	POST
Request URI:	https://dietician-dev-41d9a344a720.herokuapp.com/dietician/login
Proxy:			<none>
Request params:	<none>
Query params:	<none>
Form params:	<none>
Path params:	<none>
Headers:		Accept=*/*
				Content-Type=application/json
Cookies:		<none>
Multiparts:		<none>
Body:
{
    "userLoginEmail": "angu.geetha@gmail.com",
    "password": "Song88"
}
  &amp#27;[32mWhen &amp#27;[0m&amp#27;[32mUser sends HTTPS Request with valid credentials on the request Body.&amp#27;[0m                                                                        &amp#27;[90m# stepdefinitions.LoginSteps.user_sends_https_request_with_valid_credentials_on_the_request_body()&amp#27;[0m
HTTP/1.1 200 
Server: Cowboy
Report-To: {"group":"heroku-nel","max_age":3600,"endpoints":[{"url":"https://nel.heroku.com/reports?ts=1700588946&sid=c46efe9b-d3d2-4a0c-8c76-bfafa16c5add&s=kezlhLCT%2BdnrPB7iZq%2FgzM%2BTm%2Fm%2BC15uMR8YZf6ZnrA%3D"}]}
Reporting-Endpoints: heroku-nel=https://nel.heroku.com/reports?ts=1700588946&sid=c46efe9b-d3d2-4a0c-8c76-bfafa16c5add&s=kezlhLCT%2BdnrPB7iZq%2FgzM%2BTm%2Fm%2BC15uMR8YZf6ZnrA%3D
Nel: {"report_to":"heroku-nel","max_age":3600,"success_fraction":0.005,"failure_fraction":0.05,"response_headers":["Via"]}
Connection: keep-alive
Vary: Origin
Vary: Access-Control-Request-Method
Vary: Access-Control-Request-Headers
X-Content-Type-Options: nosniff
X-Xss-Protection: 1; mode=block
Cache-Control: no-cache, no-store, max-age=0, must-revalidate
Pragma: no-cache
Expires: 0
Strict-Transport-Security: max-age=31536000 ; includeSubDomains
X-Frame-Options: DENY
Content-Type: application/json
Transfer-Encoding: chunked
Date: Tue, 21 Nov 2023 17:49:05 GMT
Via: 1.1 vegur

{
    "token": "eyJhbGciOiJIUzUxMiJ9.eyJzdWIiOiJhbmd1LmdlZXRoYUBnbWFpbC5jb20iLCJpYXQiOjE3MDA1ODg5NDYsImV4cCI6MTcwMDYxNzc0Nn0.CLO_ANo7l-pHhQBk5mJM_pG7qg7_Fd7cGAaODNvsqbcI5Qmm0y65YwFNqLYT-i9aIo8Qr0VlL1556-kbge1pgg",
    "type": "Bearer ",
    "userId": 93,
    "loginUserEmail": "angu.geetha@gmail.com",
    "roles": [
        "ROLE_DIETICIAN"
    ]
}
HTTP/1.1 200 
Server: Cowboy
Report-To: {"group":"heroku-nel","max_age":3600,"endpoints":[{"url":"https://nel.heroku.com/reports?ts=1700588946&sid=c46efe9b-d3d2-4a0c-8c76-bfafa16c5add&s=kezlhLCT%2BdnrPB7iZq%2FgzM%2BTm%2Fm%2BC15uMR8YZf6ZnrA%3D"}]}
Reporting-Endpoints: heroku-nel=https://nel.heroku.com/reports?ts=1700588946&sid=c46efe9b-d3d2-4a0c-8c76-bfafa16c5add&s=kezlhLCT%2BdnrPB7iZq%2FgzM%2BTm%2Fm%2BC15uMR8YZf6ZnrA%3D
Nel: {"report_to":"heroku-nel","max_age":3600,"success_fraction":0.005,"failure_fraction":0.05,"response_headers":["Via"]}
Connection: keep-alive
Vary: Origin
Vary: Access-Control-Request-Method
Vary: Access-Control-Request-Headers
X-Content-Type-Options: nosniff
X-Xss-Protection: 1; mode=block
Cache-Control: no-cache, no-store, max-age=0, must-revalidate
Pragma: no-cache
Expires: 0
Strict-Transport-Security: max-age=31536000 ; includeSubDomains
X-Frame-Options: DENY
Content-Type: application/json
Transfer-Encoding: chunked
Date: Tue, 21 Nov 2023 17:49:05 GMT
Via: 1.1 vegur

{
    "token": "eyJhbGciOiJIUzUxMiJ9.eyJzdWIiOiJhbmd1LmdlZXRoYUBnbWFpbC5jb20iLCJpYXQiOjE3MDA1ODg5NDYsImV4cCI6MTcwMDYxNzc0Nn0.CLO_ANo7l-pHhQBk5mJM_pG7qg7_Fd7cGAaODNvsqbcI5Qmm0y65YwFNqLYT-i9aIo8Qr0VlL1556-kbge1pgg",
    "type": "Bearer ",
    "userId": 93,
    "loginUserEmail": "angu.geetha@gmail.com",
    "roles": [
        "ROLE_DIETICIAN"
    ]
}
[INFO ] 2023-11-21 12:49:06.599 [main] LoggerLoad - Login POST successful
  &amp#27;[32mThen &amp#27;[0m&amp#27;[32mUser receives Status with response body containing token information.&amp#27;[0m                                                                       &amp#27;[90m# stepdefinitions.LoginSteps.user_receives_status_with_response_body_containing_token_information()&amp#27;[0m
sheetPathsrc/test/resources/data/testData.xlsx
sheetNamepatient
keydataKeyvaluepost_patient_missing_mandatory_lastname
keyfirstnamevaluejade
keylastnamevalue
keycontactnumbervalue7979797979
keyemailvalueudans@gmail.com
keyallergyvalueegg
keyfoodcatvalueVegan
keydobvalue1988-10-10
[INFO ] 2023-11-21 12:49:06.647 [main] LoggerLoad - Paitient POST request created
  &amp#27;[32mGiven &amp#27;[0m&amp#27;[32mUser creates POST Request for the dietician/patient API endpoint with fields from &amp#27;[0m&amp#27;[32m&amp#27;[1m"patient"&amp#27;[0m&amp#27;[32m with &amp#27;[0m&amp#27;[32m&amp#27;[1m"post_patient_missing_mandatory_lastname"&amp#27;[0m &amp#27;[90m# stepdefinitions.PatientSteps.user_creates_post_request_for_the_dietician_patient_api_endpoint_with_fields_from_with(java.lang.String,java.lang.String)&amp#27;[0m
[INFO ] 2023-11-21 12:49:06.647 [main] LoggerLoad - baseUrlhttps://dietician-dev-41d9a344a720.herokuapp.com/dietician
ResultingJSONstring = {"FirstName":"jade","LastName":null,"ContactNumber":7979797979,"Email":"udans@gmail.com","Allergy":"egg","FoodCategory":"Vegan","DateOfBirth":"1988-10-10"}
Request method:	POST
Request URI:	https://dietician-dev-41d9a344a720.herokuapp.com/dietician/patient?patientInfo=%7B%22FirstName%22%3A%22jade%22%2C%22LastName%22%3Anull%2C%22ContactNumber%22%3A7979797979%2C%22Email%22%3A%22udans%40gmail.com%22%2C%22Allergy%22%3A%22egg%22%2C%22FoodCategory%22%3A%22Vegan%22%2C%22DateOfBirth%22%3A%221988-10-10%22%7D
Proxy:			<none>
Request params:	<none>
Query params:	patientInfo={"FirstName":"jade","LastName":null,"ContactNumber":7979797979,"Email":"udans@gmail.com","Allergy":"egg","FoodCategory":"Vegan","DateOfBirth":"1988-10-10"}
Form params:	<none>
Path params:	<none>
Headers:		Authorization=Bearer eyJhbGciOiJIUzUxMiJ9.eyJzdWIiOiJhbmd1LmdlZXRoYUBnbWFpbC5jb20iLCJpYXQiOjE3MDA1ODg5NDYsImV4cCI6MTcwMDYxNzc0Nn0.CLO_ANo7l-pHhQBk5mJM_pG7qg7_Fd7cGAaODNvsqbcI5Qmm0y65YwFNqLYT-i9aIo8Qr0VlL1556-kbge1pgg
				Accept=*/*
				Content-Type=multipart/form-data
Cookies:		<none>
Multiparts:		------------
				Content-Disposition: form-data; name = file; filename = Diabetic.pdf
				Content-Type: application/octet-stream

				.\src\test\resources\Diabetic.pdf
Body:			<none>
[INFO ] 2023-11-21 12:49:06.946 [main] LoggerLoad - Patient POST request sent
  &amp#27;[32mWhen &amp#27;[0m&amp#27;[32mUser sends HTTP POST patient Request&amp#27;[0m                                                                                                        &amp#27;[90m# stepdefinitions.PatientSteps.user_sends_http_post_patient_request()&amp#27;[0m
HTTP/1.1 400 
Server: Cowboy
Report-To: {"group":"heroku-nel","max_age":3600,"endpoints":[{"url":"https://nel.heroku.com/reports?ts=1700588946&sid=c46efe9b-d3d2-4a0c-8c76-bfafa16c5add&s=kezlhLCT%2BdnrPB7iZq%2FgzM%2BTm%2Fm%2BC15uMR8YZf6ZnrA%3D"}]}
Reporting-Endpoints: heroku-nel=https://nel.heroku.com/reports?ts=1700588946&sid=c46efe9b-d3d2-4a0c-8c76-bfafa16c5add&s=kezlhLCT%2BdnrPB7iZq%2FgzM%2BTm%2Fm%2BC15uMR8YZf6ZnrA%3D
Nel: {"report_to":"heroku-nel","max_age":3600,"success_fraction":0.005,"failure_fraction":0.05,"response_headers":["Via"]}
Connection: keep-alive
Vary: Origin
Vary: Access-Control-Request-Method
Vary: Access-Control-Request-Headers
X-Content-Type-Options: nosniff
X-Xss-Protection: 1; mode=block
Cache-Control: no-cache, no-store, max-age=0, must-revalidate
Pragma: no-cache
Expires: 0
Strict-Transport-Security: max-age=31536000 ; includeSubDomains
X-Frame-Options: DENY
Content-Type: application/json
Transfer-Encoding: chunked
Date: Tue, 21 Nov 2023 17:49:05 GMT
Via: 1.1 vegur

{
    "errorCode": "INVALID_REQ_DATA",
    "errorMessage": "User Last Name is Mandatory!\n "
}
  &amp#27;[32mThen &amp#27;[0m&amp#27;[32mUser receives response for POST patient &amp#27;[0m&amp#27;[32m&amp#27;[1m"patient"&amp#27;[0m&amp#27;[32m with &amp#27;[0m&amp#27;[32m&amp#27;[1m"post_patient_missing_mandatory_lastname"&amp#27;[0m                                            &amp#27;[90m# stepdefinitions.PatientSteps.user_receives_response_for_post_patient_with(java.lang.String,java.lang.String)&amp#27;[0m
]]></system-out>
  </testcase>
  <testcase name="runScenario[&quot;Check if user able to create a patient with &quot;post_patient_missing_mandatory_contactnumber&quot; endpoint and request body.&quot;, &quot;Optional[Patient.feature]&quot;](24)" classname="runners.TestRunner" time="0.658">
    <system-out><![CDATA[
@PatientModule
Scenario Outline: Check if user able to create a patient with "post_patient_missing_mandatory_contactnumber" endpoint and request body.                 &amp#27;[90m# src/test/resources/features/Patient.feature:37&amp#27;[0m
sheetPathsrc/test/resources/data/testData.xlsx
sheetNamelogin
keydataKeyvaluelogin_valid_dietician
keyuserIdvalueangu.geetha@gmail.com
keypasswordvalueSong88
[INFO ] 2023-11-21 12:49:07.008 [main] LoggerLoad - Login Request: userId: angu.geetha@gmail.compassword: Song88
  &amp#27;[32mGiven &amp#27;[0m&amp#27;[32mUser creates POST Request for the login API.&amp#27;[0m                                                                                                    &amp#27;[90m# stepdefinitions.LoginSteps.user_creates_post_request_for_the_login_api()&amp#27;[0m
Request method:	POST
Request URI:	https://dietician-dev-41d9a344a720.herokuapp.com/dietician/login
Proxy:			<none>
Request params:	<none>
Query params:	<none>
Form params:	<none>
Path params:	<none>
Headers:		Accept=*/*
				Content-Type=application/json
Cookies:		<none>
Multiparts:		<none>
Body:
{
    "userLoginEmail": "angu.geetha@gmail.com",
    "password": "Song88"
}
  &amp#27;[32mWhen &amp#27;[0m&amp#27;[32mUser sends HTTPS Request with valid credentials on the request Body.&amp#27;[0m                                                                             &amp#27;[90m# stepdefinitions.LoginSteps.user_sends_https_request_with_valid_credentials_on_the_request_body()&amp#27;[0m
HTTP/1.1 200 
Server: Cowboy
Report-To: {"group":"heroku-nel","max_age":3600,"endpoints":[{"url":"https://nel.heroku.com/reports?ts=1700588946&sid=c46efe9b-d3d2-4a0c-8c76-bfafa16c5add&s=kezlhLCT%2BdnrPB7iZq%2FgzM%2BTm%2Fm%2BC15uMR8YZf6ZnrA%3D"}]}
Reporting-Endpoints: heroku-nel=https://nel.heroku.com/reports?ts=1700588946&sid=c46efe9b-d3d2-4a0c-8c76-bfafa16c5add&s=kezlhLCT%2BdnrPB7iZq%2FgzM%2BTm%2Fm%2BC15uMR8YZf6ZnrA%3D
Nel: {"report_to":"heroku-nel","max_age":3600,"success_fraction":0.005,"failure_fraction":0.05,"response_headers":["Via"]}
Connection: keep-alive
Vary: Origin
Vary: Access-Control-Request-Method
Vary: Access-Control-Request-Headers
X-Content-Type-Options: nosniff
X-Xss-Protection: 1; mode=block
Cache-Control: no-cache, no-store, max-age=0, must-revalidate
Pragma: no-cache
Expires: 0
Strict-Transport-Security: max-age=31536000 ; includeSubDomains
X-Frame-Options: DENY
Content-Type: application/json
Transfer-Encoding: chunked
Date: Tue, 21 Nov 2023 17:49:06 GMT
Via: 1.1 vegur

{
    "token": "eyJhbGciOiJIUzUxMiJ9.eyJzdWIiOiJhbmd1LmdlZXRoYUBnbWFpbC5jb20iLCJpYXQiOjE3MDA1ODg5NDYsImV4cCI6MTcwMDYxNzc0Nn0.CLO_ANo7l-pHhQBk5mJM_pG7qg7_Fd7cGAaODNvsqbcI5Qmm0y65YwFNqLYT-i9aIo8Qr0VlL1556-kbge1pgg",
    "type": "Bearer ",
    "userId": 93,
    "loginUserEmail": "angu.geetha@gmail.com",
    "roles": [
        "ROLE_DIETICIAN"
    ]
}
HTTP/1.1 200 
Server: Cowboy
Report-To: {"group":"heroku-nel","max_age":3600,"endpoints":[{"url":"https://nel.heroku.com/reports?ts=1700588946&sid=c46efe9b-d3d2-4a0c-8c76-bfafa16c5add&s=kezlhLCT%2BdnrPB7iZq%2FgzM%2BTm%2Fm%2BC15uMR8YZf6ZnrA%3D"}]}
Reporting-Endpoints: heroku-nel=https://nel.heroku.com/reports?ts=1700588946&sid=c46efe9b-d3d2-4a0c-8c76-bfafa16c5add&s=kezlhLCT%2BdnrPB7iZq%2FgzM%2BTm%2Fm%2BC15uMR8YZf6ZnrA%3D
Nel: {"report_to":"heroku-nel","max_age":3600,"success_fraction":0.005,"failure_fraction":0.05,"response_headers":["Via"]}
Connection: keep-alive
Vary: Origin
Vary: Access-Control-Request-Method
Vary: Access-Control-Request-Headers
X-Content-Type-Options: nosniff
X-Xss-Protection: 1; mode=block
Cache-Control: no-cache, no-store, max-age=0, must-revalidate
Pragma: no-cache
Expires: 0
Strict-Transport-Security: max-age=31536000 ; includeSubDomains
X-Frame-Options: DENY
Content-Type: application/json
Transfer-Encoding: chunked
Date: Tue, 21 Nov 2023 17:49:06 GMT
Via: 1.1 vegur

{
    "token": "eyJhbGciOiJIUzUxMiJ9.eyJzdWIiOiJhbmd1LmdlZXRoYUBnbWFpbC5jb20iLCJpYXQiOjE3MDA1ODg5NDYsImV4cCI6MTcwMDYxNzc0Nn0.CLO_ANo7l-pHhQBk5mJM_pG7qg7_Fd7cGAaODNvsqbcI5Qmm0y65YwFNqLYT-i9aIo8Qr0VlL1556-kbge1pgg",
    "type": "Bearer ",
    "userId": 93,
    "loginUserEmail": "angu.geetha@gmail.com",
    "roles": [
        "ROLE_DIETICIAN"
    ]
}
[INFO ] 2023-11-21 12:49:07.278 [main] LoggerLoad - Login POST successful
  &amp#27;[32mThen &amp#27;[0m&amp#27;[32mUser receives Status with response body containing token information.&amp#27;[0m                                                                            &amp#27;[90m# stepdefinitions.LoginSteps.user_receives_status_with_response_body_containing_token_information()&amp#27;[0m
sheetPathsrc/test/resources/data/testData.xlsx
sheetNamepatient
keydataKeyvaluepost_patient_missing_mandatory_contactnumber
keyfirstnamevaluejade
keylastnamevalueudans
keycontactnumbervalue
keyemailvalueudans@gmail.com
keyallergyvalueegg
keyfoodcatvalueVegan
keydobvalue1988-10-10
[INFO ] 2023-11-21 12:49:07.332 [main] LoggerLoad - Paitient POST request created
  &amp#27;[32mGiven &amp#27;[0m&amp#27;[32mUser creates POST Request for the dietician/patient API endpoint with fields from &amp#27;[0m&amp#27;[32m&amp#27;[1m"patient"&amp#27;[0m&amp#27;[32m with &amp#27;[0m&amp#27;[32m&amp#27;[1m"post_patient_missing_mandatory_contactnumber"&amp#27;[0m &amp#27;[90m# stepdefinitions.PatientSteps.user_creates_post_request_for_the_dietician_patient_api_endpoint_with_fields_from_with(java.lang.String,java.lang.String)&amp#27;[0m
[INFO ] 2023-11-21 12:49:07.333 [main] LoggerLoad - baseUrlhttps://dietician-dev-41d9a344a720.herokuapp.com/dietician
ResultingJSONstring = {"FirstName":"jade","LastName":"udans","ContactNumber":0,"Email":"udans@gmail.com","Allergy":"egg","FoodCategory":"Vegan","DateOfBirth":"1988-10-10"}
Request method:	POST
Request URI:	https://dietician-dev-41d9a344a720.herokuapp.com/dietician/patient?patientInfo=%7B%22FirstName%22%3A%22jade%22%2C%22LastName%22%3A%22udans%22%2C%22ContactNumber%22%3A0%2C%22Email%22%3A%22udans%40gmail.com%22%2C%22Allergy%22%3A%22egg%22%2C%22FoodCategory%22%3A%22Vegan%22%2C%22DateOfBirth%22%3A%221988-10-10%22%7D
Proxy:			<none>
Request params:	<none>
Query params:	patientInfo={"FirstName":"jade","LastName":"udans","ContactNumber":0,"Email":"udans@gmail.com","Allergy":"egg","FoodCategory":"Vegan","DateOfBirth":"1988-10-10"}
Form params:	<none>
Path params:	<none>
Headers:		Authorization=Bearer eyJhbGciOiJIUzUxMiJ9.eyJzdWIiOiJhbmd1LmdlZXRoYUBnbWFpbC5jb20iLCJpYXQiOjE3MDA1ODg5NDYsImV4cCI6MTcwMDYxNzc0Nn0.CLO_ANo7l-pHhQBk5mJM_pG7qg7_Fd7cGAaODNvsqbcI5Qmm0y65YwFNqLYT-i9aIo8Qr0VlL1556-kbge1pgg
				Accept=*/*
				Content-Type=multipart/form-data
Cookies:		<none>
Multiparts:		------------
				Content-Disposition: form-data; name = file; filename = Diabetic.pdf
				Content-Type: application/octet-stream

				.\src\test\resources\Diabetic.pdf
Body:			<none>
[INFO ] 2023-11-21 12:49:07.598 [main] LoggerLoad - Patient POST request sent
  &amp#27;[32mWhen &amp#27;[0m&amp#27;[32mUser sends HTTP POST patient Request&amp#27;[0m                                                                                                             &amp#27;[90m# stepdefinitions.PatientSteps.user_sends_http_post_patient_request()&amp#27;[0m
HTTP/1.1 400 
Server: Cowboy
Report-To: {"group":"heroku-nel","max_age":3600,"endpoints":[{"url":"https://nel.heroku.com/reports?ts=1700588947&sid=c46efe9b-d3d2-4a0c-8c76-bfafa16c5add&s=bmhFutiQj3ncczlR%2FvVt5VcHHZMsLZSQNmvxmohNM80%3D"}]}
Reporting-Endpoints: heroku-nel=https://nel.heroku.com/reports?ts=1700588947&sid=c46efe9b-d3d2-4a0c-8c76-bfafa16c5add&s=bmhFutiQj3ncczlR%2FvVt5VcHHZMsLZSQNmvxmohNM80%3D
Nel: {"report_to":"heroku-nel","max_age":3600,"success_fraction":0.005,"failure_fraction":0.05,"response_headers":["Via"]}
Connection: keep-alive
Vary: Origin
Vary: Access-Control-Request-Method
Vary: Access-Control-Request-Headers
X-Content-Type-Options: nosniff
X-Xss-Protection: 1; mode=block
Cache-Control: no-cache, no-store, max-age=0, must-revalidate
Pragma: no-cache
Expires: 0
Strict-Transport-Security: max-age=31536000 ; includeSubDomains
X-Frame-Options: DENY
Content-Type: application/json
Transfer-Encoding: chunked
Date: Tue, 21 Nov 2023 17:49:06 GMT
Via: 1.1 vegur

{
    "errorCode": "INVALID_REQ_DATA",
    "errorMessage": "Contact number should contain 10 digits\n "
}
  &amp#27;[32mThen &amp#27;[0m&amp#27;[32mUser receives response for POST patient &amp#27;[0m&amp#27;[32m&amp#27;[1m"patient"&amp#27;[0m&amp#27;[32m with &amp#27;[0m&amp#27;[32m&amp#27;[1m"post_patient_missing_mandatory_contactnumber"&amp#27;[0m                                            &amp#27;[90m# stepdefinitions.PatientSteps.user_receives_response_for_post_patient_with(java.lang.String,java.lang.String)&amp#27;[0m
]]></system-out>
  </testcase>
  <testcase name="runScenario[&quot;Check if user able to create a patient with &quot;post_patient_missing_mandatory_email&quot; endpoint and request body.&quot;, &quot;Optional[Patient.feature]&quot;](25)" classname="runners.TestRunner" time="0.603">
    <system-out><![CDATA[
@PatientModule
Scenario Outline: Check if user able to create a patient with "post_patient_missing_mandatory_email" endpoint and request body.                 &amp#27;[90m# src/test/resources/features/Patient.feature:38&amp#27;[0m
sheetPathsrc/test/resources/data/testData.xlsx
sheetNamelogin
keydataKeyvaluelogin_valid_dietician
keyuserIdvalueangu.geetha@gmail.com
keypasswordvalueSong88
[INFO ] 2023-11-21 12:49:07.674 [main] LoggerLoad - Login Request: userId: angu.geetha@gmail.compassword: Song88
  &amp#27;[32mGiven &amp#27;[0m&amp#27;[32mUser creates POST Request for the login API.&amp#27;[0m                                                                                            &amp#27;[90m# stepdefinitions.LoginSteps.user_creates_post_request_for_the_login_api()&amp#27;[0m
Request method:	POST
Request URI:	https://dietician-dev-41d9a344a720.herokuapp.com/dietician/login
Proxy:			<none>
Request params:	<none>
Query params:	<none>
Form params:	<none>
Path params:	<none>
Headers:		Accept=*/*
				Content-Type=application/json
Cookies:		<none>
Multiparts:		<none>
Body:
{
    "userLoginEmail": "angu.geetha@gmail.com",
    "password": "Song88"
}
  &amp#27;[32mWhen &amp#27;[0m&amp#27;[32mUser sends HTTPS Request with valid credentials on the request Body.&amp#27;[0m                                                                     &amp#27;[90m# stepdefinitions.LoginSteps.user_sends_https_request_with_valid_credentials_on_the_request_body()&amp#27;[0m
HTTP/1.1 200 
Server: Cowboy
Report-To: {"group":"heroku-nel","max_age":3600,"endpoints":[{"url":"https://nel.heroku.com/reports?ts=1700588947&sid=c46efe9b-d3d2-4a0c-8c76-bfafa16c5add&s=bmhFutiQj3ncczlR%2FvVt5VcHHZMsLZSQNmvxmohNM80%3D"}]}
Reporting-Endpoints: heroku-nel=https://nel.heroku.com/reports?ts=1700588947&sid=c46efe9b-d3d2-4a0c-8c76-bfafa16c5add&s=bmhFutiQj3ncczlR%2FvVt5VcHHZMsLZSQNmvxmohNM80%3D
Nel: {"report_to":"heroku-nel","max_age":3600,"success_fraction":0.005,"failure_fraction":0.05,"response_headers":["Via"]}
Connection: keep-alive
Vary: Origin
Vary: Access-Control-Request-Method
Vary: Access-Control-Request-Headers
X-Content-Type-Options: nosniff
X-Xss-Protection: 1; mode=block
Cache-Control: no-cache, no-store, max-age=0, must-revalidate
Pragma: no-cache
Expires: 0
Strict-Transport-Security: max-age=31536000 ; includeSubDomains
X-Frame-Options: DENY
Content-Type: application/json
Transfer-Encoding: chunked
Date: Tue, 21 Nov 2023 17:49:06 GMT
Via: 1.1 vegur

{
    "token": "eyJhbGciOiJIUzUxMiJ9.eyJzdWIiOiJhbmd1LmdlZXRoYUBnbWFpbC5jb20iLCJpYXQiOjE3MDA1ODg5NDcsImV4cCI6MTcwMDYxNzc0N30.ToyNy3ByPXe82L6b1uXy2URFkIr6wcNd2WyILCxvJFDwwIaDal4iMsVrxxojbvWqyDB6FvWTxdDW9HR9g7p-Bw",
    "type": "Bearer ",
    "userId": 93,
    "loginUserEmail": "angu.geetha@gmail.com",
    "roles": [
        "ROLE_DIETICIAN"
    ]
}
HTTP/1.1 200 
Server: Cowboy
Report-To: {"group":"heroku-nel","max_age":3600,"endpoints":[{"url":"https://nel.heroku.com/reports?ts=1700588947&sid=c46efe9b-d3d2-4a0c-8c76-bfafa16c5add&s=bmhFutiQj3ncczlR%2FvVt5VcHHZMsLZSQNmvxmohNM80%3D"}]}
Reporting-Endpoints: heroku-nel=https://nel.heroku.com/reports?ts=1700588947&sid=c46efe9b-d3d2-4a0c-8c76-bfafa16c5add&s=bmhFutiQj3ncczlR%2FvVt5VcHHZMsLZSQNmvxmohNM80%3D
Nel: {"report_to":"heroku-nel","max_age":3600,"success_fraction":0.005,"failure_fraction":0.05,"response_headers":["Via"]}
Connection: keep-alive
Vary: Origin
Vary: Access-Control-Request-Method
Vary: Access-Control-Request-Headers
X-Content-Type-Options: nosniff
X-Xss-Protection: 1; mode=block
Cache-Control: no-cache, no-store, max-age=0, must-revalidate
Pragma: no-cache
Expires: 0
Strict-Transport-Security: max-age=31536000 ; includeSubDomains
X-Frame-Options: DENY
Content-Type: application/json
Transfer-Encoding: chunked
Date: Tue, 21 Nov 2023 17:49:06 GMT
Via: 1.1 vegur

{
    "token": "eyJhbGciOiJIUzUxMiJ9.eyJzdWIiOiJhbmd1LmdlZXRoYUBnbWFpbC5jb20iLCJpYXQiOjE3MDA1ODg5NDcsImV4cCI6MTcwMDYxNzc0N30.ToyNy3ByPXe82L6b1uXy2URFkIr6wcNd2WyILCxvJFDwwIaDal4iMsVrxxojbvWqyDB6FvWTxdDW9HR9g7p-Bw",
    "type": "Bearer ",
    "userId": 93,
    "loginUserEmail": "angu.geetha@gmail.com",
    "roles": [
        "ROLE_DIETICIAN"
    ]
}
[INFO ] 2023-11-21 12:49:07.910 [main] LoggerLoad - Login POST successful
  &amp#27;[32mThen &amp#27;[0m&amp#27;[32mUser receives Status with response body containing token information.&amp#27;[0m                                                                    &amp#27;[90m# stepdefinitions.LoginSteps.user_receives_status_with_response_body_containing_token_information()&amp#27;[0m
sheetPathsrc/test/resources/data/testData.xlsx
sheetNamepatient
keydataKeyvaluepost_patient_missing_mandatory_email
keyfirstnamevaluejade
keylastnamevalueudans
keycontactnumbervalue7979797979
keyemailvalue
keyallergyvalueegg
keyfoodcatvalueVegan
keydobvalue1988-10-10
[INFO ] 2023-11-21 12:49:07.955 [main] LoggerLoad - Paitient POST request created
  &amp#27;[32mGiven &amp#27;[0m&amp#27;[32mUser creates POST Request for the dietician/patient API endpoint with fields from &amp#27;[0m&amp#27;[32m&amp#27;[1m"patient"&amp#27;[0m&amp#27;[32m with &amp#27;[0m&amp#27;[32m&amp#27;[1m"post_patient_missing_mandatory_email"&amp#27;[0m &amp#27;[90m# stepdefinitions.PatientSteps.user_creates_post_request_for_the_dietician_patient_api_endpoint_with_fields_from_with(java.lang.String,java.lang.String)&amp#27;[0m
[INFO ] 2023-11-21 12:49:07.956 [main] LoggerLoad - baseUrlhttps://dietician-dev-41d9a344a720.herokuapp.com/dietician
ResultingJSONstring = {"FirstName":"jade","LastName":"udans","ContactNumber":7979797979,"Email":null,"Allergy":"egg","FoodCategory":"Vegan","DateOfBirth":"1988-10-10"}
Request method:	POST
Request URI:	https://dietician-dev-41d9a344a720.herokuapp.com/dietician/patient?patientInfo=%7B%22FirstName%22%3A%22jade%22%2C%22LastName%22%3A%22udans%22%2C%22ContactNumber%22%3A7979797979%2C%22Email%22%3Anull%2C%22Allergy%22%3A%22egg%22%2C%22FoodCategory%22%3A%22Vegan%22%2C%22DateOfBirth%22%3A%221988-10-10%22%7D
Proxy:			<none>
Request params:	<none>
Query params:	patientInfo={"FirstName":"jade","LastName":"udans","ContactNumber":7979797979,"Email":null,"Allergy":"egg","FoodCategory":"Vegan","DateOfBirth":"1988-10-10"}
Form params:	<none>
Path params:	<none>
Headers:		Authorization=Bearer eyJhbGciOiJIUzUxMiJ9.eyJzdWIiOiJhbmd1LmdlZXRoYUBnbWFpbC5jb20iLCJpYXQiOjE3MDA1ODg5NDcsImV4cCI6MTcwMDYxNzc0N30.ToyNy3ByPXe82L6b1uXy2URFkIr6wcNd2WyILCxvJFDwwIaDal4iMsVrxxojbvWqyDB6FvWTxdDW9HR9g7p-Bw
				Accept=*/*
				Content-Type=multipart/form-data
Cookies:		<none>
Multiparts:		------------
				Content-Disposition: form-data; name = file; filename = Diabetic.pdf
				Content-Type: application/octet-stream

				.\src\test\resources\Diabetic.pdf
Body:			<none>
[INFO ] 2023-11-21 12:49:08.202 [main] LoggerLoad - Patient POST request sent
  &amp#27;[32mWhen &amp#27;[0m&amp#27;[32mUser sends HTTP POST patient Request&amp#27;[0m                                                                                                     &amp#27;[90m# stepdefinitions.PatientSteps.user_sends_http_post_patient_request()&amp#27;[0m
HTTP/1.1 400 
Server: Cowboy
Report-To: {"group":"heroku-nel","max_age":3600,"endpoints":[{"url":"https://nel.heroku.com/reports?ts=1700588947&sid=c46efe9b-d3d2-4a0c-8c76-bfafa16c5add&s=bmhFutiQj3ncczlR%2FvVt5VcHHZMsLZSQNmvxmohNM80%3D"}]}
Reporting-Endpoints: heroku-nel=https://nel.heroku.com/reports?ts=1700588947&sid=c46efe9b-d3d2-4a0c-8c76-bfafa16c5add&s=bmhFutiQj3ncczlR%2FvVt5VcHHZMsLZSQNmvxmohNM80%3D
Nel: {"report_to":"heroku-nel","max_age":3600,"success_fraction":0.005,"failure_fraction":0.05,"response_headers":["Via"]}
Connection: keep-alive
Vary: Origin
Vary: Access-Control-Request-Method
Vary: Access-Control-Request-Headers
X-Content-Type-Options: nosniff
X-Xss-Protection: 1; mode=block
Cache-Control: no-cache, no-store, max-age=0, must-revalidate
Pragma: no-cache
Expires: 0
Strict-Transport-Security: max-age=31536000 ; includeSubDomains
X-Frame-Options: DENY
Content-Type: application/json
Transfer-Encoding: chunked
Date: Tue, 21 Nov 2023 17:49:06 GMT
Via: 1.1 vegur

{
    "errorCode": "DUPLICATE_ENTITY",
    "errorMessage": "Patient already exists with given DateOfBirth and ContactNumber"
}
  &amp#27;[32mThen &amp#27;[0m&amp#27;[32mUser receives response for POST patient &amp#27;[0m&amp#27;[32m&amp#27;[1m"patient"&amp#27;[0m&amp#27;[32m with &amp#27;[0m&amp#27;[32m&amp#27;[1m"post_patient_missing_mandatory_email"&amp#27;[0m                                            &amp#27;[90m# stepdefinitions.PatientSteps.user_receives_response_for_post_patient_with(java.lang.String,java.lang.String)&amp#27;[0m
]]></system-out>
  </testcase>
  <testcase name="runScenario[&quot;Check if user able to create a patient with &quot;post_patient_incorrect_format_allery&quot; endpoint and request body.&quot;, &quot;Optional[Patient.feature]&quot;](26)" classname="runners.TestRunner" time="0.622">
    <system-out><![CDATA[
@PatientModule
Scenario Outline: Check if user able to create a patient with "post_patient_incorrect_format_allery" endpoint and request body.                 &amp#27;[90m# src/test/resources/features/Patient.feature:39&amp#27;[0m
sheetPathsrc/test/resources/data/testData.xlsx
sheetNamelogin
keydataKeyvaluelogin_valid_dietician
keyuserIdvalueangu.geetha@gmail.com
keypasswordvalueSong88
[INFO ] 2023-11-21 12:49:08.264 [main] LoggerLoad - Login Request: userId: angu.geetha@gmail.compassword: Song88
  &amp#27;[32mGiven &amp#27;[0m&amp#27;[32mUser creates POST Request for the login API.&amp#27;[0m                                                                                            &amp#27;[90m# stepdefinitions.LoginSteps.user_creates_post_request_for_the_login_api()&amp#27;[0m
Request method:	POST
Request URI:	https://dietician-dev-41d9a344a720.herokuapp.com/dietician/login
Proxy:			<none>
Request params:	<none>
Query params:	<none>
Form params:	<none>
Path params:	<none>
Headers:		Accept=*/*
				Content-Type=application/json
Cookies:		<none>
Multiparts:		<none>
Body:
{
    "userLoginEmail": "angu.geetha@gmail.com",
    "password": "Song88"
}
  &amp#27;[32mWhen &amp#27;[0m&amp#27;[32mUser sends HTTPS Request with valid credentials on the request Body.&amp#27;[0m                                                                     &amp#27;[90m# stepdefinitions.LoginSteps.user_sends_https_request_with_valid_credentials_on_the_request_body()&amp#27;[0m
HTTP/1.1 200 
Server: Cowboy
Report-To: {"group":"heroku-nel","max_age":3600,"endpoints":[{"url":"https://nel.heroku.com/reports?ts=1700588948&sid=c46efe9b-d3d2-4a0c-8c76-bfafa16c5add&s=Ehp4bOhY4kMDvdVLnUe%2FRFLoe14O0%2BrnWWp5jDN%2FhhM%3D"}]}
Reporting-Endpoints: heroku-nel=https://nel.heroku.com/reports?ts=1700588948&sid=c46efe9b-d3d2-4a0c-8c76-bfafa16c5add&s=Ehp4bOhY4kMDvdVLnUe%2FRFLoe14O0%2BrnWWp5jDN%2FhhM%3D
Nel: {"report_to":"heroku-nel","max_age":3600,"success_fraction":0.005,"failure_fraction":0.05,"response_headers":["Via"]}
Connection: keep-alive
Vary: Origin
Vary: Access-Control-Request-Method
Vary: Access-Control-Request-Headers
X-Content-Type-Options: nosniff
X-Xss-Protection: 1; mode=block
Cache-Control: no-cache, no-store, max-age=0, must-revalidate
Pragma: no-cache
Expires: 0
Strict-Transport-Security: max-age=31536000 ; includeSubDomains
X-Frame-Options: DENY
Content-Type: application/json
Transfer-Encoding: chunked
Date: Tue, 21 Nov 2023 17:49:07 GMT
Via: 1.1 vegur

{
    "token": "eyJhbGciOiJIUzUxMiJ9.eyJzdWIiOiJhbmd1LmdlZXRoYUBnbWFpbC5jb20iLCJpYXQiOjE3MDA1ODg5NDgsImV4cCI6MTcwMDYxNzc0OH0.mO3oTb_H_iHUUZVDSXZXBEmlKNpKuPDjZzZu1M06VIl1UbCcLUM3tFCejZ26vUy7dYVXqjvl8xucfHMRWQOmPg",
    "type": "Bearer ",
    "userId": 93,
    "loginUserEmail": "angu.geetha@gmail.com",
    "roles": [
        "ROLE_DIETICIAN"
    ]
}
HTTP/1.1 200 
Server: Cowboy
Report-To: {"group":"heroku-nel","max_age":3600,"endpoints":[{"url":"https://nel.heroku.com/reports?ts=1700588948&sid=c46efe9b-d3d2-4a0c-8c76-bfafa16c5add&s=Ehp4bOhY4kMDvdVLnUe%2FRFLoe14O0%2BrnWWp5jDN%2FhhM%3D"}]}
Reporting-Endpoints: heroku-nel=https://nel.heroku.com/reports?ts=1700588948&sid=c46efe9b-d3d2-4a0c-8c76-bfafa16c5add&s=Ehp4bOhY4kMDvdVLnUe%2FRFLoe14O0%2BrnWWp5jDN%2FhhM%3D
Nel: {"report_to":"heroku-nel","max_age":3600,"success_fraction":0.005,"failure_fraction":0.05,"response_headers":["Via"]}
Connection: keep-alive
Vary: Origin
Vary: Access-Control-Request-Method
Vary: Access-Control-Request-Headers
X-Content-Type-Options: nosniff
X-Xss-Protection: 1; mode=block
Cache-Control: no-cache, no-store, max-age=0, must-revalidate
Pragma: no-cache
Expires: 0
Strict-Transport-Security: max-age=31536000 ; includeSubDomains
X-Frame-Options: DENY
Content-Type: application/json
Transfer-Encoding: chunked
Date: Tue, 21 Nov 2023 17:49:07 GMT
Via: 1.1 vegur

{
    "token": "eyJhbGciOiJIUzUxMiJ9.eyJzdWIiOiJhbmd1LmdlZXRoYUBnbWFpbC5jb20iLCJpYXQiOjE3MDA1ODg5NDgsImV4cCI6MTcwMDYxNzc0OH0.mO3oTb_H_iHUUZVDSXZXBEmlKNpKuPDjZzZu1M06VIl1UbCcLUM3tFCejZ26vUy7dYVXqjvl8xucfHMRWQOmPg",
    "type": "Bearer ",
    "userId": 93,
    "loginUserEmail": "angu.geetha@gmail.com",
    "roles": [
        "ROLE_DIETICIAN"
    ]
}
[INFO ] 2023-11-21 12:49:08.506 [main] LoggerLoad - Login POST successful
  &amp#27;[32mThen &amp#27;[0m&amp#27;[32mUser receives Status with response body containing token information.&amp#27;[0m                                                                    &amp#27;[90m# stepdefinitions.LoginSteps.user_receives_status_with_response_body_containing_token_information()&amp#27;[0m
sheetPathsrc/test/resources/data/testData.xlsx
sheetNamepatient
keydataKeyvaluepost_patient_incorrect_format_allery
keyfirstnamevaluejade
keylastnamevalueudans
keycontactnumbervalue7979797979
keyemailvalueudans@gmail.com
keyallergyvalueegg12
keyfoodcatvalueVegan
keydobvalue1988-10-10
[INFO ] 2023-11-21 12:49:08.549 [main] LoggerLoad - Paitient POST request created
  &amp#27;[32mGiven &amp#27;[0m&amp#27;[32mUser creates POST Request for the dietician/patient API endpoint with fields from &amp#27;[0m&amp#27;[32m&amp#27;[1m"patient"&amp#27;[0m&amp#27;[32m with &amp#27;[0m&amp#27;[32m&amp#27;[1m"post_patient_incorrect_format_allery"&amp#27;[0m &amp#27;[90m# stepdefinitions.PatientSteps.user_creates_post_request_for_the_dietician_patient_api_endpoint_with_fields_from_with(java.lang.String,java.lang.String)&amp#27;[0m
[INFO ] 2023-11-21 12:49:08.553 [main] LoggerLoad - baseUrlhttps://dietician-dev-41d9a344a720.herokuapp.com/dietician
ResultingJSONstring = {"FirstName":"jade","LastName":"udans","ContactNumber":7979797979,"Email":"udans@gmail.com","Allergy":"egg12","FoodCategory":"Vegan","DateOfBirth":"1988-10-10"}
Request method:	POST
Request URI:	https://dietician-dev-41d9a344a720.herokuapp.com/dietician/patient?patientInfo=%7B%22FirstName%22%3A%22jade%22%2C%22LastName%22%3A%22udans%22%2C%22ContactNumber%22%3A7979797979%2C%22Email%22%3A%22udans%40gmail.com%22%2C%22Allergy%22%3A%22egg12%22%2C%22FoodCategory%22%3A%22Vegan%22%2C%22DateOfBirth%22%3A%221988-10-10%22%7D
Proxy:			<none>
Request params:	<none>
Query params:	patientInfo={"FirstName":"jade","LastName":"udans","ContactNumber":7979797979,"Email":"udans@gmail.com","Allergy":"egg12","FoodCategory":"Vegan","DateOfBirth":"1988-10-10"}
Form params:	<none>
Path params:	<none>
Headers:		Authorization=Bearer eyJhbGciOiJIUzUxMiJ9.eyJzdWIiOiJhbmd1LmdlZXRoYUBnbWFpbC5jb20iLCJpYXQiOjE3MDA1ODg5NDgsImV4cCI6MTcwMDYxNzc0OH0.mO3oTb_H_iHUUZVDSXZXBEmlKNpKuPDjZzZu1M06VIl1UbCcLUM3tFCejZ26vUy7dYVXqjvl8xucfHMRWQOmPg
				Accept=*/*
				Content-Type=multipart/form-data
Cookies:		<none>
Multiparts:		------------
				Content-Disposition: form-data; name = file; filename = Diabetic.pdf
				Content-Type: application/octet-stream

				.\src\test\resources\Diabetic.pdf
Body:			<none>
[INFO ] 2023-11-21 12:49:08.823 [main] LoggerLoad - Patient POST request sent
  &amp#27;[32mWhen &amp#27;[0m&amp#27;[32mUser sends HTTP POST patient Request&amp#27;[0m                                                                                                     &amp#27;[90m# stepdefinitions.PatientSteps.user_sends_http_post_patient_request()&amp#27;[0m
HTTP/1.1 400 
Server: Cowboy
Report-To: {"group":"heroku-nel","max_age":3600,"endpoints":[{"url":"https://nel.heroku.com/reports?ts=1700588948&sid=c46efe9b-d3d2-4a0c-8c76-bfafa16c5add&s=Ehp4bOhY4kMDvdVLnUe%2FRFLoe14O0%2BrnWWp5jDN%2FhhM%3D"}]}
Reporting-Endpoints: heroku-nel=https://nel.heroku.com/reports?ts=1700588948&sid=c46efe9b-d3d2-4a0c-8c76-bfafa16c5add&s=Ehp4bOhY4kMDvdVLnUe%2FRFLoe14O0%2BrnWWp5jDN%2FhhM%3D
Nel: {"report_to":"heroku-nel","max_age":3600,"success_fraction":0.005,"failure_fraction":0.05,"response_headers":["Via"]}
Connection: keep-alive
Vary: Origin
Vary: Access-Control-Request-Method
Vary: Access-Control-Request-Headers
X-Content-Type-Options: nosniff
X-Xss-Protection: 1; mode=block
Cache-Control: no-cache, no-store, max-age=0, must-revalidate
Pragma: no-cache
Expires: 0
Strict-Transport-Security: max-age=31536000 ; includeSubDomains
X-Frame-Options: DENY
Content-Type: application/json
Transfer-Encoding: chunked
Date: Tue, 21 Nov 2023 17:49:07 GMT
Via: 1.1 vegur

{
    "errorCode": "DUPLICATE_ENTITY",
    "errorMessage": "Patient already exists with given DateOfBirth and ContactNumber"
}
  &amp#27;[32mThen &amp#27;[0m&amp#27;[32mUser receives response for POST patient &amp#27;[0m&amp#27;[32m&amp#27;[1m"patient"&amp#27;[0m&amp#27;[32m with &amp#27;[0m&amp#27;[32m&amp#27;[1m"post_patient_incorrect_format_allery"&amp#27;[0m                                            &amp#27;[90m# stepdefinitions.PatientSteps.user_receives_response_for_post_patient_with(java.lang.String,java.lang.String)&amp#27;[0m
]]></system-out>
  </testcase>
  <testcase name="runScenario[&quot;Check if user able to create a patient with &quot;post_patient_incorrect_format_foodcat&quot; endpoint and request body.&quot;, &quot;Optional[Patient.feature]&quot;](27)" classname="runners.TestRunner" time="0.612">
    <system-out><![CDATA[
@PatientModule
Scenario Outline: Check if user able to create a patient with "post_patient_incorrect_format_foodcat" endpoint and request body.                 &amp#27;[90m# src/test/resources/features/Patient.feature:40&amp#27;[0m
sheetPathsrc/test/resources/data/testData.xlsx
sheetNamelogin
keydataKeyvaluelogin_valid_dietician
keyuserIdvalueangu.geetha@gmail.com
keypasswordvalueSong88
[INFO ] 2023-11-21 12:49:08.892 [main] LoggerLoad - Login Request: userId: angu.geetha@gmail.compassword: Song88
  &amp#27;[32mGiven &amp#27;[0m&amp#27;[32mUser creates POST Request for the login API.&amp#27;[0m                                                                                             &amp#27;[90m# stepdefinitions.LoginSteps.user_creates_post_request_for_the_login_api()&amp#27;[0m
Request method:	POST
Request URI:	https://dietician-dev-41d9a344a720.herokuapp.com/dietician/login
Proxy:			<none>
Request params:	<none>
Query params:	<none>
Form params:	<none>
Path params:	<none>
Headers:		Accept=*/*
				Content-Type=application/json
Cookies:		<none>
Multiparts:		<none>
Body:
{
    "userLoginEmail": "angu.geetha@gmail.com",
    "password": "Song88"
}
  &amp#27;[32mWhen &amp#27;[0m&amp#27;[32mUser sends HTTPS Request with valid credentials on the request Body.&amp#27;[0m                                                                      &amp#27;[90m# stepdefinitions.LoginSteps.user_sends_https_request_with_valid_credentials_on_the_request_body()&amp#27;[0m
HTTP/1.1 200 
Server: Cowboy
Report-To: {"group":"heroku-nel","max_age":3600,"endpoints":[{"url":"https://nel.heroku.com/reports?ts=1700588948&sid=c46efe9b-d3d2-4a0c-8c76-bfafa16c5add&s=Ehp4bOhY4kMDvdVLnUe%2FRFLoe14O0%2BrnWWp5jDN%2FhhM%3D"}]}
Reporting-Endpoints: heroku-nel=https://nel.heroku.com/reports?ts=1700588948&sid=c46efe9b-d3d2-4a0c-8c76-bfafa16c5add&s=Ehp4bOhY4kMDvdVLnUe%2FRFLoe14O0%2BrnWWp5jDN%2FhhM%3D
Nel: {"report_to":"heroku-nel","max_age":3600,"success_fraction":0.005,"failure_fraction":0.05,"response_headers":["Via"]}
Connection: keep-alive
Vary: Origin
Vary: Access-Control-Request-Method
Vary: Access-Control-Request-Headers
X-Content-Type-Options: nosniff
X-Xss-Protection: 1; mode=block
Cache-Control: no-cache, no-store, max-age=0, must-revalidate
Pragma: no-cache
Expires: 0
Strict-Transport-Security: max-age=31536000 ; includeSubDomains
X-Frame-Options: DENY
Content-Type: application/json
Transfer-Encoding: chunked
Date: Tue, 21 Nov 2023 17:49:07 GMT
Via: 1.1 vegur

{
    "token": "eyJhbGciOiJIUzUxMiJ9.eyJzdWIiOiJhbmd1LmdlZXRoYUBnbWFpbC5jb20iLCJpYXQiOjE3MDA1ODg5NDgsImV4cCI6MTcwMDYxNzc0OH0.mO3oTb_H_iHUUZVDSXZXBEmlKNpKuPDjZzZu1M06VIl1UbCcLUM3tFCejZ26vUy7dYVXqjvl8xucfHMRWQOmPg",
    "type": "Bearer ",
    "userId": 93,
    "loginUserEmail": "angu.geetha@gmail.com",
    "roles": [
        "ROLE_DIETICIAN"
    ]
}
HTTP/1.1 200 
Server: Cowboy
Report-To: {"group":"heroku-nel","max_age":3600,"endpoints":[{"url":"https://nel.heroku.com/reports?ts=1700588948&sid=c46efe9b-d3d2-4a0c-8c76-bfafa16c5add&s=Ehp4bOhY4kMDvdVLnUe%2FRFLoe14O0%2BrnWWp5jDN%2FhhM%3D"}]}
Reporting-Endpoints: heroku-nel=https://nel.heroku.com/reports?ts=1700588948&sid=c46efe9b-d3d2-4a0c-8c76-bfafa16c5add&s=Ehp4bOhY4kMDvdVLnUe%2FRFLoe14O0%2BrnWWp5jDN%2FhhM%3D
Nel: {"report_to":"heroku-nel","max_age":3600,"success_fraction":0.005,"failure_fraction":0.05,"response_headers":["Via"]}
Connection: keep-alive
Vary: Origin
Vary: Access-Control-Request-Method
Vary: Access-Control-Request-Headers
X-Content-Type-Options: nosniff
X-Xss-Protection: 1; mode=block
Cache-Control: no-cache, no-store, max-age=0, must-revalidate
Pragma: no-cache
Expires: 0
Strict-Transport-Security: max-age=31536000 ; includeSubDomains
X-Frame-Options: DENY
Content-Type: application/json
Transfer-Encoding: chunked
Date: Tue, 21 Nov 2023 17:49:07 GMT
Via: 1.1 vegur

{
    "token": "eyJhbGciOiJIUzUxMiJ9.eyJzdWIiOiJhbmd1LmdlZXRoYUBnbWFpbC5jb20iLCJpYXQiOjE3MDA1ODg5NDgsImV4cCI6MTcwMDYxNzc0OH0.mO3oTb_H_iHUUZVDSXZXBEmlKNpKuPDjZzZu1M06VIl1UbCcLUM3tFCejZ26vUy7dYVXqjvl8xucfHMRWQOmPg",
    "type": "Bearer ",
    "userId": 93,
    "loginUserEmail": "angu.geetha@gmail.com",
    "roles": [
        "ROLE_DIETICIAN"
    ]
}
[INFO ] 2023-11-21 12:49:09.122 [main] LoggerLoad - Login POST successful
  &amp#27;[32mThen &amp#27;[0m&amp#27;[32mUser receives Status with response body containing token information.&amp#27;[0m                                                                     &amp#27;[90m# stepdefinitions.LoginSteps.user_receives_status_with_response_body_containing_token_information()&amp#27;[0m
sheetPathsrc/test/resources/data/testData.xlsx
sheetNamepatient
keydataKeyvaluepost_patient_incorrect_format_foodcat
keyfirstnamevaluejade
keylastnamevalueudans
keycontactnumbervalue7979797979
keyemailvalueudans@gmail.com
keyallergyvalueegg
keyfoodcatvalueVegan12
keydobvalue1988-10-10
[INFO ] 2023-11-21 12:49:09.167 [main] LoggerLoad - Paitient POST request created
  &amp#27;[32mGiven &amp#27;[0m&amp#27;[32mUser creates POST Request for the dietician/patient API endpoint with fields from &amp#27;[0m&amp#27;[32m&amp#27;[1m"patient"&amp#27;[0m&amp#27;[32m with &amp#27;[0m&amp#27;[32m&amp#27;[1m"post_patient_incorrect_format_foodcat"&amp#27;[0m &amp#27;[90m# stepdefinitions.PatientSteps.user_creates_post_request_for_the_dietician_patient_api_endpoint_with_fields_from_with(java.lang.String,java.lang.String)&amp#27;[0m
[INFO ] 2023-11-21 12:49:09.167 [main] LoggerLoad - baseUrlhttps://dietician-dev-41d9a344a720.herokuapp.com/dietician
ResultingJSONstring = {"FirstName":"jade","LastName":"udans","ContactNumber":7979797979,"Email":"udans@gmail.com","Allergy":"egg","FoodCategory":"Vegan12","DateOfBirth":"1988-10-10"}
Request method:	POST
Request URI:	https://dietician-dev-41d9a344a720.herokuapp.com/dietician/patient?patientInfo=%7B%22FirstName%22%3A%22jade%22%2C%22LastName%22%3A%22udans%22%2C%22ContactNumber%22%3A7979797979%2C%22Email%22%3A%22udans%40gmail.com%22%2C%22Allergy%22%3A%22egg%22%2C%22FoodCategory%22%3A%22Vegan12%22%2C%22DateOfBirth%22%3A%221988-10-10%22%7D
Proxy:			<none>
Request params:	<none>
Query params:	patientInfo={"FirstName":"jade","LastName":"udans","ContactNumber":7979797979,"Email":"udans@gmail.com","Allergy":"egg","FoodCategory":"Vegan12","DateOfBirth":"1988-10-10"}
Form params:	<none>
Path params:	<none>
Headers:		Authorization=Bearer eyJhbGciOiJIUzUxMiJ9.eyJzdWIiOiJhbmd1LmdlZXRoYUBnbWFpbC5jb20iLCJpYXQiOjE3MDA1ODg5NDgsImV4cCI6MTcwMDYxNzc0OH0.mO3oTb_H_iHUUZVDSXZXBEmlKNpKuPDjZzZu1M06VIl1UbCcLUM3tFCejZ26vUy7dYVXqjvl8xucfHMRWQOmPg
				Accept=*/*
				Content-Type=multipart/form-data
Cookies:		<none>
Multiparts:		------------
				Content-Disposition: form-data; name = file; filename = Diabetic.pdf
				Content-Type: application/octet-stream

				.\src\test\resources\Diabetic.pdf
Body:			<none>
[INFO ] 2023-11-21 12:49:09.433 [main] LoggerLoad - Patient POST request sent
  &amp#27;[32mWhen &amp#27;[0m&amp#27;[32mUser sends HTTP POST patient Request&amp#27;[0m                                                                                                      &amp#27;[90m# stepdefinitions.PatientSteps.user_sends_http_post_patient_request()&amp#27;[0m
HTTP/1.1 400 
Server: Cowboy
Report-To: {"group":"heroku-nel","max_age":3600,"endpoints":[{"url":"https://nel.heroku.com/reports?ts=1700588948&sid=c46efe9b-d3d2-4a0c-8c76-bfafa16c5add&s=Ehp4bOhY4kMDvdVLnUe%2FRFLoe14O0%2BrnWWp5jDN%2FhhM%3D"}]}
Reporting-Endpoints: heroku-nel=https://nel.heroku.com/reports?ts=1700588948&sid=c46efe9b-d3d2-4a0c-8c76-bfafa16c5add&s=Ehp4bOhY4kMDvdVLnUe%2FRFLoe14O0%2BrnWWp5jDN%2FhhM%3D
Nel: {"report_to":"heroku-nel","max_age":3600,"success_fraction":0.005,"failure_fraction":0.05,"response_headers":["Via"]}
Connection: keep-alive
Vary: Origin
Vary: Access-Control-Request-Method
Vary: Access-Control-Request-Headers
X-Content-Type-Options: nosniff
X-Xss-Protection: 1; mode=block
Cache-Control: no-cache, no-store, max-age=0, must-revalidate
Pragma: no-cache
Expires: 0
Strict-Transport-Security: max-age=31536000 ; includeSubDomains
X-Frame-Options: DENY
Content-Type: application/json
Transfer-Encoding: chunked
Date: Tue, 21 Nov 2023 17:49:09 GMT
Via: 1.1 vegur

{
    "errorCode": "INVALID_REQ_DATA",
    "errorMessage": "Invalid food catgory: Must be one of the categories in {VEGAN, VEGETARIAN, JAIN, EGGETARIAN, NONVEG}\n "
}
  &amp#27;[32mThen &amp#27;[0m&amp#27;[32mUser receives response for POST patient &amp#27;[0m&amp#27;[32m&amp#27;[1m"patient"&amp#27;[0m&amp#27;[32m with &amp#27;[0m&amp#27;[32m&amp#27;[1m"post_patient_incorrect_format_foodcat"&amp#27;[0m                                            &amp#27;[90m# stepdefinitions.PatientSteps.user_receives_response_for_post_patient_with(java.lang.String,java.lang.String)&amp#27;[0m
]]></system-out>
  </testcase>
  <testcase name="runScenario[&quot;Check if user able to create a patient with &quot;post_patient_missing_mandatory_dob&quot; endpoint and request body.&quot;, &quot;Optional[Patient.feature]&quot;](28)" classname="runners.TestRunner" time="0.556">
    <system-out><![CDATA[
@PatientModule
Scenario Outline: Check if user able to create a patient with "post_patient_missing_mandatory_dob" endpoint and request body.                 &amp#27;[90m# src/test/resources/features/Patient.feature:41&amp#27;[0m
sheetPathsrc/test/resources/data/testData.xlsx
sheetNamelogin
keydataKeyvaluelogin_valid_dietician
keyuserIdvalueangu.geetha@gmail.com
keypasswordvalueSong88
[INFO ] 2023-11-21 12:49:09.492 [main] LoggerLoad - Login Request: userId: angu.geetha@gmail.compassword: Song88
  &amp#27;[32mGiven &amp#27;[0m&amp#27;[32mUser creates POST Request for the login API.&amp#27;[0m                                                                                          &amp#27;[90m# stepdefinitions.LoginSteps.user_creates_post_request_for_the_login_api()&amp#27;[0m
Request method:	POST
Request URI:	https://dietician-dev-41d9a344a720.herokuapp.com/dietician/login
Proxy:			<none>
Request params:	<none>
Query params:	<none>
Form params:	<none>
Path params:	<none>
Headers:		Accept=*/*
				Content-Type=application/json
Cookies:		<none>
Multiparts:		<none>
Body:
{
    "userLoginEmail": "angu.geetha@gmail.com",
    "password": "Song88"
}
  &amp#27;[32mWhen &amp#27;[0m&amp#27;[32mUser sends HTTPS Request with valid credentials on the request Body.&amp#27;[0m                                                                   &amp#27;[90m# stepdefinitions.LoginSteps.user_sends_https_request_with_valid_credentials_on_the_request_body()&amp#27;[0m
HTTP/1.1 200 
Server: Cowboy
Report-To: {"group":"heroku-nel","max_age":3600,"endpoints":[{"url":"https://nel.heroku.com/reports?ts=1700588949&sid=c46efe9b-d3d2-4a0c-8c76-bfafa16c5add&s=o0knL%2FhuYB0o%2Bfqm%2BTCzNVrRX%2BgfU4vYzyslXT2%2Fd0U%3D"}]}
Reporting-Endpoints: heroku-nel=https://nel.heroku.com/reports?ts=1700588949&sid=c46efe9b-d3d2-4a0c-8c76-bfafa16c5add&s=o0knL%2FhuYB0o%2Bfqm%2BTCzNVrRX%2BgfU4vYzyslXT2%2Fd0U%3D
Nel: {"report_to":"heroku-nel","max_age":3600,"success_fraction":0.005,"failure_fraction":0.05,"response_headers":["Via"]}
Connection: keep-alive
Vary: Origin
Vary: Access-Control-Request-Method
Vary: Access-Control-Request-Headers
X-Content-Type-Options: nosniff
X-Xss-Protection: 1; mode=block
Cache-Control: no-cache, no-store, max-age=0, must-revalidate
Pragma: no-cache
Expires: 0
Strict-Transport-Security: max-age=31536000 ; includeSubDomains
X-Frame-Options: DENY
Content-Type: application/json
Transfer-Encoding: chunked
Date: Tue, 21 Nov 2023 17:49:09 GMT
Via: 1.1 vegur

{
    "token": "eyJhbGciOiJIUzUxMiJ9.eyJzdWIiOiJhbmd1LmdlZXRoYUBnbWFpbC5jb20iLCJpYXQiOjE3MDA1ODg5NDksImV4cCI6MTcwMDYxNzc0OX0.wbmmKfQjI7DTHsdieWUEsd8laIuuA29UlgZ6TFSnvreFuz73FyPLjqZ40jhVvsaE6Q65T9YPTUW-h1BG-fe9BA",
    "type": "Bearer ",
    "userId": 93,
    "loginUserEmail": "angu.geetha@gmail.com",
    "roles": [
        "ROLE_DIETICIAN"
    ]
}
HTTP/1.1 200 
Server: Cowboy
Report-To: {"group":"heroku-nel","max_age":3600,"endpoints":[{"url":"https://nel.heroku.com/reports?ts=1700588949&sid=c46efe9b-d3d2-4a0c-8c76-bfafa16c5add&s=o0knL%2FhuYB0o%2Bfqm%2BTCzNVrRX%2BgfU4vYzyslXT2%2Fd0U%3D"}]}
Reporting-Endpoints: heroku-nel=https://nel.heroku.com/reports?ts=1700588949&sid=c46efe9b-d3d2-4a0c-8c76-bfafa16c5add&s=o0knL%2FhuYB0o%2Bfqm%2BTCzNVrRX%2BgfU4vYzyslXT2%2Fd0U%3D
Nel: {"report_to":"heroku-nel","max_age":3600,"success_fraction":0.005,"failure_fraction":0.05,"response_headers":["Via"]}
Connection: keep-alive
Vary: Origin
Vary: Access-Control-Request-Method
Vary: Access-Control-Request-Headers
X-Content-Type-Options: nosniff
X-Xss-Protection: 1; mode=block
Cache-Control: no-cache, no-store, max-age=0, must-revalidate
Pragma: no-cache
Expires: 0
Strict-Transport-Security: max-age=31536000 ; includeSubDomains
X-Frame-Options: DENY
Content-Type: application/json
Transfer-Encoding: chunked
Date: Tue, 21 Nov 2023 17:49:09 GMT
Via: 1.1 vegur

{
    "token": "eyJhbGciOiJIUzUxMiJ9.eyJzdWIiOiJhbmd1LmdlZXRoYUBnbWFpbC5jb20iLCJpYXQiOjE3MDA1ODg5NDksImV4cCI6MTcwMDYxNzc0OX0.wbmmKfQjI7DTHsdieWUEsd8laIuuA29UlgZ6TFSnvreFuz73FyPLjqZ40jhVvsaE6Q65T9YPTUW-h1BG-fe9BA",
    "type": "Bearer ",
    "userId": 93,
    "loginUserEmail": "angu.geetha@gmail.com",
    "roles": [
        "ROLE_DIETICIAN"
    ]
}
[INFO ] 2023-11-21 12:49:09.721 [main] LoggerLoad - Login POST successful
  &amp#27;[32mThen &amp#27;[0m&amp#27;[32mUser receives Status with response body containing token information.&amp#27;[0m                                                                  &amp#27;[90m# stepdefinitions.LoginSteps.user_receives_status_with_response_body_containing_token_information()&amp#27;[0m
sheetPathsrc/test/resources/data/testData.xlsx
sheetNamepatient
keydataKeyvaluepost_patient_missing_mandatory_dob
keyfirstnamevaluejade
keylastnamevalueudans
keycontactnumbervalue7979797979
keyemailvalueudans@gmail.com
keyallergyvalueegg
keyfoodcatvalueVegan
keydobvalue
[INFO ] 2023-11-21 12:49:09.769 [main] LoggerLoad - Paitient POST request created
  &amp#27;[32mGiven &amp#27;[0m&amp#27;[32mUser creates POST Request for the dietician/patient API endpoint with fields from &amp#27;[0m&amp#27;[32m&amp#27;[1m"patient"&amp#27;[0m&amp#27;[32m with &amp#27;[0m&amp#27;[32m&amp#27;[1m"post_patient_missing_mandatory_dob"&amp#27;[0m &amp#27;[90m# stepdefinitions.PatientSteps.user_creates_post_request_for_the_dietician_patient_api_endpoint_with_fields_from_with(java.lang.String,java.lang.String)&amp#27;[0m
[INFO ] 2023-11-21 12:49:09.770 [main] LoggerLoad - baseUrlhttps://dietician-dev-41d9a344a720.herokuapp.com/dietician
ResultingJSONstring = {"FirstName":"jade","LastName":"udans","ContactNumber":7979797979,"Email":"udans@gmail.com","Allergy":"egg","FoodCategory":"Vegan","DateOfBirth":null}
Request method:	POST
Request URI:	https://dietician-dev-41d9a344a720.herokuapp.com/dietician/patient?patientInfo=%7B%22FirstName%22%3A%22jade%22%2C%22LastName%22%3A%22udans%22%2C%22ContactNumber%22%3A7979797979%2C%22Email%22%3A%22udans%40gmail.com%22%2C%22Allergy%22%3A%22egg%22%2C%22FoodCategory%22%3A%22Vegan%22%2C%22DateOfBirth%22%3Anull%7D
Proxy:			<none>
Request params:	<none>
Query params:	patientInfo={"FirstName":"jade","LastName":"udans","ContactNumber":7979797979,"Email":"udans@gmail.com","Allergy":"egg","FoodCategory":"Vegan","DateOfBirth":null}
Form params:	<none>
Path params:	<none>
Headers:		Authorization=Bearer eyJhbGciOiJIUzUxMiJ9.eyJzdWIiOiJhbmd1LmdlZXRoYUBnbWFpbC5jb20iLCJpYXQiOjE3MDA1ODg5NDksImV4cCI6MTcwMDYxNzc0OX0.wbmmKfQjI7DTHsdieWUEsd8laIuuA29UlgZ6TFSnvreFuz73FyPLjqZ40jhVvsaE6Q65T9YPTUW-h1BG-fe9BA
				Accept=*/*
				Content-Type=multipart/form-data
Cookies:		<none>
Multiparts:		------------
				Content-Disposition: form-data; name = file; filename = Diabetic.pdf
				Content-Type: application/octet-stream

				.\src\test\resources\Diabetic.pdf
Body:			<none>
[INFO ] 2023-11-21 12:49:10.007 [main] LoggerLoad - Patient POST request sent
  &amp#27;[32mWhen &amp#27;[0m&amp#27;[32mUser sends HTTP POST patient Request&amp#27;[0m                                                                                                   &amp#27;[90m# stepdefinitions.PatientSteps.user_sends_http_post_patient_request()&amp#27;[0m
HTTP/1.1 400 
Server: Cowboy
Report-To: {"group":"heroku-nel","max_age":3600,"endpoints":[{"url":"https://nel.heroku.com/reports?ts=1700588949&sid=c46efe9b-d3d2-4a0c-8c76-bfafa16c5add&s=o0knL%2FhuYB0o%2Bfqm%2BTCzNVrRX%2BgfU4vYzyslXT2%2Fd0U%3D"}]}
Reporting-Endpoints: heroku-nel=https://nel.heroku.com/reports?ts=1700588949&sid=c46efe9b-d3d2-4a0c-8c76-bfafa16c5add&s=o0knL%2FhuYB0o%2Bfqm%2BTCzNVrRX%2BgfU4vYzyslXT2%2Fd0U%3D
Nel: {"report_to":"heroku-nel","max_age":3600,"success_fraction":0.005,"failure_fraction":0.05,"response_headers":["Via"]}
Connection: keep-alive
Vary: Origin
Vary: Access-Control-Request-Method
Vary: Access-Control-Request-Headers
X-Content-Type-Options: nosniff
X-Xss-Protection: 1; mode=block
Cache-Control: no-cache, no-store, max-age=0, must-revalidate
Pragma: no-cache
Expires: 0
Strict-Transport-Security: max-age=31536000 ; includeSubDomains
X-Frame-Options: DENY
Content-Type: application/json
Transfer-Encoding: chunked
Date: Tue, 21 Nov 2023 17:49:09 GMT
Via: 1.1 vegur

{
    "errorCode": "INVALID_REQ_DATA",
    "errorMessage": "Date of Birth is Mandatory!\n "
}
  &amp#27;[32mThen &amp#27;[0m&amp#27;[32mUser receives response for POST patient &amp#27;[0m&amp#27;[32m&amp#27;[1m"patient"&amp#27;[0m&amp#27;[32m with &amp#27;[0m&amp#27;[32m&amp#27;[1m"post_patient_missing_mandatory_dob"&amp#27;[0m                                            &amp#27;[90m# stepdefinitions.PatientSteps.user_receives_response_for_post_patient_with(java.lang.String,java.lang.String)&amp#27;[0m
]]></system-out>
  </testcase>
  <testcase name="runScenario[&quot;Check if user able to create a patient with &quot;post_patient_incorrect_format_dob&quot; endpoint and request body.&quot;, &quot;Optional[Patient.feature]&quot;](29)" classname="runners.TestRunner" time="0.585">
    <failure message="1 expectation failed.&#10;Expected status code &lt;400&gt; but was &lt;500&gt;.&#10;" type="java.lang.AssertionError"><![CDATA[java.lang.AssertionError: 
1 expectation failed.
Expected status code <400> but was <500>.

	at java.base/jdk.internal.reflect.NativeConstructorAccessorImpl.newInstance0(Native Method)
	at java.base/jdk.internal.reflect.NativeConstructorAccessorImpl.newInstance(NativeConstructorAccessorImpl.java:77)
	at java.base/jdk.internal.reflect.DelegatingConstructorAccessorImpl.newInstance(DelegatingConstructorAccessorImpl.java:45)
	at java.base/java.lang.reflect.Constructor.newInstanceWithCaller(Constructor.java:499)
	at java.base/java.lang.reflect.Constructor.newInstance(Constructor.java:480)
	at org.codehaus.groovy.reflection.CachedConstructor.invoke(CachedConstructor.java:73)
	at org.codehaus.groovy.runtime.callsite.ConstructorSite$ConstructorSiteNoUnwrapNoCoerce.callConstructor(ConstructorSite.java:108)
	at org.codehaus.groovy.runtime.callsite.AbstractCallSite.callConstructor(AbstractCallSite.java:277)
	at io.restassured.internal.ResponseSpecificationImpl$HamcrestAssertionClosure.validate(ResponseSpecificationImpl.groovy:512)
	at io.restassured.internal.ResponseSpecificationImpl$HamcrestAssertionClosure$validate$1.call(Unknown Source)
	at io.restassured.internal.ResponseSpecificationImpl.validateResponseIfRequired(ResponseSpecificationImpl.groovy:696)
	at io.restassured.internal.ResponseSpecificationImpl.this$2$validateResponseIfRequired(ResponseSpecificationImpl.groovy)
	at jdk.internal.reflect.GeneratedMethodAccessor165.invoke(Unknown Source)
	at java.base/jdk.internal.reflect.DelegatingMethodAccessorImpl.invoke(DelegatingMethodAccessorImpl.java:43)
	at java.base/java.lang.reflect.Method.invoke(Method.java:568)
	at org.codehaus.groovy.runtime.callsite.PlainObjectMetaMethodSite.doInvoke(PlainObjectMetaMethodSite.java:43)
	at org.codehaus.groovy.runtime.callsite.PogoMetaMethodSite$PogoCachedMethodSiteNoUnwrapNoCoerce.invoke(PogoMetaMethodSite.java:198)
	at org.codehaus.groovy.runtime.callsite.PogoMetaMethodSite.callCurrent(PogoMetaMethodSite.java:62)
	at org.codehaus.groovy.runtime.callsite.AbstractCallSite.callCurrent(AbstractCallSite.java:185)
	at io.restassured.internal.ResponseSpecificationImpl.statusCode(ResponseSpecificationImpl.groovy:135)
	at io.restassured.specification.ResponseSpecification$statusCode$0.callCurrent(Unknown Source)
	at io.restassured.internal.ResponseSpecificationImpl.statusCode(ResponseSpecificationImpl.groovy:143)
	at io.restassured.internal.ValidatableResponseOptionsImpl.statusCode(ValidatableResponseOptionsImpl.java:89)
	at stepdefinitions.PatientSteps.user_receives_response_for_post_patient_with(PatientSteps.java:212)
	at ✽.User receives response for POST patient "patient" with "post_patient_incorrect_format_dob"(file:///C:/Users/rashm/eclipse-workspace/Team5-Rest-Athon/Team5-Rest-Athon-main/Team5-Rest-Athon/src/test/resources/features/Patient.feature:30)
]]></failure>
    <system-out><![CDATA[
@PatientModule
Scenario Outline: Check if user able to create a patient with "post_patient_incorrect_format_dob" endpoint and request body.                 &amp#27;[90m# src/test/resources/features/Patient.feature:42&amp#27;[0m
sheetPathsrc/test/resources/data/testData.xlsx
sheetNamelogin
keydataKeyvaluelogin_valid_dietician
keyuserIdvalueangu.geetha@gmail.com
keypasswordvalueSong88
[INFO ] 2023-11-21 12:49:10.045 [main] LoggerLoad - Login Request: userId: angu.geetha@gmail.compassword: Song88
  &amp#27;[32mGiven &amp#27;[0m&amp#27;[32mUser creates POST Request for the login API.&amp#27;[0m                                                                                         &amp#27;[90m# stepdefinitions.LoginSteps.user_creates_post_request_for_the_login_api()&amp#27;[0m
Request method:	POST
Request URI:	https://dietician-dev-41d9a344a720.herokuapp.com/dietician/login
Proxy:			<none>
Request params:	<none>
Query params:	<none>
Form params:	<none>
Path params:	<none>
Headers:		Accept=*/*
				Content-Type=application/json
Cookies:		<none>
Multiparts:		<none>
Body:
{
    "userLoginEmail": "angu.geetha@gmail.com",
    "password": "Song88"
}
  &amp#27;[32mWhen &amp#27;[0m&amp#27;[32mUser sends HTTPS Request with valid credentials on the request Body.&amp#27;[0m                                                                  &amp#27;[90m# stepdefinitions.LoginSteps.user_sends_https_request_with_valid_credentials_on_the_request_body()&amp#27;[0m
HTTP/1.1 200 
Server: Cowboy
Report-To: {"group":"heroku-nel","max_age":3600,"endpoints":[{"url":"https://nel.heroku.com/reports?ts=1700588949&sid=c46efe9b-d3d2-4a0c-8c76-bfafa16c5add&s=o0knL%2FhuYB0o%2Bfqm%2BTCzNVrRX%2BgfU4vYzyslXT2%2Fd0U%3D"}]}
Reporting-Endpoints: heroku-nel=https://nel.heroku.com/reports?ts=1700588949&sid=c46efe9b-d3d2-4a0c-8c76-bfafa16c5add&s=o0knL%2FhuYB0o%2Bfqm%2BTCzNVrRX%2BgfU4vYzyslXT2%2Fd0U%3D
Nel: {"report_to":"heroku-nel","max_age":3600,"success_fraction":0.005,"failure_fraction":0.05,"response_headers":["Via"]}
Connection: keep-alive
Vary: Origin
Vary: Access-Control-Request-Method
Vary: Access-Control-Request-Headers
X-Content-Type-Options: nosniff
X-Xss-Protection: 1; mode=block
Cache-Control: no-cache, no-store, max-age=0, must-revalidate
Pragma: no-cache
Expires: 0
Strict-Transport-Security: max-age=31536000 ; includeSubDomains
X-Frame-Options: DENY
Content-Type: application/json
Transfer-Encoding: chunked
Date: Tue, 21 Nov 2023 17:49:09 GMT
Via: 1.1 vegur

{
    "token": "eyJhbGciOiJIUzUxMiJ9.eyJzdWIiOiJhbmd1LmdlZXRoYUBnbWFpbC5jb20iLCJpYXQiOjE3MDA1ODg5NDksImV4cCI6MTcwMDYxNzc0OX0.wbmmKfQjI7DTHsdieWUEsd8laIuuA29UlgZ6TFSnvreFuz73FyPLjqZ40jhVvsaE6Q65T9YPTUW-h1BG-fe9BA",
    "type": "Bearer ",
    "userId": 93,
    "loginUserEmail": "angu.geetha@gmail.com",
    "roles": [
        "ROLE_DIETICIAN"
    ]
}
HTTP/1.1 200 
Server: Cowboy
Report-To: {"group":"heroku-nel","max_age":3600,"endpoints":[{"url":"https://nel.heroku.com/reports?ts=1700588949&sid=c46efe9b-d3d2-4a0c-8c76-bfafa16c5add&s=o0knL%2FhuYB0o%2Bfqm%2BTCzNVrRX%2BgfU4vYzyslXT2%2Fd0U%3D"}]}
Reporting-Endpoints: heroku-nel=https://nel.heroku.com/reports?ts=1700588949&sid=c46efe9b-d3d2-4a0c-8c76-bfafa16c5add&s=o0knL%2FhuYB0o%2Bfqm%2BTCzNVrRX%2BgfU4vYzyslXT2%2Fd0U%3D
Nel: {"report_to":"heroku-nel","max_age":3600,"success_fraction":0.005,"failure_fraction":0.05,"response_headers":["Via"]}
Connection: keep-alive
Vary: Origin
Vary: Access-Control-Request-Method
Vary: Access-Control-Request-Headers
X-Content-Type-Options: nosniff
X-Xss-Protection: 1; mode=block
Cache-Control: no-cache, no-store, max-age=0, must-revalidate
Pragma: no-cache
Expires: 0
Strict-Transport-Security: max-age=31536000 ; includeSubDomains
X-Frame-Options: DENY
Content-Type: application/json
Transfer-Encoding: chunked
Date: Tue, 21 Nov 2023 17:49:09 GMT
Via: 1.1 vegur

{
    "token": "eyJhbGciOiJIUzUxMiJ9.eyJzdWIiOiJhbmd1LmdlZXRoYUBnbWFpbC5jb20iLCJpYXQiOjE3MDA1ODg5NDksImV4cCI6MTcwMDYxNzc0OX0.wbmmKfQjI7DTHsdieWUEsd8laIuuA29UlgZ6TFSnvreFuz73FyPLjqZ40jhVvsaE6Q65T9YPTUW-h1BG-fe9BA",
    "type": "Bearer ",
    "userId": 93,
    "loginUserEmail": "angu.geetha@gmail.com",
    "roles": [
        "ROLE_DIETICIAN"
    ]
}
[INFO ] 2023-11-21 12:49:10.279 [main] LoggerLoad - Login POST successful
  &amp#27;[32mThen &amp#27;[0m&amp#27;[32mUser receives Status with response body containing token information.&amp#27;[0m                                                                 &amp#27;[90m# stepdefinitions.LoginSteps.user_receives_status_with_response_body_containing_token_information()&amp#27;[0m
sheetPathsrc/test/resources/data/testData.xlsx
sheetNamepatient
keydataKeyvaluepost_patient_incorrect_format_dob
keyfirstnamevaluejade
keylastnamevalueudans
keycontactnumbervalue7979797979
keyemailvalueudans@gmail.com
keyallergyvalueegg
keyfoodcatvalueVegan
keydobvalueabch
[INFO ] 2023-11-21 12:49:10.318 [main] LoggerLoad - Paitient POST request created
  &amp#27;[32mGiven &amp#27;[0m&amp#27;[32mUser creates POST Request for the dietician/patient API endpoint with fields from &amp#27;[0m&amp#27;[32m&amp#27;[1m"patient"&amp#27;[0m&amp#27;[32m with &amp#27;[0m&amp#27;[32m&amp#27;[1m"post_patient_incorrect_format_dob"&amp#27;[0m &amp#27;[90m# stepdefinitions.PatientSteps.user_creates_post_request_for_the_dietician_patient_api_endpoint_with_fields_from_with(java.lang.String,java.lang.String)&amp#27;[0m
[INFO ] 2023-11-21 12:49:10.319 [main] LoggerLoad - baseUrlhttps://dietician-dev-41d9a344a720.herokuapp.com/dietician
ResultingJSONstring = {"FirstName":"jade","LastName":"udans","ContactNumber":7979797979,"Email":"udans@gmail.com","Allergy":"egg","FoodCategory":"Vegan","DateOfBirth":"abch"}
Request method:	POST
Request URI:	https://dietician-dev-41d9a344a720.herokuapp.com/dietician/patient?patientInfo=%7B%22FirstName%22%3A%22jade%22%2C%22LastName%22%3A%22udans%22%2C%22ContactNumber%22%3A7979797979%2C%22Email%22%3A%22udans%40gmail.com%22%2C%22Allergy%22%3A%22egg%22%2C%22FoodCategory%22%3A%22Vegan%22%2C%22DateOfBirth%22%3A%22abch%22%7D
Proxy:			<none>
Request params:	<none>
Query params:	patientInfo={"FirstName":"jade","LastName":"udans","ContactNumber":7979797979,"Email":"udans@gmail.com","Allergy":"egg","FoodCategory":"Vegan","DateOfBirth":"abch"}
Form params:	<none>
Path params:	<none>
Headers:		Authorization=Bearer eyJhbGciOiJIUzUxMiJ9.eyJzdWIiOiJhbmd1LmdlZXRoYUBnbWFpbC5jb20iLCJpYXQiOjE3MDA1ODg5NDksImV4cCI6MTcwMDYxNzc0OX0.wbmmKfQjI7DTHsdieWUEsd8laIuuA29UlgZ6TFSnvreFuz73FyPLjqZ40jhVvsaE6Q65T9YPTUW-h1BG-fe9BA
				Accept=*/*
				Content-Type=multipart/form-data
Cookies:		<none>
Multiparts:		------------
				Content-Disposition: form-data; name = file; filename = Diabetic.pdf
				Content-Type: application/octet-stream

				.\src\test\resources\Diabetic.pdf
Body:			<none>
[INFO ] 2023-11-21 12:49:10.580 [main] LoggerLoad - Patient POST request sent
  &amp#27;[32mWhen &amp#27;[0m&amp#27;[32mUser sends HTTP POST patient Request&amp#27;[0m                                                                                                  &amp#27;[90m# stepdefinitions.PatientSteps.user_sends_http_post_patient_request()&amp#27;[0m
HTTP/1.1 500 
Server: Cowboy
Report-To: {"group":"heroku-nel","max_age":3600,"endpoints":[{"url":"https://nel.heroku.com/reports?ts=1700588950&sid=c46efe9b-d3d2-4a0c-8c76-bfafa16c5add&s=pZ7anT7YOLD4djpPOFQmeASv4SWMTuXMZBELVmpKYfs%3D"}]}
Reporting-Endpoints: heroku-nel=https://nel.heroku.com/reports?ts=1700588950&sid=c46efe9b-d3d2-4a0c-8c76-bfafa16c5add&s=pZ7anT7YOLD4djpPOFQmeASv4SWMTuXMZBELVmpKYfs%3D
Nel: {"report_to":"heroku-nel","max_age":3600,"success_fraction":0.005,"failure_fraction":0.05,"response_headers":["Via"]}
Connection: keep-alive
Vary: Origin
Vary: Access-Control-Request-Method
Vary: Access-Control-Request-Headers
X-Content-Type-Options: nosniff
X-Xss-Protection: 1; mode=block
Cache-Control: no-cache, no-store, max-age=0, must-revalidate
Pragma: no-cache
Expires: 0
Strict-Transport-Security: max-age=31536000 ; includeSubDomains
X-Frame-Options: DENY
Content-Type: application/json
Transfer-Encoding: chunked
Date: Tue, 21 Nov 2023 17:49:10 GMT
Via: 1.1 vegur

{
    "timestamp": "2023-11-21T17:49:10.235+00:00",
    "status": 500,
    "error": "Internal Server Error",
    "path": "/dietician/patient"
}
  &amp#27;[31mThen &amp#27;[0m&amp#27;[31mUser receives response for POST patient &amp#27;[0m&amp#27;[31m&amp#27;[1m"patient"&amp#27;[0m&amp#27;[31m with &amp#27;[0m&amp#27;[31m&amp#27;[1m"post_patient_incorrect_format_dob"&amp#27;[0m                                            &amp#27;[90m# stepdefinitions.PatientSteps.user_receives_response_for_post_patient_with(java.lang.String,java.lang.String)&amp#27;[0m
      &amp#27;[31mjava.lang.AssertionError: 1 expectation failed.
Expected status code <400> but was <500>.

	at java.base/jdk.internal.reflect.NativeConstructorAccessorImpl.newInstance0(Native Method)
	at java.base/jdk.internal.reflect.NativeConstructorAccessorImpl.newInstance(NativeConstructorAccessorImpl.java:77)
	at java.base/jdk.internal.reflect.DelegatingConstructorAccessorImpl.newInstance(DelegatingConstructorAccessorImpl.java:45)
	at java.base/java.lang.reflect.Constructor.newInstanceWithCaller(Constructor.java:499)
	at java.base/java.lang.reflect.Constructor.newInstance(Constructor.java:480)
	at org.codehaus.groovy.reflection.CachedConstructor.invoke(CachedConstructor.java:73)
	at org.codehaus.groovy.runtime.callsite.ConstructorSite$ConstructorSiteNoUnwrapNoCoerce.callConstructor(ConstructorSite.java:108)
	at org.codehaus.groovy.runtime.callsite.AbstractCallSite.callConstructor(AbstractCallSite.java:277)
	at io.restassured.internal.ResponseSpecificationImpl$HamcrestAssertionClosure.validate(ResponseSpecificationImpl.groovy:512)
	at io.restassured.internal.ResponseSpecificationImpl$HamcrestAssertionClosure$validate$1.call(Unknown Source)
	at io.restassured.internal.ResponseSpecificationImpl.validateResponseIfRequired(ResponseSpecificationImpl.groovy:696)
	at io.restassured.internal.ResponseSpecificationImpl.this$2$validateResponseIfRequired(ResponseSpecificationImpl.groovy)
	at jdk.internal.reflect.GeneratedMethodAccessor165.invoke(Unknown Source)
	at java.base/jdk.internal.reflect.DelegatingMethodAccessorImpl.invoke(DelegatingMethodAccessorImpl.java:43)
	at java.base/java.lang.reflect.Method.invoke(Method.java:568)
	at org.codehaus.groovy.runtime.callsite.PlainObjectMetaMethodSite.doInvoke(PlainObjectMetaMethodSite.java:43)
	at org.codehaus.groovy.runtime.callsite.PogoMetaMethodSite$PogoCachedMethodSiteNoUnwrapNoCoerce.invoke(PogoMetaMethodSite.java:198)
	at org.codehaus.groovy.runtime.callsite.PogoMetaMethodSite.callCurrent(PogoMetaMethodSite.java:62)
	at org.codehaus.groovy.runtime.callsite.AbstractCallSite.callCurrent(AbstractCallSite.java:185)
	at io.restassured.internal.ResponseSpecificationImpl.statusCode(ResponseSpecificationImpl.groovy:135)
	at io.restassured.specification.ResponseSpecification$statusCode$0.callCurrent(Unknown Source)
	at io.restassured.internal.ResponseSpecificationImpl.statusCode(ResponseSpecificationImpl.groovy:143)
	at io.restassured.internal.ValidatableResponseOptionsImpl.statusCode(ValidatableResponseOptionsImpl.java:89)
	at stepdefinitions.PatientSteps.user_receives_response_for_post_patient_with(PatientSteps.java:212)
	at âœ½.User receives response for POST patient "patient" with "post_patient_incorrect_format_dob"(file:///C:/Users/rashm/eclipse-workspace/Team5-Rest-Athon/Team5-Rest-Athon-main/Team5-Rest-Athon/src/test/resources/features/Patient.feature:30)
&amp#27;[0m
]]></system-out>
  </testcase>
  <testcase name="runScenario[&quot;Check if user able to create a patient with &quot;post_patient_incorrect_format_email&quot; endpoint and request body.&quot;, &quot;Optional[Patient.feature]&quot;](30)" classname="runners.TestRunner" time="0.559">
    <system-out><![CDATA[
@PatientModule
Scenario Outline: Check if user able to create a patient with "post_patient_incorrect_format_email" endpoint and request body.                 &amp#27;[90m# src/test/resources/features/Patient.feature:43&amp#27;[0m
sheetPathsrc/test/resources/data/testData.xlsx
sheetNamelogin
keydataKeyvaluelogin_valid_dietician
keyuserIdvalueangu.geetha@gmail.com
keypasswordvalueSong88
[INFO ] 2023-11-21 12:49:10.643 [main] LoggerLoad - Login Request: userId: angu.geetha@gmail.compassword: Song88
  &amp#27;[32mGiven &amp#27;[0m&amp#27;[32mUser creates POST Request for the login API.&amp#27;[0m                                                                                           &amp#27;[90m# stepdefinitions.LoginSteps.user_creates_post_request_for_the_login_api()&amp#27;[0m
Request method:	POST
Request URI:	https://dietician-dev-41d9a344a720.herokuapp.com/dietician/login
Proxy:			<none>
Request params:	<none>
Query params:	<none>
Form params:	<none>
Path params:	<none>
Headers:		Accept=*/*
				Content-Type=application/json
Cookies:		<none>
Multiparts:		<none>
Body:
{
    "userLoginEmail": "angu.geetha@gmail.com",
    "password": "Song88"
}
  &amp#27;[32mWhen &amp#27;[0m&amp#27;[32mUser sends HTTPS Request with valid credentials on the request Body.&amp#27;[0m                                                                    &amp#27;[90m# stepdefinitions.LoginSteps.user_sends_https_request_with_valid_credentials_on_the_request_body()&amp#27;[0m
HTTP/1.1 200 
Server: Cowboy
Report-To: {"group":"heroku-nel","max_age":3600,"endpoints":[{"url":"https://nel.heroku.com/reports?ts=1700588950&sid=c46efe9b-d3d2-4a0c-8c76-bfafa16c5add&s=pZ7anT7YOLD4djpPOFQmeASv4SWMTuXMZBELVmpKYfs%3D"}]}
Reporting-Endpoints: heroku-nel=https://nel.heroku.com/reports?ts=1700588950&sid=c46efe9b-d3d2-4a0c-8c76-bfafa16c5add&s=pZ7anT7YOLD4djpPOFQmeASv4SWMTuXMZBELVmpKYfs%3D
Nel: {"report_to":"heroku-nel","max_age":3600,"success_fraction":0.005,"failure_fraction":0.05,"response_headers":["Via"]}
Connection: keep-alive
Vary: Origin
Vary: Access-Control-Request-Method
Vary: Access-Control-Request-Headers
X-Content-Type-Options: nosniff
X-Xss-Protection: 1; mode=block
Cache-Control: no-cache, no-store, max-age=0, must-revalidate
Pragma: no-cache
Expires: 0
Strict-Transport-Security: max-age=31536000 ; includeSubDomains
X-Frame-Options: DENY
Content-Type: application/json
Transfer-Encoding: chunked
Date: Tue, 21 Nov 2023 17:49:10 GMT
Via: 1.1 vegur

{
    "token": "eyJhbGciOiJIUzUxMiJ9.eyJzdWIiOiJhbmd1LmdlZXRoYUBnbWFpbC5jb20iLCJpYXQiOjE3MDA1ODg5NTAsImV4cCI6MTcwMDYxNzc1MH0.53Fdg-FuooJX4lkl3-DwZws2V4XxCcv28IkN4s0kt5w4LmryaK5U-vehYsmsHqi7FnfCSQEevPLCjweXABJvmQ",
    "type": "Bearer ",
    "userId": 93,
    "loginUserEmail": "angu.geetha@gmail.com",
    "roles": [
        "ROLE_DIETICIAN"
    ]
}
HTTP/1.1 200 
Server: Cowboy
Report-To: {"group":"heroku-nel","max_age":3600,"endpoints":[{"url":"https://nel.heroku.com/reports?ts=1700588950&sid=c46efe9b-d3d2-4a0c-8c76-bfafa16c5add&s=pZ7anT7YOLD4djpPOFQmeASv4SWMTuXMZBELVmpKYfs%3D"}]}
Reporting-Endpoints: heroku-nel=https://nel.heroku.com/reports?ts=1700588950&sid=c46efe9b-d3d2-4a0c-8c76-bfafa16c5add&s=pZ7anT7YOLD4djpPOFQmeASv4SWMTuXMZBELVmpKYfs%3D
Nel: {"report_to":"heroku-nel","max_age":3600,"success_fraction":0.005,"failure_fraction":0.05,"response_headers":["Via"]}
Connection: keep-alive
Vary: Origin
Vary: Access-Control-Request-Method
Vary: Access-Control-Request-Headers
X-Content-Type-Options: nosniff
X-Xss-Protection: 1; mode=block
Cache-Control: no-cache, no-store, max-age=0, must-revalidate
Pragma: no-cache
Expires: 0
Strict-Transport-Security: max-age=31536000 ; includeSubDomains
X-Frame-Options: DENY
Content-Type: application/json
Transfer-Encoding: chunked
Date: Tue, 21 Nov 2023 17:49:10 GMT
Via: 1.1 vegur

{
    "token": "eyJhbGciOiJIUzUxMiJ9.eyJzdWIiOiJhbmd1LmdlZXRoYUBnbWFpbC5jb20iLCJpYXQiOjE3MDA1ODg5NTAsImV4cCI6MTcwMDYxNzc1MH0.53Fdg-FuooJX4lkl3-DwZws2V4XxCcv28IkN4s0kt5w4LmryaK5U-vehYsmsHqi7FnfCSQEevPLCjweXABJvmQ",
    "type": "Bearer ",
    "userId": 93,
    "loginUserEmail": "angu.geetha@gmail.com",
    "roles": [
        "ROLE_DIETICIAN"
    ]
}
[INFO ] 2023-11-21 12:49:10.858 [main] LoggerLoad - Login POST successful
  &amp#27;[32mThen &amp#27;[0m&amp#27;[32mUser receives Status with response body containing token information.&amp#27;[0m                                                                   &amp#27;[90m# stepdefinitions.LoginSteps.user_receives_status_with_response_body_containing_token_information()&amp#27;[0m
sheetPathsrc/test/resources/data/testData.xlsx
sheetNamepatient
keydataKeyvaluepost_patient_incorrect_format_email
keyfirstnamevaluejade
keylastnamevalueudans
keycontactnumbervalue7979797979
keyemailvalueudans2gmail.com
keyallergyvalueegg
keyfoodcatvalueVegan
keydobvalue1988-10-10
[INFO ] 2023-11-21 12:49:10.898 [main] LoggerLoad - Paitient POST request created
  &amp#27;[32mGiven &amp#27;[0m&amp#27;[32mUser creates POST Request for the dietician/patient API endpoint with fields from &amp#27;[0m&amp#27;[32m&amp#27;[1m"patient"&amp#27;[0m&amp#27;[32m with &amp#27;[0m&amp#27;[32m&amp#27;[1m"post_patient_incorrect_format_email"&amp#27;[0m &amp#27;[90m# stepdefinitions.PatientSteps.user_creates_post_request_for_the_dietician_patient_api_endpoint_with_fields_from_with(java.lang.String,java.lang.String)&amp#27;[0m
[INFO ] 2023-11-21 12:49:10.899 [main] LoggerLoad - baseUrlhttps://dietician-dev-41d9a344a720.herokuapp.com/dietician
ResultingJSONstring = {"FirstName":"jade","LastName":"udans","ContactNumber":7979797979,"Email":"udans2gmail.com","Allergy":"egg","FoodCategory":"Vegan","DateOfBirth":"1988-10-10"}
Request method:	POST
Request URI:	https://dietician-dev-41d9a344a720.herokuapp.com/dietician/patient?patientInfo=%7B%22FirstName%22%3A%22jade%22%2C%22LastName%22%3A%22udans%22%2C%22ContactNumber%22%3A7979797979%2C%22Email%22%3A%22udans2gmail.com%22%2C%22Allergy%22%3A%22egg%22%2C%22FoodCategory%22%3A%22Vegan%22%2C%22DateOfBirth%22%3A%221988-10-10%22%7D
Proxy:			<none>
Request params:	<none>
Query params:	patientInfo={"FirstName":"jade","LastName":"udans","ContactNumber":7979797979,"Email":"udans2gmail.com","Allergy":"egg","FoodCategory":"Vegan","DateOfBirth":"1988-10-10"}
Form params:	<none>
Path params:	<none>
Headers:		Authorization=Bearer eyJhbGciOiJIUzUxMiJ9.eyJzdWIiOiJhbmd1LmdlZXRoYUBnbWFpbC5jb20iLCJpYXQiOjE3MDA1ODg5NTAsImV4cCI6MTcwMDYxNzc1MH0.53Fdg-FuooJX4lkl3-DwZws2V4XxCcv28IkN4s0kt5w4LmryaK5U-vehYsmsHqi7FnfCSQEevPLCjweXABJvmQ
				Accept=*/*
				Content-Type=multipart/form-data
Cookies:		<none>
Multiparts:		------------
				Content-Disposition: form-data; name = file; filename = Diabetic.pdf
				Content-Type: application/octet-stream

				.\src\test\resources\Diabetic.pdf
Body:			<none>
[INFO ] 2023-11-21 12:49:11.150 [main] LoggerLoad - Patient POST request sent
  &amp#27;[32mWhen &amp#27;[0m&amp#27;[32mUser sends HTTP POST patient Request&amp#27;[0m                                                                                                    &amp#27;[90m# stepdefinitions.PatientSteps.user_sends_http_post_patient_request()&amp#27;[0m
HTTP/1.1 400 
Server: Cowboy
Report-To: {"group":"heroku-nel","max_age":3600,"endpoints":[{"url":"https://nel.heroku.com/reports?ts=1700588950&sid=c46efe9b-d3d2-4a0c-8c76-bfafa16c5add&s=pZ7anT7YOLD4djpPOFQmeASv4SWMTuXMZBELVmpKYfs%3D"}]}
Reporting-Endpoints: heroku-nel=https://nel.heroku.com/reports?ts=1700588950&sid=c46efe9b-d3d2-4a0c-8c76-bfafa16c5add&s=pZ7anT7YOLD4djpPOFQmeASv4SWMTuXMZBELVmpKYfs%3D
Nel: {"report_to":"heroku-nel","max_age":3600,"success_fraction":0.005,"failure_fraction":0.05,"response_headers":["Via"]}
Connection: keep-alive
Vary: Origin
Vary: Access-Control-Request-Method
Vary: Access-Control-Request-Headers
X-Content-Type-Options: nosniff
X-Xss-Protection: 1; mode=block
Cache-Control: no-cache, no-store, max-age=0, must-revalidate
Pragma: no-cache
Expires: 0
Strict-Transport-Security: max-age=31536000 ; includeSubDomains
X-Frame-Options: DENY
Content-Type: application/json
Transfer-Encoding: chunked
Date: Tue, 21 Nov 2023 17:49:10 GMT
Via: 1.1 vegur

{
    "errorCode": "INVALID_REQ_DATA",
    "errorMessage": "Invalid Email Id!\n "
}
  &amp#27;[32mThen &amp#27;[0m&amp#27;[32mUser receives response for POST patient &amp#27;[0m&amp#27;[32m&amp#27;[1m"patient"&amp#27;[0m&amp#27;[32m with &amp#27;[0m&amp#27;[32m&amp#27;[1m"post_patient_incorrect_format_email"&amp#27;[0m                                            &amp#27;[90m# stepdefinitions.PatientSteps.user_receives_response_for_post_patient_with(java.lang.String,java.lang.String)&amp#27;[0m
]]></system-out>
  </testcase>
  <testcase name="runScenario[&quot;Check if user able to create a patient with &quot;post_patient_incorrect_format_contactnumber&quot; endpoint and request body.&quot;, &quot;Optional[Patient.feature]&quot;](31)" classname="runners.TestRunner" time="0.562">
    <failure message="1 expectation failed.&#10;Expected status code &lt;400&gt; but was &lt;500&gt;.&#10;" type="java.lang.AssertionError"><![CDATA[java.lang.AssertionError: 
1 expectation failed.
Expected status code <400> but was <500>.

	at java.base/jdk.internal.reflect.NativeConstructorAccessorImpl.newInstance0(Native Method)
	at java.base/jdk.internal.reflect.NativeConstructorAccessorImpl.newInstance(NativeConstructorAccessorImpl.java:77)
	at java.base/jdk.internal.reflect.DelegatingConstructorAccessorImpl.newInstance(DelegatingConstructorAccessorImpl.java:45)
	at java.base/java.lang.reflect.Constructor.newInstanceWithCaller(Constructor.java:499)
	at java.base/java.lang.reflect.Constructor.newInstance(Constructor.java:480)
	at org.codehaus.groovy.reflection.CachedConstructor.invoke(CachedConstructor.java:73)
	at org.codehaus.groovy.runtime.callsite.ConstructorSite$ConstructorSiteNoUnwrapNoCoerce.callConstructor(ConstructorSite.java:108)
	at org.codehaus.groovy.runtime.callsite.AbstractCallSite.callConstructor(AbstractCallSite.java:277)
	at io.restassured.internal.ResponseSpecificationImpl$HamcrestAssertionClosure.validate(ResponseSpecificationImpl.groovy:512)
	at io.restassured.internal.ResponseSpecificationImpl$HamcrestAssertionClosure$validate$1.call(Unknown Source)
	at io.restassured.internal.ResponseSpecificationImpl.validateResponseIfRequired(ResponseSpecificationImpl.groovy:696)
	at io.restassured.internal.ResponseSpecificationImpl.this$2$validateResponseIfRequired(ResponseSpecificationImpl.groovy)
	at jdk.internal.reflect.GeneratedMethodAccessor165.invoke(Unknown Source)
	at java.base/jdk.internal.reflect.DelegatingMethodAccessorImpl.invoke(DelegatingMethodAccessorImpl.java:43)
	at java.base/java.lang.reflect.Method.invoke(Method.java:568)
	at org.codehaus.groovy.runtime.callsite.PlainObjectMetaMethodSite.doInvoke(PlainObjectMetaMethodSite.java:43)
	at org.codehaus.groovy.runtime.callsite.PogoMetaMethodSite$PogoCachedMethodSiteNoUnwrapNoCoerce.invoke(PogoMetaMethodSite.java:198)
	at org.codehaus.groovy.runtime.callsite.PogoMetaMethodSite.callCurrent(PogoMetaMethodSite.java:62)
	at org.codehaus.groovy.runtime.callsite.AbstractCallSite.callCurrent(AbstractCallSite.java:185)
	at io.restassured.internal.ResponseSpecificationImpl.statusCode(ResponseSpecificationImpl.groovy:135)
	at io.restassured.specification.ResponseSpecification$statusCode$0.callCurrent(Unknown Source)
	at io.restassured.internal.ResponseSpecificationImpl.statusCode(ResponseSpecificationImpl.groovy:143)
	at io.restassured.internal.ValidatableResponseOptionsImpl.statusCode(ValidatableResponseOptionsImpl.java:89)
	at stepdefinitions.PatientSteps.user_receives_response_for_post_patient_with(PatientSteps.java:212)
	at ✽.User receives response for POST patient "patient" with "post_patient_incorrect_format_contactnumber"(file:///C:/Users/rashm/eclipse-workspace/Team5-Rest-Athon/Team5-Rest-Athon-main/Team5-Rest-Athon/src/test/resources/features/Patient.feature:30)
]]></failure>
    <system-out><![CDATA[
@PatientModule
Scenario Outline: Check if user able to create a patient with "post_patient_incorrect_format_contactnumber" endpoint and request body.                 &amp#27;[90m# src/test/resources/features/Patient.feature:44&amp#27;[0m
sheetPathsrc/test/resources/data/testData.xlsx
sheetNamelogin
keydataKeyvaluelogin_valid_dietician
keyuserIdvalueangu.geetha@gmail.com
keypasswordvalueSong88
[INFO ] 2023-11-21 12:49:11.206 [main] LoggerLoad - Login Request: userId: angu.geetha@gmail.compassword: Song88
  &amp#27;[32mGiven &amp#27;[0m&amp#27;[32mUser creates POST Request for the login API.&amp#27;[0m                                                                                                   &amp#27;[90m# stepdefinitions.LoginSteps.user_creates_post_request_for_the_login_api()&amp#27;[0m
Request method:	POST
Request URI:	https://dietician-dev-41d9a344a720.herokuapp.com/dietician/login
Proxy:			<none>
Request params:	<none>
Query params:	<none>
Form params:	<none>
Path params:	<none>
Headers:		Accept=*/*
				Content-Type=application/json
Cookies:		<none>
Multiparts:		<none>
Body:
{
    "userLoginEmail": "angu.geetha@gmail.com",
    "password": "Song88"
}
  &amp#27;[32mWhen &amp#27;[0m&amp#27;[32mUser sends HTTPS Request with valid credentials on the request Body.&amp#27;[0m                                                                            &amp#27;[90m# stepdefinitions.LoginSteps.user_sends_https_request_with_valid_credentials_on_the_request_body()&amp#27;[0m
HTTP/1.1 200 
Server: Cowboy
Report-To: {"group":"heroku-nel","max_age":3600,"endpoints":[{"url":"https://nel.heroku.com/reports?ts=1700588951&sid=c46efe9b-d3d2-4a0c-8c76-bfafa16c5add&s=XQlKwXnqriKf1r34NRS0kZ%2F9XIRLtpCedJ%2FbQmYRrX0%3D"}]}
Reporting-Endpoints: heroku-nel=https://nel.heroku.com/reports?ts=1700588951&sid=c46efe9b-d3d2-4a0c-8c76-bfafa16c5add&s=XQlKwXnqriKf1r34NRS0kZ%2F9XIRLtpCedJ%2FbQmYRrX0%3D
Nel: {"report_to":"heroku-nel","max_age":3600,"success_fraction":0.005,"failure_fraction":0.05,"response_headers":["Via"]}
Connection: keep-alive
Vary: Origin
Vary: Access-Control-Request-Method
Vary: Access-Control-Request-Headers
X-Content-Type-Options: nosniff
X-Xss-Protection: 1; mode=block
Cache-Control: no-cache, no-store, max-age=0, must-revalidate
Pragma: no-cache
Expires: 0
Strict-Transport-Security: max-age=31536000 ; includeSubDomains
X-Frame-Options: DENY
Content-Type: application/json
Transfer-Encoding: chunked
Date: Tue, 21 Nov 2023 17:49:10 GMT
Via: 1.1 vegur

{
    "token": "eyJhbGciOiJIUzUxMiJ9.eyJzdWIiOiJhbmd1LmdlZXRoYUBnbWFpbC5jb20iLCJpYXQiOjE3MDA1ODg5NTEsImV4cCI6MTcwMDYxNzc1MX0.jEPBeRxb0zRx7FG_pbcgnqWD41tF2OkC1lo1nCV8MklgrWr0R4AumP0P05WnSOHaJyEnvFcFKMLSKHVqJrNmbg",
    "type": "Bearer ",
    "userId": 93,
    "loginUserEmail": "angu.geetha@gmail.com",
    "roles": [
        "ROLE_DIETICIAN"
    ]
}
HTTP/1.1 200 
Server: Cowboy
Report-To: {"group":"heroku-nel","max_age":3600,"endpoints":[{"url":"https://nel.heroku.com/reports?ts=1700588951&sid=c46efe9b-d3d2-4a0c-8c76-bfafa16c5add&s=XQlKwXnqriKf1r34NRS0kZ%2F9XIRLtpCedJ%2FbQmYRrX0%3D"}]}
Reporting-Endpoints: heroku-nel=https://nel.heroku.com/reports?ts=1700588951&sid=c46efe9b-d3d2-4a0c-8c76-bfafa16c5add&s=XQlKwXnqriKf1r34NRS0kZ%2F9XIRLtpCedJ%2FbQmYRrX0%3D
Nel: {"report_to":"heroku-nel","max_age":3600,"success_fraction":0.005,"failure_fraction":0.05,"response_headers":["Via"]}
Connection: keep-alive
Vary: Origin
Vary: Access-Control-Request-Method
Vary: Access-Control-Request-Headers
X-Content-Type-Options: nosniff
X-Xss-Protection: 1; mode=block
Cache-Control: no-cache, no-store, max-age=0, must-revalidate
Pragma: no-cache
Expires: 0
Strict-Transport-Security: max-age=31536000 ; includeSubDomains
X-Frame-Options: DENY
Content-Type: application/json
Transfer-Encoding: chunked
Date: Tue, 21 Nov 2023 17:49:10 GMT
Via: 1.1 vegur

{
    "token": "eyJhbGciOiJIUzUxMiJ9.eyJzdWIiOiJhbmd1LmdlZXRoYUBnbWFpbC5jb20iLCJpYXQiOjE3MDA1ODg5NTEsImV4cCI6MTcwMDYxNzc1MX0.jEPBeRxb0zRx7FG_pbcgnqWD41tF2OkC1lo1nCV8MklgrWr0R4AumP0P05WnSOHaJyEnvFcFKMLSKHVqJrNmbg",
    "type": "Bearer ",
    "userId": 93,
    "loginUserEmail": "angu.geetha@gmail.com",
    "roles": [
        "ROLE_DIETICIAN"
    ]
}
[INFO ] 2023-11-21 12:49:11.438 [main] LoggerLoad - Login POST successful
  &amp#27;[32mThen &amp#27;[0m&amp#27;[32mUser receives Status with response body containing token information.&amp#27;[0m                                                                           &amp#27;[90m# stepdefinitions.LoginSteps.user_receives_status_with_response_body_containing_token_information()&amp#27;[0m
sheetPathsrc/test/resources/data/testData.xlsx
sheetNamepatient
keydataKeyvaluepost_patient_incorrect_format_contactnumber
keyfirstnamevaluejade
keylastnamevalueudans
keycontactnumbervaluejkkjkjkkj
keyemailvalueudans@gmail.com
keyallergyvalueegg
keyfoodcatvalueVegan
keydobvalue1988-10-10
[INFO ] 2023-11-21 12:49:11.482 [main] LoggerLoad - For input string: "jkkjkjkkj"
  &amp#27;[32mGiven &amp#27;[0m&amp#27;[32mUser creates POST Request for the dietician/patient API endpoint with fields from &amp#27;[0m&amp#27;[32m&amp#27;[1m"patient"&amp#27;[0m&amp#27;[32m with &amp#27;[0m&amp#27;[32m&amp#27;[1m"post_patient_incorrect_format_contactnumber"&amp#27;[0m &amp#27;[90m# stepdefinitions.PatientSteps.user_creates_post_request_for_the_dietician_patient_api_endpoint_with_fields_from_with(java.lang.String,java.lang.String)&amp#27;[0m
[INFO ] 2023-11-21 12:49:11.484 [main] LoggerLoad - baseUrlhttps://dietician-dev-41d9a344a720.herokuapp.com/dietician
ResultingJSONstring = null
Request method:	POST
Request URI:	https://dietician-dev-41d9a344a720.herokuapp.com/dietician/patient?patientInfo=null
Proxy:			<none>
Request params:	<none>
Query params:	patientInfo=null
Form params:	<none>
Path params:	<none>
Headers:		Authorization=Bearer eyJhbGciOiJIUzUxMiJ9.eyJzdWIiOiJhbmd1LmdlZXRoYUBnbWFpbC5jb20iLCJpYXQiOjE3MDA1ODg5NTEsImV4cCI6MTcwMDYxNzc1MX0.jEPBeRxb0zRx7FG_pbcgnqWD41tF2OkC1lo1nCV8MklgrWr0R4AumP0P05WnSOHaJyEnvFcFKMLSKHVqJrNmbg
				Accept=*/*
				Content-Type=multipart/form-data
Cookies:		<none>
Multiparts:		------------
				Content-Disposition: form-data; name = file; filename = Diabetic.pdf
				Content-Type: application/octet-stream

				.\src\test\resources\Diabetic.pdf
Body:			<none>
[INFO ] 2023-11-21 12:49:11.719 [main] LoggerLoad - Patient POST request sent
  &amp#27;[32mWhen &amp#27;[0m&amp#27;[32mUser sends HTTP POST patient Request&amp#27;[0m                                                                                                            &amp#27;[90m# stepdefinitions.PatientSteps.user_sends_http_post_patient_request()&amp#27;[0m
HTTP/1.1 500 
Server: Cowboy
Report-To: {"group":"heroku-nel","max_age":3600,"endpoints":[{"url":"https://nel.heroku.com/reports?ts=1700588951&sid=c46efe9b-d3d2-4a0c-8c76-bfafa16c5add&s=XQlKwXnqriKf1r34NRS0kZ%2F9XIRLtpCedJ%2FbQmYRrX0%3D"}]}
Reporting-Endpoints: heroku-nel=https://nel.heroku.com/reports?ts=1700588951&sid=c46efe9b-d3d2-4a0c-8c76-bfafa16c5add&s=XQlKwXnqriKf1r34NRS0kZ%2F9XIRLtpCedJ%2FbQmYRrX0%3D
Nel: {"report_to":"heroku-nel","max_age":3600,"success_fraction":0.005,"failure_fraction":0.05,"response_headers":["Via"]}
Connection: keep-alive
Vary: Origin
Vary: Access-Control-Request-Method
Vary: Access-Control-Request-Headers
X-Content-Type-Options: nosniff
X-Xss-Protection: 1; mode=block
Cache-Control: no-cache, no-store, max-age=0, must-revalidate
Pragma: no-cache
Expires: 0
Strict-Transport-Security: max-age=31536000 ; includeSubDomains
X-Frame-Options: DENY
Content-Type: application/json
Transfer-Encoding: chunked
Date: Tue, 21 Nov 2023 17:49:11 GMT
Via: 1.1 vegur

{
    "timestamp": "2023-11-21T17:49:11.373+00:00",
    "status": 500,
    "error": "Internal Server Error",
    "path": "/dietician/patient"
}
  &amp#27;[31mThen &amp#27;[0m&amp#27;[31mUser receives response for POST patient &amp#27;[0m&amp#27;[31m&amp#27;[1m"patient"&amp#27;[0m&amp#27;[31m with &amp#27;[0m&amp#27;[31m&amp#27;[1m"post_patient_incorrect_format_contactnumber"&amp#27;[0m                                            &amp#27;[90m# stepdefinitions.PatientSteps.user_receives_response_for_post_patient_with(java.lang.String,java.lang.String)&amp#27;[0m
      &amp#27;[31mjava.lang.AssertionError: 1 expectation failed.
Expected status code <400> but was <500>.

	at java.base/jdk.internal.reflect.NativeConstructorAccessorImpl.newInstance0(Native Method)
	at java.base/jdk.internal.reflect.NativeConstructorAccessorImpl.newInstance(NativeConstructorAccessorImpl.java:77)
	at java.base/jdk.internal.reflect.DelegatingConstructorAccessorImpl.newInstance(DelegatingConstructorAccessorImpl.java:45)
	at java.base/java.lang.reflect.Constructor.newInstanceWithCaller(Constructor.java:499)
	at java.base/java.lang.reflect.Constructor.newInstance(Constructor.java:480)
	at org.codehaus.groovy.reflection.CachedConstructor.invoke(CachedConstructor.java:73)
	at org.codehaus.groovy.runtime.callsite.ConstructorSite$ConstructorSiteNoUnwrapNoCoerce.callConstructor(ConstructorSite.java:108)
	at org.codehaus.groovy.runtime.callsite.AbstractCallSite.callConstructor(AbstractCallSite.java:277)
	at io.restassured.internal.ResponseSpecificationImpl$HamcrestAssertionClosure.validate(ResponseSpecificationImpl.groovy:512)
	at io.restassured.internal.ResponseSpecificationImpl$HamcrestAssertionClosure$validate$1.call(Unknown Source)
	at io.restassured.internal.ResponseSpecificationImpl.validateResponseIfRequired(ResponseSpecificationImpl.groovy:696)
	at io.restassured.internal.ResponseSpecificationImpl.this$2$validateResponseIfRequired(ResponseSpecificationImpl.groovy)
	at jdk.internal.reflect.GeneratedMethodAccessor165.invoke(Unknown Source)
	at java.base/jdk.internal.reflect.DelegatingMethodAccessorImpl.invoke(DelegatingMethodAccessorImpl.java:43)
	at java.base/java.lang.reflect.Method.invoke(Method.java:568)
	at org.codehaus.groovy.runtime.callsite.PlainObjectMetaMethodSite.doInvoke(PlainObjectMetaMethodSite.java:43)
	at org.codehaus.groovy.runtime.callsite.PogoMetaMethodSite$PogoCachedMethodSiteNoUnwrapNoCoerce.invoke(PogoMetaMethodSite.java:198)
	at org.codehaus.groovy.runtime.callsite.PogoMetaMethodSite.callCurrent(PogoMetaMethodSite.java:62)
	at org.codehaus.groovy.runtime.callsite.AbstractCallSite.callCurrent(AbstractCallSite.java:185)
	at io.restassured.internal.ResponseSpecificationImpl.statusCode(ResponseSpecificationImpl.groovy:135)
	at io.restassured.specification.ResponseSpecification$statusCode$0.callCurrent(Unknown Source)
	at io.restassured.internal.ResponseSpecificationImpl.statusCode(ResponseSpecificationImpl.groovy:143)
	at io.restassured.internal.ValidatableResponseOptionsImpl.statusCode(ValidatableResponseOptionsImpl.java:89)
	at stepdefinitions.PatientSteps.user_receives_response_for_post_patient_with(PatientSteps.java:212)
	at âœ½.User receives response for POST patient "patient" with "post_patient_incorrect_format_contactnumber"(file:///C:/Users/rashm/eclipse-workspace/Team5-Rest-Athon/Team5-Rest-Athon-main/Team5-Rest-Athon/src/test/resources/features/Patient.feature:30)
&amp#27;[0m
]]></system-out>
    <system-err><![CDATA[java.lang.NumberFormatException: For input string: "jkkjkjkkj"
	at java.base/java.lang.NumberFormatException.forInputString(NumberFormatException.java:67)
	at java.base/java.lang.Long.parseLong(Long.java:711)
	at java.base/java.lang.Long.parseLong(Long.java:836)
	at stepdefinitions.PatientSteps.user_creates_post_request_for_the_dietician_patient_api_endpoint_with_fields_from_with(PatientSteps.java:114)
	at java.base/jdk.internal.reflect.NativeMethodAccessorImpl.invoke0(Native Method)
	at java.base/jdk.internal.reflect.NativeMethodAccessorImpl.invoke(NativeMethodAccessorImpl.java:77)
	at java.base/jdk.internal.reflect.DelegatingMethodAccessorImpl.invoke(DelegatingMethodAccessorImpl.java:43)
	at java.base/java.lang.reflect.Method.invoke(Method.java:568)
	at io.cucumber.java.Invoker.doInvoke(Invoker.java:66)
	at io.cucumber.java.Invoker.invoke(Invoker.java:24)
	at io.cucumber.java.AbstractGlueDefinition.invokeMethod(AbstractGlueDefinition.java:47)
	at io.cucumber.java.JavaStepDefinition.execute(JavaStepDefinition.java:29)
	at io.cucumber.core.runner.CoreStepDefinition.execute(CoreStepDefinition.java:66)
	at io.cucumber.core.runner.PickleStepDefinitionMatch.runStep(PickleStepDefinitionMatch.java:63)
	at io.cucumber.core.runner.ExecutionMode$1.execute(ExecutionMode.java:10)
	at io.cucumber.core.runner.TestStep.executeStep(TestStep.java:86)
	at io.cucumber.core.runner.TestStep.run(TestStep.java:57)
	at io.cucumber.core.runner.PickleStepTestStep.run(PickleStepTestStep.java:51)
	at io.cucumber.core.runner.TestCase.run(TestCase.java:95)
	at io.cucumber.core.runner.Runner.runPickle(Runner.java:75)
	at io.cucumber.testng.TestNGCucumberRunner.lambda$runScenario$1(TestNGCucumberRunner.java:132)
	at io.cucumber.core.runtime.CucumberExecutionContext.lambda$runTestCase$3(CucumberExecutionContext.java:151)
	at io.cucumber.core.runtime.RethrowingThrowableCollector.executeAndThrow(RethrowingThrowableCollector.java:23)
	at io.cucumber.core.runtime.CucumberExecutionContext.runTestCase(CucumberExecutionContext.java:151)
	at io.cucumber.testng.TestNGCucumberRunner.runScenario(TestNGCucumberRunner.java:129)
	at io.cucumber.testng.AbstractTestNGCucumberTests.runScenario(AbstractTestNGCucumberTests.java:35)
	at jdk.internal.reflect.GeneratedMethodAccessor230.invoke(Unknown Source)
	at java.base/jdk.internal.reflect.DelegatingMethodAccessorImpl.invoke(DelegatingMethodAccessorImpl.java:43)
	at java.base/java.lang.reflect.Method.invoke(Method.java:568)
	at org.testng.internal.invokers.MethodInvocationHelper.invokeMethod(MethodInvocationHelper.java:139)
	at org.testng.internal.invokers.TestInvoker.invokeMethod(TestInvoker.java:677)
	at org.testng.internal.invokers.TestInvoker.invokeTestMethod(TestInvoker.java:221)
	at org.testng.internal.invokers.MethodRunner.runInSequence(MethodRunner.java:50)
	at org.testng.internal.invokers.TestInvoker$MethodInvocationAgent.invoke(TestInvoker.java:969)
	at org.testng.internal.invokers.TestInvoker.invokeTestMethods(TestInvoker.java:194)
	at org.testng.internal.invokers.TestMethodWorker.invokeTestMethods(TestMethodWorker.java:148)
	at org.testng.internal.invokers.TestMethodWorker.run(TestMethodWorker.java:128)
	at java.base/java.util.ArrayList.forEach(ArrayList.java:1511)
	at org.testng.TestRunner.privateRun(TestRunner.java:829)
	at org.testng.TestRunner.run(TestRunner.java:602)
	at org.testng.SuiteRunner.runTest(SuiteRunner.java:437)
	at org.testng.SuiteRunner.runSequentially(SuiteRunner.java:431)
	at org.testng.SuiteRunner.privateRun(SuiteRunner.java:391)
	at org.testng.SuiteRunner.run(SuiteRunner.java:330)
	at org.testng.SuiteRunnerWorker.runSuite(SuiteRunnerWorker.java:52)
	at org.testng.SuiteRunnerWorker.run(SuiteRunnerWorker.java:95)
	at org.testng.TestNG.runSuitesSequentially(TestNG.java:1256)
	at org.testng.TestNG.runSuitesLocally(TestNG.java:1176)
	at org.testng.TestNG.runSuites(TestNG.java:1099)
	at org.testng.TestNG.run(TestNG.java:1067)
	at org.apache.maven.surefire.testng.TestNGExecutor.run(TestNGExecutor.java:308)
	at org.apache.maven.surefire.testng.TestNGXmlTestSuite.execute(TestNGXmlTestSuite.java:71)
	at org.apache.maven.surefire.testng.TestNGProvider.invoke(TestNGProvider.java:113)
	at org.apache.maven.surefire.booter.ForkedBooter.runSuitesInProcess(ForkedBooter.java:385)
	at org.apache.maven.surefire.booter.ForkedBooter.execute(ForkedBooter.java:162)
	at org.apache.maven.surefire.booter.ForkedBooter.run(ForkedBooter.java:507)
	at org.apache.maven.surefire.booter.ForkedBooter.main(ForkedBooter.java:495)
]]></system-err>
  </testcase>
  <testcase name="runScenario[&quot;Check if user able to create a patient with &quot;post_patient_invalid_endpoint&quot; endpoint and request body.&quot;, &quot;Optional[Patient.feature]&quot;](32)" classname="runners.TestRunner" time="0.557">
    <failure message="1 expectation failed.&#10;Expected status code &lt;404&gt; but was &lt;400&gt;.&#10;" type="java.lang.AssertionError"><![CDATA[java.lang.AssertionError: 
1 expectation failed.
Expected status code <404> but was <400>.

	at java.base/jdk.internal.reflect.NativeConstructorAccessorImpl.newInstance0(Native Method)
	at java.base/jdk.internal.reflect.NativeConstructorAccessorImpl.newInstance(NativeConstructorAccessorImpl.java:77)
	at java.base/jdk.internal.reflect.DelegatingConstructorAccessorImpl.newInstance(DelegatingConstructorAccessorImpl.java:45)
	at java.base/java.lang.reflect.Constructor.newInstanceWithCaller(Constructor.java:499)
	at java.base/java.lang.reflect.Constructor.newInstance(Constructor.java:480)
	at org.codehaus.groovy.reflection.CachedConstructor.invoke(CachedConstructor.java:73)
	at org.codehaus.groovy.runtime.callsite.ConstructorSite$ConstructorSiteNoUnwrapNoCoerce.callConstructor(ConstructorSite.java:108)
	at org.codehaus.groovy.runtime.callsite.AbstractCallSite.callConstructor(AbstractCallSite.java:277)
	at io.restassured.internal.ResponseSpecificationImpl$HamcrestAssertionClosure.validate(ResponseSpecificationImpl.groovy:512)
	at io.restassured.internal.ResponseSpecificationImpl$HamcrestAssertionClosure$validate$1.call(Unknown Source)
	at io.restassured.internal.ResponseSpecificationImpl.validateResponseIfRequired(ResponseSpecificationImpl.groovy:696)
	at io.restassured.internal.ResponseSpecificationImpl.this$2$validateResponseIfRequired(ResponseSpecificationImpl.groovy)
	at jdk.internal.reflect.GeneratedMethodAccessor165.invoke(Unknown Source)
	at java.base/jdk.internal.reflect.DelegatingMethodAccessorImpl.invoke(DelegatingMethodAccessorImpl.java:43)
	at java.base/java.lang.reflect.Method.invoke(Method.java:568)
	at org.codehaus.groovy.runtime.callsite.PlainObjectMetaMethodSite.doInvoke(PlainObjectMetaMethodSite.java:43)
	at org.codehaus.groovy.runtime.callsite.PogoMetaMethodSite$PogoCachedMethodSiteNoUnwrapNoCoerce.invoke(PogoMetaMethodSite.java:198)
	at org.codehaus.groovy.runtime.callsite.PogoMetaMethodSite.callCurrent(PogoMetaMethodSite.java:62)
	at org.codehaus.groovy.runtime.callsite.AbstractCallSite.callCurrent(AbstractCallSite.java:185)
	at io.restassured.internal.ResponseSpecificationImpl.statusCode(ResponseSpecificationImpl.groovy:135)
	at io.restassured.specification.ResponseSpecification$statusCode$0.callCurrent(Unknown Source)
	at io.restassured.internal.ResponseSpecificationImpl.statusCode(ResponseSpecificationImpl.groovy:143)
	at io.restassured.internal.ValidatableResponseOptionsImpl.statusCode(ValidatableResponseOptionsImpl.java:89)
	at stepdefinitions.PatientSteps.user_receives_response_for_post_patient_with(PatientSteps.java:224)
	at ✽.User receives response for POST patient "patient" with "post_patient_invalid_endpoint"(file:///C:/Users/rashm/eclipse-workspace/Team5-Rest-Athon/Team5-Rest-Athon-main/Team5-Rest-Athon/src/test/resources/features/Patient.feature:30)
]]></failure>
    <system-out><![CDATA[
@PatientModule
Scenario Outline: Check if user able to create a patient with "post_patient_invalid_endpoint" endpoint and request body.                 &amp#27;[90m# src/test/resources/features/Patient.feature:45&amp#27;[0m
sheetPathsrc/test/resources/data/testData.xlsx
sheetNamelogin
keydataKeyvaluelogin_valid_dietician
keyuserIdvalueangu.geetha@gmail.com
keypasswordvalueSong88
[INFO ] 2023-11-21 12:49:11.774 [main] LoggerLoad - Login Request: userId: angu.geetha@gmail.compassword: Song88
  &amp#27;[32mGiven &amp#27;[0m&amp#27;[32mUser creates POST Request for the login API.&amp#27;[0m                                                                                     &amp#27;[90m# stepdefinitions.LoginSteps.user_creates_post_request_for_the_login_api()&amp#27;[0m
Request method:	POST
Request URI:	https://dietician-dev-41d9a344a720.herokuapp.com/dietician/login
Proxy:			<none>
Request params:	<none>
Query params:	<none>
Form params:	<none>
Path params:	<none>
Headers:		Accept=*/*
				Content-Type=application/json
Cookies:		<none>
Multiparts:		<none>
Body:
{
    "userLoginEmail": "angu.geetha@gmail.com",
    "password": "Song88"
}
  &amp#27;[32mWhen &amp#27;[0m&amp#27;[32mUser sends HTTPS Request with valid credentials on the request Body.&amp#27;[0m                                                              &amp#27;[90m# stepdefinitions.LoginSteps.user_sends_https_request_with_valid_credentials_on_the_request_body()&amp#27;[0m
HTTP/1.1 200 
Server: Cowboy
Report-To: {"group":"heroku-nel","max_age":3600,"endpoints":[{"url":"https://nel.heroku.com/reports?ts=1700588951&sid=c46efe9b-d3d2-4a0c-8c76-bfafa16c5add&s=XQlKwXnqriKf1r34NRS0kZ%2F9XIRLtpCedJ%2FbQmYRrX0%3D"}]}
Reporting-Endpoints: heroku-nel=https://nel.heroku.com/reports?ts=1700588951&sid=c46efe9b-d3d2-4a0c-8c76-bfafa16c5add&s=XQlKwXnqriKf1r34NRS0kZ%2F9XIRLtpCedJ%2FbQmYRrX0%3D
Nel: {"report_to":"heroku-nel","max_age":3600,"success_fraction":0.005,"failure_fraction":0.05,"response_headers":["Via"]}
Connection: keep-alive
Vary: Origin
Vary: Access-Control-Request-Method
Vary: Access-Control-Request-Headers
X-Content-Type-Options: nosniff
X-Xss-Protection: 1; mode=block
Cache-Control: no-cache, no-store, max-age=0, must-revalidate
Pragma: no-cache
Expires: 0
Strict-Transport-Security: max-age=31536000 ; includeSubDomains
X-Frame-Options: DENY
Content-Type: application/json
Transfer-Encoding: chunked
Date: Tue, 21 Nov 2023 17:49:11 GMT
Via: 1.1 vegur

{
    "token": "eyJhbGciOiJIUzUxMiJ9.eyJzdWIiOiJhbmd1LmdlZXRoYUBnbWFpbC5jb20iLCJpYXQiOjE3MDA1ODg5NTEsImV4cCI6MTcwMDYxNzc1MX0.jEPBeRxb0zRx7FG_pbcgnqWD41tF2OkC1lo1nCV8MklgrWr0R4AumP0P05WnSOHaJyEnvFcFKMLSKHVqJrNmbg",
    "type": "Bearer ",
    "userId": 93,
    "loginUserEmail": "angu.geetha@gmail.com",
    "roles": [
        "ROLE_DIETICIAN"
    ]
}
HTTP/1.1 200 
Server: Cowboy
Report-To: {"group":"heroku-nel","max_age":3600,"endpoints":[{"url":"https://nel.heroku.com/reports?ts=1700588951&sid=c46efe9b-d3d2-4a0c-8c76-bfafa16c5add&s=XQlKwXnqriKf1r34NRS0kZ%2F9XIRLtpCedJ%2FbQmYRrX0%3D"}]}
Reporting-Endpoints: heroku-nel=https://nel.heroku.com/reports?ts=1700588951&sid=c46efe9b-d3d2-4a0c-8c76-bfafa16c5add&s=XQlKwXnqriKf1r34NRS0kZ%2F9XIRLtpCedJ%2FbQmYRrX0%3D
Nel: {"report_to":"heroku-nel","max_age":3600,"success_fraction":0.005,"failure_fraction":0.05,"response_headers":["Via"]}
Connection: keep-alive
Vary: Origin
Vary: Access-Control-Request-Method
Vary: Access-Control-Request-Headers
X-Content-Type-Options: nosniff
X-Xss-Protection: 1; mode=block
Cache-Control: no-cache, no-store, max-age=0, must-revalidate
Pragma: no-cache
Expires: 0
Strict-Transport-Security: max-age=31536000 ; includeSubDomains
X-Frame-Options: DENY
Content-Type: application/json
Transfer-Encoding: chunked
Date: Tue, 21 Nov 2023 17:49:11 GMT
Via: 1.1 vegur

{
    "token": "eyJhbGciOiJIUzUxMiJ9.eyJzdWIiOiJhbmd1LmdlZXRoYUBnbWFpbC5jb20iLCJpYXQiOjE3MDA1ODg5NTEsImV4cCI6MTcwMDYxNzc1MX0.jEPBeRxb0zRx7FG_pbcgnqWD41tF2OkC1lo1nCV8MklgrWr0R4AumP0P05WnSOHaJyEnvFcFKMLSKHVqJrNmbg",
    "type": "Bearer ",
    "userId": 93,
    "loginUserEmail": "angu.geetha@gmail.com",
    "roles": [
        "ROLE_DIETICIAN"
    ]
}
[INFO ] 2023-11-21 12:49:11.998 [main] LoggerLoad - Login POST successful
  &amp#27;[32mThen &amp#27;[0m&amp#27;[32mUser receives Status with response body containing token information.&amp#27;[0m                                                             &amp#27;[90m# stepdefinitions.LoginSteps.user_receives_status_with_response_body_containing_token_information()&amp#27;[0m
sheetPathsrc/test/resources/data/testData.xlsx
sheetNamepatient
keydataKeyvaluepost_patient_invalid_endpoint
keyfirstnamevaluejade
keylastnamevalueudans
keycontactnumbervalue7979797979
keyemailvalueudans@gmail.com
keyallergyvalueegg
keyfoodcatvalueVegan
keydobvalue1988-10-10
[INFO ] 2023-11-21 12:49:12.032 [main] LoggerLoad - Paitient POST request created
  &amp#27;[32mGiven &amp#27;[0m&amp#27;[32mUser creates POST Request for the dietician/patient API endpoint with fields from &amp#27;[0m&amp#27;[32m&amp#27;[1m"patient"&amp#27;[0m&amp#27;[32m with &amp#27;[0m&amp#27;[32m&amp#27;[1m"post_patient_invalid_endpoint"&amp#27;[0m &amp#27;[90m# stepdefinitions.PatientSteps.user_creates_post_request_for_the_dietician_patient_api_endpoint_with_fields_from_with(java.lang.String,java.lang.String)&amp#27;[0m
[INFO ] 2023-11-21 12:49:12.034 [main] LoggerLoad - baseUrlhttps://dietician-dev-41d9a344a720.herokuapp.com/dietician
ResultingJSONstring = {"FirstName":"jade","LastName":"udans","ContactNumber":7979797979,"Email":"udans@gmail.com","Allergy":"egg","FoodCategory":"Vegan","DateOfBirth":"1988-10-10"}
Request method:	POST
Request URI:	https://dietician-dev-41d9a344a720.herokuapp.com/dietician/patient?patientInfo=%7B%22FirstName%22%3A%22jade%22%2C%22LastName%22%3A%22udans%22%2C%22ContactNumber%22%3A7979797979%2C%22Email%22%3A%22udans%40gmail.com%22%2C%22Allergy%22%3A%22egg%22%2C%22FoodCategory%22%3A%22Vegan%22%2C%22DateOfBirth%22%3A%221988-10-10%22%7D
Proxy:			<none>
Request params:	<none>
Query params:	patientInfo={"FirstName":"jade","LastName":"udans","ContactNumber":7979797979,"Email":"udans@gmail.com","Allergy":"egg","FoodCategory":"Vegan","DateOfBirth":"1988-10-10"}
Form params:	<none>
Path params:	<none>
Headers:		Authorization=Bearer eyJhbGciOiJIUzUxMiJ9.eyJzdWIiOiJhbmd1LmdlZXRoYUBnbWFpbC5jb20iLCJpYXQiOjE3MDA1ODg5NTEsImV4cCI6MTcwMDYxNzc1MX0.jEPBeRxb0zRx7FG_pbcgnqWD41tF2OkC1lo1nCV8MklgrWr0R4AumP0P05WnSOHaJyEnvFcFKMLSKHVqJrNmbg
				Accept=*/*
				Content-Type=multipart/form-data
Cookies:		<none>
Multiparts:		------------
				Content-Disposition: form-data; name = file; filename = Diabetic.pdf
				Content-Type: application/octet-stream

				.\src\test\resources\Diabetic.pdf
Body:			<none>
[INFO ] 2023-11-21 12:49:12.275 [main] LoggerLoad - Patient POST request sent
  &amp#27;[32mWhen &amp#27;[0m&amp#27;[32mUser sends HTTP POST patient Request&amp#27;[0m                                                                                              &amp#27;[90m# stepdefinitions.PatientSteps.user_sends_http_post_patient_request()&amp#27;[0m
HTTP/1.1 400 
Server: Cowboy
Report-To: {"group":"heroku-nel","max_age":3600,"endpoints":[{"url":"https://nel.heroku.com/reports?ts=1700588951&sid=c46efe9b-d3d2-4a0c-8c76-bfafa16c5add&s=XQlKwXnqriKf1r34NRS0kZ%2F9XIRLtpCedJ%2FbQmYRrX0%3D"}]}
Reporting-Endpoints: heroku-nel=https://nel.heroku.com/reports?ts=1700588951&sid=c46efe9b-d3d2-4a0c-8c76-bfafa16c5add&s=XQlKwXnqriKf1r34NRS0kZ%2F9XIRLtpCedJ%2FbQmYRrX0%3D
Nel: {"report_to":"heroku-nel","max_age":3600,"success_fraction":0.005,"failure_fraction":0.05,"response_headers":["Via"]}
Connection: keep-alive
Vary: Origin
Vary: Access-Control-Request-Method
Vary: Access-Control-Request-Headers
X-Content-Type-Options: nosniff
X-Xss-Protection: 1; mode=block
Cache-Control: no-cache, no-store, max-age=0, must-revalidate
Pragma: no-cache
Expires: 0
Strict-Transport-Security: max-age=31536000 ; includeSubDomains
X-Frame-Options: DENY
Content-Type: application/json
Transfer-Encoding: chunked
Date: Tue, 21 Nov 2023 17:49:11 GMT
Via: 1.1 vegur

{
    "errorCode": "DUPLICATE_ENTITY",
    "errorMessage": "Patient already exists with given DateOfBirth and ContactNumber"
}
  &amp#27;[31mThen &amp#27;[0m&amp#27;[31mUser receives response for POST patient &amp#27;[0m&amp#27;[31m&amp#27;[1m"patient"&amp#27;[0m&amp#27;[31m with &amp#27;[0m&amp#27;[31m&amp#27;[1m"post_patient_invalid_endpoint"&amp#27;[0m                                            &amp#27;[90m# stepdefinitions.PatientSteps.user_receives_response_for_post_patient_with(java.lang.String,java.lang.String)&amp#27;[0m
      &amp#27;[31mjava.lang.AssertionError: 1 expectation failed.
Expected status code <404> but was <400>.

	at java.base/jdk.internal.reflect.NativeConstructorAccessorImpl.newInstance0(Native Method)
	at java.base/jdk.internal.reflect.NativeConstructorAccessorImpl.newInstance(NativeConstructorAccessorImpl.java:77)
	at java.base/jdk.internal.reflect.DelegatingConstructorAccessorImpl.newInstance(DelegatingConstructorAccessorImpl.java:45)
	at java.base/java.lang.reflect.Constructor.newInstanceWithCaller(Constructor.java:499)
	at java.base/java.lang.reflect.Constructor.newInstance(Constructor.java:480)
	at org.codehaus.groovy.reflection.CachedConstructor.invoke(CachedConstructor.java:73)
	at org.codehaus.groovy.runtime.callsite.ConstructorSite$ConstructorSiteNoUnwrapNoCoerce.callConstructor(ConstructorSite.java:108)
	at org.codehaus.groovy.runtime.callsite.AbstractCallSite.callConstructor(AbstractCallSite.java:277)
	at io.restassured.internal.ResponseSpecificationImpl$HamcrestAssertionClosure.validate(ResponseSpecificationImpl.groovy:512)
	at io.restassured.internal.ResponseSpecificationImpl$HamcrestAssertionClosure$validate$1.call(Unknown Source)
	at io.restassured.internal.ResponseSpecificationImpl.validateResponseIfRequired(ResponseSpecificationImpl.groovy:696)
	at io.restassured.internal.ResponseSpecificationImpl.this$2$validateResponseIfRequired(ResponseSpecificationImpl.groovy)
	at jdk.internal.reflect.GeneratedMethodAccessor165.invoke(Unknown Source)
	at java.base/jdk.internal.reflect.DelegatingMethodAccessorImpl.invoke(DelegatingMethodAccessorImpl.java:43)
	at java.base/java.lang.reflect.Method.invoke(Method.java:568)
	at org.codehaus.groovy.runtime.callsite.PlainObjectMetaMethodSite.doInvoke(PlainObjectMetaMethodSite.java:43)
	at org.codehaus.groovy.runtime.callsite.PogoMetaMethodSite$PogoCachedMethodSiteNoUnwrapNoCoerce.invoke(PogoMetaMethodSite.java:198)
	at org.codehaus.groovy.runtime.callsite.PogoMetaMethodSite.callCurrent(PogoMetaMethodSite.java:62)
	at org.codehaus.groovy.runtime.callsite.AbstractCallSite.callCurrent(AbstractCallSite.java:185)
	at io.restassured.internal.ResponseSpecificationImpl.statusCode(ResponseSpecificationImpl.groovy:135)
	at io.restassured.specification.ResponseSpecification$statusCode$0.callCurrent(Unknown Source)
	at io.restassured.internal.ResponseSpecificationImpl.statusCode(ResponseSpecificationImpl.groovy:143)
	at io.restassured.internal.ValidatableResponseOptionsImpl.statusCode(ValidatableResponseOptionsImpl.java:89)
	at stepdefinitions.PatientSteps.user_receives_response_for_post_patient_with(PatientSteps.java:224)
	at âœ½.User receives response for POST patient "patient" with "post_patient_invalid_endpoint"(file:///C:/Users/rashm/eclipse-workspace/Team5-Rest-Athon/Team5-Rest-Athon-main/Team5-Rest-Athon/src/test/resources/features/Patient.feature:30)
&amp#27;[0m
]]></system-out>
  </testcase>
  <testcase name="runScenario[&quot;Check if user able to create a patient with &quot;post_patient_invalid_token&quot; endpoint and request body.&quot;, &quot;Optional[Patient.feature]&quot;](33)" classname="runners.TestRunner" time="0.574">
    <system-out><![CDATA[
@PatientModule
Scenario Outline: Check if user able to create a patient with "post_patient_invalid_token" endpoint and request body.                 &amp#27;[90m# src/test/resources/features/Patient.feature:46&amp#27;[0m
sheetPathsrc/test/resources/data/testData.xlsx
sheetNamelogin
keydataKeyvaluelogin_valid_dietician
keyuserIdvalueangu.geetha@gmail.com
keypasswordvalueSong88
[INFO ] 2023-11-21 12:49:12.327 [main] LoggerLoad - Login Request: userId: angu.geetha@gmail.compassword: Song88
  &amp#27;[32mGiven &amp#27;[0m&amp#27;[32mUser creates POST Request for the login API.&amp#27;[0m                                                                                  &amp#27;[90m# stepdefinitions.LoginSteps.user_creates_post_request_for_the_login_api()&amp#27;[0m
Request method:	POST
Request URI:	https://dietician-dev-41d9a344a720.herokuapp.com/dietician/login
Proxy:			<none>
Request params:	<none>
Query params:	<none>
Form params:	<none>
Path params:	<none>
Headers:		Accept=*/*
				Content-Type=application/json
Cookies:		<none>
Multiparts:		<none>
Body:
{
    "userLoginEmail": "angu.geetha@gmail.com",
    "password": "Song88"
}
  &amp#27;[32mWhen &amp#27;[0m&amp#27;[32mUser sends HTTPS Request with valid credentials on the request Body.&amp#27;[0m                                                           &amp#27;[90m# stepdefinitions.LoginSteps.user_sends_https_request_with_valid_credentials_on_the_request_body()&amp#27;[0m
HTTP/1.1 200 
Server: Cowboy
Report-To: {"group":"heroku-nel","max_age":3600,"endpoints":[{"url":"https://nel.heroku.com/reports?ts=1700588952&sid=c46efe9b-d3d2-4a0c-8c76-bfafa16c5add&s=zIwLhDjF6qnWXRFj4qPFFBvDuREssUqKrKa8oEy6VHM%3D"}]}
Reporting-Endpoints: heroku-nel=https://nel.heroku.com/reports?ts=1700588952&sid=c46efe9b-d3d2-4a0c-8c76-bfafa16c5add&s=zIwLhDjF6qnWXRFj4qPFFBvDuREssUqKrKa8oEy6VHM%3D
Nel: {"report_to":"heroku-nel","max_age":3600,"success_fraction":0.005,"failure_fraction":0.05,"response_headers":["Via"]}
Connection: keep-alive
Vary: Origin
Vary: Access-Control-Request-Method
Vary: Access-Control-Request-Headers
X-Content-Type-Options: nosniff
X-Xss-Protection: 1; mode=block
Cache-Control: no-cache, no-store, max-age=0, must-revalidate
Pragma: no-cache
Expires: 0
Strict-Transport-Security: max-age=31536000 ; includeSubDomains
X-Frame-Options: DENY
Content-Type: application/json
Transfer-Encoding: chunked
Date: Tue, 21 Nov 2023 17:49:11 GMT
Via: 1.1 vegur

{
    "token": "eyJhbGciOiJIUzUxMiJ9.eyJzdWIiOiJhbmd1LmdlZXRoYUBnbWFpbC5jb20iLCJpYXQiOjE3MDA1ODg5NTIsImV4cCI6MTcwMDYxNzc1Mn0.BAq1Wo89tUoADBxvIAvkDai-i41ZhvpvzfCwvLK_oWVpF1rtAA235PqE2DcHi3hRP87VEtxdczXUqqVSkofh_g",
    "type": "Bearer ",
    "userId": 93,
    "loginUserEmail": "angu.geetha@gmail.com",
    "roles": [
        "ROLE_DIETICIAN"
    ]
}
HTTP/1.1 200 
Server: Cowboy
Report-To: {"group":"heroku-nel","max_age":3600,"endpoints":[{"url":"https://nel.heroku.com/reports?ts=1700588952&sid=c46efe9b-d3d2-4a0c-8c76-bfafa16c5add&s=zIwLhDjF6qnWXRFj4qPFFBvDuREssUqKrKa8oEy6VHM%3D"}]}
Reporting-Endpoints: heroku-nel=https://nel.heroku.com/reports?ts=1700588952&sid=c46efe9b-d3d2-4a0c-8c76-bfafa16c5add&s=zIwLhDjF6qnWXRFj4qPFFBvDuREssUqKrKa8oEy6VHM%3D
Nel: {"report_to":"heroku-nel","max_age":3600,"success_fraction":0.005,"failure_fraction":0.05,"response_headers":["Via"]}
Connection: keep-alive
Vary: Origin
Vary: Access-Control-Request-Method
Vary: Access-Control-Request-Headers
X-Content-Type-Options: nosniff
X-Xss-Protection: 1; mode=block
Cache-Control: no-cache, no-store, max-age=0, must-revalidate
Pragma: no-cache
Expires: 0
Strict-Transport-Security: max-age=31536000 ; includeSubDomains
X-Frame-Options: DENY
Content-Type: application/json
Transfer-Encoding: chunked
Date: Tue, 21 Nov 2023 17:49:11 GMT
Via: 1.1 vegur

{
    "token": "eyJhbGciOiJIUzUxMiJ9.eyJzdWIiOiJhbmd1LmdlZXRoYUBnbWFpbC5jb20iLCJpYXQiOjE3MDA1ODg5NTIsImV4cCI6MTcwMDYxNzc1Mn0.BAq1Wo89tUoADBxvIAvkDai-i41ZhvpvzfCwvLK_oWVpF1rtAA235PqE2DcHi3hRP87VEtxdczXUqqVSkofh_g",
    "type": "Bearer ",
    "userId": 93,
    "loginUserEmail": "angu.geetha@gmail.com",
    "roles": [
        "ROLE_DIETICIAN"
    ]
}
[INFO ] 2023-11-21 12:49:12.564 [main] LoggerLoad - Login POST successful
  &amp#27;[32mThen &amp#27;[0m&amp#27;[32mUser receives Status with response body containing token information.&amp#27;[0m                                                          &amp#27;[90m# stepdefinitions.LoginSteps.user_receives_status_with_response_body_containing_token_information()&amp#27;[0m
sheetPathsrc/test/resources/data/testData.xlsx
sheetNamepatient
keydataKeyvaluepost_patient_invalid_token
keyfirstnamevaluejade
keylastnamevalueudans
keycontactnumbervalue7979797979
keyemailvalueudans@gmail.com
keyallergyvalueegg
keyfoodcatvalueVegan
keydobvalue1988-10-10
[INFO ] 2023-11-21 12:49:12.615 [main] LoggerLoad - Paitient POST request created
  &amp#27;[32mGiven &amp#27;[0m&amp#27;[32mUser creates POST Request for the dietician/patient API endpoint with fields from &amp#27;[0m&amp#27;[32m&amp#27;[1m"patient"&amp#27;[0m&amp#27;[32m with &amp#27;[0m&amp#27;[32m&amp#27;[1m"post_patient_invalid_token"&amp#27;[0m &amp#27;[90m# stepdefinitions.PatientSteps.user_creates_post_request_for_the_dietician_patient_api_endpoint_with_fields_from_with(java.lang.String,java.lang.String)&amp#27;[0m
[INFO ] 2023-11-21 12:49:12.618 [main] LoggerLoad - baseUrlhttps://dietician-dev-41d9a344a720.herokuapp.com/dietician
ResultingJSONstring = {"FirstName":"jade","LastName":"udans","ContactNumber":7979797979,"Email":"udans@gmail.com","Allergy":"egg","FoodCategory":"Vegan","DateOfBirth":"1988-10-10"}
Request method:	POST
Request URI:	https://dietician-dev-41d9a344a720.herokuapp.com/dietician/patient?patientInfo=%7B%22FirstName%22%3A%22jade%22%2C%22LastName%22%3A%22udans%22%2C%22ContactNumber%22%3A7979797979%2C%22Email%22%3A%22udans%40gmail.com%22%2C%22Allergy%22%3A%22egg%22%2C%22FoodCategory%22%3A%22Vegan%22%2C%22DateOfBirth%22%3A%221988-10-10%22%7D
Proxy:			<none>
Request params:	<none>
Query params:	patientInfo={"FirstName":"jade","LastName":"udans","ContactNumber":7979797979,"Email":"udans@gmail.com","Allergy":"egg","FoodCategory":"Vegan","DateOfBirth":"1988-10-10"}
Form params:	<none>
Path params:	<none>
Headers:		Authorization=Bearer invalidtoken!!!
				Accept=*/*
				Content-Type=multipart/form-data
Cookies:		<none>
Multiparts:		------------
				Content-Disposition: form-data; name = file; filename = Diabetic.pdf
				Content-Type: application/octet-stream

				.\src\test\resources\Diabetic.pdf
Body:			<none>
[INFO ] 2023-11-21 12:49:12.840 [main] LoggerLoad - Patient POST request sent
  &amp#27;[32mWhen &amp#27;[0m&amp#27;[32mUser sends HTTP POST patient Request&amp#27;[0m                                                                                           &amp#27;[90m# stepdefinitions.PatientSteps.user_sends_http_post_patient_request()&amp#27;[0m
HTTP/1.1 401 
Server: Cowboy
Report-To: {"group":"heroku-nel","max_age":3600,"endpoints":[{"url":"https://nel.heroku.com/reports?ts=1700588952&sid=c46efe9b-d3d2-4a0c-8c76-bfafa16c5add&s=zIwLhDjF6qnWXRFj4qPFFBvDuREssUqKrKa8oEy6VHM%3D"}]}
Reporting-Endpoints: heroku-nel=https://nel.heroku.com/reports?ts=1700588952&sid=c46efe9b-d3d2-4a0c-8c76-bfafa16c5add&s=zIwLhDjF6qnWXRFj4qPFFBvDuREssUqKrKa8oEy6VHM%3D
Nel: {"report_to":"heroku-nel","max_age":3600,"success_fraction":0.005,"failure_fraction":0.05,"response_headers":["Via"]}
Connection: keep-alive
Vary: Origin
Vary: Access-Control-Request-Method
Vary: Access-Control-Request-Headers
X-Content-Type-Options: nosniff
X-Xss-Protection: 1; mode=block
Cache-Control: no-cache, no-store, max-age=0, must-revalidate
Pragma: no-cache
Expires: 0
Strict-Transport-Security: max-age=31536000 ; includeSubDomains
X-Frame-Options: DENY
Content-Type: application/json
Transfer-Encoding: chunked
Date: Tue, 21 Nov 2023 17:49:12 GMT
Via: 1.1 vegur

{
    "timestamp": "2023-11-21T17:49:12.493+00:00",
    "status": 401,
    "error": "Unauthorized",
    "path": "/dietician/patient"
}
  &amp#27;[32mThen &amp#27;[0m&amp#27;[32mUser receives response for POST patient &amp#27;[0m&amp#27;[32m&amp#27;[1m"patient"&amp#27;[0m&amp#27;[32m with &amp#27;[0m&amp#27;[32m&amp#27;[1m"post_patient_invalid_token"&amp#27;[0m                                            &amp#27;[90m# stepdefinitions.PatientSteps.user_receives_response_for_post_patient_with(java.lang.String,java.lang.String)&amp#27;[0m
]]></system-out>
  </testcase>
  <testcase name="runScenario[&quot;Check if user able to create a patient with &quot;post_patient_patient_token&quot; endpoint and request body.&quot;, &quot;Optional[Patient.feature]&quot;](34)" classname="runners.TestRunner" time="0.574">
    <failure message="1 expectation failed.&#10;Expected status code &lt;403&gt; but was &lt;400&gt;.&#10;" type="java.lang.AssertionError"><![CDATA[java.lang.AssertionError: 
1 expectation failed.
Expected status code <403> but was <400>.

	at java.base/jdk.internal.reflect.NativeConstructorAccessorImpl.newInstance0(Native Method)
	at java.base/jdk.internal.reflect.NativeConstructorAccessorImpl.newInstance(NativeConstructorAccessorImpl.java:77)
	at java.base/jdk.internal.reflect.DelegatingConstructorAccessorImpl.newInstance(DelegatingConstructorAccessorImpl.java:45)
	at java.base/java.lang.reflect.Constructor.newInstanceWithCaller(Constructor.java:499)
	at java.base/java.lang.reflect.Constructor.newInstance(Constructor.java:480)
	at org.codehaus.groovy.reflection.CachedConstructor.invoke(CachedConstructor.java:73)
	at org.codehaus.groovy.runtime.callsite.ConstructorSite$ConstructorSiteNoUnwrapNoCoerce.callConstructor(ConstructorSite.java:108)
	at org.codehaus.groovy.runtime.callsite.AbstractCallSite.callConstructor(AbstractCallSite.java:277)
	at io.restassured.internal.ResponseSpecificationImpl$HamcrestAssertionClosure.validate(ResponseSpecificationImpl.groovy:512)
	at io.restassured.internal.ResponseSpecificationImpl$HamcrestAssertionClosure$validate$1.call(Unknown Source)
	at io.restassured.internal.ResponseSpecificationImpl.validateResponseIfRequired(ResponseSpecificationImpl.groovy:696)
	at io.restassured.internal.ResponseSpecificationImpl.this$2$validateResponseIfRequired(ResponseSpecificationImpl.groovy)
	at jdk.internal.reflect.GeneratedMethodAccessor165.invoke(Unknown Source)
	at java.base/jdk.internal.reflect.DelegatingMethodAccessorImpl.invoke(DelegatingMethodAccessorImpl.java:43)
	at java.base/java.lang.reflect.Method.invoke(Method.java:568)
	at org.codehaus.groovy.runtime.callsite.PlainObjectMetaMethodSite.doInvoke(PlainObjectMetaMethodSite.java:43)
	at org.codehaus.groovy.runtime.callsite.PogoMetaMethodSite$PogoCachedMethodSiteNoUnwrapNoCoerce.invoke(PogoMetaMethodSite.java:198)
	at org.codehaus.groovy.runtime.callsite.PogoMetaMethodSite.callCurrent(PogoMetaMethodSite.java:62)
	at org.codehaus.groovy.runtime.callsite.AbstractCallSite.callCurrent(AbstractCallSite.java:185)
	at io.restassured.internal.ResponseSpecificationImpl.statusCode(ResponseSpecificationImpl.groovy:135)
	at io.restassured.specification.ResponseSpecification$statusCode$0.callCurrent(Unknown Source)
	at io.restassured.internal.ResponseSpecificationImpl.statusCode(ResponseSpecificationImpl.groovy:143)
	at io.restassured.internal.ValidatableResponseOptionsImpl.statusCode(ValidatableResponseOptionsImpl.java:89)
	at stepdefinitions.PatientSteps.user_receives_response_for_post_patient_with(PatientSteps.java:249)
	at ✽.User receives response for POST patient "patient" with "post_patient_patient_token"(file:///C:/Users/rashm/eclipse-workspace/Team5-Rest-Athon/Team5-Rest-Athon-main/Team5-Rest-Athon/src/test/resources/features/Patient.feature:30)
]]></failure>
    <system-out><![CDATA[
@PatientModule
Scenario Outline: Check if user able to create a patient with "post_patient_patient_token" endpoint and request body.                 &amp#27;[90m# src/test/resources/features/Patient.feature:47&amp#27;[0m
sheetPathsrc/test/resources/data/testData.xlsx
sheetNamelogin
keydataKeyvaluelogin_valid_dietician
keyuserIdvalueangu.geetha@gmail.com
keypasswordvalueSong88
[INFO ] 2023-11-21 12:49:12.918 [main] LoggerLoad - Login Request: userId: angu.geetha@gmail.compassword: Song88
  &amp#27;[32mGiven &amp#27;[0m&amp#27;[32mUser creates POST Request for the login API.&amp#27;[0m                                                                                  &amp#27;[90m# stepdefinitions.LoginSteps.user_creates_post_request_for_the_login_api()&amp#27;[0m
Request method:	POST
Request URI:	https://dietician-dev-41d9a344a720.herokuapp.com/dietician/login
Proxy:			<none>
Request params:	<none>
Query params:	<none>
Form params:	<none>
Path params:	<none>
Headers:		Accept=*/*
				Content-Type=application/json
Cookies:		<none>
Multiparts:		<none>
Body:
{
    "userLoginEmail": "angu.geetha@gmail.com",
    "password": "Song88"
}
  &amp#27;[32mWhen &amp#27;[0m&amp#27;[32mUser sends HTTPS Request with valid credentials on the request Body.&amp#27;[0m                                                           &amp#27;[90m# stepdefinitions.LoginSteps.user_sends_https_request_with_valid_credentials_on_the_request_body()&amp#27;[0m
HTTP/1.1 200 
Server: Cowboy
Report-To: {"group":"heroku-nel","max_age":3600,"endpoints":[{"url":"https://nel.heroku.com/reports?ts=1700588952&sid=c46efe9b-d3d2-4a0c-8c76-bfafa16c5add&s=zIwLhDjF6qnWXRFj4qPFFBvDuREssUqKrKa8oEy6VHM%3D"}]}
Reporting-Endpoints: heroku-nel=https://nel.heroku.com/reports?ts=1700588952&sid=c46efe9b-d3d2-4a0c-8c76-bfafa16c5add&s=zIwLhDjF6qnWXRFj4qPFFBvDuREssUqKrKa8oEy6VHM%3D
Nel: {"report_to":"heroku-nel","max_age":3600,"success_fraction":0.005,"failure_fraction":0.05,"response_headers":["Via"]}
Connection: keep-alive
Vary: Origin
Vary: Access-Control-Request-Method
Vary: Access-Control-Request-Headers
X-Content-Type-Options: nosniff
X-Xss-Protection: 1; mode=block
Cache-Control: no-cache, no-store, max-age=0, must-revalidate
Pragma: no-cache
Expires: 0
Strict-Transport-Security: max-age=31536000 ; includeSubDomains
X-Frame-Options: DENY
Content-Type: application/json
Transfer-Encoding: chunked
Date: Tue, 21 Nov 2023 17:49:12 GMT
Via: 1.1 vegur

{
    "token": "eyJhbGciOiJIUzUxMiJ9.eyJzdWIiOiJhbmd1LmdlZXRoYUBnbWFpbC5jb20iLCJpYXQiOjE3MDA1ODg5NTIsImV4cCI6MTcwMDYxNzc1Mn0.BAq1Wo89tUoADBxvIAvkDai-i41ZhvpvzfCwvLK_oWVpF1rtAA235PqE2DcHi3hRP87VEtxdczXUqqVSkofh_g",
    "type": "Bearer ",
    "userId": 93,
    "loginUserEmail": "angu.geetha@gmail.com",
    "roles": [
        "ROLE_DIETICIAN"
    ]
}
HTTP/1.1 200 
Server: Cowboy
Report-To: {"group":"heroku-nel","max_age":3600,"endpoints":[{"url":"https://nel.heroku.com/reports?ts=1700588952&sid=c46efe9b-d3d2-4a0c-8c76-bfafa16c5add&s=zIwLhDjF6qnWXRFj4qPFFBvDuREssUqKrKa8oEy6VHM%3D"}]}
Reporting-Endpoints: heroku-nel=https://nel.heroku.com/reports?ts=1700588952&sid=c46efe9b-d3d2-4a0c-8c76-bfafa16c5add&s=zIwLhDjF6qnWXRFj4qPFFBvDuREssUqKrKa8oEy6VHM%3D
Nel: {"report_to":"heroku-nel","max_age":3600,"success_fraction":0.005,"failure_fraction":0.05,"response_headers":["Via"]}
Connection: keep-alive
Vary: Origin
Vary: Access-Control-Request-Method
Vary: Access-Control-Request-Headers
X-Content-Type-Options: nosniff
X-Xss-Protection: 1; mode=block
Cache-Control: no-cache, no-store, max-age=0, must-revalidate
Pragma: no-cache
Expires: 0
Strict-Transport-Security: max-age=31536000 ; includeSubDomains
X-Frame-Options: DENY
Content-Type: application/json
Transfer-Encoding: chunked
Date: Tue, 21 Nov 2023 17:49:12 GMT
Via: 1.1 vegur

{
    "token": "eyJhbGciOiJIUzUxMiJ9.eyJzdWIiOiJhbmd1LmdlZXRoYUBnbWFpbC5jb20iLCJpYXQiOjE3MDA1ODg5NTIsImV4cCI6MTcwMDYxNzc1Mn0.BAq1Wo89tUoADBxvIAvkDai-i41ZhvpvzfCwvLK_oWVpF1rtAA235PqE2DcHi3hRP87VEtxdczXUqqVSkofh_g",
    "type": "Bearer ",
    "userId": 93,
    "loginUserEmail": "angu.geetha@gmail.com",
    "roles": [
        "ROLE_DIETICIAN"
    ]
}
[INFO ] 2023-11-21 12:49:13.148 [main] LoggerLoad - Login POST successful
  &amp#27;[32mThen &amp#27;[0m&amp#27;[32mUser receives Status with response body containing token information.&amp#27;[0m                                                          &amp#27;[90m# stepdefinitions.LoginSteps.user_receives_status_with_response_body_containing_token_information()&amp#27;[0m
sheetPathsrc/test/resources/data/testData.xlsx
sheetNamepatient
keydataKeyvaluepost_patient_patient_token
keyfirstnamevaluejade
keylastnamevalueudans
keycontactnumbervalue7979797979
keyemailvalueudans@gmail.com
keyallergyvalueegg
keyfoodcatvalueVegan
keydobvalue1988-10-10
[INFO ] 2023-11-21 12:49:13.175 [main] LoggerLoad - Paitient POST request created
  &amp#27;[32mGiven &amp#27;[0m&amp#27;[32mUser creates POST Request for the dietician/patient API endpoint with fields from &amp#27;[0m&amp#27;[32m&amp#27;[1m"patient"&amp#27;[0m&amp#27;[32m with &amp#27;[0m&amp#27;[32m&amp#27;[1m"post_patient_patient_token"&amp#27;[0m &amp#27;[90m# stepdefinitions.PatientSteps.user_creates_post_request_for_the_dietician_patient_api_endpoint_with_fields_from_with(java.lang.String,java.lang.String)&amp#27;[0m
[INFO ] 2023-11-21 12:49:13.178 [main] LoggerLoad - baseUrlhttps://dietician-dev-41d9a344a720.herokuapp.com/dietician
ResultingJSONstring = {"FirstName":"jade","LastName":"udans","ContactNumber":7979797979,"Email":"udans@gmail.com","Allergy":"egg","FoodCategory":"Vegan","DateOfBirth":"1988-10-10"}
Request method:	POST
Request URI:	https://dietician-dev-41d9a344a720.herokuapp.com/dietician/patient?patientInfo=%7B%22FirstName%22%3A%22jade%22%2C%22LastName%22%3A%22udans%22%2C%22ContactNumber%22%3A7979797979%2C%22Email%22%3A%22udans%40gmail.com%22%2C%22Allergy%22%3A%22egg%22%2C%22FoodCategory%22%3A%22Vegan%22%2C%22DateOfBirth%22%3A%221988-10-10%22%7D
Proxy:			<none>
Request params:	<none>
Query params:	patientInfo={"FirstName":"jade","LastName":"udans","ContactNumber":7979797979,"Email":"udans@gmail.com","Allergy":"egg","FoodCategory":"Vegan","DateOfBirth":"1988-10-10"}
Form params:	<none>
Path params:	<none>
Headers:		Authorization=Bearer eyJhbGciOiJIUzUxMiJ9.eyJzdWIiOiJhbmd1LmdlZXRoYUBnbWFpbC5jb20iLCJpYXQiOjE3MDA1ODg5NTIsImV4cCI6MTcwMDYxNzc1Mn0.BAq1Wo89tUoADBxvIAvkDai-i41ZhvpvzfCwvLK_oWVpF1rtAA235PqE2DcHi3hRP87VEtxdczXUqqVSkofh_g
				Accept=*/*
				Content-Type=multipart/form-data
Cookies:		<none>
Multiparts:		------------
				Content-Disposition: form-data; name = file; filename = Diabetic.pdf
				Content-Type: application/octet-stream

				.\src\test\resources\Diabetic.pdf
Body:			<none>
[INFO ] 2023-11-21 12:49:13.429 [main] LoggerLoad - Patient POST request sent
  &amp#27;[32mWhen &amp#27;[0m&amp#27;[32mUser sends HTTP POST patient Request&amp#27;[0m                                                                                           &amp#27;[90m# stepdefinitions.PatientSteps.user_sends_http_post_patient_request()&amp#27;[0m
HTTP/1.1 400 
Server: Cowboy
Report-To: {"group":"heroku-nel","max_age":3600,"endpoints":[{"url":"https://nel.heroku.com/reports?ts=1700588952&sid=c46efe9b-d3d2-4a0c-8c76-bfafa16c5add&s=zIwLhDjF6qnWXRFj4qPFFBvDuREssUqKrKa8oEy6VHM%3D"}]}
Reporting-Endpoints: heroku-nel=https://nel.heroku.com/reports?ts=1700588952&sid=c46efe9b-d3d2-4a0c-8c76-bfafa16c5add&s=zIwLhDjF6qnWXRFj4qPFFBvDuREssUqKrKa8oEy6VHM%3D
Nel: {"report_to":"heroku-nel","max_age":3600,"success_fraction":0.005,"failure_fraction":0.05,"response_headers":["Via"]}
Connection: keep-alive
Vary: Origin
Vary: Access-Control-Request-Method
Vary: Access-Control-Request-Headers
X-Content-Type-Options: nosniff
X-Xss-Protection: 1; mode=block
Cache-Control: no-cache, no-store, max-age=0, must-revalidate
Pragma: no-cache
Expires: 0
Strict-Transport-Security: max-age=31536000 ; includeSubDomains
X-Frame-Options: DENY
Content-Type: application/json
Transfer-Encoding: chunked
Date: Tue, 21 Nov 2023 17:49:12 GMT
Via: 1.1 vegur

{
    "errorCode": "DUPLICATE_ENTITY",
    "errorMessage": "Patient already exists with given DateOfBirth and ContactNumber"
}
  &amp#27;[31mThen &amp#27;[0m&amp#27;[31mUser receives response for POST patient &amp#27;[0m&amp#27;[31m&amp#27;[1m"patient"&amp#27;[0m&amp#27;[31m with &amp#27;[0m&amp#27;[31m&amp#27;[1m"post_patient_patient_token"&amp#27;[0m                                            &amp#27;[90m# stepdefinitions.PatientSteps.user_receives_response_for_post_patient_with(java.lang.String,java.lang.String)&amp#27;[0m
      &amp#27;[31mjava.lang.AssertionError: 1 expectation failed.
Expected status code <403> but was <400>.

	at java.base/jdk.internal.reflect.NativeConstructorAccessorImpl.newInstance0(Native Method)
	at java.base/jdk.internal.reflect.NativeConstructorAccessorImpl.newInstance(NativeConstructorAccessorImpl.java:77)
	at java.base/jdk.internal.reflect.DelegatingConstructorAccessorImpl.newInstance(DelegatingConstructorAccessorImpl.java:45)
	at java.base/java.lang.reflect.Constructor.newInstanceWithCaller(Constructor.java:499)
	at java.base/java.lang.reflect.Constructor.newInstance(Constructor.java:480)
	at org.codehaus.groovy.reflection.CachedConstructor.invoke(CachedConstructor.java:73)
	at org.codehaus.groovy.runtime.callsite.ConstructorSite$ConstructorSiteNoUnwrapNoCoerce.callConstructor(ConstructorSite.java:108)
	at org.codehaus.groovy.runtime.callsite.AbstractCallSite.callConstructor(AbstractCallSite.java:277)
	at io.restassured.internal.ResponseSpecificationImpl$HamcrestAssertionClosure.validate(ResponseSpecificationImpl.groovy:512)
	at io.restassured.internal.ResponseSpecificationImpl$HamcrestAssertionClosure$validate$1.call(Unknown Source)
	at io.restassured.internal.ResponseSpecificationImpl.validateResponseIfRequired(ResponseSpecificationImpl.groovy:696)
	at io.restassured.internal.ResponseSpecificationImpl.this$2$validateResponseIfRequired(ResponseSpecificationImpl.groovy)
	at jdk.internal.reflect.GeneratedMethodAccessor165.invoke(Unknown Source)
	at java.base/jdk.internal.reflect.DelegatingMethodAccessorImpl.invoke(DelegatingMethodAccessorImpl.java:43)
	at java.base/java.lang.reflect.Method.invoke(Method.java:568)
	at org.codehaus.groovy.runtime.callsite.PlainObjectMetaMethodSite.doInvoke(PlainObjectMetaMethodSite.java:43)
	at org.codehaus.groovy.runtime.callsite.PogoMetaMethodSite$PogoCachedMethodSiteNoUnwrapNoCoerce.invoke(PogoMetaMethodSite.java:198)
	at org.codehaus.groovy.runtime.callsite.PogoMetaMethodSite.callCurrent(PogoMetaMethodSite.java:62)
	at org.codehaus.groovy.runtime.callsite.AbstractCallSite.callCurrent(AbstractCallSite.java:185)
	at io.restassured.internal.ResponseSpecificationImpl.statusCode(ResponseSpecificationImpl.groovy:135)
	at io.restassured.specification.ResponseSpecification$statusCode$0.callCurrent(Unknown Source)
	at io.restassured.internal.ResponseSpecificationImpl.statusCode(ResponseSpecificationImpl.groovy:143)
	at io.restassured.internal.ValidatableResponseOptionsImpl.statusCode(ValidatableResponseOptionsImpl.java:89)
	at stepdefinitions.PatientSteps.user_receives_response_for_post_patient_with(PatientSteps.java:249)
	at âœ½.User receives response for POST patient "patient" with "post_patient_patient_token"(file:///C:/Users/rashm/eclipse-workspace/Team5-Rest-Athon/Team5-Rest-Athon-main/Team5-Rest-Athon/src/test/resources/features/Patient.feature:30)
&amp#27;[0m
]]></system-out>
  </testcase>
  <testcase name="runScenario[&quot;Check if the user is able to log in with valid credentials for patient&quot;, &quot;Optional[Patient Login]&quot;](35)" classname="runners.TestRunner" time="0.582">
    <system-out><![CDATA[
@PatientLogin @01PostTag
Scenario: Check if the user is able to log in with valid credentials for patient        &amp#27;[90m# src/test/resources/features/PatientLogin.feature:13&amp#27;[0m
sheetPathsrc/test/resources/data/testData.xlsx
sheetNamelogin
keydataKeyvaluelogin_valid_dietician
keyuserIdvalueangu.geetha@gmail.com
keypasswordvalueSong88
[INFO ] 2023-11-21 12:49:13.487 [main] LoggerLoad - Login Request: userId: angu.geetha@gmail.compassword: Song88
  &amp#27;[32mGiven &amp#27;[0m&amp#27;[32mUser creates POST Request for the login API.&amp#27;[0m                                    &amp#27;[90m# stepdefinitions.LoginSteps.user_creates_post_request_for_the_login_api()&amp#27;[0m
Request method:	POST
Request URI:	https://dietician-dev-41d9a344a720.herokuapp.com/dietician/login
Proxy:			<none>
Request params:	<none>
Query params:	<none>
Form params:	<none>
Path params:	<none>
Headers:		Accept=*/*
				Content-Type=application/json
Cookies:		<none>
Multiparts:		<none>
Body:
{
    "userLoginEmail": "angu.geetha@gmail.com",
    "password": "Song88"
}
  &amp#27;[32mWhen &amp#27;[0m&amp#27;[32mUser sends HTTPS Request with credentials on the request Body.&amp#27;[0m                   &amp#27;[90m# stepdefinitions.LoginSteps.user_sends_https_request_valid_credentials_on_the_request_body()&amp#27;[0m
HTTP/1.1 200 
Server: Cowboy
Report-To: {"group":"heroku-nel","max_age":3600,"endpoints":[{"url":"https://nel.heroku.com/reports?ts=1700588953&sid=c46efe9b-d3d2-4a0c-8c76-bfafa16c5add&s=z5ED5kPA1UtpC6FtA7gfjPPWb4N0lNfD1h1Y5BzxcmM%3D"}]}
Reporting-Endpoints: heroku-nel=https://nel.heroku.com/reports?ts=1700588953&sid=c46efe9b-d3d2-4a0c-8c76-bfafa16c5add&s=z5ED5kPA1UtpC6FtA7gfjPPWb4N0lNfD1h1Y5BzxcmM%3D
Nel: {"report_to":"heroku-nel","max_age":3600,"success_fraction":0.005,"failure_fraction":0.05,"response_headers":["Via"]}
Connection: keep-alive
Vary: Origin
Vary: Access-Control-Request-Method
Vary: Access-Control-Request-Headers
X-Content-Type-Options: nosniff
X-Xss-Protection: 1; mode=block
Cache-Control: no-cache, no-store, max-age=0, must-revalidate
Pragma: no-cache
Expires: 0
Strict-Transport-Security: max-age=31536000 ; includeSubDomains
X-Frame-Options: DENY
Content-Type: application/json
Transfer-Encoding: chunked
Date: Tue, 21 Nov 2023 17:49:12 GMT
Via: 1.1 vegur

{
    "token": "eyJhbGciOiJIUzUxMiJ9.eyJzdWIiOiJhbmd1LmdlZXRoYUBnbWFpbC5jb20iLCJpYXQiOjE3MDA1ODg5NTMsImV4cCI6MTcwMDYxNzc1M30.jvkJDtkq6HyU9oa3rq1w8_9p6POd-8Jc0_cG0qbjVpcELN4Uz_V4uGmQaGKpXihWMIx4656RbkVEw7y5o2uC4A",
    "type": "Bearer ",
    "userId": 93,
    "loginUserEmail": "angu.geetha@gmail.com",
    "roles": [
        "ROLE_DIETICIAN"
    ]
}
HTTP/1.1 200 
Server: Cowboy
Report-To: {"group":"heroku-nel","max_age":3600,"endpoints":[{"url":"https://nel.heroku.com/reports?ts=1700588953&sid=c46efe9b-d3d2-4a0c-8c76-bfafa16c5add&s=z5ED5kPA1UtpC6FtA7gfjPPWb4N0lNfD1h1Y5BzxcmM%3D"}]}
Reporting-Endpoints: heroku-nel=https://nel.heroku.com/reports?ts=1700588953&sid=c46efe9b-d3d2-4a0c-8c76-bfafa16c5add&s=z5ED5kPA1UtpC6FtA7gfjPPWb4N0lNfD1h1Y5BzxcmM%3D
Nel: {"report_to":"heroku-nel","max_age":3600,"success_fraction":0.005,"failure_fraction":0.05,"response_headers":["Via"]}
Connection: keep-alive
Vary: Origin
Vary: Access-Control-Request-Method
Vary: Access-Control-Request-Headers
X-Content-Type-Options: nosniff
X-Xss-Protection: 1; mode=block
Cache-Control: no-cache, no-store, max-age=0, must-revalidate
Pragma: no-cache
Expires: 0
Strict-Transport-Security: max-age=31536000 ; includeSubDomains
X-Frame-Options: DENY
Content-Type: application/json
Transfer-Encoding: chunked
Date: Tue, 21 Nov 2023 17:49:12 GMT
Via: 1.1 vegur

{
    "token": "eyJhbGciOiJIUzUxMiJ9.eyJzdWIiOiJhbmd1LmdlZXRoYUBnbWFpbC5jb20iLCJpYXQiOjE3MDA1ODg5NTMsImV4cCI6MTcwMDYxNzc1M30.jvkJDtkq6HyU9oa3rq1w8_9p6POd-8Jc0_cG0qbjVpcELN4Uz_V4uGmQaGKpXihWMIx4656RbkVEw7y5o2uC4A",
    "type": "Bearer ",
    "userId": 93,
    "loginUserEmail": "angu.geetha@gmail.com",
    "roles": [
        "ROLE_DIETICIAN"
    ]
}
[INFO ] 2023-11-21 12:49:13.729 [main] LoggerLoad - Login POST successful
  &amp#27;[32mThen &amp#27;[0m&amp#27;[32mUser receives Status with response body containing token information.&amp#27;[0m            &amp#27;[90m# stepdefinitions.LoginSteps.user_receives_status_with_response_body_containing_token_information()&amp#27;[0m
sheetPathsrc/test/resources/data/testData.xlsx
sheetNamelogin
keydataKeyvaluelogin_patient
keyuserIdvalueRajan.m@gmail.com
keypasswordvaluetest
[INFO ] 2023-11-21 12:49:13.762 [main] LoggerLoad - Login Request: userId: Rajan.m@gmail.compassword: test
  &amp#27;[32mGiven &amp#27;[0m&amp#27;[32mUser creates POST Request for the patient API endpoint&amp#27;[0m                          &amp#27;[90m# stepdefinitions.PatientLoginSteps.user_creates_post_request_for_the_patient_api_endpoint_using_and_from_excel()&amp#27;[0m
Request method:	POST
Request URI:	https://dietician-dev-41d9a344a720.herokuapp.com/dietician/login
Proxy:			<none>
Request params:	<none>
Query params:	<none>
Form params:	<none>
Path params:	<none>
Headers:		Authorization=Bearer eyJhbGciOiJIUzUxMiJ9.eyJzdWIiOiJhbmd1LmdlZXRoYUBnbWFpbC5jb20iLCJpYXQiOjE3MDA1ODg5NTMsImV4cCI6MTcwMDYxNzc1M30.jvkJDtkq6HyU9oa3rq1w8_9p6POd-8Jc0_cG0qbjVpcELN4Uz_V4uGmQaGKpXihWMIx4656RbkVEw7y5o2uC4A
				Accept=*/*
				Content-Type=application/json
Cookies:		<none>
Multiparts:		<none>
Body:
{
    "userLoginEmail": "Rajan.m@gmail.com",
    "password": "test"
}
  &amp#27;[32mWhen &amp#27;[0m&amp#27;[32mUser sends HTTPS Request with valid credentials for patient on the request Body.&amp#27;[0m &amp#27;[90m# stepdefinitions.PatientLoginSteps.user_sends_https_request_with_valid_credentials_for_patient_on_the_request_body()&amp#27;[0m
HTTP/1.1 200 
Server: Cowboy
Report-To: {"group":"heroku-nel","max_age":3600,"endpoints":[{"url":"https://nel.heroku.com/reports?ts=1700588953&sid=c46efe9b-d3d2-4a0c-8c76-bfafa16c5add&s=z5ED5kPA1UtpC6FtA7gfjPPWb4N0lNfD1h1Y5BzxcmM%3D"}]}
Reporting-Endpoints: heroku-nel=https://nel.heroku.com/reports?ts=1700588953&sid=c46efe9b-d3d2-4a0c-8c76-bfafa16c5add&s=z5ED5kPA1UtpC6FtA7gfjPPWb4N0lNfD1h1Y5BzxcmM%3D
Nel: {"report_to":"heroku-nel","max_age":3600,"success_fraction":0.005,"failure_fraction":0.05,"response_headers":["Via"]}
Connection: keep-alive
Vary: Origin
Vary: Access-Control-Request-Method
Vary: Access-Control-Request-Headers
X-Content-Type-Options: nosniff
X-Xss-Protection: 1; mode=block
Cache-Control: no-cache, no-store, max-age=0, must-revalidate
Pragma: no-cache
Expires: 0
Strict-Transport-Security: max-age=31536000 ; includeSubDomains
X-Frame-Options: DENY
Content-Type: application/json
Transfer-Encoding: chunked
Date: Tue, 21 Nov 2023 17:49:13 GMT
Via: 1.1 vegur

{
    "token": "eyJhbGciOiJIUzUxMiJ9.eyJzdWIiOiJSYWphbi5tQGdtYWlsLmNvbSIsImlhdCI6MTcwMDU4ODk1MywiZXhwIjoxNzAwNjE3NzUzfQ.pjHbUtkKVRQDKUFjpJII0ibEr4WRI0_sNjJ3lvHKuFf9lDZNDjOtcui2ETt6IytzwUCzMF2g0kpromUeOBo5gA",
    "type": "Bearer ",
    "userId": 4682,
    "loginUserEmail": "Rajan.m@gmail.com",
    "roles": [
        "ROLE_PATIENT"
    ]
}
The response is........200
HTTP/1.1 200 
Server: Cowboy
Report-To: {"group":"heroku-nel","max_age":3600,"endpoints":[{"url":"https://nel.heroku.com/reports?ts=1700588953&sid=c46efe9b-d3d2-4a0c-8c76-bfafa16c5add&s=z5ED5kPA1UtpC6FtA7gfjPPWb4N0lNfD1h1Y5BzxcmM%3D"}]}
Reporting-Endpoints: heroku-nel=https://nel.heroku.com/reports?ts=1700588953&sid=c46efe9b-d3d2-4a0c-8c76-bfafa16c5add&s=z5ED5kPA1UtpC6FtA7gfjPPWb4N0lNfD1h1Y5BzxcmM%3D
Nel: {"report_to":"heroku-nel","max_age":3600,"success_fraction":0.005,"failure_fraction":0.05,"response_headers":["Via"]}
Connection: keep-alive
Vary: Origin
Vary: Access-Control-Request-Method
Vary: Access-Control-Request-Headers
X-Content-Type-Options: nosniff
X-Xss-Protection: 1; mode=block
Cache-Control: no-cache, no-store, max-age=0, must-revalidate
Pragma: no-cache
Expires: 0
Strict-Transport-Security: max-age=31536000 ; includeSubDomains
X-Frame-Options: DENY
Content-Type: application/json
Transfer-Encoding: chunked
Date: Tue, 21 Nov 2023 17:49:13 GMT
Via: 1.1 vegur

{
    "token": "eyJhbGciOiJIUzUxMiJ9.eyJzdWIiOiJSYWphbi5tQGdtYWlsLmNvbSIsImlhdCI6MTcwMDU4ODk1MywiZXhwIjoxNzAwNjE3NzUzfQ.pjHbUtkKVRQDKUFjpJII0ibEr4WRI0_sNjJ3lvHKuFf9lDZNDjOtcui2ETt6IytzwUCzMF2g0kpromUeOBo5gA",
    "type": "Bearer ",
    "userId": 4682,
    "loginUserEmail": "Rajan.m@gmail.com",
    "roles": [
        "ROLE_PATIENT"
    ]
}
[INFO ] 2023-11-21 12:49:13.999 [main] LoggerLoad - Patient Login POST successful
io.restassured.internal.RestAssuredResponseImpl@64f55630
  &amp#27;[32mThen &amp#27;[0m&amp#27;[32mUser receives Status &amp#27;[0m&amp#27;[32m&amp#27;[1m200&amp#27;[0m&amp#27;[32m with response body.&amp#27;[0m                                     &amp#27;[90m# stepdefinitions.PatientLoginSteps.user_receives_status_with_response_body(java.lang.Integer)&amp#27;[0m
]]></system-out>
  </testcase>
  <testcase name="runScenario[&quot;Check if the user is able to log out successfully for patient role&quot;, &quot;Optional[Title of your feature]&quot;](36)" classname="runners.TestRunner" time="0.672">
    <system-out><![CDATA[
@tag @tag1
Scenario: Check if the user is able to log out successfully for patient role                 &amp#27;[90m# src/test/resources/features/PatientLogout.feature:31&amp#27;[0m
sheetPathsrc/test/resources/data/testData.xlsx
sheetNamelogin
keydataKeyvaluelogin_patient
keyuserIdvalueRajan.m@gmail.com
keypasswordvaluetest
[INFO ] 2023-11-21 12:49:14.086 [main] LoggerLoad - Login Request: userId: Rajan.m@gmail.compassword: test
  &amp#27;[32mGiven &amp#27;[0m&amp#27;[32mUser creates POST Request for the patient API endpoint&amp#27;[0m                               &amp#27;[90m# stepdefinitions.PatientLoginSteps.user_creates_post_request_for_the_patient_api_endpoint_using_and_from_excel()&amp#27;[0m
Request method:	POST
Request URI:	https://dietician-dev-41d9a344a720.herokuapp.com/dietician/login
Proxy:			<none>
Request params:	<none>
Query params:	<none>
Form params:	<none>
Path params:	<none>
Headers:		Authorization=Bearer eyJhbGciOiJIUzUxMiJ9.eyJzdWIiOiJhbmd1LmdlZXRoYUBnbWFpbC5jb20iLCJpYXQiOjE3MDA1ODg5NTMsImV4cCI6MTcwMDYxNzc1M30.jvkJDtkq6HyU9oa3rq1w8_9p6POd-8Jc0_cG0qbjVpcELN4Uz_V4uGmQaGKpXihWMIx4656RbkVEw7y5o2uC4A
				Accept=*/*
				Content-Type=application/json
Cookies:		<none>
Multiparts:		<none>
Body:
{
    "userLoginEmail": "Rajan.m@gmail.com",
    "password": "test"
}
  &amp#27;[32mWhen &amp#27;[0m&amp#27;[32mUser sends HTTPS Request with valid credentials for patient on the request Body.&amp#27;[0m      &amp#27;[90m# stepdefinitions.PatientLoginSteps.user_sends_https_request_with_valid_credentials_for_patient_on_the_request_body()&amp#27;[0m
HTTP/1.1 200 
Server: Cowboy
Report-To: {"group":"heroku-nel","max_age":3600,"endpoints":[{"url":"https://nel.heroku.com/reports?ts=1700588953&sid=c46efe9b-d3d2-4a0c-8c76-bfafa16c5add&s=z5ED5kPA1UtpC6FtA7gfjPPWb4N0lNfD1h1Y5BzxcmM%3D"}]}
Reporting-Endpoints: heroku-nel=https://nel.heroku.com/reports?ts=1700588953&sid=c46efe9b-d3d2-4a0c-8c76-bfafa16c5add&s=z5ED5kPA1UtpC6FtA7gfjPPWb4N0lNfD1h1Y5BzxcmM%3D
Nel: {"report_to":"heroku-nel","max_age":3600,"success_fraction":0.005,"failure_fraction":0.05,"response_headers":["Via"]}
Connection: keep-alive
Vary: Origin
Vary: Access-Control-Request-Method
Vary: Access-Control-Request-Headers
X-Content-Type-Options: nosniff
X-Xss-Protection: 1; mode=block
Cache-Control: no-cache, no-store, max-age=0, must-revalidate
Pragma: no-cache
Expires: 0
Strict-Transport-Security: max-age=31536000 ; includeSubDomains
X-Frame-Options: DENY
Content-Type: application/json
Transfer-Encoding: chunked
Date: Tue, 21 Nov 2023 17:49:13 GMT
Via: 1.1 vegur

{
    "token": "eyJhbGciOiJIUzUxMiJ9.eyJzdWIiOiJSYWphbi5tQGdtYWlsLmNvbSIsImlhdCI6MTcwMDU4ODk1MywiZXhwIjoxNzAwNjE3NzUzfQ.pjHbUtkKVRQDKUFjpJII0ibEr4WRI0_sNjJ3lvHKuFf9lDZNDjOtcui2ETt6IytzwUCzMF2g0kpromUeOBo5gA",
    "type": "Bearer ",
    "userId": 4682,
    "loginUserEmail": "Rajan.m@gmail.com",
    "roles": [
        "ROLE_PATIENT"
    ]
}
The response is........200
HTTP/1.1 200 
Server: Cowboy
Report-To: {"group":"heroku-nel","max_age":3600,"endpoints":[{"url":"https://nel.heroku.com/reports?ts=1700588953&sid=c46efe9b-d3d2-4a0c-8c76-bfafa16c5add&s=z5ED5kPA1UtpC6FtA7gfjPPWb4N0lNfD1h1Y5BzxcmM%3D"}]}
Reporting-Endpoints: heroku-nel=https://nel.heroku.com/reports?ts=1700588953&sid=c46efe9b-d3d2-4a0c-8c76-bfafa16c5add&s=z5ED5kPA1UtpC6FtA7gfjPPWb4N0lNfD1h1Y5BzxcmM%3D
Nel: {"report_to":"heroku-nel","max_age":3600,"success_fraction":0.005,"failure_fraction":0.05,"response_headers":["Via"]}
Connection: keep-alive
Vary: Origin
Vary: Access-Control-Request-Method
Vary: Access-Control-Request-Headers
X-Content-Type-Options: nosniff
X-Xss-Protection: 1; mode=block
Cache-Control: no-cache, no-store, max-age=0, must-revalidate
Pragma: no-cache
Expires: 0
Strict-Transport-Security: max-age=31536000 ; includeSubDomains
X-Frame-Options: DENY
Content-Type: application/json
Transfer-Encoding: chunked
Date: Tue, 21 Nov 2023 17:49:13 GMT
Via: 1.1 vegur

{
    "token": "eyJhbGciOiJIUzUxMiJ9.eyJzdWIiOiJSYWphbi5tQGdtYWlsLmNvbSIsImlhdCI6MTcwMDU4ODk1MywiZXhwIjoxNzAwNjE3NzUzfQ.pjHbUtkKVRQDKUFjpJII0ibEr4WRI0_sNjJ3lvHKuFf9lDZNDjOtcui2ETt6IytzwUCzMF2g0kpromUeOBo5gA",
    "type": "Bearer ",
    "userId": 4682,
    "loginUserEmail": "Rajan.m@gmail.com",
    "roles": [
        "ROLE_PATIENT"
    ]
}
[INFO ] 2023-11-21 12:49:14.345 [main] LoggerLoad - Patient Login POST successful
io.restassured.internal.RestAssuredResponseImpl@3a4181ba
  &amp#27;[32mThen &amp#27;[0m&amp#27;[32mUser receives Status &amp#27;[0m&amp#27;[32m&amp#27;[1m200&amp#27;[0m&amp#27;[32m with response body.&amp#27;[0m                                          &amp#27;[90m# stepdefinitions.PatientLoginSteps.user_receives_status_with_response_body(java.lang.Integer)&amp#27;[0m
https://dietician-dev-41d9a344a720.herokuapp.com/dietician/logoutdietician
  &amp#27;[32mGiven &amp#27;[0m&amp#27;[32mUser creates GET Request with API endpoint&amp#27;[0m                                           &amp#27;[90m# stepdefinitions.LogoutSteps.user_creates_get_request_for_the_dietician_or_patient_api_endpoint()&amp#27;[0m
  &amp#27;[32mWhen &amp#27;[0m&amp#27;[32mUser sends HTTPS Request&amp#27;[0m                                                              &amp#27;[90m# stepdefinitions.LogoutSteps.user_sends_https_request()&amp#27;[0m
  &amp#27;[32mThen &amp#27;[0m&amp#27;[32mServer should respond back with HTTP Status code &amp#27;[0m&amp#27;[32m&amp#27;[1m200&amp#27;[0m&amp#27;[32m with message &amp#27;[0m&amp#27;[32m&amp#27;[1m'Logout successful'&amp#27;[0m &amp#27;[90m# stepdefinitions.LogoutSteps.server_should_respond_back_with_http_status_code_with_message(java.lang.Integer,java.lang.String)&amp#27;[0m
]]></system-out>
  </testcase>
  <testcase name="runScenario[&quot;Check if user able to update a patient with &quot;put_patient_valid&quot; endpoint and request body.&quot;, &quot;Optional[Putpatient.feature]&quot;](37)" classname="runners.TestRunner" time="1.024">
    <system-out><![CDATA[
@PutpatientModule
Scenario Outline: Check if user able to update a patient with "put_patient_valid" endpoint and request body.                   &amp#27;[90m# src/test/resources/features/Putpatient.feature:35&amp#27;[0m
sheetPathsrc/test/resources/data/testData.xlsx
sheetNamelogin
keydataKeyvaluelogin_valid_dietician
keyuserIdvalueangu.geetha@gmail.com
keypasswordvalueSong88
[INFO ] 2023-11-21 12:49:14.733 [main] LoggerLoad - Login Request: userId: angu.geetha@gmail.compassword: Song88
  &amp#27;[32mGiven &amp#27;[0m&amp#27;[32mUser creates POST Request for the login API.&amp#27;[0m                                                                           &amp#27;[90m# stepdefinitions.LoginSteps.user_creates_post_request_for_the_login_api()&amp#27;[0m
Request method:	POST
Request URI:	https://dietician-dev-41d9a344a720.herokuapp.com/dietician/login
Proxy:			<none>
Request params:	<none>
Query params:	<none>
Form params:	<none>
Path params:	<none>
Headers:		Accept=*/*
				Content-Type=application/json
Cookies:		<none>
Multiparts:		<none>
Body:
{
    "userLoginEmail": "angu.geetha@gmail.com",
    "password": "Song88"
}
  &amp#27;[32mWhen &amp#27;[0m&amp#27;[32mUser sends HTTPS Request with valid credentials on the request Body.&amp#27;[0m                                                    &amp#27;[90m# stepdefinitions.LoginSteps.user_sends_https_request_with_valid_credentials_on_the_request_body()&amp#27;[0m
HTTP/1.1 200 
Server: Cowboy
Report-To: {"group":"heroku-nel","max_age":3600,"endpoints":[{"url":"https://nel.heroku.com/reports?ts=1700588954&sid=c46efe9b-d3d2-4a0c-8c76-bfafa16c5add&s=LqcKR6V%2FJSGdtw06aLSYzLmMEUNZzfG%2FrTuc9zEyLQw%3D"}]}
Reporting-Endpoints: heroku-nel=https://nel.heroku.com/reports?ts=1700588954&sid=c46efe9b-d3d2-4a0c-8c76-bfafa16c5add&s=LqcKR6V%2FJSGdtw06aLSYzLmMEUNZzfG%2FrTuc9zEyLQw%3D
Nel: {"report_to":"heroku-nel","max_age":3600,"success_fraction":0.005,"failure_fraction":0.05,"response_headers":["Via"]}
Connection: keep-alive
Vary: Origin
Vary: Access-Control-Request-Method
Vary: Access-Control-Request-Headers
X-Content-Type-Options: nosniff
X-Xss-Protection: 1; mode=block
Cache-Control: no-cache, no-store, max-age=0, must-revalidate
Pragma: no-cache
Expires: 0
Strict-Transport-Security: max-age=31536000 ; includeSubDomains
X-Frame-Options: DENY
Content-Type: application/json
Transfer-Encoding: chunked
Date: Tue, 21 Nov 2023 17:49:13 GMT
Via: 1.1 vegur

{
    "token": "eyJhbGciOiJIUzUxMiJ9.eyJzdWIiOiJhbmd1LmdlZXRoYUBnbWFpbC5jb20iLCJpYXQiOjE3MDA1ODg5NTQsImV4cCI6MTcwMDYxNzc1NH0.aG8Rjf5k8rXS7wjT-tKdh_U6TgcBSZ9FD4hABBv9gTAkq2o0TDlJOShDtuEzfIi8tzH57l3ZdnakvuVsl3-OTQ",
    "type": "Bearer ",
    "userId": 93,
    "loginUserEmail": "angu.geetha@gmail.com",
    "roles": [
        "ROLE_DIETICIAN"
    ]
}
HTTP/1.1 200 
Server: Cowboy
Report-To: {"group":"heroku-nel","max_age":3600,"endpoints":[{"url":"https://nel.heroku.com/reports?ts=1700588954&sid=c46efe9b-d3d2-4a0c-8c76-bfafa16c5add&s=LqcKR6V%2FJSGdtw06aLSYzLmMEUNZzfG%2FrTuc9zEyLQw%3D"}]}
Reporting-Endpoints: heroku-nel=https://nel.heroku.com/reports?ts=1700588954&sid=c46efe9b-d3d2-4a0c-8c76-bfafa16c5add&s=LqcKR6V%2FJSGdtw06aLSYzLmMEUNZzfG%2FrTuc9zEyLQw%3D
Nel: {"report_to":"heroku-nel","max_age":3600,"success_fraction":0.005,"failure_fraction":0.05,"response_headers":["Via"]}
Connection: keep-alive
Vary: Origin
Vary: Access-Control-Request-Method
Vary: Access-Control-Request-Headers
X-Content-Type-Options: nosniff
X-Xss-Protection: 1; mode=block
Cache-Control: no-cache, no-store, max-age=0, must-revalidate
Pragma: no-cache
Expires: 0
Strict-Transport-Security: max-age=31536000 ; includeSubDomains
X-Frame-Options: DENY
Content-Type: application/json
Transfer-Encoding: chunked
Date: Tue, 21 Nov 2023 17:49:13 GMT
Via: 1.1 vegur

{
    "token": "eyJhbGciOiJIUzUxMiJ9.eyJzdWIiOiJhbmd1LmdlZXRoYUBnbWFpbC5jb20iLCJpYXQiOjE3MDA1ODg5NTQsImV4cCI6MTcwMDYxNzc1NH0.aG8Rjf5k8rXS7wjT-tKdh_U6TgcBSZ9FD4hABBv9gTAkq2o0TDlJOShDtuEzfIi8tzH57l3ZdnakvuVsl3-OTQ",
    "type": "Bearer ",
    "userId": 93,
    "loginUserEmail": "angu.geetha@gmail.com",
    "roles": [
        "ROLE_DIETICIAN"
    ]
}
[INFO ] 2023-11-21 12:49:14.986 [main] LoggerLoad - Login POST successful
  &amp#27;[32mThen &amp#27;[0m&amp#27;[32mUser receives Status with response body containing token information.&amp#27;[0m                                                   &amp#27;[90m# stepdefinitions.LoginSteps.user_receives_status_with_response_body_containing_token_information()&amp#27;[0m
sheetPathsrc/test/resources/data/testData.xlsx
sheetNamepatient
keydataKeyvaluepost_patient_valid
keyfirstnamevaluejade
keylastnamevalueudans
keycontactnumbervalue7979797979
keyemailvalueudans@gmail.com
keyallergyvalueegg
keyfoodcatvalueVegan
keydobvalue1988-10-10
[INFO ] 2023-11-21 12:49:15.021 [main] LoggerLoad - baseUrlhttps://dietician-dev-41d9a344a720.herokuapp.com/dietician
ResultingJSONstring = {"FirstName":"jade","LastName":"udans","ContactNumber":7979797979,"Email":"udans@gmail.com","Allergy":"egg","FoodCategory":"Vegan","DateOfBirth":"1988-10-10"}
Request method:	POST
Request URI:	https://dietician-dev-41d9a344a720.herokuapp.com/dietician/patient?patientInfo=%7B%22FirstName%22%3A%22jade%22%2C%22LastName%22%3A%22udans%22%2C%22ContactNumber%22%3A7979797979%2C%22Email%22%3A%22udans%40gmail.com%22%2C%22Allergy%22%3A%22egg%22%2C%22FoodCategory%22%3A%22Vegan%22%2C%22DateOfBirth%22%3A%221988-10-10%22%7D
Proxy:			<none>
Request params:	<none>
Query params:	patientInfo={"FirstName":"jade","LastName":"udans","ContactNumber":7979797979,"Email":"udans@gmail.com","Allergy":"egg","FoodCategory":"Vegan","DateOfBirth":"1988-10-10"}
Form params:	<none>
Path params:	<none>
Headers:		Authorization=Bearer eyJhbGciOiJIUzUxMiJ9.eyJzdWIiOiJhbmd1LmdlZXRoYUBnbWFpbC5jb20iLCJpYXQiOjE3MDA1ODg5NTQsImV4cCI6MTcwMDYxNzc1NH0.aG8Rjf5k8rXS7wjT-tKdh_U6TgcBSZ9FD4hABBv9gTAkq2o0TDlJOShDtuEzfIi8tzH57l3ZdnakvuVsl3-OTQ
				Accept=*/*
				Content-Type=multipart/form-data
Cookies:		<none>
Multiparts:		------------
				Content-Disposition: form-data; name = file; filename = Diabetic.pdf
				Content-Type: application/octet-stream

				.\src\test\resources\Diabetic.pdf
Body:			<none>
post paitinet idnull
sheetPathsrc/test/resources/data/testData.xlsx
sheetNameputpatient
keydataKeyvalueput_patient_valid
keyfirstnamevaluejade
keylastnamevalueudansupdated
keycontactnumbervalue7979797979
keyemailvalueudans@gmail.com
keyallergyvalueegg
keyfoodcatvalueVegan
keydobvalue1988-10-10
put paitient PostPatientRequest [FirstName=jade, LastName=udansupdated, ContactNumber=7979797979, Email=udans@gmail.com, Allergy=egg, FoodCategory=Vegan, DateOfBirth=1988-10-10]
[INFO ] 2023-11-21 12:49:15.354 [main] LoggerLoad - PUT request created
  &amp#27;[32mGiven &amp#27;[0m&amp#27;[32mUser creates Put Request for the dietician/patient API endpoint with fields from &amp#27;[0m&amp#27;[32m&amp#27;[1m"putpatient"&amp#27;[0m&amp#27;[32m with &amp#27;[0m&amp#27;[32m&amp#27;[1m"put_patient_valid"&amp#27;[0m &amp#27;[90m# stepdefinitions.PatientSteps.user_creates_put_request_for_the_dietician_patient_api_endpoint_with_fields_from_with(java.lang.String,java.lang.String)&amp#27;[0m
[INFO ] 2023-11-21 12:49:15.356 [main] LoggerLoad - baseUrlhttps://dietician-dev-41d9a344a720.herokuapp.com/dietician
ResultingJSONstring = {"FirstName":"jade","LastName":"udansupdated","ContactNumber":7979797979,"Email":"udans@gmail.com","Allergy":"egg","FoodCategory":"Vegan","DateOfBirth":"1988-10-10"}
Request method:	PUT
Request URI:	https://dietician-dev-41d9a344a720.herokuapp.com/dietician/patient/5343?patientInfo=%7B%22FirstName%22%3A%22jade%22%2C%22LastName%22%3A%22udansupdated%22%2C%22ContactNumber%22%3A7979797979%2C%22Email%22%3A%22udans%40gmail.com%22%2C%22Allergy%22%3A%22egg%22%2C%22FoodCategory%22%3A%22Vegan%22%2C%22DateOfBirth%22%3A%221988-10-10%22%7D
Proxy:			<none>
Request params:	<none>
Query params:	patientInfo={"FirstName":"jade","LastName":"udansupdated","ContactNumber":7979797979,"Email":"udans@gmail.com","Allergy":"egg","FoodCategory":"Vegan","DateOfBirth":"1988-10-10"}
Form params:	<none>
Path params:	<none>
Headers:		Authorization=Bearer eyJhbGciOiJIUzUxMiJ9.eyJzdWIiOiJhbmd1LmdlZXRoYUBnbWFpbC5jb20iLCJpYXQiOjE3MDA1ODg5NTQsImV4cCI6MTcwMDYxNzc1NH0.aG8Rjf5k8rXS7wjT-tKdh_U6TgcBSZ9FD4hABBv9gTAkq2o0TDlJOShDtuEzfIi8tzH57l3ZdnakvuVsl3-OTQ
				Accept=*/*
				Content-Type=multipart/form-data
Cookies:		<none>
Multiparts:		------------
				Content-Disposition: form-data; name = file; filename = Hypo Thyroid-Report.pdf
				Content-Type: application/octet-stream

				.\src\test\resources\Hypo Thyroid-Report.pdf
Body:			<none>
[INFO ] 2023-11-21 12:49:15.674 [main] LoggerLoad - Patient POST request sent
  &amp#27;[32mWhen &amp#27;[0m&amp#27;[32mUser sends HTTP Put patient Request &amp#27;[0m&amp#27;[32m&amp#27;[1m"put_patient_valid"&amp#27;[0m                                                                 &amp#27;[90m# stepdefinitions.PatientSteps.user_sends_http_put_patient_request(java.lang.String)&amp#27;[0m
HTTP/1.1 200 
Server: Cowboy
Report-To: {"group":"heroku-nel","max_age":3600,"endpoints":[{"url":"https://nel.heroku.com/reports?ts=1700588955&sid=c46efe9b-d3d2-4a0c-8c76-bfafa16c5add&s=eGvhq1%2F7RA6lLZTt3L7pozDJCMLAxHJhocbiJFsuhPs%3D"}]}
Reporting-Endpoints: heroku-nel=https://nel.heroku.com/reports?ts=1700588955&sid=c46efe9b-d3d2-4a0c-8c76-bfafa16c5add&s=eGvhq1%2F7RA6lLZTt3L7pozDJCMLAxHJhocbiJFsuhPs%3D
Nel: {"report_to":"heroku-nel","max_age":3600,"success_fraction":0.005,"failure_fraction":0.05,"response_headers":["Via"]}
Connection: keep-alive
Vary: Origin
Vary: Access-Control-Request-Method
Vary: Access-Control-Request-Headers
X-Content-Type-Options: nosniff
X-Xss-Protection: 1; mode=block
Cache-Control: no-cache, no-store, max-age=0, must-revalidate
Pragma: no-cache
Expires: 0
Strict-Transport-Security: max-age=31536000 ; includeSubDomains
X-Frame-Options: DENY
Content-Type: application/json
Transfer-Encoding: chunked
Date: Tue, 21 Nov 2023 17:49:14 GMT
Via: 1.1 vegur

{
    "patientId": 5343,
    "FirstName": "jade",
    "LastName": "udansupdated",
    "ContactNumber": "7979797979",
    "Email": "udans@gmail.com",
    "Allergy": "egg",
    "FoodCategory": "Vegan",
    "FileMorbidity": {
        "655ccc47fa57dd184cbeaa20": {
            "T4": "1.22 µg/dl",
            "TSH": "100.0 mIU/L"
        },
        "655c37c7fa57dd184cbea40a": {
            "Average Glucose": "131.0 mg/dl",
            "HbA1c": "6.5 %"
        },
        "655ccc60fa57dd184cbeaa22": {
            "T4": "1.22 µg/dl",
            "TSH": "100.0 mIU/L"
        },
        "655ced9b9cc3984158e1935b": {
            "T4": "1.22 µg/dl",
            "TSH": "100.0 mIU/L"
        },
        "655ce90a9cc3984158e1931f": {
            "T4": "1.22 µg/dl",
            "TSH": "100.0 mIU/L"
        },
        "655ce9d79cc3984158e1932f": {
            "T4": "1.22 µg/dl",
            "TSH": "100.0 mIU/L"
        },
        "655ce8b39cc3984158e19311": {
            "T4": "1.22 µg/dl",
            "TSH": "100.0 mIU/L"
        },
        "655ce9109cc3984158e19325": {
            "T4": "1.22 µg/dl",
            "TSH": "100.0 mIU/L"
        },
        "655ce90e9cc3984158e19323": {
            "T4": "1.22 µg/dl",
            "TSH": "100.0 mIU/L"
        },
        "655ce9db9cc3984158e19333": {
            "T4": "1.22 µg/dl",
            "TSH": "100.0 mIU/L"
        },
        "655c4a45fa57dd184cbea60a": {
            "T4": "1.22 µg/dl",
            "TSH": "100.0 mIU/L"
        },
        "655c37dbfa57dd184cbea412": {
            "T4": "1.22 µg/dl",
            "TSH": "100.0 mIU/L"
        },
        "655caf4cfa57dd184cbea8c0": {
            "T4": "1.22 µg/dl",
            "TSH": "100.0 mIU/L"
        },
        "655cea739cc3984158e19337": {
            "T4": "1.22 µg/dl",
            "TSH": "100.0 mIU/L"
        },
        "655cea779cc3984158e1933b": {
            "T4": "1.22 µg/dl",
            "TSH": "100.0 mIU/L"
        },
        "655c37d9fa57dd184cbea410": {
            "T4": "1.22 µg/dl",
            "TSH": "100.0 mIU/L"
        },
        "655caf50fa57dd184cbea8c4": {
            "T4": "1.22 µg/dl",
            "TSH": "100.0 mIU/L"
        },
        "655ce9da9cc3984158e19331": {
            "T4": "1.22 µg/dl",
            "TSH": "100.0 mIU/L"
        },
        "655ce9d69cc3984158e1932d": {
            "T4": "1.22 µg/dl",
            "TSH": "100.0 mIU/L"
        },
        "655ccc16fa57dd184cbeaa18": {
            "T4": "1.22 µg/dl",
            "TSH": "100.0 mIU/L"
        },
        "655ccc0afa57dd184cbeaa16": {
            "T4": "1.22 µg/dl",
            "TSH": "100.0 mIU/L"
        },
        "655ce8b89cc3984158e19317": {
            "T4": "1.22 µg/dl",
            "TSH": "100.0 mIU/L"
        },
        "655ce8b69cc3984158e19315": {
            "T4": "1.22 µg/dl",
            "TSH": "100.0 mIU/L"
        },
        "655ce90b9cc3984158e19321": {
            "T4": "1.22 µg/dl",
            "TSH": "100.0 mIU/L"
        },
        "655ce8b49cc3984158e19313": {
            "T4": "1.22 µg/dl",
            "TSH": "100.0 mIU/L"
        },
        "655c4a42fa57dd184cbea606": {
            "T4": "1.22 µg/dl",
            "TSH": "100.0 mIU/L"
        },
        "655c4a46fa57dd184cbea60c": {
            "T4": "1.22 µg/dl",
            "TSH": "100.0 mIU/L"
        },
        "655c4a42fa57dd184cbea608": {
            "T4": "1.22 µg/dl",
            "TSH": "100.0 mIU/L"
        },
        "655c37dcfa57dd184cbea414": {
            "T4": "1.22 µg/dl",
            "TSH": "100.0 mIU/L"
        },
        "655caf4bfa57dd184cbea8be": {
            "T4": "1.22 µg/dl",
            "TSH": "100.0 mIU/L"
        },
        "655cea769cc3984158e19339": {
            "T4": "1.22 µg/dl",
            "TSH": "100.0 mIU/L"
        },
        "655c37d8fa57dd184cbea40c": {
            "T4": "1.22 µg/dl",
            "TSH": "100.0 mIU/L"
        },
        "655caf4ffa57dd184cbea8c2": {
            "T4": "1.22 µg/dl",
            "TSH": "100.0 mIU/L"
        },
        "655cea729cc3984158e19335": {
            "T4": "1.22 µg/dl",
            "TSH": "100.0 mIU/L"
        }
    },
    "FileMorbidityCondition": {
        "655ccc47fa57dd184cbeaa20": "Thyroid: Hypothyroidism \n",
        "655c37c7fa57dd184cbea40a": "Prediabetic \n",
        "655ccc60fa57dd184cbeaa22": "Thyroid: Hypothyroidism \n",
        "655ced9b9cc3984158e1935b": "Thyroid: Hypothyroidism \n",
        "655ce90a9cc3984158e1931f": "Thyroid: Hypothyroidism \n",
        "655ce9d79cc3984158e1932f": "Thyroid: Hypothyroidism \n",
        "655ce8b39cc3984158e19311": "Thyroid: Hypothyroidism \n",
        "655ce9109cc3984158e19325": "Thyroid: Hypothyroidism \n",
        "655ce90e9cc3984158e19323": "Thyroid: Hypothyroidism \n",
        "655ce9db9cc3984158e19333": "Thyroid: Hypothyroidism \n",
        "655c4a45fa57dd184cbea60a": "Thyroid: Hypothyroidism \n",
        "655c37dbfa57dd184cbea412": "Thyroid: Hypothyroidism \n",
        "655caf4cfa57dd184cbea8c0": "Thyroid: Hypothyroidism \n",
        "655cea739cc3984158e19337": "Thyroid: Hypothyroidism \n",
        "655cea779cc3984158e1933b": "Thyroid: Hypothyroidism \n",
        "655c37d9fa57dd184cbea410": "Thyroid: Hypothyroidism \n",
        "655caf50fa57dd184cbea8c4": "Thyroid: Hypothyroidism \n",
        "655ce9da9cc3984158e19331": "Thyroid: Hypothyroidism \n",
        "655ce9d69cc3984158e1932d": "Thyroid: Hypothyroidism \n",
        "655ccc16fa57dd184cbeaa18": "Thyroid: Hypothyroidism \n",
        "655ccc0afa57dd184cbeaa16": "Thyroid: Hypothyroidism \n",
        "655ce8b89cc3984158e19317": "Thyroid: Hypothyroidism \n",
        "655ce8b69cc3984158e19315": "Thyroid: Hypothyroidism \n",
        "655ce90b9cc3984158e19321": "Thyroid: Hypothyroidism \n",
        "655ce8b49cc3984158e19313": "Thyroid: Hypothyroidism \n",
        "655c4a42fa57dd184cbea606": "Thyroid: Hypothyroidism \n",
        "655c4a46fa57dd184cbea60c": "Thyroid: Hypothyroidism \n",
        "655c4a42fa57dd184cbea608": "Thyroid: Hypothyroidism \n",
        "655c37dcfa57dd184cbea414": "Thyroid: Hypothyroidism \n",
        "655caf4bfa57dd184cbea8be": "Thyroid: Hypothyroidism \n",
        "655cea769cc3984158e19339": "Thyroid: Hypothyroidism \n",
        "655c37d8fa57dd184cbea40c": "Thyroid: Hypothyroidism \n",
        "655caf4ffa57dd184cbea8c2": "Thyroid: Hypothyroidism \n",
        "655cea729cc3984158e19335": "Thyroid: Hypothyroidism \n"
    },
    "DateOfBirth": "1988-10-10T00:00:00.000+00:00",
    "DieticianId": 93
}
post paitinet id5343
  &amp#27;[32mThen &amp#27;[0m&amp#27;[32mUser receives response for Put patient &amp#27;[0m&amp#27;[32m&amp#27;[1m"putpatient"&amp#27;[0m&amp#27;[32m with &amp#27;[0m&amp#27;[32m&amp#27;[1m"put_patient_valid"&amp#27;[0m                                            &amp#27;[90m# stepdefinitions.PatientSteps.user_receives_response_for_put_patient_with(java.lang.String,java.lang.String)&amp#27;[0m
]]></system-out>
  </testcase>
  <testcase name="runScenario[&quot;Check if user able to update a patient with &quot;put_patient_incorrect_format_allery&quot; endpoint and request body.&quot;, &quot;Optional[Putpatient.feature]&quot;](38)" classname="runners.TestRunner" time="0.677">
    <failure message="1 expectation failed.&#10;Expected status code &lt;400&gt; but was &lt;200&gt;.&#10;" type="java.lang.AssertionError"><![CDATA[java.lang.AssertionError: 
1 expectation failed.
Expected status code <400> but was <200>.

	at java.base/jdk.internal.reflect.NativeConstructorAccessorImpl.newInstance0(Native Method)
	at java.base/jdk.internal.reflect.NativeConstructorAccessorImpl.newInstance(NativeConstructorAccessorImpl.java:77)
	at java.base/jdk.internal.reflect.DelegatingConstructorAccessorImpl.newInstance(DelegatingConstructorAccessorImpl.java:45)
	at java.base/java.lang.reflect.Constructor.newInstanceWithCaller(Constructor.java:499)
	at java.base/java.lang.reflect.Constructor.newInstance(Constructor.java:480)
	at org.codehaus.groovy.reflection.CachedConstructor.invoke(CachedConstructor.java:73)
	at org.codehaus.groovy.runtime.callsite.ConstructorSite$ConstructorSiteNoUnwrapNoCoerce.callConstructor(ConstructorSite.java:108)
	at org.codehaus.groovy.runtime.callsite.AbstractCallSite.callConstructor(AbstractCallSite.java:277)
	at io.restassured.internal.ResponseSpecificationImpl$HamcrestAssertionClosure.validate(ResponseSpecificationImpl.groovy:512)
	at io.restassured.internal.ResponseSpecificationImpl$HamcrestAssertionClosure$validate$1.call(Unknown Source)
	at io.restassured.internal.ResponseSpecificationImpl.validateResponseIfRequired(ResponseSpecificationImpl.groovy:696)
	at io.restassured.internal.ResponseSpecificationImpl.this$2$validateResponseIfRequired(ResponseSpecificationImpl.groovy)
	at jdk.internal.reflect.GeneratedMethodAccessor165.invoke(Unknown Source)
	at java.base/jdk.internal.reflect.DelegatingMethodAccessorImpl.invoke(DelegatingMethodAccessorImpl.java:43)
	at java.base/java.lang.reflect.Method.invoke(Method.java:568)
	at org.codehaus.groovy.runtime.callsite.PlainObjectMetaMethodSite.doInvoke(PlainObjectMetaMethodSite.java:43)
	at org.codehaus.groovy.runtime.callsite.PogoMetaMethodSite$PogoCachedMethodSiteNoUnwrapNoCoerce.invoke(PogoMetaMethodSite.java:198)
	at org.codehaus.groovy.runtime.callsite.PogoMetaMethodSite.callCurrent(PogoMetaMethodSite.java:62)
	at org.codehaus.groovy.runtime.callsite.AbstractCallSite.callCurrent(AbstractCallSite.java:185)
	at io.restassured.internal.ResponseSpecificationImpl.statusCode(ResponseSpecificationImpl.groovy:135)
	at io.restassured.specification.ResponseSpecification$statusCode$0.callCurrent(Unknown Source)
	at io.restassured.internal.ResponseSpecificationImpl.statusCode(ResponseSpecificationImpl.groovy:143)
	at io.restassured.internal.ValidatableResponseOptionsImpl.statusCode(ValidatableResponseOptionsImpl.java:89)
	at stepdefinitions.PatientSteps.user_receives_response_for_put_patient_with(PatientSteps.java:400)
	at ✽.User receives response for Put patient "putpatient" with "put_patient_incorrect_format_allery"(file:///C:/Users/rashm/eclipse-workspace/Team5-Rest-Athon/Team5-Rest-Athon-main/Team5-Rest-Athon/src/test/resources/features/Putpatient.feature:32)
]]></failure>
    <system-out><![CDATA[
@PutpatientModule
Scenario Outline: Check if user able to update a patient with "put_patient_incorrect_format_allery" endpoint and request body.                   &amp#27;[90m# src/test/resources/features/Putpatient.feature:36&amp#27;[0m
sheetPathsrc/test/resources/data/testData.xlsx
sheetNamelogin
keydataKeyvaluelogin_valid_dietician
keyuserIdvalueangu.geetha@gmail.com
keypasswordvalueSong88
[INFO ] 2023-11-21 12:49:15.759 [main] LoggerLoad - Login Request: userId: angu.geetha@gmail.compassword: Song88
  &amp#27;[32mGiven &amp#27;[0m&amp#27;[32mUser creates POST Request for the login API.&amp#27;[0m                                                                                             &amp#27;[90m# stepdefinitions.LoginSteps.user_creates_post_request_for_the_login_api()&amp#27;[0m
Request method:	POST
Request URI:	https://dietician-dev-41d9a344a720.herokuapp.com/dietician/login
Proxy:			<none>
Request params:	<none>
Query params:	<none>
Form params:	<none>
Path params:	<none>
Headers:		Accept=*/*
				Content-Type=application/json
Cookies:		<none>
Multiparts:		<none>
Body:
{
    "userLoginEmail": "angu.geetha@gmail.com",
    "password": "Song88"
}
  &amp#27;[32mWhen &amp#27;[0m&amp#27;[32mUser sends HTTPS Request with valid credentials on the request Body.&amp#27;[0m                                                                      &amp#27;[90m# stepdefinitions.LoginSteps.user_sends_https_request_with_valid_credentials_on_the_request_body()&amp#27;[0m
HTTP/1.1 200 
Server: Cowboy
Report-To: {"group":"heroku-nel","max_age":3600,"endpoints":[{"url":"https://nel.heroku.com/reports?ts=1700588955&sid=c46efe9b-d3d2-4a0c-8c76-bfafa16c5add&s=eGvhq1%2F7RA6lLZTt3L7pozDJCMLAxHJhocbiJFsuhPs%3D"}]}
Reporting-Endpoints: heroku-nel=https://nel.heroku.com/reports?ts=1700588955&sid=c46efe9b-d3d2-4a0c-8c76-bfafa16c5add&s=eGvhq1%2F7RA6lLZTt3L7pozDJCMLAxHJhocbiJFsuhPs%3D
Nel: {"report_to":"heroku-nel","max_age":3600,"success_fraction":0.005,"failure_fraction":0.05,"response_headers":["Via"]}
Connection: keep-alive
Vary: Origin
Vary: Access-Control-Request-Method
Vary: Access-Control-Request-Headers
X-Content-Type-Options: nosniff
X-Xss-Protection: 1; mode=block
Cache-Control: no-cache, no-store, max-age=0, must-revalidate
Pragma: no-cache
Expires: 0
Strict-Transport-Security: max-age=31536000 ; includeSubDomains
X-Frame-Options: DENY
Content-Type: application/json
Transfer-Encoding: chunked
Date: Tue, 21 Nov 2023 17:49:14 GMT
Via: 1.1 vegur

{
    "token": "eyJhbGciOiJIUzUxMiJ9.eyJzdWIiOiJhbmd1LmdlZXRoYUBnbWFpbC5jb20iLCJpYXQiOjE3MDA1ODg5NTUsImV4cCI6MTcwMDYxNzc1NX0.oFMLsQdEjL92gJ8DI_B5OvOFnP-q8_yIL9cL4Tv1rANFjrA2KTjT-3Prm4EmZrEtkFchoeYQFA8Vob67wj5uDg",
    "type": "Bearer ",
    "userId": 93,
    "loginUserEmail": "angu.geetha@gmail.com",
    "roles": [
        "ROLE_DIETICIAN"
    ]
}
HTTP/1.1 200 
Server: Cowboy
Report-To: {"group":"heroku-nel","max_age":3600,"endpoints":[{"url":"https://nel.heroku.com/reports?ts=1700588955&sid=c46efe9b-d3d2-4a0c-8c76-bfafa16c5add&s=eGvhq1%2F7RA6lLZTt3L7pozDJCMLAxHJhocbiJFsuhPs%3D"}]}
Reporting-Endpoints: heroku-nel=https://nel.heroku.com/reports?ts=1700588955&sid=c46efe9b-d3d2-4a0c-8c76-bfafa16c5add&s=eGvhq1%2F7RA6lLZTt3L7pozDJCMLAxHJhocbiJFsuhPs%3D
Nel: {"report_to":"heroku-nel","max_age":3600,"success_fraction":0.005,"failure_fraction":0.05,"response_headers":["Via"]}
Connection: keep-alive
Vary: Origin
Vary: Access-Control-Request-Method
Vary: Access-Control-Request-Headers
X-Content-Type-Options: nosniff
X-Xss-Protection: 1; mode=block
Cache-Control: no-cache, no-store, max-age=0, must-revalidate
Pragma: no-cache
Expires: 0
Strict-Transport-Security: max-age=31536000 ; includeSubDomains
X-Frame-Options: DENY
Content-Type: application/json
Transfer-Encoding: chunked
Date: Tue, 21 Nov 2023 17:49:14 GMT
Via: 1.1 vegur

{
    "token": "eyJhbGciOiJIUzUxMiJ9.eyJzdWIiOiJhbmd1LmdlZXRoYUBnbWFpbC5jb20iLCJpYXQiOjE3MDA1ODg5NTUsImV4cCI6MTcwMDYxNzc1NX0.oFMLsQdEjL92gJ8DI_B5OvOFnP-q8_yIL9cL4Tv1rANFjrA2KTjT-3Prm4EmZrEtkFchoeYQFA8Vob67wj5uDg",
    "type": "Bearer ",
    "userId": 93,
    "loginUserEmail": "angu.geetha@gmail.com",
    "roles": [
        "ROLE_DIETICIAN"
    ]
}
[INFO ] 2023-11-21 12:49:15.988 [main] LoggerLoad - Login POST successful
  &amp#27;[32mThen &amp#27;[0m&amp#27;[32mUser receives Status with response body containing token information.&amp#27;[0m                                                                     &amp#27;[90m# stepdefinitions.LoginSteps.user_receives_status_with_response_body_containing_token_information()&amp#27;[0m
sheetPathsrc/test/resources/data/testData.xlsx
sheetNameputpatient
keydataKeyvalueput_patient_incorrect_format_allery
keyfirstnamevaluejade
keylastnamevalueudans
keycontactnumbervalue7979797979
keyemailvalueudans@gmail.com
keyallergyvalueegg12
keyfoodcatvalueVegan
keydobvalue1988-10-10
put paitient PostPatientRequest [FirstName=jade, LastName=udans, ContactNumber=7979797979, Email=udans@gmail.com, Allergy=egg12, FoodCategory=Vegan, DateOfBirth=1988-10-10]
[INFO ] 2023-11-21 12:49:16.039 [main] LoggerLoad - PUT request created
  &amp#27;[32mGiven &amp#27;[0m&amp#27;[32mUser creates Put Request for the dietician/patient API endpoint with fields from &amp#27;[0m&amp#27;[32m&amp#27;[1m"putpatient"&amp#27;[0m&amp#27;[32m with &amp#27;[0m&amp#27;[32m&amp#27;[1m"put_patient_incorrect_format_allery"&amp#27;[0m &amp#27;[90m# stepdefinitions.PatientSteps.user_creates_put_request_for_the_dietician_patient_api_endpoint_with_fields_from_with(java.lang.String,java.lang.String)&amp#27;[0m
[INFO ] 2023-11-21 12:49:16.039 [main] LoggerLoad - baseUrlhttps://dietician-dev-41d9a344a720.herokuapp.com/dietician
ResultingJSONstring = {"FirstName":"jade","LastName":"udans","ContactNumber":7979797979,"Email":"udans@gmail.com","Allergy":"egg12","FoodCategory":"Vegan","DateOfBirth":"1988-10-10"}
Request method:	PUT
Request URI:	https://dietician-dev-41d9a344a720.herokuapp.com/dietician/patient/5343?patientInfo=%7B%22FirstName%22%3A%22jade%22%2C%22LastName%22%3A%22udans%22%2C%22ContactNumber%22%3A7979797979%2C%22Email%22%3A%22udans%40gmail.com%22%2C%22Allergy%22%3A%22egg12%22%2C%22FoodCategory%22%3A%22Vegan%22%2C%22DateOfBirth%22%3A%221988-10-10%22%7D
Proxy:			<none>
Request params:	<none>
Query params:	patientInfo={"FirstName":"jade","LastName":"udans","ContactNumber":7979797979,"Email":"udans@gmail.com","Allergy":"egg12","FoodCategory":"Vegan","DateOfBirth":"1988-10-10"}
Form params:	<none>
Path params:	<none>
Headers:		Authorization=Bearer eyJhbGciOiJIUzUxMiJ9.eyJzdWIiOiJhbmd1LmdlZXRoYUBnbWFpbC5jb20iLCJpYXQiOjE3MDA1ODg5NTUsImV4cCI6MTcwMDYxNzc1NX0.oFMLsQdEjL92gJ8DI_B5OvOFnP-q8_yIL9cL4Tv1rANFjrA2KTjT-3Prm4EmZrEtkFchoeYQFA8Vob67wj5uDg
				Accept=*/*
				Content-Type=multipart/form-data
Cookies:		<none>
Multiparts:		------------
				Content-Disposition: form-data; name = file; filename = Hypo Thyroid-Report.pdf
				Content-Type: application/octet-stream

				.\src\test\resources\Hypo Thyroid-Report.pdf
Body:			<none>
[INFO ] 2023-11-21 12:49:16.371 [main] LoggerLoad - Patient POST request sent
  &amp#27;[32mWhen &amp#27;[0m&amp#27;[32mUser sends HTTP Put patient Request &amp#27;[0m&amp#27;[32m&amp#27;[1m"put_patient_incorrect_format_allery"&amp#27;[0m                                                                 &amp#27;[90m# stepdefinitions.PatientSteps.user_sends_http_put_patient_request(java.lang.String)&amp#27;[0m
HTTP/1.1 200 
Server: Cowboy
Report-To: {"group":"heroku-nel","max_age":3600,"endpoints":[{"url":"https://nel.heroku.com/reports?ts=1700588955&sid=c46efe9b-d3d2-4a0c-8c76-bfafa16c5add&s=eGvhq1%2F7RA6lLZTt3L7pozDJCMLAxHJhocbiJFsuhPs%3D"}]}
Reporting-Endpoints: heroku-nel=https://nel.heroku.com/reports?ts=1700588955&sid=c46efe9b-d3d2-4a0c-8c76-bfafa16c5add&s=eGvhq1%2F7RA6lLZTt3L7pozDJCMLAxHJhocbiJFsuhPs%3D
Nel: {"report_to":"heroku-nel","max_age":3600,"success_fraction":0.005,"failure_fraction":0.05,"response_headers":["Via"]}
Connection: keep-alive
Vary: Origin
Vary: Access-Control-Request-Method
Vary: Access-Control-Request-Headers
X-Content-Type-Options: nosniff
X-Xss-Protection: 1; mode=block
Cache-Control: no-cache, no-store, max-age=0, must-revalidate
Pragma: no-cache
Expires: 0
Strict-Transport-Security: max-age=31536000 ; includeSubDomains
X-Frame-Options: DENY
Content-Type: application/json
Transfer-Encoding: chunked
Date: Tue, 21 Nov 2023 17:49:16 GMT
Via: 1.1 vegur

{
    "patientId": 5343,
    "FirstName": "jade",
    "LastName": "udans",
    "ContactNumber": "7979797979",
    "Email": "udans@gmail.com",
    "Allergy": "egg12",
    "FoodCategory": "Vegan",
    "FileMorbidity": {
        "655ccc47fa57dd184cbeaa20": {
            "T4": "1.22 µg/dl",
            "TSH": "100.0 mIU/L"
        },
        "655c37c7fa57dd184cbea40a": {
            "Average Glucose": "131.0 mg/dl",
            "HbA1c": "6.5 %"
        },
        "655ccc60fa57dd184cbeaa22": {
            "T4": "1.22 µg/dl",
            "TSH": "100.0 mIU/L"
        },
        "655ced9b9cc3984158e1935b": {
            "T4": "1.22 µg/dl",
            "TSH": "100.0 mIU/L"
        },
        "655ce90a9cc3984158e1931f": {
            "T4": "1.22 µg/dl",
            "TSH": "100.0 mIU/L"
        },
        "655ce9d79cc3984158e1932f": {
            "T4": "1.22 µg/dl",
            "TSH": "100.0 mIU/L"
        },
        "655ce8b39cc3984158e19311": {
            "T4": "1.22 µg/dl",
            "TSH": "100.0 mIU/L"
        },
        "655ce9109cc3984158e19325": {
            "T4": "1.22 µg/dl",
            "TSH": "100.0 mIU/L"
        },
        "655ced9b9cc3984158e1935d": {
            "T4": "1.22 µg/dl",
            "TSH": "100.0 mIU/L"
        },
        "655ce90e9cc3984158e19323": {
            "T4": "1.22 µg/dl",
            "TSH": "100.0 mIU/L"
        },
        "655ce9db9cc3984158e19333": {
            "T4": "1.22 µg/dl",
            "TSH": "100.0 mIU/L"
        },
        "655c4a45fa57dd184cbea60a": {
            "T4": "1.22 µg/dl",
            "TSH": "100.0 mIU/L"
        },
        "655c37dbfa57dd184cbea412": {
            "T4": "1.22 µg/dl",
            "TSH": "100.0 mIU/L"
        },
        "655caf4cfa57dd184cbea8c0": {
            "T4": "1.22 µg/dl",
            "TSH": "100.0 mIU/L"
        },
        "655cea739cc3984158e19337": {
            "T4": "1.22 µg/dl",
            "TSH": "100.0 mIU/L"
        },
        "655cea779cc3984158e1933b": {
            "T4": "1.22 µg/dl",
            "TSH": "100.0 mIU/L"
        },
        "655c37d9fa57dd184cbea410": {
            "T4": "1.22 µg/dl",
            "TSH": "100.0 mIU/L"
        },
        "655caf50fa57dd184cbea8c4": {
            "T4": "1.22 µg/dl",
            "TSH": "100.0 mIU/L"
        },
        "655ce9da9cc3984158e19331": {
            "T4": "1.22 µg/dl",
            "TSH": "100.0 mIU/L"
        },
        "655ce9d69cc3984158e1932d": {
            "T4": "1.22 µg/dl",
            "TSH": "100.0 mIU/L"
        },
        "655ccc16fa57dd184cbeaa18": {
            "T4": "1.22 µg/dl",
            "TSH": "100.0 mIU/L"
        },
        "655ccc0afa57dd184cbeaa16": {
            "T4": "1.22 µg/dl",
            "TSH": "100.0 mIU/L"
        },
        "655ce8b89cc3984158e19317": {
            "T4": "1.22 µg/dl",
            "TSH": "100.0 mIU/L"
        },
        "655ce8b69cc3984158e19315": {
            "T4": "1.22 µg/dl",
            "TSH": "100.0 mIU/L"
        },
        "655ce90b9cc3984158e19321": {
            "T4": "1.22 µg/dl",
            "TSH": "100.0 mIU/L"
        },
        "655ce8b49cc3984158e19313": {
            "T4": "1.22 µg/dl",
            "TSH": "100.0 mIU/L"
        },
        "655c4a42fa57dd184cbea606": {
            "T4": "1.22 µg/dl",
            "TSH": "100.0 mIU/L"
        },
        "655c4a46fa57dd184cbea60c": {
            "T4": "1.22 µg/dl",
            "TSH": "100.0 mIU/L"
        },
        "655c4a42fa57dd184cbea608": {
            "T4": "1.22 µg/dl",
            "TSH": "100.0 mIU/L"
        },
        "655c37dcfa57dd184cbea414": {
            "T4": "1.22 µg/dl",
            "TSH": "100.0 mIU/L"
        },
        "655caf4bfa57dd184cbea8be": {
            "T4": "1.22 µg/dl",
            "TSH": "100.0 mIU/L"
        },
        "655cea769cc3984158e19339": {
            "T4": "1.22 µg/dl",
            "TSH": "100.0 mIU/L"
        },
        "655c37d8fa57dd184cbea40c": {
            "T4": "1.22 µg/dl",
            "TSH": "100.0 mIU/L"
        },
        "655caf4ffa57dd184cbea8c2": {
            "T4": "1.22 µg/dl",
            "TSH": "100.0 mIU/L"
        },
        "655cea729cc3984158e19335": {
            "T4": "1.22 µg/dl",
            "TSH": "100.0 mIU/L"
        }
    },
    "FileMorbidityCondition": {
        "655ccc47fa57dd184cbeaa20": "Thyroid: Hypothyroidism \n",
        "655c37c7fa57dd184cbea40a": "Prediabetic \n",
        "655ccc60fa57dd184cbeaa22": "Thyroid: Hypothyroidism \n",
        "655ced9b9cc3984158e1935b": "Thyroid: Hypothyroidism \n",
        "655ce90a9cc3984158e1931f": "Thyroid: Hypothyroidism \n",
        "655ce9d79cc3984158e1932f": "Thyroid: Hypothyroidism \n",
        "655ce8b39cc3984158e19311": "Thyroid: Hypothyroidism \n",
        "655ce9109cc3984158e19325": "Thyroid: Hypothyroidism \n",
        "655ced9b9cc3984158e1935d": "Thyroid: Hypothyroidism \n",
        "655ce90e9cc3984158e19323": "Thyroid: Hypothyroidism \n",
        "655ce9db9cc3984158e19333": "Thyroid: Hypothyroidism \n",
        "655c4a45fa57dd184cbea60a": "Thyroid: Hypothyroidism \n",
        "655c37dbfa57dd184cbea412": "Thyroid: Hypothyroidism \n",
        "655caf4cfa57dd184cbea8c0": "Thyroid: Hypothyroidism \n",
        "655cea739cc3984158e19337": "Thyroid: Hypothyroidism \n",
        "655cea779cc3984158e1933b": "Thyroid: Hypothyroidism \n",
        "655c37d9fa57dd184cbea410": "Thyroid: Hypothyroidism \n",
        "655caf50fa57dd184cbea8c4": "Thyroid: Hypothyroidism \n",
        "655ce9da9cc3984158e19331": "Thyroid: Hypothyroidism \n",
        "655ce9d69cc3984158e1932d": "Thyroid: Hypothyroidism \n",
        "655ccc16fa57dd184cbeaa18": "Thyroid: Hypothyroidism \n",
        "655ccc0afa57dd184cbeaa16": "Thyroid: Hypothyroidism \n",
        "655ce8b89cc3984158e19317": "Thyroid: Hypothyroidism \n",
        "655ce8b69cc3984158e19315": "Thyroid: Hypothyroidism \n",
        "655ce90b9cc3984158e19321": "Thyroid: Hypothyroidism \n",
        "655ce8b49cc3984158e19313": "Thyroid: Hypothyroidism \n",
        "655c4a42fa57dd184cbea606": "Thyroid: Hypothyroidism \n",
        "655c4a46fa57dd184cbea60c": "Thyroid: Hypothyroidism \n",
        "655c4a42fa57dd184cbea608": "Thyroid: Hypothyroidism \n",
        "655c37dcfa57dd184cbea414": "Thyroid: Hypothyroidism \n",
        "655caf4bfa57dd184cbea8be": "Thyroid: Hypothyroidism \n",
        "655cea769cc3984158e19339": "Thyroid: Hypothyroidism \n",
        "655c37d8fa57dd184cbea40c": "Thyroid: Hypothyroidism \n",
        "655caf4ffa57dd184cbea8c2": "Thyroid: Hypothyroidism \n",
        "655cea729cc3984158e19335": "Thyroid: Hypothyroidism \n"
    },
    "DateOfBirth": "1988-10-10T00:00:00.000+00:00",
    "DieticianId": 93
}
  &amp#27;[31mThen &amp#27;[0m&amp#27;[31mUser receives response for Put patient &amp#27;[0m&amp#27;[31m&amp#27;[1m"putpatient"&amp#27;[0m&amp#27;[31m with &amp#27;[0m&amp#27;[31m&amp#27;[1m"put_patient_incorrect_format_allery"&amp#27;[0m                                            &amp#27;[90m# stepdefinitions.PatientSteps.user_receives_response_for_put_patient_with(java.lang.String,java.lang.String)&amp#27;[0m
      &amp#27;[31mjava.lang.AssertionError: 1 expectation failed.
Expected status code <400> but was <200>.

	at java.base/jdk.internal.reflect.NativeConstructorAccessorImpl.newInstance0(Native Method)
	at java.base/jdk.internal.reflect.NativeConstructorAccessorImpl.newInstance(NativeConstructorAccessorImpl.java:77)
	at java.base/jdk.internal.reflect.DelegatingConstructorAccessorImpl.newInstance(DelegatingConstructorAccessorImpl.java:45)
	at java.base/java.lang.reflect.Constructor.newInstanceWithCaller(Constructor.java:499)
	at java.base/java.lang.reflect.Constructor.newInstance(Constructor.java:480)
	at org.codehaus.groovy.reflection.CachedConstructor.invoke(CachedConstructor.java:73)
	at org.codehaus.groovy.runtime.callsite.ConstructorSite$ConstructorSiteNoUnwrapNoCoerce.callConstructor(ConstructorSite.java:108)
	at org.codehaus.groovy.runtime.callsite.AbstractCallSite.callConstructor(AbstractCallSite.java:277)
	at io.restassured.internal.ResponseSpecificationImpl$HamcrestAssertionClosure.validate(ResponseSpecificationImpl.groovy:512)
	at io.restassured.internal.ResponseSpecificationImpl$HamcrestAssertionClosure$validate$1.call(Unknown Source)
	at io.restassured.internal.ResponseSpecificationImpl.validateResponseIfRequired(ResponseSpecificationImpl.groovy:696)
	at io.restassured.internal.ResponseSpecificationImpl.this$2$validateResponseIfRequired(ResponseSpecificationImpl.groovy)
	at jdk.internal.reflect.GeneratedMethodAccessor165.invoke(Unknown Source)
	at java.base/jdk.internal.reflect.DelegatingMethodAccessorImpl.invoke(DelegatingMethodAccessorImpl.java:43)
	at java.base/java.lang.reflect.Method.invoke(Method.java:568)
	at org.codehaus.groovy.runtime.callsite.PlainObjectMetaMethodSite.doInvoke(PlainObjectMetaMethodSite.java:43)
	at org.codehaus.groovy.runtime.callsite.PogoMetaMethodSite$PogoCachedMethodSiteNoUnwrapNoCoerce.invoke(PogoMetaMethodSite.java:198)
	at org.codehaus.groovy.runtime.callsite.PogoMetaMethodSite.callCurrent(PogoMetaMethodSite.java:62)
	at org.codehaus.groovy.runtime.callsite.AbstractCallSite.callCurrent(AbstractCallSite.java:185)
	at io.restassured.internal.ResponseSpecificationImpl.statusCode(ResponseSpecificationImpl.groovy:135)
	at io.restassured.specification.ResponseSpecification$statusCode$0.callCurrent(Unknown Source)
	at io.restassured.internal.ResponseSpecificationImpl.statusCode(ResponseSpecificationImpl.groovy:143)
	at io.restassured.internal.ValidatableResponseOptionsImpl.statusCode(ValidatableResponseOptionsImpl.java:89)
	at stepdefinitions.PatientSteps.user_receives_response_for_put_patient_with(PatientSteps.java:400)
	at âœ½.User receives response for Put patient "putpatient" with "put_patient_incorrect_format_allery"(file:///C:/Users/rashm/eclipse-workspace/Team5-Rest-Athon/Team5-Rest-Athon-main/Team5-Rest-Athon/src/test/resources/features/Putpatient.feature:32)
&amp#27;[0m
]]></system-out>
  </testcase>
  <testcase name="runScenario[&quot;Check if user able to update a patient with &quot;put_patient_incorrect_format_foodcat&quot; endpoint and request body.&quot;, &quot;Optional[Putpatient.feature]&quot;](39)" classname="runners.TestRunner" time="0.593">
    <system-out><![CDATA[
@PutpatientModule
Scenario Outline: Check if user able to update a patient with "put_patient_incorrect_format_foodcat" endpoint and request body.                   &amp#27;[90m# src/test/resources/features/Putpatient.feature:37&amp#27;[0m
sheetPathsrc/test/resources/data/testData.xlsx
sheetNamelogin
keydataKeyvaluelogin_valid_dietician
keyuserIdvalueangu.geetha@gmail.com
keypasswordvalueSong88
[INFO ] 2023-11-21 12:49:16.436 [main] LoggerLoad - Login Request: userId: angu.geetha@gmail.compassword: Song88
  &amp#27;[32mGiven &amp#27;[0m&amp#27;[32mUser creates POST Request for the login API.&amp#27;[0m                                                                                              &amp#27;[90m# stepdefinitions.LoginSteps.user_creates_post_request_for_the_login_api()&amp#27;[0m
Request method:	POST
Request URI:	https://dietician-dev-41d9a344a720.herokuapp.com/dietician/login
Proxy:			<none>
Request params:	<none>
Query params:	<none>
Form params:	<none>
Path params:	<none>
Headers:		Accept=*/*
				Content-Type=application/json
Cookies:		<none>
Multiparts:		<none>
Body:
{
    "userLoginEmail": "angu.geetha@gmail.com",
    "password": "Song88"
}
  &amp#27;[32mWhen &amp#27;[0m&amp#27;[32mUser sends HTTPS Request with valid credentials on the request Body.&amp#27;[0m                                                                       &amp#27;[90m# stepdefinitions.LoginSteps.user_sends_https_request_with_valid_credentials_on_the_request_body()&amp#27;[0m
HTTP/1.1 200 
Server: Cowboy
Report-To: {"group":"heroku-nel","max_age":3600,"endpoints":[{"url":"https://nel.heroku.com/reports?ts=1700588956&sid=c46efe9b-d3d2-4a0c-8c76-bfafa16c5add&s=0sfLPDKEoYVBxesyoaXp1lUEzwvdk%2B7yLdQ3iIJnW5k%3D"}]}
Reporting-Endpoints: heroku-nel=https://nel.heroku.com/reports?ts=1700588956&sid=c46efe9b-d3d2-4a0c-8c76-bfafa16c5add&s=0sfLPDKEoYVBxesyoaXp1lUEzwvdk%2B7yLdQ3iIJnW5k%3D
Nel: {"report_to":"heroku-nel","max_age":3600,"success_fraction":0.005,"failure_fraction":0.05,"response_headers":["Via"]}
Connection: keep-alive
Vary: Origin
Vary: Access-Control-Request-Method
Vary: Access-Control-Request-Headers
X-Content-Type-Options: nosniff
X-Xss-Protection: 1; mode=block
Cache-Control: no-cache, no-store, max-age=0, must-revalidate
Pragma: no-cache
Expires: 0
Strict-Transport-Security: max-age=31536000 ; includeSubDomains
X-Frame-Options: DENY
Content-Type: application/json
Transfer-Encoding: chunked
Date: Tue, 21 Nov 2023 17:49:16 GMT
Via: 1.1 vegur

{
    "token": "eyJhbGciOiJIUzUxMiJ9.eyJzdWIiOiJhbmd1LmdlZXRoYUBnbWFpbC5jb20iLCJpYXQiOjE3MDA1ODg5NTYsImV4cCI6MTcwMDYxNzc1Nn0.nrvkKEUJ9NSxd5JBDDnARDFQ9xWnk2OBw6p9UPBNryzOZHKAW7KgpiEnLh1Rav7LXJ70-l2x4DgYMhPryYOOgw",
    "type": "Bearer ",
    "userId": 93,
    "loginUserEmail": "angu.geetha@gmail.com",
    "roles": [
        "ROLE_DIETICIAN"
    ]
}
HTTP/1.1 200 
Server: Cowboy
Report-To: {"group":"heroku-nel","max_age":3600,"endpoints":[{"url":"https://nel.heroku.com/reports?ts=1700588956&sid=c46efe9b-d3d2-4a0c-8c76-bfafa16c5add&s=0sfLPDKEoYVBxesyoaXp1lUEzwvdk%2B7yLdQ3iIJnW5k%3D"}]}
Reporting-Endpoints: heroku-nel=https://nel.heroku.com/reports?ts=1700588956&sid=c46efe9b-d3d2-4a0c-8c76-bfafa16c5add&s=0sfLPDKEoYVBxesyoaXp1lUEzwvdk%2B7yLdQ3iIJnW5k%3D
Nel: {"report_to":"heroku-nel","max_age":3600,"success_fraction":0.005,"failure_fraction":0.05,"response_headers":["Via"]}
Connection: keep-alive
Vary: Origin
Vary: Access-Control-Request-Method
Vary: Access-Control-Request-Headers
X-Content-Type-Options: nosniff
X-Xss-Protection: 1; mode=block
Cache-Control: no-cache, no-store, max-age=0, must-revalidate
Pragma: no-cache
Expires: 0
Strict-Transport-Security: max-age=31536000 ; includeSubDomains
X-Frame-Options: DENY
Content-Type: application/json
Transfer-Encoding: chunked
Date: Tue, 21 Nov 2023 17:49:16 GMT
Via: 1.1 vegur

{
    "token": "eyJhbGciOiJIUzUxMiJ9.eyJzdWIiOiJhbmd1LmdlZXRoYUBnbWFpbC5jb20iLCJpYXQiOjE3MDA1ODg5NTYsImV4cCI6MTcwMDYxNzc1Nn0.nrvkKEUJ9NSxd5JBDDnARDFQ9xWnk2OBw6p9UPBNryzOZHKAW7KgpiEnLh1Rav7LXJ70-l2x4DgYMhPryYOOgw",
    "type": "Bearer ",
    "userId": 93,
    "loginUserEmail": "angu.geetha@gmail.com",
    "roles": [
        "ROLE_DIETICIAN"
    ]
}
[INFO ] 2023-11-21 12:49:16.674 [main] LoggerLoad - Login POST successful
  &amp#27;[32mThen &amp#27;[0m&amp#27;[32mUser receives Status with response body containing token information.&amp#27;[0m                                                                      &amp#27;[90m# stepdefinitions.LoginSteps.user_receives_status_with_response_body_containing_token_information()&amp#27;[0m
sheetPathsrc/test/resources/data/testData.xlsx
sheetNameputpatient
keydataKeyvalueput_patient_incorrect_format_foodcat
keyfirstnamevaluejade
keylastnamevalueudans
keycontactnumbervalue7979797979
keyemailvalueudans@gmail.com
keyallergyvalueegg
keyfoodcatvalueVegan12
keydobvalue1988-10-10
put paitient PostPatientRequest [FirstName=jade, LastName=udans, ContactNumber=7979797979, Email=udans@gmail.com, Allergy=egg, FoodCategory=Vegan12, DateOfBirth=1988-10-10]
[INFO ] 2023-11-21 12:49:16.710 [main] LoggerLoad - PUT request created
  &amp#27;[32mGiven &amp#27;[0m&amp#27;[32mUser creates Put Request for the dietician/patient API endpoint with fields from &amp#27;[0m&amp#27;[32m&amp#27;[1m"putpatient"&amp#27;[0m&amp#27;[32m with &amp#27;[0m&amp#27;[32m&amp#27;[1m"put_patient_incorrect_format_foodcat"&amp#27;[0m &amp#27;[90m# stepdefinitions.PatientSteps.user_creates_put_request_for_the_dietician_patient_api_endpoint_with_fields_from_with(java.lang.String,java.lang.String)&amp#27;[0m
[INFO ] 2023-11-21 12:49:16.712 [main] LoggerLoad - baseUrlhttps://dietician-dev-41d9a344a720.herokuapp.com/dietician
ResultingJSONstring = {"FirstName":"jade","LastName":"udans","ContactNumber":7979797979,"Email":"udans@gmail.com","Allergy":"egg","FoodCategory":"Vegan12","DateOfBirth":"1988-10-10"}
Request method:	PUT
Request URI:	https://dietician-dev-41d9a344a720.herokuapp.com/dietician/patient/5343?patientInfo=%7B%22FirstName%22%3A%22jade%22%2C%22LastName%22%3A%22udans%22%2C%22ContactNumber%22%3A7979797979%2C%22Email%22%3A%22udans%40gmail.com%22%2C%22Allergy%22%3A%22egg%22%2C%22FoodCategory%22%3A%22Vegan12%22%2C%22DateOfBirth%22%3A%221988-10-10%22%7D
Proxy:			<none>
Request params:	<none>
Query params:	patientInfo={"FirstName":"jade","LastName":"udans","ContactNumber":7979797979,"Email":"udans@gmail.com","Allergy":"egg","FoodCategory":"Vegan12","DateOfBirth":"1988-10-10"}
Form params:	<none>
Path params:	<none>
Headers:		Authorization=Bearer eyJhbGciOiJIUzUxMiJ9.eyJzdWIiOiJhbmd1LmdlZXRoYUBnbWFpbC5jb20iLCJpYXQiOjE3MDA1ODg5NTYsImV4cCI6MTcwMDYxNzc1Nn0.nrvkKEUJ9NSxd5JBDDnARDFQ9xWnk2OBw6p9UPBNryzOZHKAW7KgpiEnLh1Rav7LXJ70-l2x4DgYMhPryYOOgw
				Accept=*/*
				Content-Type=multipart/form-data
Cookies:		<none>
Multiparts:		------------
				Content-Disposition: form-data; name = file; filename = Hypo Thyroid-Report.pdf
				Content-Type: application/octet-stream

				.\src\test\resources\Hypo Thyroid-Report.pdf
Body:			<none>
[INFO ] 2023-11-21 12:49:16.963 [main] LoggerLoad - Patient POST request sent
  &amp#27;[32mWhen &amp#27;[0m&amp#27;[32mUser sends HTTP Put patient Request &amp#27;[0m&amp#27;[32m&amp#27;[1m"put_patient_incorrect_format_foodcat"&amp#27;[0m                                                                 &amp#27;[90m# stepdefinitions.PatientSteps.user_sends_http_put_patient_request(java.lang.String)&amp#27;[0m
HTTP/1.1 400 
Server: Cowboy
Report-To: {"group":"heroku-nel","max_age":3600,"endpoints":[{"url":"https://nel.heroku.com/reports?ts=1700588956&sid=c46efe9b-d3d2-4a0c-8c76-bfafa16c5add&s=0sfLPDKEoYVBxesyoaXp1lUEzwvdk%2B7yLdQ3iIJnW5k%3D"}]}
Reporting-Endpoints: heroku-nel=https://nel.heroku.com/reports?ts=1700588956&sid=c46efe9b-d3d2-4a0c-8c76-bfafa16c5add&s=0sfLPDKEoYVBxesyoaXp1lUEzwvdk%2B7yLdQ3iIJnW5k%3D
Nel: {"report_to":"heroku-nel","max_age":3600,"success_fraction":0.005,"failure_fraction":0.05,"response_headers":["Via"]}
Connection: keep-alive
Vary: Origin
Vary: Access-Control-Request-Method
Vary: Access-Control-Request-Headers
X-Content-Type-Options: nosniff
X-Xss-Protection: 1; mode=block
Cache-Control: no-cache, no-store, max-age=0, must-revalidate
Pragma: no-cache
Expires: 0
Strict-Transport-Security: max-age=31536000 ; includeSubDomains
X-Frame-Options: DENY
Content-Type: application/json
Transfer-Encoding: chunked
Date: Tue, 21 Nov 2023 17:49:16 GMT
Via: 1.1 vegur

{
    "errorCode": "INVALID_REQ_DATA",
    "errorMessage": "Invalid food catgory: Must be one of the categories in {VEGAN, VEGETARIAN, JAIN, EGGETARIAN, NONVEG}\n "
}
  &amp#27;[32mThen &amp#27;[0m&amp#27;[32mUser receives response for Put patient &amp#27;[0m&amp#27;[32m&amp#27;[1m"putpatient"&amp#27;[0m&amp#27;[32m with &amp#27;[0m&amp#27;[32m&amp#27;[1m"put_patient_incorrect_format_foodcat"&amp#27;[0m                                            &amp#27;[90m# stepdefinitions.PatientSteps.user_receives_response_for_put_patient_with(java.lang.String,java.lang.String)&amp#27;[0m
]]></system-out>
  </testcase>
  <testcase name="runScenario[&quot;Check if user able to update a patient with &quot;put_patient_incorrect_format_dob&quot; endpoint and request body.&quot;, &quot;Optional[Putpatient.feature]&quot;](40)" classname="runners.TestRunner" time="0.531">
    <failure message="1 expectation failed.&#10;Expected status code &lt;400&gt; but was &lt;500&gt;.&#10;" type="java.lang.AssertionError"><![CDATA[java.lang.AssertionError: 
1 expectation failed.
Expected status code <400> but was <500>.

	at java.base/jdk.internal.reflect.NativeConstructorAccessorImpl.newInstance0(Native Method)
	at java.base/jdk.internal.reflect.NativeConstructorAccessorImpl.newInstance(NativeConstructorAccessorImpl.java:77)
	at java.base/jdk.internal.reflect.DelegatingConstructorAccessorImpl.newInstance(DelegatingConstructorAccessorImpl.java:45)
	at java.base/java.lang.reflect.Constructor.newInstanceWithCaller(Constructor.java:499)
	at java.base/java.lang.reflect.Constructor.newInstance(Constructor.java:480)
	at org.codehaus.groovy.reflection.CachedConstructor.invoke(CachedConstructor.java:73)
	at org.codehaus.groovy.runtime.callsite.ConstructorSite$ConstructorSiteNoUnwrapNoCoerce.callConstructor(ConstructorSite.java:108)
	at org.codehaus.groovy.runtime.callsite.AbstractCallSite.callConstructor(AbstractCallSite.java:277)
	at io.restassured.internal.ResponseSpecificationImpl$HamcrestAssertionClosure.validate(ResponseSpecificationImpl.groovy:512)
	at io.restassured.internal.ResponseSpecificationImpl$HamcrestAssertionClosure$validate$1.call(Unknown Source)
	at io.restassured.internal.ResponseSpecificationImpl.validateResponseIfRequired(ResponseSpecificationImpl.groovy:696)
	at io.restassured.internal.ResponseSpecificationImpl.this$2$validateResponseIfRequired(ResponseSpecificationImpl.groovy)
	at jdk.internal.reflect.GeneratedMethodAccessor165.invoke(Unknown Source)
	at java.base/jdk.internal.reflect.DelegatingMethodAccessorImpl.invoke(DelegatingMethodAccessorImpl.java:43)
	at java.base/java.lang.reflect.Method.invoke(Method.java:568)
	at org.codehaus.groovy.runtime.callsite.PlainObjectMetaMethodSite.doInvoke(PlainObjectMetaMethodSite.java:43)
	at org.codehaus.groovy.runtime.callsite.PogoMetaMethodSite$PogoCachedMethodSiteNoUnwrapNoCoerce.invoke(PogoMetaMethodSite.java:198)
	at org.codehaus.groovy.runtime.callsite.PogoMetaMethodSite.callCurrent(PogoMetaMethodSite.java:62)
	at org.codehaus.groovy.runtime.callsite.AbstractCallSite.callCurrent(AbstractCallSite.java:185)
	at io.restassured.internal.ResponseSpecificationImpl.statusCode(ResponseSpecificationImpl.groovy:135)
	at io.restassured.specification.ResponseSpecification$statusCode$0.callCurrent(Unknown Source)
	at io.restassured.internal.ResponseSpecificationImpl.statusCode(ResponseSpecificationImpl.groovy:143)
	at io.restassured.internal.ValidatableResponseOptionsImpl.statusCode(ValidatableResponseOptionsImpl.java:89)
	at stepdefinitions.PatientSteps.user_receives_response_for_put_patient_with(PatientSteps.java:400)
	at ✽.User receives response for Put patient "putpatient" with "put_patient_incorrect_format_dob"(file:///C:/Users/rashm/eclipse-workspace/Team5-Rest-Athon/Team5-Rest-Athon-main/Team5-Rest-Athon/src/test/resources/features/Putpatient.feature:32)
]]></failure>
    <system-out><![CDATA[
@PutpatientModule
Scenario Outline: Check if user able to update a patient with "put_patient_incorrect_format_dob" endpoint and request body.                   &amp#27;[90m# src/test/resources/features/Putpatient.feature:38&amp#27;[0m
sheetPathsrc/test/resources/data/testData.xlsx
sheetNamelogin
keydataKeyvaluelogin_valid_dietician
keyuserIdvalueangu.geetha@gmail.com
keypasswordvalueSong88
[INFO ] 2023-11-21 12:49:17.019 [main] LoggerLoad - Login Request: userId: angu.geetha@gmail.compassword: Song88
  &amp#27;[32mGiven &amp#27;[0m&amp#27;[32mUser creates POST Request for the login API.&amp#27;[0m                                                                                          &amp#27;[90m# stepdefinitions.LoginSteps.user_creates_post_request_for_the_login_api()&amp#27;[0m
Request method:	POST
Request URI:	https://dietician-dev-41d9a344a720.herokuapp.com/dietician/login
Proxy:			<none>
Request params:	<none>
Query params:	<none>
Form params:	<none>
Path params:	<none>
Headers:		Accept=*/*
				Content-Type=application/json
Cookies:		<none>
Multiparts:		<none>
Body:
{
    "userLoginEmail": "angu.geetha@gmail.com",
    "password": "Song88"
}
  &amp#27;[32mWhen &amp#27;[0m&amp#27;[32mUser sends HTTPS Request with valid credentials on the request Body.&amp#27;[0m                                                                   &amp#27;[90m# stepdefinitions.LoginSteps.user_sends_https_request_with_valid_credentials_on_the_request_body()&amp#27;[0m
HTTP/1.1 200 
Server: Cowboy
Report-To: {"group":"heroku-nel","max_age":3600,"endpoints":[{"url":"https://nel.heroku.com/reports?ts=1700588956&sid=c46efe9b-d3d2-4a0c-8c76-bfafa16c5add&s=0sfLPDKEoYVBxesyoaXp1lUEzwvdk%2B7yLdQ3iIJnW5k%3D"}]}
Reporting-Endpoints: heroku-nel=https://nel.heroku.com/reports?ts=1700588956&sid=c46efe9b-d3d2-4a0c-8c76-bfafa16c5add&s=0sfLPDKEoYVBxesyoaXp1lUEzwvdk%2B7yLdQ3iIJnW5k%3D
Nel: {"report_to":"heroku-nel","max_age":3600,"success_fraction":0.005,"failure_fraction":0.05,"response_headers":["Via"]}
Connection: keep-alive
Vary: Origin
Vary: Access-Control-Request-Method
Vary: Access-Control-Request-Headers
X-Content-Type-Options: nosniff
X-Xss-Protection: 1; mode=block
Cache-Control: no-cache, no-store, max-age=0, must-revalidate
Pragma: no-cache
Expires: 0
Strict-Transport-Security: max-age=31536000 ; includeSubDomains
X-Frame-Options: DENY
Content-Type: application/json
Transfer-Encoding: chunked
Date: Tue, 21 Nov 2023 17:49:16 GMT
Via: 1.1 vegur

{
    "token": "eyJhbGciOiJIUzUxMiJ9.eyJzdWIiOiJhbmd1LmdlZXRoYUBnbWFpbC5jb20iLCJpYXQiOjE3MDA1ODg5NTYsImV4cCI6MTcwMDYxNzc1Nn0.nrvkKEUJ9NSxd5JBDDnARDFQ9xWnk2OBw6p9UPBNryzOZHKAW7KgpiEnLh1Rav7LXJ70-l2x4DgYMhPryYOOgw",
    "type": "Bearer ",
    "userId": 93,
    "loginUserEmail": "angu.geetha@gmail.com",
    "roles": [
        "ROLE_DIETICIAN"
    ]
}
HTTP/1.1 200 
Server: Cowboy
Report-To: {"group":"heroku-nel","max_age":3600,"endpoints":[{"url":"https://nel.heroku.com/reports?ts=1700588956&sid=c46efe9b-d3d2-4a0c-8c76-bfafa16c5add&s=0sfLPDKEoYVBxesyoaXp1lUEzwvdk%2B7yLdQ3iIJnW5k%3D"}]}
Reporting-Endpoints: heroku-nel=https://nel.heroku.com/reports?ts=1700588956&sid=c46efe9b-d3d2-4a0c-8c76-bfafa16c5add&s=0sfLPDKEoYVBxesyoaXp1lUEzwvdk%2B7yLdQ3iIJnW5k%3D
Nel: {"report_to":"heroku-nel","max_age":3600,"success_fraction":0.005,"failure_fraction":0.05,"response_headers":["Via"]}
Connection: keep-alive
Vary: Origin
Vary: Access-Control-Request-Method
Vary: Access-Control-Request-Headers
X-Content-Type-Options: nosniff
X-Xss-Protection: 1; mode=block
Cache-Control: no-cache, no-store, max-age=0, must-revalidate
Pragma: no-cache
Expires: 0
Strict-Transport-Security: max-age=31536000 ; includeSubDomains
X-Frame-Options: DENY
Content-Type: application/json
Transfer-Encoding: chunked
Date: Tue, 21 Nov 2023 17:49:16 GMT
Via: 1.1 vegur

{
    "token": "eyJhbGciOiJIUzUxMiJ9.eyJzdWIiOiJhbmd1LmdlZXRoYUBnbWFpbC5jb20iLCJpYXQiOjE3MDA1ODg5NTYsImV4cCI6MTcwMDYxNzc1Nn0.nrvkKEUJ9NSxd5JBDDnARDFQ9xWnk2OBw6p9UPBNryzOZHKAW7KgpiEnLh1Rav7LXJ70-l2x4DgYMhPryYOOgw",
    "type": "Bearer ",
    "userId": 93,
    "loginUserEmail": "angu.geetha@gmail.com",
    "roles": [
        "ROLE_DIETICIAN"
    ]
}
[INFO ] 2023-11-21 12:49:17.249 [main] LoggerLoad - Login POST successful
  &amp#27;[32mThen &amp#27;[0m&amp#27;[32mUser receives Status with response body containing token information.&amp#27;[0m                                                                  &amp#27;[90m# stepdefinitions.LoginSteps.user_receives_status_with_response_body_containing_token_information()&amp#27;[0m
sheetPathsrc/test/resources/data/testData.xlsx
sheetNameputpatient
keydataKeyvalueput_patient_incorrect_format_dob
keyfirstnamevaluejade
keylastnamevalueudans
keycontactnumbervalue7979797979
keyemailvalueudans@gmail.com
keyallergyvalueegg
keyfoodcatvalueVegan
keydobvalueabch
put paitient PostPatientRequest [FirstName=jade, LastName=udans, ContactNumber=7979797979, Email=udans@gmail.com, Allergy=egg, FoodCategory=Vegan, DateOfBirth=abch]
[INFO ] 2023-11-21 12:49:17.286 [main] LoggerLoad - PUT request created
  &amp#27;[32mGiven &amp#27;[0m&amp#27;[32mUser creates Put Request for the dietician/patient API endpoint with fields from &amp#27;[0m&amp#27;[32m&amp#27;[1m"putpatient"&amp#27;[0m&amp#27;[32m with &amp#27;[0m&amp#27;[32m&amp#27;[1m"put_patient_incorrect_format_dob"&amp#27;[0m &amp#27;[90m# stepdefinitions.PatientSteps.user_creates_put_request_for_the_dietician_patient_api_endpoint_with_fields_from_with(java.lang.String,java.lang.String)&amp#27;[0m
[INFO ] 2023-11-21 12:49:17.287 [main] LoggerLoad - baseUrlhttps://dietician-dev-41d9a344a720.herokuapp.com/dietician
ResultingJSONstring = {"FirstName":"jade","LastName":"udans","ContactNumber":7979797979,"Email":"udans@gmail.com","Allergy":"egg","FoodCategory":"Vegan","DateOfBirth":"abch"}
Request method:	PUT
Request URI:	https://dietician-dev-41d9a344a720.herokuapp.com/dietician/patient/5343?patientInfo=%7B%22FirstName%22%3A%22jade%22%2C%22LastName%22%3A%22udans%22%2C%22ContactNumber%22%3A7979797979%2C%22Email%22%3A%22udans%40gmail.com%22%2C%22Allergy%22%3A%22egg%22%2C%22FoodCategory%22%3A%22Vegan%22%2C%22DateOfBirth%22%3A%22abch%22%7D
Proxy:			<none>
Request params:	<none>
Query params:	patientInfo={"FirstName":"jade","LastName":"udans","ContactNumber":7979797979,"Email":"udans@gmail.com","Allergy":"egg","FoodCategory":"Vegan","DateOfBirth":"abch"}
Form params:	<none>
Path params:	<none>
Headers:		Authorization=Bearer eyJhbGciOiJIUzUxMiJ9.eyJzdWIiOiJhbmd1LmdlZXRoYUBnbWFpbC5jb20iLCJpYXQiOjE3MDA1ODg5NTYsImV4cCI6MTcwMDYxNzc1Nn0.nrvkKEUJ9NSxd5JBDDnARDFQ9xWnk2OBw6p9UPBNryzOZHKAW7KgpiEnLh1Rav7LXJ70-l2x4DgYMhPryYOOgw
				Accept=*/*
				Content-Type=multipart/form-data
Cookies:		<none>
Multiparts:		------------
				Content-Disposition: form-data; name = file; filename = Hypo Thyroid-Report.pdf
				Content-Type: application/octet-stream

				.\src\test\resources\Hypo Thyroid-Report.pdf
Body:			<none>
[INFO ] 2023-11-21 12:49:17.511 [main] LoggerLoad - Patient POST request sent
  &amp#27;[32mWhen &amp#27;[0m&amp#27;[32mUser sends HTTP Put patient Request &amp#27;[0m&amp#27;[32m&amp#27;[1m"put_patient_incorrect_format_dob"&amp#27;[0m                                                                 &amp#27;[90m# stepdefinitions.PatientSteps.user_sends_http_put_patient_request(java.lang.String)&amp#27;[0m
HTTP/1.1 500 
Server: Cowboy
Report-To: {"group":"heroku-nel","max_age":3600,"endpoints":[{"url":"https://nel.heroku.com/reports?ts=1700588957&sid=c46efe9b-d3d2-4a0c-8c76-bfafa16c5add&s=Bhl%2FlgXCKggAGZFZ%2Bu%2Fw9mD2FkPVjUzliBP%2FO3Z35hs%3D"}]}
Reporting-Endpoints: heroku-nel=https://nel.heroku.com/reports?ts=1700588957&sid=c46efe9b-d3d2-4a0c-8c76-bfafa16c5add&s=Bhl%2FlgXCKggAGZFZ%2Bu%2Fw9mD2FkPVjUzliBP%2FO3Z35hs%3D
Nel: {"report_to":"heroku-nel","max_age":3600,"success_fraction":0.005,"failure_fraction":0.05,"response_headers":["Via"]}
Connection: keep-alive
Vary: Origin
Vary: Access-Control-Request-Method
Vary: Access-Control-Request-Headers
X-Content-Type-Options: nosniff
X-Xss-Protection: 1; mode=block
Cache-Control: no-cache, no-store, max-age=0, must-revalidate
Pragma: no-cache
Expires: 0
Strict-Transport-Security: max-age=31536000 ; includeSubDomains
X-Frame-Options: DENY
Content-Type: application/json
Transfer-Encoding: chunked
Date: Tue, 21 Nov 2023 17:49:17 GMT
Via: 1.1 vegur

{
    "timestamp": "2023-11-21T17:49:17.165+00:00",
    "status": 500,
    "error": "Internal Server Error",
    "path": "/dietician/patient/5343"
}
  &amp#27;[31mThen &amp#27;[0m&amp#27;[31mUser receives response for Put patient &amp#27;[0m&amp#27;[31m&amp#27;[1m"putpatient"&amp#27;[0m&amp#27;[31m with &amp#27;[0m&amp#27;[31m&amp#27;[1m"put_patient_incorrect_format_dob"&amp#27;[0m                                            &amp#27;[90m# stepdefinitions.PatientSteps.user_receives_response_for_put_patient_with(java.lang.String,java.lang.String)&amp#27;[0m
      &amp#27;[31mjava.lang.AssertionError: 1 expectation failed.
Expected status code <400> but was <500>.

	at java.base/jdk.internal.reflect.NativeConstructorAccessorImpl.newInstance0(Native Method)
	at java.base/jdk.internal.reflect.NativeConstructorAccessorImpl.newInstance(NativeConstructorAccessorImpl.java:77)
	at java.base/jdk.internal.reflect.DelegatingConstructorAccessorImpl.newInstance(DelegatingConstructorAccessorImpl.java:45)
	at java.base/java.lang.reflect.Constructor.newInstanceWithCaller(Constructor.java:499)
	at java.base/java.lang.reflect.Constructor.newInstance(Constructor.java:480)
	at org.codehaus.groovy.reflection.CachedConstructor.invoke(CachedConstructor.java:73)
	at org.codehaus.groovy.runtime.callsite.ConstructorSite$ConstructorSiteNoUnwrapNoCoerce.callConstructor(ConstructorSite.java:108)
	at org.codehaus.groovy.runtime.callsite.AbstractCallSite.callConstructor(AbstractCallSite.java:277)
	at io.restassured.internal.ResponseSpecificationImpl$HamcrestAssertionClosure.validate(ResponseSpecificationImpl.groovy:512)
	at io.restassured.internal.ResponseSpecificationImpl$HamcrestAssertionClosure$validate$1.call(Unknown Source)
	at io.restassured.internal.ResponseSpecificationImpl.validateResponseIfRequired(ResponseSpecificationImpl.groovy:696)
	at io.restassured.internal.ResponseSpecificationImpl.this$2$validateResponseIfRequired(ResponseSpecificationImpl.groovy)
	at jdk.internal.reflect.GeneratedMethodAccessor165.invoke(Unknown Source)
	at java.base/jdk.internal.reflect.DelegatingMethodAccessorImpl.invoke(DelegatingMethodAccessorImpl.java:43)
	at java.base/java.lang.reflect.Method.invoke(Method.java:568)
	at org.codehaus.groovy.runtime.callsite.PlainObjectMetaMethodSite.doInvoke(PlainObjectMetaMethodSite.java:43)
	at org.codehaus.groovy.runtime.callsite.PogoMetaMethodSite$PogoCachedMethodSiteNoUnwrapNoCoerce.invoke(PogoMetaMethodSite.java:198)
	at org.codehaus.groovy.runtime.callsite.PogoMetaMethodSite.callCurrent(PogoMetaMethodSite.java:62)
	at org.codehaus.groovy.runtime.callsite.AbstractCallSite.callCurrent(AbstractCallSite.java:185)
	at io.restassured.internal.ResponseSpecificationImpl.statusCode(ResponseSpecificationImpl.groovy:135)
	at io.restassured.specification.ResponseSpecification$statusCode$0.callCurrent(Unknown Source)
	at io.restassured.internal.ResponseSpecificationImpl.statusCode(ResponseSpecificationImpl.groovy:143)
	at io.restassured.internal.ValidatableResponseOptionsImpl.statusCode(ValidatableResponseOptionsImpl.java:89)
	at stepdefinitions.PatientSteps.user_receives_response_for_put_patient_with(PatientSteps.java:400)
	at âœ½.User receives response for Put patient "putpatient" with "put_patient_incorrect_format_dob"(file:///C:/Users/rashm/eclipse-workspace/Team5-Rest-Athon/Team5-Rest-Athon-main/Team5-Rest-Athon/src/test/resources/features/Putpatient.feature:32)
&amp#27;[0m
]]></system-out>
  </testcase>
  <testcase name="runScenario[&quot;Check if user able to update a patient with &quot;put_patient_incorrect_format_email&quot; endpoint and request body.&quot;, &quot;Optional[Putpatient.feature]&quot;](41)" classname="runners.TestRunner" time="0.577">
    <system-out><![CDATA[
@PutpatientModule
Scenario Outline: Check if user able to update a patient with "put_patient_incorrect_format_email" endpoint and request body.                   &amp#27;[90m# src/test/resources/features/Putpatient.feature:39&amp#27;[0m
sheetPathsrc/test/resources/data/testData.xlsx
sheetNamelogin
keydataKeyvaluelogin_valid_dietician
keyuserIdvalueangu.geetha@gmail.com
keypasswordvalueSong88
[INFO ] 2023-11-21 12:49:17.559 [main] LoggerLoad - Login Request: userId: angu.geetha@gmail.compassword: Song88
  &amp#27;[32mGiven &amp#27;[0m&amp#27;[32mUser creates POST Request for the login API.&amp#27;[0m                                                                                            &amp#27;[90m# stepdefinitions.LoginSteps.user_creates_post_request_for_the_login_api()&amp#27;[0m
Request method:	POST
Request URI:	https://dietician-dev-41d9a344a720.herokuapp.com/dietician/login
Proxy:			<none>
Request params:	<none>
Query params:	<none>
Form params:	<none>
Path params:	<none>
Headers:		Accept=*/*
				Content-Type=application/json
Cookies:		<none>
Multiparts:		<none>
Body:
{
    "userLoginEmail": "angu.geetha@gmail.com",
    "password": "Song88"
}
  &amp#27;[32mWhen &amp#27;[0m&amp#27;[32mUser sends HTTPS Request with valid credentials on the request Body.&amp#27;[0m                                                                     &amp#27;[90m# stepdefinitions.LoginSteps.user_sends_https_request_with_valid_credentials_on_the_request_body()&amp#27;[0m
HTTP/1.1 200 
Server: Cowboy
Report-To: {"group":"heroku-nel","max_age":3600,"endpoints":[{"url":"https://nel.heroku.com/reports?ts=1700588957&sid=c46efe9b-d3d2-4a0c-8c76-bfafa16c5add&s=Bhl%2FlgXCKggAGZFZ%2Bu%2Fw9mD2FkPVjUzliBP%2FO3Z35hs%3D"}]}
Reporting-Endpoints: heroku-nel=https://nel.heroku.com/reports?ts=1700588957&sid=c46efe9b-d3d2-4a0c-8c76-bfafa16c5add&s=Bhl%2FlgXCKggAGZFZ%2Bu%2Fw9mD2FkPVjUzliBP%2FO3Z35hs%3D
Nel: {"report_to":"heroku-nel","max_age":3600,"success_fraction":0.005,"failure_fraction":0.05,"response_headers":["Via"]}
Connection: keep-alive
Vary: Origin
Vary: Access-Control-Request-Method
Vary: Access-Control-Request-Headers
X-Content-Type-Options: nosniff
X-Xss-Protection: 1; mode=block
Cache-Control: no-cache, no-store, max-age=0, must-revalidate
Pragma: no-cache
Expires: 0
Strict-Transport-Security: max-age=31536000 ; includeSubDomains
X-Frame-Options: DENY
Content-Type: application/json
Transfer-Encoding: chunked
Date: Tue, 21 Nov 2023 17:49:17 GMT
Via: 1.1 vegur

{
    "token": "eyJhbGciOiJIUzUxMiJ9.eyJzdWIiOiJhbmd1LmdlZXRoYUBnbWFpbC5jb20iLCJpYXQiOjE3MDA1ODg5NTcsImV4cCI6MTcwMDYxNzc1N30.A3uG1FHM7lT1g8uxLCc_dwiQ5iUzD7dl1Rq4sCIsbFOXAPuAswa5VZ_HhqqpXGwbr-yQEt2gih6KIRWGRiyl9w",
    "type": "Bearer ",
    "userId": 93,
    "loginUserEmail": "angu.geetha@gmail.com",
    "roles": [
        "ROLE_DIETICIAN"
    ]
}
HTTP/1.1 200 
Server: Cowboy
Report-To: {"group":"heroku-nel","max_age":3600,"endpoints":[{"url":"https://nel.heroku.com/reports?ts=1700588957&sid=c46efe9b-d3d2-4a0c-8c76-bfafa16c5add&s=Bhl%2FlgXCKggAGZFZ%2Bu%2Fw9mD2FkPVjUzliBP%2FO3Z35hs%3D"}]}
Reporting-Endpoints: heroku-nel=https://nel.heroku.com/reports?ts=1700588957&sid=c46efe9b-d3d2-4a0c-8c76-bfafa16c5add&s=Bhl%2FlgXCKggAGZFZ%2Bu%2Fw9mD2FkPVjUzliBP%2FO3Z35hs%3D
Nel: {"report_to":"heroku-nel","max_age":3600,"success_fraction":0.005,"failure_fraction":0.05,"response_headers":["Via"]}
Connection: keep-alive
Vary: Origin
Vary: Access-Control-Request-Method
Vary: Access-Control-Request-Headers
X-Content-Type-Options: nosniff
X-Xss-Protection: 1; mode=block
Cache-Control: no-cache, no-store, max-age=0, must-revalidate
Pragma: no-cache
Expires: 0
Strict-Transport-Security: max-age=31536000 ; includeSubDomains
X-Frame-Options: DENY
Content-Type: application/json
Transfer-Encoding: chunked
Date: Tue, 21 Nov 2023 17:49:17 GMT
Via: 1.1 vegur

{
    "token": "eyJhbGciOiJIUzUxMiJ9.eyJzdWIiOiJhbmd1LmdlZXRoYUBnbWFpbC5jb20iLCJpYXQiOjE3MDA1ODg5NTcsImV4cCI6MTcwMDYxNzc1N30.A3uG1FHM7lT1g8uxLCc_dwiQ5iUzD7dl1Rq4sCIsbFOXAPuAswa5VZ_HhqqpXGwbr-yQEt2gih6KIRWGRiyl9w",
    "type": "Bearer ",
    "userId": 93,
    "loginUserEmail": "angu.geetha@gmail.com",
    "roles": [
        "ROLE_DIETICIAN"
    ]
}
[INFO ] 2023-11-21 12:49:17.804 [main] LoggerLoad - Login POST successful
  &amp#27;[32mThen &amp#27;[0m&amp#27;[32mUser receives Status with response body containing token information.&amp#27;[0m                                                                    &amp#27;[90m# stepdefinitions.LoginSteps.user_receives_status_with_response_body_containing_token_information()&amp#27;[0m
sheetPathsrc/test/resources/data/testData.xlsx
sheetNameputpatient
keydataKeyvalueput_patient_incorrect_format_email
keyfirstnamevaluejade
keylastnamevalueudans
keycontactnumbervalue7979797979
keyemailvalueudans2gmail.com
keyallergyvalueegg
keyfoodcatvalueVegan
keydobvalue1988-10-10
put paitient PostPatientRequest [FirstName=jade, LastName=udans, ContactNumber=7979797979, Email=udans2gmail.com, Allergy=egg, FoodCategory=Vegan, DateOfBirth=1988-10-10]
[INFO ] 2023-11-21 12:49:17.839 [main] LoggerLoad - PUT request created
  &amp#27;[32mGiven &amp#27;[0m&amp#27;[32mUser creates Put Request for the dietician/patient API endpoint with fields from &amp#27;[0m&amp#27;[32m&amp#27;[1m"putpatient"&amp#27;[0m&amp#27;[32m with &amp#27;[0m&amp#27;[32m&amp#27;[1m"put_patient_incorrect_format_email"&amp#27;[0m &amp#27;[90m# stepdefinitions.PatientSteps.user_creates_put_request_for_the_dietician_patient_api_endpoint_with_fields_from_with(java.lang.String,java.lang.String)&amp#27;[0m
[INFO ] 2023-11-21 12:49:17.840 [main] LoggerLoad - baseUrlhttps://dietician-dev-41d9a344a720.herokuapp.com/dietician
ResultingJSONstring = {"FirstName":"jade","LastName":"udans","ContactNumber":7979797979,"Email":"udans2gmail.com","Allergy":"egg","FoodCategory":"Vegan","DateOfBirth":"1988-10-10"}
Request method:	PUT
Request URI:	https://dietician-dev-41d9a344a720.herokuapp.com/dietician/patient/5343?patientInfo=%7B%22FirstName%22%3A%22jade%22%2C%22LastName%22%3A%22udans%22%2C%22ContactNumber%22%3A7979797979%2C%22Email%22%3A%22udans2gmail.com%22%2C%22Allergy%22%3A%22egg%22%2C%22FoodCategory%22%3A%22Vegan%22%2C%22DateOfBirth%22%3A%221988-10-10%22%7D
Proxy:			<none>
Request params:	<none>
Query params:	patientInfo={"FirstName":"jade","LastName":"udans","ContactNumber":7979797979,"Email":"udans2gmail.com","Allergy":"egg","FoodCategory":"Vegan","DateOfBirth":"1988-10-10"}
Form params:	<none>
Path params:	<none>
Headers:		Authorization=Bearer eyJhbGciOiJIUzUxMiJ9.eyJzdWIiOiJhbmd1LmdlZXRoYUBnbWFpbC5jb20iLCJpYXQiOjE3MDA1ODg5NTcsImV4cCI6MTcwMDYxNzc1N30.A3uG1FHM7lT1g8uxLCc_dwiQ5iUzD7dl1Rq4sCIsbFOXAPuAswa5VZ_HhqqpXGwbr-yQEt2gih6KIRWGRiyl9w
				Accept=*/*
				Content-Type=multipart/form-data
Cookies:		<none>
Multiparts:		------------
				Content-Disposition: form-data; name = file; filename = Hypo Thyroid-Report.pdf
				Content-Type: application/octet-stream

				.\src\test\resources\Hypo Thyroid-Report.pdf
Body:			<none>
[INFO ] 2023-11-21 12:49:18.088 [main] LoggerLoad - Patient POST request sent
  &amp#27;[32mWhen &amp#27;[0m&amp#27;[32mUser sends HTTP Put patient Request &amp#27;[0m&amp#27;[32m&amp#27;[1m"put_patient_incorrect_format_email"&amp#27;[0m                                                                 &amp#27;[90m# stepdefinitions.PatientSteps.user_sends_http_put_patient_request(java.lang.String)&amp#27;[0m
HTTP/1.1 400 
Server: Cowboy
Report-To: {"group":"heroku-nel","max_age":3600,"endpoints":[{"url":"https://nel.heroku.com/reports?ts=1700588957&sid=c46efe9b-d3d2-4a0c-8c76-bfafa16c5add&s=Bhl%2FlgXCKggAGZFZ%2Bu%2Fw9mD2FkPVjUzliBP%2FO3Z35hs%3D"}]}
Reporting-Endpoints: heroku-nel=https://nel.heroku.com/reports?ts=1700588957&sid=c46efe9b-d3d2-4a0c-8c76-bfafa16c5add&s=Bhl%2FlgXCKggAGZFZ%2Bu%2Fw9mD2FkPVjUzliBP%2FO3Z35hs%3D
Nel: {"report_to":"heroku-nel","max_age":3600,"success_fraction":0.005,"failure_fraction":0.05,"response_headers":["Via"]}
Connection: keep-alive
Vary: Origin
Vary: Access-Control-Request-Method
Vary: Access-Control-Request-Headers
X-Content-Type-Options: nosniff
X-Xss-Protection: 1; mode=block
Cache-Control: no-cache, no-store, max-age=0, must-revalidate
Pragma: no-cache
Expires: 0
Strict-Transport-Security: max-age=31536000 ; includeSubDomains
X-Frame-Options: DENY
Content-Type: application/json
Transfer-Encoding: chunked
Date: Tue, 21 Nov 2023 17:49:17 GMT
Via: 1.1 vegur

{
    "errorCode": "INVALID_REQ_DATA",
    "errorMessage": "Invalid Email Id!\n "
}
  &amp#27;[32mThen &amp#27;[0m&amp#27;[32mUser receives response for Put patient &amp#27;[0m&amp#27;[32m&amp#27;[1m"putpatient"&amp#27;[0m&amp#27;[32m with &amp#27;[0m&amp#27;[32m&amp#27;[1m"put_patient_incorrect_format_email"&amp#27;[0m                                            &amp#27;[90m# stepdefinitions.PatientSteps.user_receives_response_for_put_patient_with(java.lang.String,java.lang.String)&amp#27;[0m
]]></system-out>
  </testcase>
  <testcase name="runScenario[&quot;Check if user able to update a patient with &quot;put_patient_incorrect_format_contactnumber&quot; endpoint and request body.&quot;, &quot;Optional[Putpatient.feature]&quot;](42)" classname="runners.TestRunner" time="0.554">
    <failure message="1 expectation failed.&#10;Expected status code &lt;400&gt; but was &lt;500&gt;.&#10;" type="java.lang.AssertionError"><![CDATA[java.lang.AssertionError: 
1 expectation failed.
Expected status code <400> but was <500>.

	at java.base/jdk.internal.reflect.NativeConstructorAccessorImpl.newInstance0(Native Method)
	at java.base/jdk.internal.reflect.NativeConstructorAccessorImpl.newInstance(NativeConstructorAccessorImpl.java:77)
	at java.base/jdk.internal.reflect.DelegatingConstructorAccessorImpl.newInstance(DelegatingConstructorAccessorImpl.java:45)
	at java.base/java.lang.reflect.Constructor.newInstanceWithCaller(Constructor.java:499)
	at java.base/java.lang.reflect.Constructor.newInstance(Constructor.java:480)
	at org.codehaus.groovy.reflection.CachedConstructor.invoke(CachedConstructor.java:73)
	at org.codehaus.groovy.runtime.callsite.ConstructorSite$ConstructorSiteNoUnwrapNoCoerce.callConstructor(ConstructorSite.java:108)
	at org.codehaus.groovy.runtime.callsite.AbstractCallSite.callConstructor(AbstractCallSite.java:277)
	at io.restassured.internal.ResponseSpecificationImpl$HamcrestAssertionClosure.validate(ResponseSpecificationImpl.groovy:512)
	at io.restassured.internal.ResponseSpecificationImpl$HamcrestAssertionClosure$validate$1.call(Unknown Source)
	at io.restassured.internal.ResponseSpecificationImpl.validateResponseIfRequired(ResponseSpecificationImpl.groovy:696)
	at io.restassured.internal.ResponseSpecificationImpl.this$2$validateResponseIfRequired(ResponseSpecificationImpl.groovy)
	at jdk.internal.reflect.GeneratedMethodAccessor165.invoke(Unknown Source)
	at java.base/jdk.internal.reflect.DelegatingMethodAccessorImpl.invoke(DelegatingMethodAccessorImpl.java:43)
	at java.base/java.lang.reflect.Method.invoke(Method.java:568)
	at org.codehaus.groovy.runtime.callsite.PlainObjectMetaMethodSite.doInvoke(PlainObjectMetaMethodSite.java:43)
	at org.codehaus.groovy.runtime.callsite.PogoMetaMethodSite$PogoCachedMethodSiteNoUnwrapNoCoerce.invoke(PogoMetaMethodSite.java:198)
	at org.codehaus.groovy.runtime.callsite.PogoMetaMethodSite.callCurrent(PogoMetaMethodSite.java:62)
	at org.codehaus.groovy.runtime.callsite.AbstractCallSite.callCurrent(AbstractCallSite.java:185)
	at io.restassured.internal.ResponseSpecificationImpl.statusCode(ResponseSpecificationImpl.groovy:135)
	at io.restassured.specification.ResponseSpecification$statusCode$0.callCurrent(Unknown Source)
	at io.restassured.internal.ResponseSpecificationImpl.statusCode(ResponseSpecificationImpl.groovy:143)
	at io.restassured.internal.ValidatableResponseOptionsImpl.statusCode(ValidatableResponseOptionsImpl.java:89)
	at stepdefinitions.PatientSteps.user_receives_response_for_put_patient_with(PatientSteps.java:400)
	at ✽.User receives response for Put patient "putpatient" with "put_patient_incorrect_format_contactnumber"(file:///C:/Users/rashm/eclipse-workspace/Team5-Rest-Athon/Team5-Rest-Athon-main/Team5-Rest-Athon/src/test/resources/features/Putpatient.feature:32)
]]></failure>
    <system-out><![CDATA[
@PutpatientModule
Scenario Outline: Check if user able to update a patient with "put_patient_incorrect_format_contactnumber" endpoint and request body.                   &amp#27;[90m# src/test/resources/features/Putpatient.feature:40&amp#27;[0m
sheetPathsrc/test/resources/data/testData.xlsx
sheetNamelogin
keydataKeyvaluelogin_valid_dietician
keyuserIdvalueangu.geetha@gmail.com
keypasswordvalueSong88
[INFO ] 2023-11-21 12:49:18.122 [main] LoggerLoad - Login Request: userId: angu.geetha@gmail.compassword: Song88
  &amp#27;[32mGiven &amp#27;[0m&amp#27;[32mUser creates POST Request for the login API.&amp#27;[0m                                                                                                    &amp#27;[90m# stepdefinitions.LoginSteps.user_creates_post_request_for_the_login_api()&amp#27;[0m
Request method:	POST
Request URI:	https://dietician-dev-41d9a344a720.herokuapp.com/dietician/login
Proxy:			<none>
Request params:	<none>
Query params:	<none>
Form params:	<none>
Path params:	<none>
Headers:		Accept=*/*
				Content-Type=application/json
Cookies:		<none>
Multiparts:		<none>
Body:
{
    "userLoginEmail": "angu.geetha@gmail.com",
    "password": "Song88"
}
  &amp#27;[32mWhen &amp#27;[0m&amp#27;[32mUser sends HTTPS Request with valid credentials on the request Body.&amp#27;[0m                                                                             &amp#27;[90m# stepdefinitions.LoginSteps.user_sends_https_request_with_valid_credentials_on_the_request_body()&amp#27;[0m
HTTP/1.1 200 
Server: Cowboy
Report-To: {"group":"heroku-nel","max_age":3600,"endpoints":[{"url":"https://nel.heroku.com/reports?ts=1700588957&sid=c46efe9b-d3d2-4a0c-8c76-bfafa16c5add&s=Bhl%2FlgXCKggAGZFZ%2Bu%2Fw9mD2FkPVjUzliBP%2FO3Z35hs%3D"}]}
Reporting-Endpoints: heroku-nel=https://nel.heroku.com/reports?ts=1700588957&sid=c46efe9b-d3d2-4a0c-8c76-bfafa16c5add&s=Bhl%2FlgXCKggAGZFZ%2Bu%2Fw9mD2FkPVjUzliBP%2FO3Z35hs%3D
Nel: {"report_to":"heroku-nel","max_age":3600,"success_fraction":0.005,"failure_fraction":0.05,"response_headers":["Via"]}
Connection: keep-alive
Vary: Origin
Vary: Access-Control-Request-Method
Vary: Access-Control-Request-Headers
X-Content-Type-Options: nosniff
X-Xss-Protection: 1; mode=block
Cache-Control: no-cache, no-store, max-age=0, must-revalidate
Pragma: no-cache
Expires: 0
Strict-Transport-Security: max-age=31536000 ; includeSubDomains
X-Frame-Options: DENY
Content-Type: application/json
Transfer-Encoding: chunked
Date: Tue, 21 Nov 2023 17:49:17 GMT
Via: 1.1 vegur

{
    "token": "eyJhbGciOiJIUzUxMiJ9.eyJzdWIiOiJhbmd1LmdlZXRoYUBnbWFpbC5jb20iLCJpYXQiOjE3MDA1ODg5NTgsImV4cCI6MTcwMDYxNzc1OH0.RJi0HzgPaG5vlE2z9eMuwMb_xeBEl1IY6Tjx1g4nhkK4pang1neihdvcgiznYpMlWRDgi5i5a4fCu7L9pr0MHg",
    "type": "Bearer ",
    "userId": 93,
    "loginUserEmail": "angu.geetha@gmail.com",
    "roles": [
        "ROLE_DIETICIAN"
    ]
}
HTTP/1.1 200 
Server: Cowboy
Report-To: {"group":"heroku-nel","max_age":3600,"endpoints":[{"url":"https://nel.heroku.com/reports?ts=1700588957&sid=c46efe9b-d3d2-4a0c-8c76-bfafa16c5add&s=Bhl%2FlgXCKggAGZFZ%2Bu%2Fw9mD2FkPVjUzliBP%2FO3Z35hs%3D"}]}
Reporting-Endpoints: heroku-nel=https://nel.heroku.com/reports?ts=1700588957&sid=c46efe9b-d3d2-4a0c-8c76-bfafa16c5add&s=Bhl%2FlgXCKggAGZFZ%2Bu%2Fw9mD2FkPVjUzliBP%2FO3Z35hs%3D
Nel: {"report_to":"heroku-nel","max_age":3600,"success_fraction":0.005,"failure_fraction":0.05,"response_headers":["Via"]}
Connection: keep-alive
Vary: Origin
Vary: Access-Control-Request-Method
Vary: Access-Control-Request-Headers
X-Content-Type-Options: nosniff
X-Xss-Protection: 1; mode=block
Cache-Control: no-cache, no-store, max-age=0, must-revalidate
Pragma: no-cache
Expires: 0
Strict-Transport-Security: max-age=31536000 ; includeSubDomains
X-Frame-Options: DENY
Content-Type: application/json
Transfer-Encoding: chunked
Date: Tue, 21 Nov 2023 17:49:17 GMT
Via: 1.1 vegur

{
    "token": "eyJhbGciOiJIUzUxMiJ9.eyJzdWIiOiJhbmd1LmdlZXRoYUBnbWFpbC5jb20iLCJpYXQiOjE3MDA1ODg5NTgsImV4cCI6MTcwMDYxNzc1OH0.RJi0HzgPaG5vlE2z9eMuwMb_xeBEl1IY6Tjx1g4nhkK4pang1neihdvcgiznYpMlWRDgi5i5a4fCu7L9pr0MHg",
    "type": "Bearer ",
    "userId": 93,
    "loginUserEmail": "angu.geetha@gmail.com",
    "roles": [
        "ROLE_DIETICIAN"
    ]
}
[INFO ] 2023-11-21 12:49:18.356 [main] LoggerLoad - Login POST successful
  &amp#27;[32mThen &amp#27;[0m&amp#27;[32mUser receives Status with response body containing token information.&amp#27;[0m                                                                            &amp#27;[90m# stepdefinitions.LoginSteps.user_receives_status_with_response_body_containing_token_information()&amp#27;[0m
sheetPathsrc/test/resources/data/testData.xlsx
sheetNameputpatient
keydataKeyvalueput_patient_incorrect_format_contactnumber
keyfirstnamevaluejade
keylastnamevalueudans
keycontactnumbervaluejkkjkjkkj
keyemailvalueudans@gmail.com
keyallergyvalueegg
keyfoodcatvalueVegan
keydobvalue1988-10-10
[INFO ] 2023-11-21 12:49:18.398 [main] LoggerLoad - For input string: "jkkjkjkkj"
  &amp#27;[32mGiven &amp#27;[0m&amp#27;[32mUser creates Put Request for the dietician/patient API endpoint with fields from &amp#27;[0m&amp#27;[32m&amp#27;[1m"putpatient"&amp#27;[0m&amp#27;[32m with &amp#27;[0m&amp#27;[32m&amp#27;[1m"put_patient_incorrect_format_contactnumber"&amp#27;[0m &amp#27;[90m# stepdefinitions.PatientSteps.user_creates_put_request_for_the_dietician_patient_api_endpoint_with_fields_from_with(java.lang.String,java.lang.String)&amp#27;[0m
[INFO ] 2023-11-21 12:49:18.399 [main] LoggerLoad - baseUrlhttps://dietician-dev-41d9a344a720.herokuapp.com/dietician
ResultingJSONstring = null
Request method:	PUT
Request URI:	https://dietician-dev-41d9a344a720.herokuapp.com/dietician/patient/5343?patientInfo=null
Proxy:			<none>
Request params:	<none>
Query params:	patientInfo=null
Form params:	<none>
Path params:	<none>
Headers:		Authorization=Bearer eyJhbGciOiJIUzUxMiJ9.eyJzdWIiOiJhbmd1LmdlZXRoYUBnbWFpbC5jb20iLCJpYXQiOjE3MDA1ODg5NTgsImV4cCI6MTcwMDYxNzc1OH0.RJi0HzgPaG5vlE2z9eMuwMb_xeBEl1IY6Tjx1g4nhkK4pang1neihdvcgiznYpMlWRDgi5i5a4fCu7L9pr0MHg
				Accept=*/*
				Content-Type=multipart/form-data
Cookies:		<none>
Multiparts:		------------
				Content-Disposition: form-data; name = file; filename = Hypo Thyroid-Report.pdf
				Content-Type: application/octet-stream

				.\src\test\resources\Hypo Thyroid-Report.pdf
Body:			<none>
[INFO ] 2023-11-21 12:49:18.640 [main] LoggerLoad - Patient POST request sent
  &amp#27;[32mWhen &amp#27;[0m&amp#27;[32mUser sends HTTP Put patient Request &amp#27;[0m&amp#27;[32m&amp#27;[1m"put_patient_incorrect_format_contactnumber"&amp#27;[0m                                                                 &amp#27;[90m# stepdefinitions.PatientSteps.user_sends_http_put_patient_request(java.lang.String)&amp#27;[0m
HTTP/1.1 500 
Server: Cowboy
Report-To: {"group":"heroku-nel","max_age":3600,"endpoints":[{"url":"https://nel.heroku.com/reports?ts=1700588958&sid=c46efe9b-d3d2-4a0c-8c76-bfafa16c5add&s=Jv1a67HPHqe3brUAg7gzJ2A3uNaN9SFReI%2BAir1dc9Y%3D"}]}
Reporting-Endpoints: heroku-nel=https://nel.heroku.com/reports?ts=1700588958&sid=c46efe9b-d3d2-4a0c-8c76-bfafa16c5add&s=Jv1a67HPHqe3brUAg7gzJ2A3uNaN9SFReI%2BAir1dc9Y%3D
Nel: {"report_to":"heroku-nel","max_age":3600,"success_fraction":0.005,"failure_fraction":0.05,"response_headers":["Via"]}
Connection: keep-alive
Vary: Origin
Vary: Access-Control-Request-Method
Vary: Access-Control-Request-Headers
X-Content-Type-Options: nosniff
X-Xss-Protection: 1; mode=block
Cache-Control: no-cache, no-store, max-age=0, must-revalidate
Pragma: no-cache
Expires: 0
Strict-Transport-Security: max-age=31536000 ; includeSubDomains
X-Frame-Options: DENY
Content-Type: application/json
Transfer-Encoding: chunked
Date: Tue, 21 Nov 2023 17:49:18 GMT
Via: 1.1 vegur

{
    "timestamp": "2023-11-21T17:49:18.295+00:00",
    "status": 500,
    "error": "Internal Server Error",
    "path": "/dietician/patient/5343"
}
  &amp#27;[31mThen &amp#27;[0m&amp#27;[31mUser receives response for Put patient &amp#27;[0m&amp#27;[31m&amp#27;[1m"putpatient"&amp#27;[0m&amp#27;[31m with &amp#27;[0m&amp#27;[31m&amp#27;[1m"put_patient_incorrect_format_contactnumber"&amp#27;[0m                                            &amp#27;[90m# stepdefinitions.PatientSteps.user_receives_response_for_put_patient_with(java.lang.String,java.lang.String)&amp#27;[0m
      &amp#27;[31mjava.lang.AssertionError: 1 expectation failed.
Expected status code <400> but was <500>.

	at java.base/jdk.internal.reflect.NativeConstructorAccessorImpl.newInstance0(Native Method)
	at java.base/jdk.internal.reflect.NativeConstructorAccessorImpl.newInstance(NativeConstructorAccessorImpl.java:77)
	at java.base/jdk.internal.reflect.DelegatingConstructorAccessorImpl.newInstance(DelegatingConstructorAccessorImpl.java:45)
	at java.base/java.lang.reflect.Constructor.newInstanceWithCaller(Constructor.java:499)
	at java.base/java.lang.reflect.Constructor.newInstance(Constructor.java:480)
	at org.codehaus.groovy.reflection.CachedConstructor.invoke(CachedConstructor.java:73)
	at org.codehaus.groovy.runtime.callsite.ConstructorSite$ConstructorSiteNoUnwrapNoCoerce.callConstructor(ConstructorSite.java:108)
	at org.codehaus.groovy.runtime.callsite.AbstractCallSite.callConstructor(AbstractCallSite.java:277)
	at io.restassured.internal.ResponseSpecificationImpl$HamcrestAssertionClosure.validate(ResponseSpecificationImpl.groovy:512)
	at io.restassured.internal.ResponseSpecificationImpl$HamcrestAssertionClosure$validate$1.call(Unknown Source)
	at io.restassured.internal.ResponseSpecificationImpl.validateResponseIfRequired(ResponseSpecificationImpl.groovy:696)
	at io.restassured.internal.ResponseSpecificationImpl.this$2$validateResponseIfRequired(ResponseSpecificationImpl.groovy)
	at jdk.internal.reflect.GeneratedMethodAccessor165.invoke(Unknown Source)
	at java.base/jdk.internal.reflect.DelegatingMethodAccessorImpl.invoke(DelegatingMethodAccessorImpl.java:43)
	at java.base/java.lang.reflect.Method.invoke(Method.java:568)
	at org.codehaus.groovy.runtime.callsite.PlainObjectMetaMethodSite.doInvoke(PlainObjectMetaMethodSite.java:43)
	at org.codehaus.groovy.runtime.callsite.PogoMetaMethodSite$PogoCachedMethodSiteNoUnwrapNoCoerce.invoke(PogoMetaMethodSite.java:198)
	at org.codehaus.groovy.runtime.callsite.PogoMetaMethodSite.callCurrent(PogoMetaMethodSite.java:62)
	at org.codehaus.groovy.runtime.callsite.AbstractCallSite.callCurrent(AbstractCallSite.java:185)
	at io.restassured.internal.ResponseSpecificationImpl.statusCode(ResponseSpecificationImpl.groovy:135)
	at io.restassured.specification.ResponseSpecification$statusCode$0.callCurrent(Unknown Source)
	at io.restassured.internal.ResponseSpecificationImpl.statusCode(ResponseSpecificationImpl.groovy:143)
	at io.restassured.internal.ValidatableResponseOptionsImpl.statusCode(ValidatableResponseOptionsImpl.java:89)
	at stepdefinitions.PatientSteps.user_receives_response_for_put_patient_with(PatientSteps.java:400)
	at âœ½.User receives response for Put patient "putpatient" with "put_patient_incorrect_format_contactnumber"(file:///C:/Users/rashm/eclipse-workspace/Team5-Rest-Athon/Team5-Rest-Athon-main/Team5-Rest-Athon/src/test/resources/features/Putpatient.feature:32)
&amp#27;[0m
]]></system-out>
    <system-err><![CDATA[java.lang.NumberFormatException: For input string: "jkkjkjkkj"
	at java.base/java.lang.NumberFormatException.forInputString(NumberFormatException.java:67)
	at java.base/java.lang.Long.parseLong(Long.java:711)
	at java.base/java.lang.Long.parseLong(Long.java:836)
	at stepdefinitions.PatientSteps.user_creates_put_request_for_the_dietician_patient_api_endpoint_with_fields_from_with(PatientSteps.java:304)
	at java.base/jdk.internal.reflect.NativeMethodAccessorImpl.invoke0(Native Method)
	at java.base/jdk.internal.reflect.NativeMethodAccessorImpl.invoke(NativeMethodAccessorImpl.java:77)
	at java.base/jdk.internal.reflect.DelegatingMethodAccessorImpl.invoke(DelegatingMethodAccessorImpl.java:43)
	at java.base/java.lang.reflect.Method.invoke(Method.java:568)
	at io.cucumber.java.Invoker.doInvoke(Invoker.java:66)
	at io.cucumber.java.Invoker.invoke(Invoker.java:24)
	at io.cucumber.java.AbstractGlueDefinition.invokeMethod(AbstractGlueDefinition.java:47)
	at io.cucumber.java.JavaStepDefinition.execute(JavaStepDefinition.java:29)
	at io.cucumber.core.runner.CoreStepDefinition.execute(CoreStepDefinition.java:66)
	at io.cucumber.core.runner.PickleStepDefinitionMatch.runStep(PickleStepDefinitionMatch.java:63)
	at io.cucumber.core.runner.ExecutionMode$1.execute(ExecutionMode.java:10)
	at io.cucumber.core.runner.TestStep.executeStep(TestStep.java:86)
	at io.cucumber.core.runner.TestStep.run(TestStep.java:57)
	at io.cucumber.core.runner.PickleStepTestStep.run(PickleStepTestStep.java:51)
	at io.cucumber.core.runner.TestCase.run(TestCase.java:95)
	at io.cucumber.core.runner.Runner.runPickle(Runner.java:75)
	at io.cucumber.testng.TestNGCucumberRunner.lambda$runScenario$1(TestNGCucumberRunner.java:132)
	at io.cucumber.core.runtime.CucumberExecutionContext.lambda$runTestCase$3(CucumberExecutionContext.java:151)
	at io.cucumber.core.runtime.RethrowingThrowableCollector.executeAndThrow(RethrowingThrowableCollector.java:23)
	at io.cucumber.core.runtime.CucumberExecutionContext.runTestCase(CucumberExecutionContext.java:151)
	at io.cucumber.testng.TestNGCucumberRunner.runScenario(TestNGCucumberRunner.java:129)
	at io.cucumber.testng.AbstractTestNGCucumberTests.runScenario(AbstractTestNGCucumberTests.java:35)
	at jdk.internal.reflect.GeneratedMethodAccessor230.invoke(Unknown Source)
	at java.base/jdk.internal.reflect.DelegatingMethodAccessorImpl.invoke(DelegatingMethodAccessorImpl.java:43)
	at java.base/java.lang.reflect.Method.invoke(Method.java:568)
	at org.testng.internal.invokers.MethodInvocationHelper.invokeMethod(MethodInvocationHelper.java:139)
	at org.testng.internal.invokers.TestInvoker.invokeMethod(TestInvoker.java:677)
	at org.testng.internal.invokers.TestInvoker.invokeTestMethod(TestInvoker.java:221)
	at org.testng.internal.invokers.MethodRunner.runInSequence(MethodRunner.java:50)
	at org.testng.internal.invokers.TestInvoker$MethodInvocationAgent.invoke(TestInvoker.java:969)
	at org.testng.internal.invokers.TestInvoker.invokeTestMethods(TestInvoker.java:194)
	at org.testng.internal.invokers.TestMethodWorker.invokeTestMethods(TestMethodWorker.java:148)
	at org.testng.internal.invokers.TestMethodWorker.run(TestMethodWorker.java:128)
	at java.base/java.util.ArrayList.forEach(ArrayList.java:1511)
	at org.testng.TestRunner.privateRun(TestRunner.java:829)
	at org.testng.TestRunner.run(TestRunner.java:602)
	at org.testng.SuiteRunner.runTest(SuiteRunner.java:437)
	at org.testng.SuiteRunner.runSequentially(SuiteRunner.java:431)
	at org.testng.SuiteRunner.privateRun(SuiteRunner.java:391)
	at org.testng.SuiteRunner.run(SuiteRunner.java:330)
	at org.testng.SuiteRunnerWorker.runSuite(SuiteRunnerWorker.java:52)
	at org.testng.SuiteRunnerWorker.run(SuiteRunnerWorker.java:95)
	at org.testng.TestNG.runSuitesSequentially(TestNG.java:1256)
	at org.testng.TestNG.runSuitesLocally(TestNG.java:1176)
	at org.testng.TestNG.runSuites(TestNG.java:1099)
	at org.testng.TestNG.run(TestNG.java:1067)
	at org.apache.maven.surefire.testng.TestNGExecutor.run(TestNGExecutor.java:308)
	at org.apache.maven.surefire.testng.TestNGXmlTestSuite.execute(TestNGXmlTestSuite.java:71)
	at org.apache.maven.surefire.testng.TestNGProvider.invoke(TestNGProvider.java:113)
	at org.apache.maven.surefire.booter.ForkedBooter.runSuitesInProcess(ForkedBooter.java:385)
	at org.apache.maven.surefire.booter.ForkedBooter.execute(ForkedBooter.java:162)
	at org.apache.maven.surefire.booter.ForkedBooter.run(ForkedBooter.java:507)
	at org.apache.maven.surefire.booter.ForkedBooter.main(ForkedBooter.java:495)
]]></system-err>
  </testcase>
  <testcase name="runScenario[&quot;Check if user able to update a patient with &quot;put_patient_invalid_endpoint&quot; endpoint and request body.&quot;, &quot;Optional[Putpatient.feature]&quot;](43)" classname="runners.TestRunner" time="0.628">
    <failure message="1 expectation failed.&#10;Expected status code &lt;404&gt; but was &lt;200&gt;.&#10;" type="java.lang.AssertionError"><![CDATA[java.lang.AssertionError: 
1 expectation failed.
Expected status code <404> but was <200>.

	at java.base/jdk.internal.reflect.NativeConstructorAccessorImpl.newInstance0(Native Method)
	at java.base/jdk.internal.reflect.NativeConstructorAccessorImpl.newInstance(NativeConstructorAccessorImpl.java:77)
	at java.base/jdk.internal.reflect.DelegatingConstructorAccessorImpl.newInstance(DelegatingConstructorAccessorImpl.java:45)
	at java.base/java.lang.reflect.Constructor.newInstanceWithCaller(Constructor.java:499)
	at java.base/java.lang.reflect.Constructor.newInstance(Constructor.java:480)
	at org.codehaus.groovy.reflection.CachedConstructor.invoke(CachedConstructor.java:73)
	at org.codehaus.groovy.runtime.callsite.ConstructorSite$ConstructorSiteNoUnwrapNoCoerce.callConstructor(ConstructorSite.java:108)
	at org.codehaus.groovy.runtime.callsite.AbstractCallSite.callConstructor(AbstractCallSite.java:277)
	at io.restassured.internal.ResponseSpecificationImpl$HamcrestAssertionClosure.validate(ResponseSpecificationImpl.groovy:512)
	at io.restassured.internal.ResponseSpecificationImpl$HamcrestAssertionClosure$validate$1.call(Unknown Source)
	at io.restassured.internal.ResponseSpecificationImpl.validateResponseIfRequired(ResponseSpecificationImpl.groovy:696)
	at io.restassured.internal.ResponseSpecificationImpl.this$2$validateResponseIfRequired(ResponseSpecificationImpl.groovy)
	at jdk.internal.reflect.GeneratedMethodAccessor165.invoke(Unknown Source)
	at java.base/jdk.internal.reflect.DelegatingMethodAccessorImpl.invoke(DelegatingMethodAccessorImpl.java:43)
	at java.base/java.lang.reflect.Method.invoke(Method.java:568)
	at org.codehaus.groovy.runtime.callsite.PlainObjectMetaMethodSite.doInvoke(PlainObjectMetaMethodSite.java:43)
	at org.codehaus.groovy.runtime.callsite.PogoMetaMethodSite$PogoCachedMethodSiteNoUnwrapNoCoerce.invoke(PogoMetaMethodSite.java:198)
	at org.codehaus.groovy.runtime.callsite.PogoMetaMethodSite.callCurrent(PogoMetaMethodSite.java:62)
	at org.codehaus.groovy.runtime.callsite.AbstractCallSite.callCurrent(AbstractCallSite.java:185)
	at io.restassured.internal.ResponseSpecificationImpl.statusCode(ResponseSpecificationImpl.groovy:135)
	at io.restassured.specification.ResponseSpecification$statusCode$0.callCurrent(Unknown Source)
	at io.restassured.internal.ResponseSpecificationImpl.statusCode(ResponseSpecificationImpl.groovy:143)
	at io.restassured.internal.ValidatableResponseOptionsImpl.statusCode(ValidatableResponseOptionsImpl.java:89)
	at stepdefinitions.PatientSteps.user_receives_response_for_put_patient_with(PatientSteps.java:412)
	at ✽.User receives response for Put patient "putpatient" with "put_patient_invalid_endpoint"(file:///C:/Users/rashm/eclipse-workspace/Team5-Rest-Athon/Team5-Rest-Athon-main/Team5-Rest-Athon/src/test/resources/features/Putpatient.feature:32)
]]></failure>
    <system-out><![CDATA[
@PutpatientModule
Scenario Outline: Check if user able to update a patient with "put_patient_invalid_endpoint" endpoint and request body.                   &amp#27;[90m# src/test/resources/features/Putpatient.feature:41&amp#27;[0m
sheetPathsrc/test/resources/data/testData.xlsx
sheetNamelogin
keydataKeyvaluelogin_valid_dietician
keyuserIdvalueangu.geetha@gmail.com
keypasswordvalueSong88
[INFO ] 2023-11-21 12:49:18.688 [main] LoggerLoad - Login Request: userId: angu.geetha@gmail.compassword: Song88
  &amp#27;[32mGiven &amp#27;[0m&amp#27;[32mUser creates POST Request for the login API.&amp#27;[0m                                                                                      &amp#27;[90m# stepdefinitions.LoginSteps.user_creates_post_request_for_the_login_api()&amp#27;[0m
Request method:	POST
Request URI:	https://dietician-dev-41d9a344a720.herokuapp.com/dietician/login
Proxy:			<none>
Request params:	<none>
Query params:	<none>
Form params:	<none>
Path params:	<none>
Headers:		Accept=*/*
				Content-Type=application/json
Cookies:		<none>
Multiparts:		<none>
Body:
{
    "userLoginEmail": "angu.geetha@gmail.com",
    "password": "Song88"
}
  &amp#27;[32mWhen &amp#27;[0m&amp#27;[32mUser sends HTTPS Request with valid credentials on the request Body.&amp#27;[0m                                                               &amp#27;[90m# stepdefinitions.LoginSteps.user_sends_https_request_with_valid_credentials_on_the_request_body()&amp#27;[0m
HTTP/1.1 200 
Server: Cowboy
Report-To: {"group":"heroku-nel","max_age":3600,"endpoints":[{"url":"https://nel.heroku.com/reports?ts=1700588958&sid=c46efe9b-d3d2-4a0c-8c76-bfafa16c5add&s=Jv1a67HPHqe3brUAg7gzJ2A3uNaN9SFReI%2BAir1dc9Y%3D"}]}
Reporting-Endpoints: heroku-nel=https://nel.heroku.com/reports?ts=1700588958&sid=c46efe9b-d3d2-4a0c-8c76-bfafa16c5add&s=Jv1a67HPHqe3brUAg7gzJ2A3uNaN9SFReI%2BAir1dc9Y%3D
Nel: {"report_to":"heroku-nel","max_age":3600,"success_fraction":0.005,"failure_fraction":0.05,"response_headers":["Via"]}
Connection: keep-alive
Vary: Origin
Vary: Access-Control-Request-Method
Vary: Access-Control-Request-Headers
X-Content-Type-Options: nosniff
X-Xss-Protection: 1; mode=block
Cache-Control: no-cache, no-store, max-age=0, must-revalidate
Pragma: no-cache
Expires: 0
Strict-Transport-Security: max-age=31536000 ; includeSubDomains
X-Frame-Options: DENY
Content-Type: application/json
Transfer-Encoding: chunked
Date: Tue, 21 Nov 2023 17:49:18 GMT
Via: 1.1 vegur

{
    "token": "eyJhbGciOiJIUzUxMiJ9.eyJzdWIiOiJhbmd1LmdlZXRoYUBnbWFpbC5jb20iLCJpYXQiOjE3MDA1ODg5NTgsImV4cCI6MTcwMDYxNzc1OH0.RJi0HzgPaG5vlE2z9eMuwMb_xeBEl1IY6Tjx1g4nhkK4pang1neihdvcgiznYpMlWRDgi5i5a4fCu7L9pr0MHg",
    "type": "Bearer ",
    "userId": 93,
    "loginUserEmail": "angu.geetha@gmail.com",
    "roles": [
        "ROLE_DIETICIAN"
    ]
}
HTTP/1.1 200 
Server: Cowboy
Report-To: {"group":"heroku-nel","max_age":3600,"endpoints":[{"url":"https://nel.heroku.com/reports?ts=1700588958&sid=c46efe9b-d3d2-4a0c-8c76-bfafa16c5add&s=Jv1a67HPHqe3brUAg7gzJ2A3uNaN9SFReI%2BAir1dc9Y%3D"}]}
Reporting-Endpoints: heroku-nel=https://nel.heroku.com/reports?ts=1700588958&sid=c46efe9b-d3d2-4a0c-8c76-bfafa16c5add&s=Jv1a67HPHqe3brUAg7gzJ2A3uNaN9SFReI%2BAir1dc9Y%3D
Nel: {"report_to":"heroku-nel","max_age":3600,"success_fraction":0.005,"failure_fraction":0.05,"response_headers":["Via"]}
Connection: keep-alive
Vary: Origin
Vary: Access-Control-Request-Method
Vary: Access-Control-Request-Headers
X-Content-Type-Options: nosniff
X-Xss-Protection: 1; mode=block
Cache-Control: no-cache, no-store, max-age=0, must-revalidate
Pragma: no-cache
Expires: 0
Strict-Transport-Security: max-age=31536000 ; includeSubDomains
X-Frame-Options: DENY
Content-Type: application/json
Transfer-Encoding: chunked
Date: Tue, 21 Nov 2023 17:49:18 GMT
Via: 1.1 vegur

{
    "token": "eyJhbGciOiJIUzUxMiJ9.eyJzdWIiOiJhbmd1LmdlZXRoYUBnbWFpbC5jb20iLCJpYXQiOjE3MDA1ODg5NTgsImV4cCI6MTcwMDYxNzc1OH0.RJi0HzgPaG5vlE2z9eMuwMb_xeBEl1IY6Tjx1g4nhkK4pang1neihdvcgiznYpMlWRDgi5i5a4fCu7L9pr0MHg",
    "type": "Bearer ",
    "userId": 93,
    "loginUserEmail": "angu.geetha@gmail.com",
    "roles": [
        "ROLE_DIETICIAN"
    ]
}
[INFO ] 2023-11-21 12:49:18.915 [main] LoggerLoad - Login POST successful
  &amp#27;[32mThen &amp#27;[0m&amp#27;[32mUser receives Status with response body containing token information.&amp#27;[0m                                                              &amp#27;[90m# stepdefinitions.LoginSteps.user_receives_status_with_response_body_containing_token_information()&amp#27;[0m
sheetPathsrc/test/resources/data/testData.xlsx
sheetNameputpatient
keydataKeyvalueput_patient_invalid_endpoint
keyfirstnamevaluejade
keylastnamevalueudans
keycontactnumbervalue7979797979
keyemailvalueudans@gmail.com
keyallergyvalueegg
keyfoodcatvalueVegan
keydobvalue1988-10-10
put paitient PostPatientRequest [FirstName=jade, LastName=udans, ContactNumber=7979797979, Email=udans@gmail.com, Allergy=egg, FoodCategory=Vegan, DateOfBirth=1988-10-10]
[INFO ] 2023-11-21 12:49:18.957 [main] LoggerLoad - PUT request created
  &amp#27;[32mGiven &amp#27;[0m&amp#27;[32mUser creates Put Request for the dietician/patient API endpoint with fields from &amp#27;[0m&amp#27;[32m&amp#27;[1m"putpatient"&amp#27;[0m&amp#27;[32m with &amp#27;[0m&amp#27;[32m&amp#27;[1m"put_patient_invalid_endpoint"&amp#27;[0m &amp#27;[90m# stepdefinitions.PatientSteps.user_creates_put_request_for_the_dietician_patient_api_endpoint_with_fields_from_with(java.lang.String,java.lang.String)&amp#27;[0m
[INFO ] 2023-11-21 12:49:18.957 [main] LoggerLoad - baseUrlhttps://dietician-dev-41d9a344a720.herokuapp.com/dietician
ResultingJSONstring = {"FirstName":"jade","LastName":"udans","ContactNumber":7979797979,"Email":"udans@gmail.com","Allergy":"egg","FoodCategory":"Vegan","DateOfBirth":"1988-10-10"}
Request method:	PUT
Request URI:	https://dietician-dev-41d9a344a720.herokuapp.com/dietician/patient/5343?patientInfo=%7B%22FirstName%22%3A%22jade%22%2C%22LastName%22%3A%22udans%22%2C%22ContactNumber%22%3A7979797979%2C%22Email%22%3A%22udans%40gmail.com%22%2C%22Allergy%22%3A%22egg%22%2C%22FoodCategory%22%3A%22Vegan%22%2C%22DateOfBirth%22%3A%221988-10-10%22%7D
Proxy:			<none>
Request params:	<none>
Query params:	patientInfo={"FirstName":"jade","LastName":"udans","ContactNumber":7979797979,"Email":"udans@gmail.com","Allergy":"egg","FoodCategory":"Vegan","DateOfBirth":"1988-10-10"}
Form params:	<none>
Path params:	<none>
Headers:		Authorization=Bearer eyJhbGciOiJIUzUxMiJ9.eyJzdWIiOiJhbmd1LmdlZXRoYUBnbWFpbC5jb20iLCJpYXQiOjE3MDA1ODg5NTgsImV4cCI6MTcwMDYxNzc1OH0.RJi0HzgPaG5vlE2z9eMuwMb_xeBEl1IY6Tjx1g4nhkK4pang1neihdvcgiznYpMlWRDgi5i5a4fCu7L9pr0MHg
				Accept=*/*
				Content-Type=multipart/form-data
Cookies:		<none>
Multiparts:		------------
				Content-Disposition: form-data; name = file; filename = Hypo Thyroid-Report.pdf
				Content-Type: application/octet-stream

				.\src\test\resources\Hypo Thyroid-Report.pdf
Body:			<none>
[INFO ] 2023-11-21 12:49:19.258 [main] LoggerLoad - Patient POST request sent
  &amp#27;[32mWhen &amp#27;[0m&amp#27;[32mUser sends HTTP Put patient Request &amp#27;[0m&amp#27;[32m&amp#27;[1m"put_patient_invalid_endpoint"&amp#27;[0m                                                                 &amp#27;[90m# stepdefinitions.PatientSteps.user_sends_http_put_patient_request(java.lang.String)&amp#27;[0m
HTTP/1.1 200 
Server: Cowboy
Report-To: {"group":"heroku-nel","max_age":3600,"endpoints":[{"url":"https://nel.heroku.com/reports?ts=1700588958&sid=c46efe9b-d3d2-4a0c-8c76-bfafa16c5add&s=Jv1a67HPHqe3brUAg7gzJ2A3uNaN9SFReI%2BAir1dc9Y%3D"}]}
Reporting-Endpoints: heroku-nel=https://nel.heroku.com/reports?ts=1700588958&sid=c46efe9b-d3d2-4a0c-8c76-bfafa16c5add&s=Jv1a67HPHqe3brUAg7gzJ2A3uNaN9SFReI%2BAir1dc9Y%3D
Nel: {"report_to":"heroku-nel","max_age":3600,"success_fraction":0.005,"failure_fraction":0.05,"response_headers":["Via"]}
Connection: keep-alive
Vary: Origin
Vary: Access-Control-Request-Method
Vary: Access-Control-Request-Headers
X-Content-Type-Options: nosniff
X-Xss-Protection: 1; mode=block
Cache-Control: no-cache, no-store, max-age=0, must-revalidate
Pragma: no-cache
Expires: 0
Strict-Transport-Security: max-age=31536000 ; includeSubDomains
X-Frame-Options: DENY
Content-Type: application/json
Transfer-Encoding: chunked
Date: Tue, 21 Nov 2023 17:49:18 GMT
Via: 1.1 vegur

{
    "patientId": 5343,
    "FirstName": "jade",
    "LastName": "udans",
    "ContactNumber": "7979797979",
    "Email": "udans@gmail.com",
    "Allergy": "egg",
    "FoodCategory": "Vegan",
    "FileMorbidity": {
        "655ccc47fa57dd184cbeaa20": {
            "T4": "1.22 µg/dl",
            "TSH": "100.0 mIU/L"
        },
        "655c37c7fa57dd184cbea40a": {
            "Average Glucose": "131.0 mg/dl",
            "HbA1c": "6.5 %"
        },
        "655ccc60fa57dd184cbeaa22": {
            "T4": "1.22 µg/dl",
            "TSH": "100.0 mIU/L"
        },
        "655ced9b9cc3984158e1935b": {
            "T4": "1.22 µg/dl",
            "TSH": "100.0 mIU/L"
        },
        "655ce90a9cc3984158e1931f": {
            "T4": "1.22 µg/dl",
            "TSH": "100.0 mIU/L"
        },
        "655ce9d79cc3984158e1932f": {
            "T4": "1.22 µg/dl",
            "TSH": "100.0 mIU/L"
        },
        "655ce8b39cc3984158e19311": {
            "T4": "1.22 µg/dl",
            "TSH": "100.0 mIU/L"
        },
        "655ce9109cc3984158e19325": {
            "T4": "1.22 µg/dl",
            "TSH": "100.0 mIU/L"
        },
        "655ced9b9cc3984158e1935d": {
            "T4": "1.22 µg/dl",
            "TSH": "100.0 mIU/L"
        },
        "655ce90e9cc3984158e19323": {
            "T4": "1.22 µg/dl",
            "TSH": "100.0 mIU/L"
        },
        "655ce9db9cc3984158e19333": {
            "T4": "1.22 µg/dl",
            "TSH": "100.0 mIU/L"
        },
        "655c4a45fa57dd184cbea60a": {
            "T4": "1.22 µg/dl",
            "TSH": "100.0 mIU/L"
        },
        "655c37dbfa57dd184cbea412": {
            "T4": "1.22 µg/dl",
            "TSH": "100.0 mIU/L"
        },
        "655caf4cfa57dd184cbea8c0": {
            "T4": "1.22 µg/dl",
            "TSH": "100.0 mIU/L"
        },
        "655cea739cc3984158e19337": {
            "T4": "1.22 µg/dl",
            "TSH": "100.0 mIU/L"
        },
        "655cea779cc3984158e1933b": {
            "T4": "1.22 µg/dl",
            "TSH": "100.0 mIU/L"
        },
        "655c37d9fa57dd184cbea410": {
            "T4": "1.22 µg/dl",
            "TSH": "100.0 mIU/L"
        },
        "655caf50fa57dd184cbea8c4": {
            "T4": "1.22 µg/dl",
            "TSH": "100.0 mIU/L"
        },
        "655ce9da9cc3984158e19331": {
            "T4": "1.22 µg/dl",
            "TSH": "100.0 mIU/L"
        },
        "655ce9d69cc3984158e1932d": {
            "T4": "1.22 µg/dl",
            "TSH": "100.0 mIU/L"
        },
        "655ccc16fa57dd184cbeaa18": {
            "T4": "1.22 µg/dl",
            "TSH": "100.0 mIU/L"
        },
        "655ccc0afa57dd184cbeaa16": {
            "T4": "1.22 µg/dl",
            "TSH": "100.0 mIU/L"
        },
        "655ced9e9cc3984158e1935f": {
            "T4": "1.22 µg/dl",
            "TSH": "100.0 mIU/L"
        },
        "655ce8b89cc3984158e19317": {
            "T4": "1.22 µg/dl",
            "TSH": "100.0 mIU/L"
        },
        "655ce8b69cc3984158e19315": {
            "T4": "1.22 µg/dl",
            "TSH": "100.0 mIU/L"
        },
        "655ce90b9cc3984158e19321": {
            "T4": "1.22 µg/dl",
            "TSH": "100.0 mIU/L"
        },
        "655ce8b49cc3984158e19313": {
            "T4": "1.22 µg/dl",
            "TSH": "100.0 mIU/L"
        },
        "655c4a42fa57dd184cbea606": {
            "T4": "1.22 µg/dl",
            "TSH": "100.0 mIU/L"
        },
        "655c4a46fa57dd184cbea60c": {
            "T4": "1.22 µg/dl",
            "TSH": "100.0 mIU/L"
        },
        "655c4a42fa57dd184cbea608": {
            "T4": "1.22 µg/dl",
            "TSH": "100.0 mIU/L"
        },
        "655c37dcfa57dd184cbea414": {
            "T4": "1.22 µg/dl",
            "TSH": "100.0 mIU/L"
        },
        "655caf4bfa57dd184cbea8be": {
            "T4": "1.22 µg/dl",
            "TSH": "100.0 mIU/L"
        },
        "655cea769cc3984158e19339": {
            "T4": "1.22 µg/dl",
            "TSH": "100.0 mIU/L"
        },
        "655c37d8fa57dd184cbea40c": {
            "T4": "1.22 µg/dl",
            "TSH": "100.0 mIU/L"
        },
        "655caf4ffa57dd184cbea8c2": {
            "T4": "1.22 µg/dl",
            "TSH": "100.0 mIU/L"
        },
        "655cea729cc3984158e19335": {
            "T4": "1.22 µg/dl",
            "TSH": "100.0 mIU/L"
        }
    },
    "FileMorbidityCondition": {
        "655ccc47fa57dd184cbeaa20": "Thyroid: Hypothyroidism \n",
        "655c37c7fa57dd184cbea40a": "Prediabetic \n",
        "655ccc60fa57dd184cbeaa22": "Thyroid: Hypothyroidism \n",
        "655ced9b9cc3984158e1935b": "Thyroid: Hypothyroidism \n",
        "655ce90a9cc3984158e1931f": "Thyroid: Hypothyroidism \n",
        "655ce9d79cc3984158e1932f": "Thyroid: Hypothyroidism \n",
        "655ce8b39cc3984158e19311": "Thyroid: Hypothyroidism \n",
        "655ce9109cc3984158e19325": "Thyroid: Hypothyroidism \n",
        "655ced9b9cc3984158e1935d": "Thyroid: Hypothyroidism \n",
        "655ce90e9cc3984158e19323": "Thyroid: Hypothyroidism \n",
        "655ce9db9cc3984158e19333": "Thyroid: Hypothyroidism \n",
        "655c4a45fa57dd184cbea60a": "Thyroid: Hypothyroidism \n",
        "655c37dbfa57dd184cbea412": "Thyroid: Hypothyroidism \n",
        "655caf4cfa57dd184cbea8c0": "Thyroid: Hypothyroidism \n",
        "655cea739cc3984158e19337": "Thyroid: Hypothyroidism \n",
        "655cea779cc3984158e1933b": "Thyroid: Hypothyroidism \n",
        "655c37d9fa57dd184cbea410": "Thyroid: Hypothyroidism \n",
        "655caf50fa57dd184cbea8c4": "Thyroid: Hypothyroidism \n",
        "655ce9da9cc3984158e19331": "Thyroid: Hypothyroidism \n",
        "655ce9d69cc3984158e1932d": "Thyroid: Hypothyroidism \n",
        "655ccc16fa57dd184cbeaa18": "Thyroid: Hypothyroidism \n",
        "655ccc0afa57dd184cbeaa16": "Thyroid: Hypothyroidism \n",
        "655ced9e9cc3984158e1935f": "Thyroid: Hypothyroidism \n",
        "655ce8b89cc3984158e19317": "Thyroid: Hypothyroidism \n",
        "655ce8b69cc3984158e19315": "Thyroid: Hypothyroidism \n",
        "655ce90b9cc3984158e19321": "Thyroid: Hypothyroidism \n",
        "655ce8b49cc3984158e19313": "Thyroid: Hypothyroidism \n",
        "655c4a42fa57dd184cbea606": "Thyroid: Hypothyroidism \n",
        "655c4a46fa57dd184cbea60c": "Thyroid: Hypothyroidism \n",
        "655c4a42fa57dd184cbea608": "Thyroid: Hypothyroidism \n",
        "655c37dcfa57dd184cbea414": "Thyroid: Hypothyroidism \n",
        "655caf4bfa57dd184cbea8be": "Thyroid: Hypothyroidism \n",
        "655cea769cc3984158e19339": "Thyroid: Hypothyroidism \n",
        "655c37d8fa57dd184cbea40c": "Thyroid: Hypothyroidism \n",
        "655caf4ffa57dd184cbea8c2": "Thyroid: Hypothyroidism \n",
        "655cea729cc3984158e19335": "Thyroid: Hypothyroidism \n"
    },
    "DateOfBirth": "1988-10-10T00:00:00.000+00:00",
    "DieticianId": 93
}
  &amp#27;[31mThen &amp#27;[0m&amp#27;[31mUser receives response for Put patient &amp#27;[0m&amp#27;[31m&amp#27;[1m"putpatient"&amp#27;[0m&amp#27;[31m with &amp#27;[0m&amp#27;[31m&amp#27;[1m"put_patient_invalid_endpoint"&amp#27;[0m                                            &amp#27;[90m# stepdefinitions.PatientSteps.user_receives_response_for_put_patient_with(java.lang.String,java.lang.String)&amp#27;[0m
      &amp#27;[31mjava.lang.AssertionError: 1 expectation failed.
Expected status code <404> but was <200>.

	at java.base/jdk.internal.reflect.NativeConstructorAccessorImpl.newInstance0(Native Method)
	at java.base/jdk.internal.reflect.NativeConstructorAccessorImpl.newInstance(NativeConstructorAccessorImpl.java:77)
	at java.base/jdk.internal.reflect.DelegatingConstructorAccessorImpl.newInstance(DelegatingConstructorAccessorImpl.java:45)
	at java.base/java.lang.reflect.Constructor.newInstanceWithCaller(Constructor.java:499)
	at java.base/java.lang.reflect.Constructor.newInstance(Constructor.java:480)
	at org.codehaus.groovy.reflection.CachedConstructor.invoke(CachedConstructor.java:73)
	at org.codehaus.groovy.runtime.callsite.ConstructorSite$ConstructorSiteNoUnwrapNoCoerce.callConstructor(ConstructorSite.java:108)
	at org.codehaus.groovy.runtime.callsite.AbstractCallSite.callConstructor(AbstractCallSite.java:277)
	at io.restassured.internal.ResponseSpecificationImpl$HamcrestAssertionClosure.validate(ResponseSpecificationImpl.groovy:512)
	at io.restassured.internal.ResponseSpecificationImpl$HamcrestAssertionClosure$validate$1.call(Unknown Source)
	at io.restassured.internal.ResponseSpecificationImpl.validateResponseIfRequired(ResponseSpecificationImpl.groovy:696)
	at io.restassured.internal.ResponseSpecificationImpl.this$2$validateResponseIfRequired(ResponseSpecificationImpl.groovy)
	at jdk.internal.reflect.GeneratedMethodAccessor165.invoke(Unknown Source)
	at java.base/jdk.internal.reflect.DelegatingMethodAccessorImpl.invoke(DelegatingMethodAccessorImpl.java:43)
	at java.base/java.lang.reflect.Method.invoke(Method.java:568)
	at org.codehaus.groovy.runtime.callsite.PlainObjectMetaMethodSite.doInvoke(PlainObjectMetaMethodSite.java:43)
	at org.codehaus.groovy.runtime.callsite.PogoMetaMethodSite$PogoCachedMethodSiteNoUnwrapNoCoerce.invoke(PogoMetaMethodSite.java:198)
	at org.codehaus.groovy.runtime.callsite.PogoMetaMethodSite.callCurrent(PogoMetaMethodSite.java:62)
	at org.codehaus.groovy.runtime.callsite.AbstractCallSite.callCurrent(AbstractCallSite.java:185)
	at io.restassured.internal.ResponseSpecificationImpl.statusCode(ResponseSpecificationImpl.groovy:135)
	at io.restassured.specification.ResponseSpecification$statusCode$0.callCurrent(Unknown Source)
	at io.restassured.internal.ResponseSpecificationImpl.statusCode(ResponseSpecificationImpl.groovy:143)
	at io.restassured.internal.ValidatableResponseOptionsImpl.statusCode(ValidatableResponseOptionsImpl.java:89)
	at stepdefinitions.PatientSteps.user_receives_response_for_put_patient_with(PatientSteps.java:412)
	at âœ½.User receives response for Put patient "putpatient" with "put_patient_invalid_endpoint"(file:///C:/Users/rashm/eclipse-workspace/Team5-Rest-Athon/Team5-Rest-Athon-main/Team5-Rest-Athon/src/test/resources/features/Putpatient.feature:32)
&amp#27;[0m
]]></system-out>
  </testcase>
  <testcase name="runScenario[&quot;Check if user able to update a patient with &quot;put_patient_invalid_token&quot; endpoint and request body.&quot;, &quot;Optional[Putpatient.feature]&quot;](44)" classname="runners.TestRunner" time="0.565">
    <system-out><![CDATA[
@PutpatientModule
Scenario Outline: Check if user able to update a patient with "put_patient_invalid_token" endpoint and request body.                   &amp#27;[90m# src/test/resources/features/Putpatient.feature:42&amp#27;[0m
sheetPathsrc/test/resources/data/testData.xlsx
sheetNamelogin
keydataKeyvaluelogin_valid_dietician
keyuserIdvalueangu.geetha@gmail.com
keypasswordvalueSong88
[INFO ] 2023-11-21 12:49:19.322 [main] LoggerLoad - Login Request: userId: angu.geetha@gmail.compassword: Song88
  &amp#27;[32mGiven &amp#27;[0m&amp#27;[32mUser creates POST Request for the login API.&amp#27;[0m                                                                                   &amp#27;[90m# stepdefinitions.LoginSteps.user_creates_post_request_for_the_login_api()&amp#27;[0m
Request method:	POST
Request URI:	https://dietician-dev-41d9a344a720.herokuapp.com/dietician/login
Proxy:			<none>
Request params:	<none>
Query params:	<none>
Form params:	<none>
Path params:	<none>
Headers:		Accept=*/*
				Content-Type=application/json
Cookies:		<none>
Multiparts:		<none>
Body:
{
    "userLoginEmail": "angu.geetha@gmail.com",
    "password": "Song88"
}
  &amp#27;[32mWhen &amp#27;[0m&amp#27;[32mUser sends HTTPS Request with valid credentials on the request Body.&amp#27;[0m                                                            &amp#27;[90m# stepdefinitions.LoginSteps.user_sends_https_request_with_valid_credentials_on_the_request_body()&amp#27;[0m
HTTP/1.1 200 
Server: Cowboy
Report-To: {"group":"heroku-nel","max_age":3600,"endpoints":[{"url":"https://nel.heroku.com/reports?ts=1700588959&sid=c46efe9b-d3d2-4a0c-8c76-bfafa16c5add&s=x3ElR8ve34MrnFiDmbEJS5hL1%2BwZyigx1Oxlykh4oK8%3D"}]}
Reporting-Endpoints: heroku-nel=https://nel.heroku.com/reports?ts=1700588959&sid=c46efe9b-d3d2-4a0c-8c76-bfafa16c5add&s=x3ElR8ve34MrnFiDmbEJS5hL1%2BwZyigx1Oxlykh4oK8%3D
Nel: {"report_to":"heroku-nel","max_age":3600,"success_fraction":0.005,"failure_fraction":0.05,"response_headers":["Via"]}
Connection: keep-alive
Vary: Origin
Vary: Access-Control-Request-Method
Vary: Access-Control-Request-Headers
X-Content-Type-Options: nosniff
X-Xss-Protection: 1; mode=block
Cache-Control: no-cache, no-store, max-age=0, must-revalidate
Pragma: no-cache
Expires: 0
Strict-Transport-Security: max-age=31536000 ; includeSubDomains
X-Frame-Options: DENY
Content-Type: application/json
Transfer-Encoding: chunked
Date: Tue, 21 Nov 2023 17:49:18 GMT
Via: 1.1 vegur

{
    "token": "eyJhbGciOiJIUzUxMiJ9.eyJzdWIiOiJhbmd1LmdlZXRoYUBnbWFpbC5jb20iLCJpYXQiOjE3MDA1ODg5NTksImV4cCI6MTcwMDYxNzc1OX0.h_k67QFGLXkZrW6poXY9drVj1TD3j7fc5bAG4_uTXBlVGUW6ELMADZhUk-QG2H3KxNwh_-WT8xhHIe-ymw_DiQ",
    "type": "Bearer ",
    "userId": 93,
    "loginUserEmail": "angu.geetha@gmail.com",
    "roles": [
        "ROLE_DIETICIAN"
    ]
}
HTTP/1.1 200 
Server: Cowboy
Report-To: {"group":"heroku-nel","max_age":3600,"endpoints":[{"url":"https://nel.heroku.com/reports?ts=1700588959&sid=c46efe9b-d3d2-4a0c-8c76-bfafa16c5add&s=x3ElR8ve34MrnFiDmbEJS5hL1%2BwZyigx1Oxlykh4oK8%3D"}]}
Reporting-Endpoints: heroku-nel=https://nel.heroku.com/reports?ts=1700588959&sid=c46efe9b-d3d2-4a0c-8c76-bfafa16c5add&s=x3ElR8ve34MrnFiDmbEJS5hL1%2BwZyigx1Oxlykh4oK8%3D
Nel: {"report_to":"heroku-nel","max_age":3600,"success_fraction":0.005,"failure_fraction":0.05,"response_headers":["Via"]}
Connection: keep-alive
Vary: Origin
Vary: Access-Control-Request-Method
Vary: Access-Control-Request-Headers
X-Content-Type-Options: nosniff
X-Xss-Protection: 1; mode=block
Cache-Control: no-cache, no-store, max-age=0, must-revalidate
Pragma: no-cache
Expires: 0
Strict-Transport-Security: max-age=31536000 ; includeSubDomains
X-Frame-Options: DENY
Content-Type: application/json
Transfer-Encoding: chunked
Date: Tue, 21 Nov 2023 17:49:18 GMT
Via: 1.1 vegur

{
    "token": "eyJhbGciOiJIUzUxMiJ9.eyJzdWIiOiJhbmd1LmdlZXRoYUBnbWFpbC5jb20iLCJpYXQiOjE3MDA1ODg5NTksImV4cCI6MTcwMDYxNzc1OX0.h_k67QFGLXkZrW6poXY9drVj1TD3j7fc5bAG4_uTXBlVGUW6ELMADZhUk-QG2H3KxNwh_-WT8xhHIe-ymw_DiQ",
    "type": "Bearer ",
    "userId": 93,
    "loginUserEmail": "angu.geetha@gmail.com",
    "roles": [
        "ROLE_DIETICIAN"
    ]
}
[INFO ] 2023-11-21 12:49:19.550 [main] LoggerLoad - Login POST successful
  &amp#27;[32mThen &amp#27;[0m&amp#27;[32mUser receives Status with response body containing token information.&amp#27;[0m                                                           &amp#27;[90m# stepdefinitions.LoginSteps.user_receives_status_with_response_body_containing_token_information()&amp#27;[0m
sheetPathsrc/test/resources/data/testData.xlsx
sheetNameputpatient
keydataKeyvalueput_patient_invalid_token
keyfirstnamevaluejade
keylastnamevalueudans
keycontactnumbervalue7979797979
keyemailvalueudans@gmail.com
keyallergyvalueegg
keyfoodcatvalueVegan
keydobvalue1988-10-10
put paitient PostPatientRequest [FirstName=jade, LastName=udans, ContactNumber=7979797979, Email=udans@gmail.com, Allergy=egg, FoodCategory=Vegan, DateOfBirth=1988-10-10]
[INFO ] 2023-11-21 12:49:19.578 [main] LoggerLoad - PUT request created
  &amp#27;[32mGiven &amp#27;[0m&amp#27;[32mUser creates Put Request for the dietician/patient API endpoint with fields from &amp#27;[0m&amp#27;[32m&amp#27;[1m"putpatient"&amp#27;[0m&amp#27;[32m with &amp#27;[0m&amp#27;[32m&amp#27;[1m"put_patient_invalid_token"&amp#27;[0m &amp#27;[90m# stepdefinitions.PatientSteps.user_creates_put_request_for_the_dietician_patient_api_endpoint_with_fields_from_with(java.lang.String,java.lang.String)&amp#27;[0m
[INFO ] 2023-11-21 12:49:19.580 [main] LoggerLoad - baseUrlhttps://dietician-dev-41d9a344a720.herokuapp.com/dietician
ResultingJSONstring = {"FirstName":"jade","LastName":"udans","ContactNumber":7979797979,"Email":"udans@gmail.com","Allergy":"egg","FoodCategory":"Vegan","DateOfBirth":"1988-10-10"}
Request method:	PUT
Request URI:	https://dietician-dev-41d9a344a720.herokuapp.com/dietician/patient/5343?patientInfo=%7B%22FirstName%22%3A%22jade%22%2C%22LastName%22%3A%22udans%22%2C%22ContactNumber%22%3A7979797979%2C%22Email%22%3A%22udans%40gmail.com%22%2C%22Allergy%22%3A%22egg%22%2C%22FoodCategory%22%3A%22Vegan%22%2C%22DateOfBirth%22%3A%221988-10-10%22%7D
Proxy:			<none>
Request params:	<none>
Query params:	patientInfo={"FirstName":"jade","LastName":"udans","ContactNumber":7979797979,"Email":"udans@gmail.com","Allergy":"egg","FoodCategory":"Vegan","DateOfBirth":"1988-10-10"}
Form params:	<none>
Path params:	<none>
Headers:		Authorization=Bearer invalidtoken!!!
				Accept=*/*
				Content-Type=multipart/form-data
Cookies:		<none>
Multiparts:		------------
				Content-Disposition: form-data; name = file; filename = Hypo Thyroid-Report.pdf
				Content-Type: application/octet-stream

				.\src\test\resources\Hypo Thyroid-Report.pdf
Body:			<none>
[INFO ] 2023-11-21 12:49:19.826 [main] LoggerLoad - Patient POST request sent
  &amp#27;[32mWhen &amp#27;[0m&amp#27;[32mUser sends HTTP Put patient Request &amp#27;[0m&amp#27;[32m&amp#27;[1m"put_patient_invalid_token"&amp#27;[0m                                                                 &amp#27;[90m# stepdefinitions.PatientSteps.user_sends_http_put_patient_request(java.lang.String)&amp#27;[0m
HTTP/1.1 401 
Server: Cowboy
Report-To: {"group":"heroku-nel","max_age":3600,"endpoints":[{"url":"https://nel.heroku.com/reports?ts=1700588959&sid=c46efe9b-d3d2-4a0c-8c76-bfafa16c5add&s=x3ElR8ve34MrnFiDmbEJS5hL1%2BwZyigx1Oxlykh4oK8%3D"}]}
Reporting-Endpoints: heroku-nel=https://nel.heroku.com/reports?ts=1700588959&sid=c46efe9b-d3d2-4a0c-8c76-bfafa16c5add&s=x3ElR8ve34MrnFiDmbEJS5hL1%2BwZyigx1Oxlykh4oK8%3D
Nel: {"report_to":"heroku-nel","max_age":3600,"success_fraction":0.005,"failure_fraction":0.05,"response_headers":["Via"]}
Connection: keep-alive
Vary: Origin
Vary: Access-Control-Request-Method
Vary: Access-Control-Request-Headers
X-Content-Type-Options: nosniff
X-Xss-Protection: 1; mode=block
Cache-Control: no-cache, no-store, max-age=0, must-revalidate
Pragma: no-cache
Expires: 0
Strict-Transport-Security: max-age=31536000 ; includeSubDomains
X-Frame-Options: DENY
Content-Type: application/json
Transfer-Encoding: chunked
Date: Tue, 21 Nov 2023 17:49:19 GMT
Via: 1.1 vegur

{
    "timestamp": "2023-11-21T17:49:19.477+00:00",
    "status": 401,
    "error": "Unauthorized",
    "path": "/dietician/patient/5343"
}
  &amp#27;[32mThen &amp#27;[0m&amp#27;[32mUser receives response for Put patient &amp#27;[0m&amp#27;[32m&amp#27;[1m"putpatient"&amp#27;[0m&amp#27;[32m with &amp#27;[0m&amp#27;[32m&amp#27;[1m"put_patient_invalid_token"&amp#27;[0m                                            &amp#27;[90m# stepdefinitions.PatientSteps.user_receives_response_for_put_patient_with(java.lang.String,java.lang.String)&amp#27;[0m
]]></system-out>
  </testcase>
  <testcase name="runScenario[&quot;Check if user able to update a patient with &quot;put_patient_patient_token&quot; endpoint and request body.&quot;, &quot;Optional[Putpatient.feature]&quot;](45)" classname="runners.TestRunner" time="0.643">
    <failure message="1 expectation failed.&#10;Expected status code &lt;403&gt; but was &lt;200&gt;.&#10;" type="java.lang.AssertionError"><![CDATA[java.lang.AssertionError: 
1 expectation failed.
Expected status code <403> but was <200>.

	at java.base/jdk.internal.reflect.NativeConstructorAccessorImpl.newInstance0(Native Method)
	at java.base/jdk.internal.reflect.NativeConstructorAccessorImpl.newInstance(NativeConstructorAccessorImpl.java:77)
	at java.base/jdk.internal.reflect.DelegatingConstructorAccessorImpl.newInstance(DelegatingConstructorAccessorImpl.java:45)
	at java.base/java.lang.reflect.Constructor.newInstanceWithCaller(Constructor.java:499)
	at java.base/java.lang.reflect.Constructor.newInstance(Constructor.java:480)
	at org.codehaus.groovy.reflection.CachedConstructor.invoke(CachedConstructor.java:73)
	at org.codehaus.groovy.runtime.callsite.ConstructorSite$ConstructorSiteNoUnwrapNoCoerce.callConstructor(ConstructorSite.java:108)
	at org.codehaus.groovy.runtime.callsite.AbstractCallSite.callConstructor(AbstractCallSite.java:277)
	at io.restassured.internal.ResponseSpecificationImpl$HamcrestAssertionClosure.validate(ResponseSpecificationImpl.groovy:512)
	at io.restassured.internal.ResponseSpecificationImpl$HamcrestAssertionClosure$validate$1.call(Unknown Source)
	at io.restassured.internal.ResponseSpecificationImpl.validateResponseIfRequired(ResponseSpecificationImpl.groovy:696)
	at io.restassured.internal.ResponseSpecificationImpl.this$2$validateResponseIfRequired(ResponseSpecificationImpl.groovy)
	at jdk.internal.reflect.GeneratedMethodAccessor165.invoke(Unknown Source)
	at java.base/jdk.internal.reflect.DelegatingMethodAccessorImpl.invoke(DelegatingMethodAccessorImpl.java:43)
	at java.base/java.lang.reflect.Method.invoke(Method.java:568)
	at org.codehaus.groovy.runtime.callsite.PlainObjectMetaMethodSite.doInvoke(PlainObjectMetaMethodSite.java:43)
	at org.codehaus.groovy.runtime.callsite.PogoMetaMethodSite$PogoCachedMethodSiteNoUnwrapNoCoerce.invoke(PogoMetaMethodSite.java:198)
	at org.codehaus.groovy.runtime.callsite.PogoMetaMethodSite.callCurrent(PogoMetaMethodSite.java:62)
	at org.codehaus.groovy.runtime.callsite.AbstractCallSite.callCurrent(AbstractCallSite.java:185)
	at io.restassured.internal.ResponseSpecificationImpl.statusCode(ResponseSpecificationImpl.groovy:135)
	at io.restassured.specification.ResponseSpecification$statusCode$0.callCurrent(Unknown Source)
	at io.restassured.internal.ResponseSpecificationImpl.statusCode(ResponseSpecificationImpl.groovy:143)
	at io.restassured.internal.ValidatableResponseOptionsImpl.statusCode(ValidatableResponseOptionsImpl.java:89)
	at stepdefinitions.PatientSteps.user_receives_response_for_put_patient_with(PatientSteps.java:437)
	at ✽.User receives response for Put patient "putpatient" with "put_patient_patient_token"(file:///C:/Users/rashm/eclipse-workspace/Team5-Rest-Athon/Team5-Rest-Athon-main/Team5-Rest-Athon/src/test/resources/features/Putpatient.feature:32)
]]></failure>
    <system-out><![CDATA[
@PutpatientModule
Scenario Outline: Check if user able to update a patient with "put_patient_patient_token" endpoint and request body.                   &amp#27;[90m# src/test/resources/features/Putpatient.feature:43&amp#27;[0m
sheetPathsrc/test/resources/data/testData.xlsx
sheetNamelogin
keydataKeyvaluelogin_valid_dietician
keyuserIdvalueangu.geetha@gmail.com
keypasswordvalueSong88
[INFO ] 2023-11-21 12:49:19.904 [main] LoggerLoad - Login Request: userId: angu.geetha@gmail.compassword: Song88
  &amp#27;[32mGiven &amp#27;[0m&amp#27;[32mUser creates POST Request for the login API.&amp#27;[0m                                                                                   &amp#27;[90m# stepdefinitions.LoginSteps.user_creates_post_request_for_the_login_api()&amp#27;[0m
Request method:	POST
Request URI:	https://dietician-dev-41d9a344a720.herokuapp.com/dietician/login
Proxy:			<none>
Request params:	<none>
Query params:	<none>
Form params:	<none>
Path params:	<none>
Headers:		Accept=*/*
				Content-Type=application/json
Cookies:		<none>
Multiparts:		<none>
Body:
{
    "userLoginEmail": "angu.geetha@gmail.com",
    "password": "Song88"
}
  &amp#27;[32mWhen &amp#27;[0m&amp#27;[32mUser sends HTTPS Request with valid credentials on the request Body.&amp#27;[0m                                                            &amp#27;[90m# stepdefinitions.LoginSteps.user_sends_https_request_with_valid_credentials_on_the_request_body()&amp#27;[0m
HTTP/1.1 200 
Server: Cowboy
Report-To: {"group":"heroku-nel","max_age":3600,"endpoints":[{"url":"https://nel.heroku.com/reports?ts=1700588959&sid=c46efe9b-d3d2-4a0c-8c76-bfafa16c5add&s=x3ElR8ve34MrnFiDmbEJS5hL1%2BwZyigx1Oxlykh4oK8%3D"}]}
Reporting-Endpoints: heroku-nel=https://nel.heroku.com/reports?ts=1700588959&sid=c46efe9b-d3d2-4a0c-8c76-bfafa16c5add&s=x3ElR8ve34MrnFiDmbEJS5hL1%2BwZyigx1Oxlykh4oK8%3D
Nel: {"report_to":"heroku-nel","max_age":3600,"success_fraction":0.005,"failure_fraction":0.05,"response_headers":["Via"]}
Connection: keep-alive
Vary: Origin
Vary: Access-Control-Request-Method
Vary: Access-Control-Request-Headers
X-Content-Type-Options: nosniff
X-Xss-Protection: 1; mode=block
Cache-Control: no-cache, no-store, max-age=0, must-revalidate
Pragma: no-cache
Expires: 0
Strict-Transport-Security: max-age=31536000 ; includeSubDomains
X-Frame-Options: DENY
Content-Type: application/json
Transfer-Encoding: chunked
Date: Tue, 21 Nov 2023 17:49:19 GMT
Via: 1.1 vegur

{
    "token": "eyJhbGciOiJIUzUxMiJ9.eyJzdWIiOiJhbmd1LmdlZXRoYUBnbWFpbC5jb20iLCJpYXQiOjE3MDA1ODg5NTksImV4cCI6MTcwMDYxNzc1OX0.h_k67QFGLXkZrW6poXY9drVj1TD3j7fc5bAG4_uTXBlVGUW6ELMADZhUk-QG2H3KxNwh_-WT8xhHIe-ymw_DiQ",
    "type": "Bearer ",
    "userId": 93,
    "loginUserEmail": "angu.geetha@gmail.com",
    "roles": [
        "ROLE_DIETICIAN"
    ]
}
HTTP/1.1 200 
Server: Cowboy
Report-To: {"group":"heroku-nel","max_age":3600,"endpoints":[{"url":"https://nel.heroku.com/reports?ts=1700588959&sid=c46efe9b-d3d2-4a0c-8c76-bfafa16c5add&s=x3ElR8ve34MrnFiDmbEJS5hL1%2BwZyigx1Oxlykh4oK8%3D"}]}
Reporting-Endpoints: heroku-nel=https://nel.heroku.com/reports?ts=1700588959&sid=c46efe9b-d3d2-4a0c-8c76-bfafa16c5add&s=x3ElR8ve34MrnFiDmbEJS5hL1%2BwZyigx1Oxlykh4oK8%3D
Nel: {"report_to":"heroku-nel","max_age":3600,"success_fraction":0.005,"failure_fraction":0.05,"response_headers":["Via"]}
Connection: keep-alive
Vary: Origin
Vary: Access-Control-Request-Method
Vary: Access-Control-Request-Headers
X-Content-Type-Options: nosniff
X-Xss-Protection: 1; mode=block
Cache-Control: no-cache, no-store, max-age=0, must-revalidate
Pragma: no-cache
Expires: 0
Strict-Transport-Security: max-age=31536000 ; includeSubDomains
X-Frame-Options: DENY
Content-Type: application/json
Transfer-Encoding: chunked
Date: Tue, 21 Nov 2023 17:49:19 GMT
Via: 1.1 vegur

{
    "token": "eyJhbGciOiJIUzUxMiJ9.eyJzdWIiOiJhbmd1LmdlZXRoYUBnbWFpbC5jb20iLCJpYXQiOjE3MDA1ODg5NTksImV4cCI6MTcwMDYxNzc1OX0.h_k67QFGLXkZrW6poXY9drVj1TD3j7fc5bAG4_uTXBlVGUW6ELMADZhUk-QG2H3KxNwh_-WT8xhHIe-ymw_DiQ",
    "type": "Bearer ",
    "userId": 93,
    "loginUserEmail": "angu.geetha@gmail.com",
    "roles": [
        "ROLE_DIETICIAN"
    ]
}
[INFO ] 2023-11-21 12:49:20.121 [main] LoggerLoad - Login POST successful
  &amp#27;[32mThen &amp#27;[0m&amp#27;[32mUser receives Status with response body containing token information.&amp#27;[0m                                                           &amp#27;[90m# stepdefinitions.LoginSteps.user_receives_status_with_response_body_containing_token_information()&amp#27;[0m
sheetPathsrc/test/resources/data/testData.xlsx
sheetNameputpatient
keydataKeyvalueput_patient_patient_token
keyfirstnamevaluejade
keylastnamevalueudans
keycontactnumbervalue7979797979
keyemailvalueudans@gmail.com
keyallergyvalueegg
keyfoodcatvalueVegan
keydobvalue1988-10-10
put paitient PostPatientRequest [FirstName=jade, LastName=udans, ContactNumber=7979797979, Email=udans@gmail.com, Allergy=egg, FoodCategory=Vegan, DateOfBirth=1988-10-10]
[INFO ] 2023-11-21 12:49:20.165 [main] LoggerLoad - PUT request created
  &amp#27;[32mGiven &amp#27;[0m&amp#27;[32mUser creates Put Request for the dietician/patient API endpoint with fields from &amp#27;[0m&amp#27;[32m&amp#27;[1m"putpatient"&amp#27;[0m&amp#27;[32m with &amp#27;[0m&amp#27;[32m&amp#27;[1m"put_patient_patient_token"&amp#27;[0m &amp#27;[90m# stepdefinitions.PatientSteps.user_creates_put_request_for_the_dietician_patient_api_endpoint_with_fields_from_with(java.lang.String,java.lang.String)&amp#27;[0m
[INFO ] 2023-11-21 12:49:20.169 [main] LoggerLoad - baseUrlhttps://dietician-dev-41d9a344a720.herokuapp.com/dietician
ResultingJSONstring = {"FirstName":"jade","LastName":"udans","ContactNumber":7979797979,"Email":"udans@gmail.com","Allergy":"egg","FoodCategory":"Vegan","DateOfBirth":"1988-10-10"}
Request method:	PUT
Request URI:	https://dietician-dev-41d9a344a720.herokuapp.com/dietician/patient/5343?patientInfo=%7B%22FirstName%22%3A%22jade%22%2C%22LastName%22%3A%22udans%22%2C%22ContactNumber%22%3A7979797979%2C%22Email%22%3A%22udans%40gmail.com%22%2C%22Allergy%22%3A%22egg%22%2C%22FoodCategory%22%3A%22Vegan%22%2C%22DateOfBirth%22%3A%221988-10-10%22%7D
Proxy:			<none>
Request params:	<none>
Query params:	patientInfo={"FirstName":"jade","LastName":"udans","ContactNumber":7979797979,"Email":"udans@gmail.com","Allergy":"egg","FoodCategory":"Vegan","DateOfBirth":"1988-10-10"}
Form params:	<none>
Path params:	<none>
Headers:		Authorization=Bearer eyJhbGciOiJIUzUxMiJ9.eyJzdWIiOiJhbmd1LmdlZXRoYUBnbWFpbC5jb20iLCJpYXQiOjE3MDA1ODg5NTksImV4cCI6MTcwMDYxNzc1OX0.h_k67QFGLXkZrW6poXY9drVj1TD3j7fc5bAG4_uTXBlVGUW6ELMADZhUk-QG2H3KxNwh_-WT8xhHIe-ymw_DiQ
				Accept=*/*
				Content-Type=multipart/form-data
Cookies:		<none>
Multiparts:		------------
				Content-Disposition: form-data; name = file; filename = Hypo Thyroid-Report.pdf
				Content-Type: application/octet-stream

				.\src\test\resources\Hypo Thyroid-Report.pdf
Body:			<none>
[INFO ] 2023-11-21 12:49:20.479 [main] LoggerLoad - Patient POST request sent
  &amp#27;[32mWhen &amp#27;[0m&amp#27;[32mUser sends HTTP Put patient Request &amp#27;[0m&amp#27;[32m&amp#27;[1m"put_patient_patient_token"&amp#27;[0m                                                                 &amp#27;[90m# stepdefinitions.PatientSteps.user_sends_http_put_patient_request(java.lang.String)&amp#27;[0m
HTTP/1.1 200 
Server: Cowboy
Report-To: {"group":"heroku-nel","max_age":3600,"endpoints":[{"url":"https://nel.heroku.com/reports?ts=1700588959&sid=c46efe9b-d3d2-4a0c-8c76-bfafa16c5add&s=x3ElR8ve34MrnFiDmbEJS5hL1%2BwZyigx1Oxlykh4oK8%3D"}]}
Reporting-Endpoints: heroku-nel=https://nel.heroku.com/reports?ts=1700588959&sid=c46efe9b-d3d2-4a0c-8c76-bfafa16c5add&s=x3ElR8ve34MrnFiDmbEJS5hL1%2BwZyigx1Oxlykh4oK8%3D
Nel: {"report_to":"heroku-nel","max_age":3600,"success_fraction":0.005,"failure_fraction":0.05,"response_headers":["Via"]}
Connection: keep-alive
Vary: Origin
Vary: Access-Control-Request-Method
Vary: Access-Control-Request-Headers
X-Content-Type-Options: nosniff
X-Xss-Protection: 1; mode=block
Cache-Control: no-cache, no-store, max-age=0, must-revalidate
Pragma: no-cache
Expires: 0
Strict-Transport-Security: max-age=31536000 ; includeSubDomains
X-Frame-Options: DENY
Content-Type: application/json
Transfer-Encoding: chunked
Date: Tue, 21 Nov 2023 17:49:19 GMT
Via: 1.1 vegur

{
    "patientId": 5343,
    "FirstName": "jade",
    "LastName": "udans",
    "ContactNumber": "7979797979",
    "Email": "udans@gmail.com",
    "Allergy": "egg",
    "FoodCategory": "Vegan",
    "FileMorbidity": {
        "655ccc47fa57dd184cbeaa20": {
            "T4": "1.22 µg/dl",
            "TSH": "100.0 mIU/L"
        },
        "655c37c7fa57dd184cbea40a": {
            "Average Glucose": "131.0 mg/dl",
            "HbA1c": "6.5 %"
        },
        "655ccc60fa57dd184cbeaa22": {
            "T4": "1.22 µg/dl",
            "TSH": "100.0 mIU/L"
        },
        "655ced9b9cc3984158e1935b": {
            "T4": "1.22 µg/dl",
            "TSH": "100.0 mIU/L"
        },
        "655ce90a9cc3984158e1931f": {
            "T4": "1.22 µg/dl",
            "TSH": "100.0 mIU/L"
        },
        "655ce9d79cc3984158e1932f": {
            "T4": "1.22 µg/dl",
            "TSH": "100.0 mIU/L"
        },
        "655ce8b39cc3984158e19311": {
            "T4": "1.22 µg/dl",
            "TSH": "100.0 mIU/L"
        },
        "655ce9109cc3984158e19325": {
            "T4": "1.22 µg/dl",
            "TSH": "100.0 mIU/L"
        },
        "655ced9b9cc3984158e1935d": {
            "T4": "1.22 µg/dl",
            "TSH": "100.0 mIU/L"
        },
        "655ce90e9cc3984158e19323": {
            "T4": "1.22 µg/dl",
            "TSH": "100.0 mIU/L"
        },
        "655ce9db9cc3984158e19333": {
            "T4": "1.22 µg/dl",
            "TSH": "100.0 mIU/L"
        },
        "655c4a45fa57dd184cbea60a": {
            "T4": "1.22 µg/dl",
            "TSH": "100.0 mIU/L"
        },
        "655c37dbfa57dd184cbea412": {
            "T4": "1.22 µg/dl",
            "TSH": "100.0 mIU/L"
        },
        "655caf4cfa57dd184cbea8c0": {
            "T4": "1.22 µg/dl",
            "TSH": "100.0 mIU/L"
        },
        "655cea739cc3984158e19337": {
            "T4": "1.22 µg/dl",
            "TSH": "100.0 mIU/L"
        },
        "655cea779cc3984158e1933b": {
            "T4": "1.22 µg/dl",
            "TSH": "100.0 mIU/L"
        },
        "655c37d9fa57dd184cbea410": {
            "T4": "1.22 µg/dl",
            "TSH": "100.0 mIU/L"
        },
        "655caf50fa57dd184cbea8c4": {
            "T4": "1.22 µg/dl",
            "TSH": "100.0 mIU/L"
        },
        "655ce9da9cc3984158e19331": {
            "T4": "1.22 µg/dl",
            "TSH": "100.0 mIU/L"
        },
        "655ce9d69cc3984158e1932d": {
            "T4": "1.22 µg/dl",
            "TSH": "100.0 mIU/L"
        },
        "655ccc16fa57dd184cbeaa18": {
            "T4": "1.22 µg/dl",
            "TSH": "100.0 mIU/L"
        },
        "655ccc0afa57dd184cbeaa16": {
            "T4": "1.22 µg/dl",
            "TSH": "100.0 mIU/L"
        },
        "655ced9e9cc3984158e1935f": {
            "T4": "1.22 µg/dl",
            "TSH": "100.0 mIU/L"
        },
        "655ce8b89cc3984158e19317": {
            "T4": "1.22 µg/dl",
            "TSH": "100.0 mIU/L"
        },
        "655ce8b69cc3984158e19315": {
            "T4": "1.22 µg/dl",
            "TSH": "100.0 mIU/L"
        },
        "655ce90b9cc3984158e19321": {
            "T4": "1.22 µg/dl",
            "TSH": "100.0 mIU/L"
        },
        "655ce8b49cc3984158e19313": {
            "T4": "1.22 µg/dl",
            "TSH": "100.0 mIU/L"
        },
        "655ceda09cc3984158e19361": {
            "T4": "1.22 µg/dl",
            "TSH": "100.0 mIU/L"
        },
        "655c4a42fa57dd184cbea606": {
            "T4": "1.22 µg/dl",
            "TSH": "100.0 mIU/L"
        },
        "655c4a46fa57dd184cbea60c": {
            "T4": "1.22 µg/dl",
            "TSH": "100.0 mIU/L"
        },
        "655c4a42fa57dd184cbea608": {
            "T4": "1.22 µg/dl",
            "TSH": "100.0 mIU/L"
        },
        "655c37dcfa57dd184cbea414": {
            "T4": "1.22 µg/dl",
            "TSH": "100.0 mIU/L"
        },
        "655caf4bfa57dd184cbea8be": {
            "T4": "1.22 µg/dl",
            "TSH": "100.0 mIU/L"
        },
        "655cea769cc3984158e19339": {
            "T4": "1.22 µg/dl",
            "TSH": "100.0 mIU/L"
        },
        "655c37d8fa57dd184cbea40c": {
            "T4": "1.22 µg/dl",
            "TSH": "100.0 mIU/L"
        },
        "655caf4ffa57dd184cbea8c2": {
            "T4": "1.22 µg/dl",
            "TSH": "100.0 mIU/L"
        },
        "655cea729cc3984158e19335": {
            "T4": "1.22 µg/dl",
            "TSH": "100.0 mIU/L"
        }
    },
    "FileMorbidityCondition": {
        "655ccc47fa57dd184cbeaa20": "Thyroid: Hypothyroidism \n",
        "655c37c7fa57dd184cbea40a": "Prediabetic \n",
        "655ccc60fa57dd184cbeaa22": "Thyroid: Hypothyroidism \n",
        "655ced9b9cc3984158e1935b": "Thyroid: Hypothyroidism \n",
        "655ce90a9cc3984158e1931f": "Thyroid: Hypothyroidism \n",
        "655ce9d79cc3984158e1932f": "Thyroid: Hypothyroidism \n",
        "655ce8b39cc3984158e19311": "Thyroid: Hypothyroidism \n",
        "655ce9109cc3984158e19325": "Thyroid: Hypothyroidism \n",
        "655ced9b9cc3984158e1935d": "Thyroid: Hypothyroidism \n",
        "655ce90e9cc3984158e19323": "Thyroid: Hypothyroidism \n",
        "655ce9db9cc3984158e19333": "Thyroid: Hypothyroidism \n",
        "655c4a45fa57dd184cbea60a": "Thyroid: Hypothyroidism \n",
        "655c37dbfa57dd184cbea412": "Thyroid: Hypothyroidism \n",
        "655caf4cfa57dd184cbea8c0": "Thyroid: Hypothyroidism \n",
        "655cea739cc3984158e19337": "Thyroid: Hypothyroidism \n",
        "655cea779cc3984158e1933b": "Thyroid: Hypothyroidism \n",
        "655c37d9fa57dd184cbea410": "Thyroid: Hypothyroidism \n",
        "655caf50fa57dd184cbea8c4": "Thyroid: Hypothyroidism \n",
        "655ce9da9cc3984158e19331": "Thyroid: Hypothyroidism \n",
        "655ce9d69cc3984158e1932d": "Thyroid: Hypothyroidism \n",
        "655ccc16fa57dd184cbeaa18": "Thyroid: Hypothyroidism \n",
        "655ccc0afa57dd184cbeaa16": "Thyroid: Hypothyroidism \n",
        "655ced9e9cc3984158e1935f": "Thyroid: Hypothyroidism \n",
        "655ce8b89cc3984158e19317": "Thyroid: Hypothyroidism \n",
        "655ce8b69cc3984158e19315": "Thyroid: Hypothyroidism \n",
        "655ce90b9cc3984158e19321": "Thyroid: Hypothyroidism \n",
        "655ce8b49cc3984158e19313": "Thyroid: Hypothyroidism \n",
        "655ceda09cc3984158e19361": "Thyroid: Hypothyroidism \n",
        "655c4a42fa57dd184cbea606": "Thyroid: Hypothyroidism \n",
        "655c4a46fa57dd184cbea60c": "Thyroid: Hypothyroidism \n",
        "655c4a42fa57dd184cbea608": "Thyroid: Hypothyroidism \n",
        "655c37dcfa57dd184cbea414": "Thyroid: Hypothyroidism \n",
        "655caf4bfa57dd184cbea8be": "Thyroid: Hypothyroidism \n",
        "655cea769cc3984158e19339": "Thyroid: Hypothyroidism \n",
        "655c37d8fa57dd184cbea40c": "Thyroid: Hypothyroidism \n",
        "655caf4ffa57dd184cbea8c2": "Thyroid: Hypothyroidism \n",
        "655cea729cc3984158e19335": "Thyroid: Hypothyroidism \n"
    },
    "DateOfBirth": "1988-10-10T00:00:00.000+00:00",
    "DieticianId": 93
}
  &amp#27;[31mThen &amp#27;[0m&amp#27;[31mUser receives response for Put patient &amp#27;[0m&amp#27;[31m&amp#27;[1m"putpatient"&amp#27;[0m&amp#27;[31m with &amp#27;[0m&amp#27;[31m&amp#27;[1m"put_patient_patient_token"&amp#27;[0m                                            &amp#27;[90m# stepdefinitions.PatientSteps.user_receives_response_for_put_patient_with(java.lang.String,java.lang.String)&amp#27;[0m
      &amp#27;[31mjava.lang.AssertionError: 1 expectation failed.
Expected status code <403> but was <200>.

	at java.base/jdk.internal.reflect.NativeConstructorAccessorImpl.newInstance0(Native Method)
	at java.base/jdk.internal.reflect.NativeConstructorAccessorImpl.newInstance(NativeConstructorAccessorImpl.java:77)
	at java.base/jdk.internal.reflect.DelegatingConstructorAccessorImpl.newInstance(DelegatingConstructorAccessorImpl.java:45)
	at java.base/java.lang.reflect.Constructor.newInstanceWithCaller(Constructor.java:499)
	at java.base/java.lang.reflect.Constructor.newInstance(Constructor.java:480)
	at org.codehaus.groovy.reflection.CachedConstructor.invoke(CachedConstructor.java:73)
	at org.codehaus.groovy.runtime.callsite.ConstructorSite$ConstructorSiteNoUnwrapNoCoerce.callConstructor(ConstructorSite.java:108)
	at org.codehaus.groovy.runtime.callsite.AbstractCallSite.callConstructor(AbstractCallSite.java:277)
	at io.restassured.internal.ResponseSpecificationImpl$HamcrestAssertionClosure.validate(ResponseSpecificationImpl.groovy:512)
	at io.restassured.internal.ResponseSpecificationImpl$HamcrestAssertionClosure$validate$1.call(Unknown Source)
	at io.restassured.internal.ResponseSpecificationImpl.validateResponseIfRequired(ResponseSpecificationImpl.groovy:696)
	at io.restassured.internal.ResponseSpecificationImpl.this$2$validateResponseIfRequired(ResponseSpecificationImpl.groovy)
	at jdk.internal.reflect.GeneratedMethodAccessor165.invoke(Unknown Source)
	at java.base/jdk.internal.reflect.DelegatingMethodAccessorImpl.invoke(DelegatingMethodAccessorImpl.java:43)
	at java.base/java.lang.reflect.Method.invoke(Method.java:568)
	at org.codehaus.groovy.runtime.callsite.PlainObjectMetaMethodSite.doInvoke(PlainObjectMetaMethodSite.java:43)
	at org.codehaus.groovy.runtime.callsite.PogoMetaMethodSite$PogoCachedMethodSiteNoUnwrapNoCoerce.invoke(PogoMetaMethodSite.java:198)
	at org.codehaus.groovy.runtime.callsite.PogoMetaMethodSite.callCurrent(PogoMetaMethodSite.java:62)
	at org.codehaus.groovy.runtime.callsite.AbstractCallSite.callCurrent(AbstractCallSite.java:185)
	at io.restassured.internal.ResponseSpecificationImpl.statusCode(ResponseSpecificationImpl.groovy:135)
	at io.restassured.specification.ResponseSpecification$statusCode$0.callCurrent(Unknown Source)
	at io.restassured.internal.ResponseSpecificationImpl.statusCode(ResponseSpecificationImpl.groovy:143)
	at io.restassured.internal.ValidatableResponseOptionsImpl.statusCode(ValidatableResponseOptionsImpl.java:89)
	at stepdefinitions.PatientSteps.user_receives_response_for_put_patient_with(PatientSteps.java:437)
	at âœ½.User receives response for Put patient "putpatient" with "put_patient_patient_token"(file:///C:/Users/rashm/eclipse-workspace/Team5-Rest-Athon/Team5-Rest-Athon-main/Team5-Rest-Athon/src/test/resources/features/Putpatient.feature:32)
&amp#27;[0m
]]></system-out>
  </testcase>
</testsuite>